2025-10-21 14:02:39,333 : INFO : root : Loading config.
2025-10-21 14:02:39,338 : INFO : YamlMultifileConfigLoader : Machine config file #1: config.yaml
2025-10-21 14:02:39,338 : INFO : ConfigProcessor : Loading config from cache: C:\Users\richa\AppData\Local\Temp\f7776651e259183bd84a8c8d686bf868.mpf_cache
2025-10-21 14:02:39,348 : WARNING : ConfigProcessor : Config file in cache changed: C:\Users\richa\ttp7\config\config_switches.yaml
2025-10-21 14:02:39,348 : INFO : ConfigProcessor : Loading config from file C:\Users\richa\mpfvirtual4\lib\site-packages\mpf\mpfconfig.yaml.
2025-10-21 14:02:39,365 : INFO : ConfigProcessor : Loading config: C:\Users\richa\mpfvirtual4\lib\site-packages\mpf\mpfconfig.yaml
2025-10-21 14:02:39,366 : INFO : ConfigProcessor : Loading config from file C:\Users\richa\ttp7\config\config.yaml.
2025-10-21 14:02:39,369 : INFO : ConfigProcessor : Loading config: C:\Users\richa\ttp7\config\config.yaml
2025-10-21 14:02:39,371 : INFO : ConfigProcessor : Loading config: C:\Users\richa\ttp7\config\config_sounds.yaml
2025-10-21 14:02:39,373 : INFO : ConfigProcessor : Loading config: C:\Users\richa\ttp7\config\config_ball_devices.yaml
2025-10-21 14:02:39,376 : INFO : ConfigProcessor : Loading config: C:\Users\richa\ttp7\config\config_coils.yaml
2025-10-21 14:02:39,378 : INFO : ConfigProcessor : Loading config: C:\Users\richa\ttp7\config\config_flippers.yaml
2025-10-21 14:02:39,391 : INFO : ConfigProcessor : Loading config: C:\Users\richa\ttp7\config\config_switches.yaml
2025-10-21 14:02:39,395 : INFO : ConfigProcessor : Loading config: C:\Users\richa\ttp7\config\config_lights.yaml
2025-10-21 14:02:39,398 : INFO : ConfigProcessor : Loading config: C:\Users\richa\ttp7\config\config_credits.yaml
2025-10-21 14:02:39,400 : INFO : ConfigProcessor : Loading config: C:\Users\richa\ttp7\config\config_droptargets.yaml
2025-10-21 14:02:39,402 : INFO : ConfigProcessor : Config file cache created: C:\Users\richa\AppData\Local\Temp\f7776651e259183bd84a8c8d686bf868.mpf_cache
2025-10-21 14:02:39,488 : INFO : ConfigProcessor : Loading config from cache: C:\Users\richa\AppData\Local\Temp\70233839fc0b792ce11a62f3c18c1950.mpf_cache
2025-10-21 14:02:39,490 : INFO : ConfigProcessor : Loading config from cache: C:\Users\richa\AppData\Local\Temp\9c8dea79ca4d15ee886340e992e8cb9d.mpf_cache
2025-10-21 14:02:39,491 : INFO : ConfigProcessor : Loading config from cache: C:\Users\richa\AppData\Local\Temp\67a19b095f918111543419ac0271bfb1.mpf_cache
2025-10-21 14:02:39,492 : INFO : ConfigProcessor : Loading config from cache: C:\Users\richa\AppData\Local\Temp\be387b0e8ed00556ec738d83cd6947d1.mpf_cache
2025-10-21 14:02:39,493 : INFO : ConfigProcessor : Loading config from cache: C:\Users\richa\AppData\Local\Temp\5a8efabd9666d8c71fa755fc28a9bf1e.mpf_cache
2025-10-21 14:02:39,493 : INFO : ConfigProcessor : Loading config from cache: C:\Users\richa\AppData\Local\Temp\fb58745e58584e219ff53db445e8e9f2.mpf_cache
2025-10-21 14:02:39,494 : INFO : ConfigProcessor : Loading config from cache: C:\Users\richa\AppData\Local\Temp\3a5badf48d988f9fc0f9b093a934917d.mpf_cache
2025-10-21 14:02:39,495 : INFO : ConfigProcessor : Loading config from cache: C:\Users\richa\AppData\Local\Temp\9e788d9ac28f3464b985b20edf80a10e.mpf_cache
2025-10-21 14:02:39,496 : INFO : ConfigProcessor : Loading config from cache: C:\Users\richa\AppData\Local\Temp\7e426d8ffa907371bf962f3181d8bdf2.mpf_cache
2025-10-21 14:02:39,497 : INFO : ConfigProcessor : Loading config from cache: C:\Users\richa\AppData\Local\Temp\77e0376825dda61b91775259cce643ad.mpf_cache
2025-10-21 14:02:39,497 : INFO : ConfigProcessor : Loading config from cache: C:\Users\richa\AppData\Local\Temp\e68c20669f80ec7d0801afbfa80f9eff.mpf_cache
2025-10-21 14:02:39,498 : INFO : ConfigProcessor : Loading config from cache: C:\Users\richa\AppData\Local\Temp\28e9108f411f2b73ba76f82bf4f68e34.mpf_cache
2025-10-21 14:02:39,499 : INFO : ConfigProcessor : Loading config from cache: C:\Users\richa\AppData\Local\Temp\b710dc01437f1dfd05f3b5275f67493b.mpf_cache
2025-10-21 14:02:39,500 : INFO : ConfigProcessor : Loading config from cache: C:\Users\richa\AppData\Local\Temp\0a23590f4081187a3ecee75c7657616e.mpf_cache
2025-10-21 14:02:39,501 : INFO : ConfigProcessor : Loading config from cache: C:\Users\richa\AppData\Local\Temp\374a5edaf0766cb9005f368df852c09d.mpf_cache
2025-10-21 14:02:39,502 : INFO : ConfigProcessor : Loading config from cache: C:\Users\richa\AppData\Local\Temp\b50d1c72289d6f8f00cba34766fbb2e5.mpf_cache
2025-10-21 14:02:39,502 : INFO : ConfigProcessor : Loading config from cache: C:\Users\richa\AppData\Local\Temp\bfc680b70531e398658191c2a179bce0.mpf_cache
2025-10-21 14:02:39,503 : INFO : ConfigProcessor : Loading config from cache: C:\Users\richa\AppData\Local\Temp\069a726c379c7a3dc006889318eb30f2.mpf_cache
2025-10-21 14:02:39,504 : INFO : ConfigProcessor : Loading config from cache: C:\Users\richa\AppData\Local\Temp\6159dd3e8b071f5aa615e717784124e9.mpf_cache
2025-10-21 14:02:39,505 : INFO : ConfigProcessor : Loading config from cache: C:\Users\richa\AppData\Local\Temp\e382c4765158d2be92c1673fc03a4ad6.mpf_cache
2025-10-21 14:02:39,506 : INFO : ConfigProcessor : Loading config from cache: C:\Users\richa\AppData\Local\Temp\868b3b6361e3aaa0a56bd50d9388247e.mpf_cache
2025-10-21 14:02:39,508 : INFO : Machine : Mission Pinball Framework Core Engine v0.57.0.dev39
2025-10-21 14:02:39,508 : INFO : Machine : Command line arguments: {'no_load_cache': False, 'create_config_cache': True, 'bcp': True, 'configfile': ['config.yaml'], 'force_assets_load': False, 'jsonlogging': False, 'logfile': 'logs\\2025-10-21-14-02-39-mpf-DESKTOP-RK7BE5M.log', 'pause': False, 'production': False, 'text_ui': True, 'loglevel': 15, 'consoleloglevel': 20, 'force_platform': None, 'syslog_address': None, 'mc_file_name': None, 'no_sound': False}
2025-10-21 14:02:39,508 : INFO : Machine : MPF path: C:\Users\richa\mpfvirtual4\lib\site-packages\mpf
2025-10-21 14:02:39,508 : INFO : Machine : Machine path: C:\Users\richa\ttp7
2025-10-21 14:02:39,508 : INFO : Machine : Platform: win32
2025-10-21 14:02:39,508 : INFO : Machine : Python executable location: C:\Users\richa\mpfvirtual4\Scripts\python.exe
2025-10-21 14:02:39,508 : INFO : Machine : Python version: 3.9.13 (64-bit)
2025-10-21 14:02:39,510 : INFO : Machine : Initializing MPF...
2025-10-21 14:02:39,886 : INFO : EventManager : Event: ======'machine_var_credits_string'====== Args={'value': 'FREE PLAY', 'prev_value': None, 'change': True}
2025-10-21 14:02:39,951 : INFO : EventManager : Event: ======'machine_var_credit_units'====== Args={'value': 0, 'prev_value': None, 'change': True}
2025-10-21 14:02:39,951 : INFO : EventManager : Event: ======'machine_var_free_play'====== Args={'value': False, 'prev_value': None, 'change': True}
2025-10-21 14:02:39,951 : INFO : EventManager : Event: ======'machine_var_master_volume'====== Args={'value': 0.7, 'prev_value': None, 'change': True}
2025-10-21 14:02:39,951 : INFO : EventManager : Event: ======'machine_var_player1_score'====== Args={'value': 300, 'prev_value': None, 'change': True}
2025-10-21 14:02:39,951 : INFO : EventManager : Event: ======'machine_var_mpf_version'====== Args={'value': 'Mission Pinball Framework v0.57.0.dev39', 'prev_value': None, 'change': True}
2025-10-21 14:02:39,951 : INFO : EventManager : Event: ======'machine_var_mpf_extended_version'====== Args={'value': 'Mission Pinball Framework v0.57.0.dev39, Config version:6, Show version: 6, BCP version:1.1', 'prev_value': None, 'change': True}
2025-10-21 14:02:39,951 : INFO : EventManager : Event: ======'machine_var_python_version'====== Args={'value': '3.9.13', 'prev_value': None, 'change': True}
2025-10-21 14:02:39,961 : INFO : EventManager : Event: ======'machine_var_platform'====== Args={'value': 'Windows-10-10.0.19045-SP0', 'prev_value': None, 'change': True}
2025-10-21 14:02:39,961 : INFO : EventManager : Event: ======'machine_var_platform_system'====== Args={'value': 'Windows', 'prev_value': None, 'change': True}
2025-10-21 14:02:39,961 : INFO : EventManager : Event: ======'machine_var_platform_release'====== Args={'value': '10', 'prev_value': None, 'change': True}
2025-10-21 14:02:39,961 : INFO : EventManager : Event: ======'machine_var_platform_version'====== Args={'value': '10.0.19045', 'prev_value': None, 'change': True}
2025-10-21 14:02:39,961 : INFO : EventManager : Event: ======'machine_var_platform_machine'====== Args={'value': 'AMD64', 'prev_value': None, 'change': True}
2025-10-21 14:02:39,961 : INFO : EventManager : Event: ======'init_phase_1'====== Args={}
2025-10-21 14:02:40,023 : INFO : EventManager : Event: ======'drop_target_bank_TIME_up'====== Args={}
2025-10-21 14:02:40,024 : INFO : EventManager : Event: ======'drop_target_bank_CENTER_up'====== Args={}
2025-10-21 14:02:40,024 : INFO : EventManager : Event: ======'drop_target_bank_TRAVEL_up'====== Args={}
2025-10-21 14:02:40,024 : INFO : EventManager : Event: ======'init_phase_2'====== Args={}
2025-10-21 14:02:40,025 : INFO : SwitchController : Found active switch: ('2', <Platform.SmartVirtual>) <switch.s_trough1>
2025-10-21 14:02:40,025 : INFO : SwitchController : Found active switch: ('3', <Platform.SmartVirtual>) <switch.s_trough2>
2025-10-21 14:02:40,025 : INFO : SwitchController : Found active switch: ('4', <Platform.SmartVirtual>) <switch.s_trough3>
2025-10-21 14:02:40,025 : INFO : SwitchController : Found active switch: ('5', <Platform.SmartVirtual>) <switch.s_trough4>
2025-10-21 14:02:40,025 : INFO : SwitchController : Found active switch: ('6', <Platform.SmartVirtual>) <switch.s_trough5>
2025-10-21 14:02:40,025 : INFO : SwitchController : Found active switch: ('7', <Platform.SmartVirtual>) <switch.s_trough6>
2025-10-21 14:02:40,045 : INFO : EventManager : Event: ======'bcp_connection_attempt'====== Args={'name': 'local_display', 'host': 'localhost', 'port': 5050}
2025-10-21 14:02:40,047 : INFO : BCPClientSocket : Connecting BCP to 'local_display' at localhost:5050...
2025-10-21 14:02:42,077 : INFO : BCPClientSocket : Connected BCP to 'local_display' localhost:5050
2025-10-21 14:02:42,078 : INFO : EventManager : Event: ======'bcp_clients_connected'====== Args={}
2025-10-21 14:02:42,368 : INFO : ball_device.bd_trough : BCH: Initial count: 6
2025-10-21 14:02:42,369 : INFO : EventManager : Event: ======'machine_var_mc_version'====== Args={'value': 'MPF-MC v0.57.0.dev10', 'prev_value': None, 'change': True}
2025-10-21 14:02:42,369 : INFO : EventManager : Event: ======'machine_var_mc_extended_version'====== Args={'value': 'MPF-MC v0.57.0.dev10 (config_version=6, BCP v1.1,                      Requires MPF API compatibility v0.57.0.dev19 or newer)', 'prev_value': None, 'change': True}
2025-10-21 14:02:42,371 : INFO : ball_device.bd_trough : State: idle
2025-10-21 14:02:42,457 : INFO : ball_device.bd_plunger : BCH: Initial count: 0
2025-10-21 14:02:42,457 : INFO : ball_device.bd_plunger : State: idle
2025-10-21 14:02:42,457 : INFO : ball_device.bd_left_scoop : BCH: Initial count: 0
2025-10-21 14:02:42,457 : INFO : ball_device.bd_left_scoop : State: idle
2025-10-21 14:02:42,458 : INFO : ball_device.bd_center_scoop : BCH: Initial count: 0
2025-10-21 14:02:42,458 : INFO : ball_device.bd_center_scoop : State: idle
2025-10-21 14:02:42,458 : INFO : ball_device.bd_right_scoop : BCH: Initial count: 0
2025-10-21 14:02:42,458 : INFO : ball_device.bd_right_scoop : State: idle
2025-10-21 14:02:42,459 : INFO : ball_device.bd_lock : BCH: Initial count: 0
2025-10-21 14:02:42,459 : INFO : ball_device.bd_lock : State: idle
2025-10-21 14:02:42,483 : INFO : EventManager : Event: ======'init_phase_3'====== Args={}
2025-10-21 14:02:42,554 : INFO : EventManager : Event: ======'init_phase_4'====== Args={}
2025-10-21 14:02:42,555 : INFO : BallController : Initial balls found: 6
2025-10-21 14:02:42,556 : ERROR : asyncio : Exception in callback EventManager._queue_task_done(<Task finishe....s_bumper1>')>)
handle: <Handle EventManager._queue_task_done(<Task finishe....s_bumper1>')>)>
Traceback (most recent call last):
  File "C:\Users\richa\AppData\Local\Programs\Python\Python39\lib\asyncio\events.py", line 80, in _run
    self._context.run(self._callback, *self._args)
  File "C:\Users\richa\mpfvirtual4\lib\site-packages\mpf\core\events.py", line 791, in _queue_task_done
    future.result()
  File "C:\Users\richa\mpfvirtual4\lib\site-packages\mpf\core\events.py", line 704, in _run_handlers_sequential
    handler.callback(queue=queue, **merged_kwargs)
  File "C:\Users\richa\mpfvirtual4\lib\site-packages\mpf\devices\switch.py", line 80, in _check_duplicate_switch_numbers
    raise AssertionError(
AssertionError: Duplicate switch number 174 for switch <switch.s_bumper1>
2025-10-21 14:02:42,608 : INFO : Machine : Starting the main run loop.
2025-10-21 14:02:42,613 : INFO : Machine : Shutting down...
2025-10-21 14:02:42,614 : INFO : EventManager : Event: ======'shutdown'====== Args={}
2025-10-21 14:02:43,624 : ERROR : Machine : Runtime Exception
Traceback (most recent call last):
  File "C:\Users\richa\mpfvirtual4\lib\site-packages\mpf\core\machine.py", line 788, in _run_loop
    raise self._exception['exception']
  File "C:\Users\richa\AppData\Local\Programs\Python\Python39\lib\asyncio\events.py", line 80, in _run
    self._context.run(self._callback, *self._args)
  File "C:\Users\richa\mpfvirtual4\lib\site-packages\mpf\core\events.py", line 791, in _queue_task_done
    future.result()
  File "C:\Users\richa\mpfvirtual4\lib\site-packages\mpf\core\events.py", line 704, in _run_handlers_sequential
    handler.callback(queue=queue, **merged_kwargs)
  File "C:\Users\richa\mpfvirtual4\lib\site-packages\mpf\devices\switch.py", line 80, in _check_duplicate_switch_numbers
    raise AssertionError(
AssertionError: Duplicate switch number 174 for switch <switch.s_bumper1>
2025-10-21 14:02:51,484 : ERROR : root : 
Traceback (most recent call last):
  File "C:\Users\richa\mpfvirtual4\lib\site-packages\mpf\core\machine.py", line 788, in _run_loop
    raise self._exception['exception']
  File "C:\Users\richa\AppData\Local\Programs\Python\Python39\lib\asyncio\events.py", line 80, in _run
    self._context.run(self._callback, *self._args)
  File "C:\Users\richa\mpfvirtual4\lib\site-packages\mpf\core\events.py", line 791, in _queue_task_done
    future.result()
  File "C:\Users\richa\mpfvirtual4\lib\site-packages\mpf\core\events.py", line 704, in _run_handlers_sequential
    handler.callback(queue=queue, **merged_kwargs)
  File "C:\Users\richa\mpfvirtual4\lib\site-packages\mpf\devices\switch.py", line 80, in _check_duplicate_switch_numbers
    raise AssertionError(
AssertionError: Duplicate switch number 174 for switch <switch.s_bumper1>

During handling of the above exception, another exception occurred:

Traceback (most recent call last):
  File "C:\Users\richa\mpfvirtual4\lib\site-packages\mpf\commands\game.py", line 236, in __init__
    self.machine.run()
  File "C:\Users\richa\mpfvirtual4\lib\site-packages\mpf\core\machine.py", line 684, in run
    self._run_loop()
  File "C:\Users\richa\mpfvirtual4\lib\site-packages\mpf\core\machine.py", line 791, in _run_loop
    report_crash(self._exception['exception'], "exception_during_run", self.config)
  File "C:\Users\richa\mpfvirtual4\lib\site-packages\mpf\core\crash_reporter.py", line 236, in report_crash
    response = input("Do you want to report the crash to the MPF team (yes/no/show)? ")
EOFError
