2025-10-15 17:43:26,723 : kivy : deps: Successfully imported "kivy_deps.gstreamer" 0.3.3
2025-10-15 17:43:26,723 : kivy : deps: Successfully imported "kivy_deps.angle" 0.3.3
2025-10-15 17:43:26,723 : kivy : deps: Successfully imported "kivy_deps.glew" 0.3.1
2025-10-15 17:43:26,723 : kivy : deps: Successfully imported "kivy_deps.sdl2" 0.6.0
2025-10-15 17:43:26,723 : kivy : Kivy: v2.2.1
2025-10-15 17:43:26,723 : kivy : Kivy: Installed at "C:\Users\richa\mpfvirtual4\lib\site-packages\kivy\__init__.py"
2025-10-15 17:43:26,723 : kivy : Python: v3.9.13 (tags/v3.9.13:6de2ca5, May 17 2022, 16:36:42) [MSC v.1929 64 bit (AMD64)]
2025-10-15 17:43:26,723 : kivy : Python: Interpreter at "C:\Users\richa\mpfvirtual4\Scripts\python.exe"
2025-10-15 17:43:26,739 : kivy : Factory: 190 symbols loaded
2025-10-15 17:43:26,932 : kivy : ImageLoaderFFPy: Using ffpyplayer 4.5.0
2025-10-15 17:43:26,932 : kivy : Image: Providers: img_tex, img_dds, img_sdl2, img_pil, img_ffpyplayer 
2025-10-15 17:43:27,103 : kivy : VideoGstplayer: Using Gstreamer 1.18.5.0
2025-10-15 17:43:27,103 : kivy : Video: Provider: gstplayer
2025-10-15 17:43:27,147 : root : Loading MPF-MC controller
2025-10-15 17:43:27,150 : YamlMultifileConfigLoader : Machine config file #1: config
2025-10-15 17:43:27,150 : ConfigProcessor : Config file in cache changed: C:\Users\richa\ttp7\config\config
2025-10-15 17:43:27,150 : ConfigProcessor : Loading config from file C:\Users\richa\mpfvirtual4\lib\site-packages\mpfmc\mcconfig.yaml.
2025-10-15 17:43:27,162 : ConfigProcessor : Loading config: C:\Users\richa\mpfvirtual4\lib\site-packages\mpfmc\mcconfig.yaml
2025-10-15 17:43:27,162 : ConfigProcessor : Loading config from file C:\Users\richa\ttp7\config\config.
2025-10-15 17:43:27,165 : ConfigProcessor : Loading config: C:\Users\richa\ttp7\config\config
2025-10-15 17:43:27,167 : ConfigProcessor : Loading config: C:\Users\richa\ttp7\config\config_sounds.yaml
2025-10-15 17:43:27,168 : ConfigProcessor : Loading config: C:\Users\richa\ttp7\config\config_ball_devices.yaml
2025-10-15 17:43:27,171 : ConfigProcessor : Loading config: C:\Users\richa\ttp7\config\config_coils.yaml
2025-10-15 17:43:27,172 : ConfigProcessor : Loading config: C:\Users\richa\ttp7\config\config_flippers.yaml
2025-10-15 17:43:27,179 : ConfigProcessor : Loading config: C:\Users\richa\ttp7\config\config_switches.yaml
2025-10-15 17:43:27,186 : ConfigProcessor : Loading config: C:\Users\richa\ttp7\config\config_lights.yaml
2025-10-15 17:43:27,189 : ConfigProcessor : Loading config: C:\Users\richa\ttp7\config\config_credits.yaml
2025-10-15 17:43:27,193 : ConfigProcessor : Config file cache created: C:\Users\richa\AppData\Local\Temp\b8d8c5e8bc023a38ee4d8abbd35c8fd3.mpf_cache
2025-10-15 17:43:27,194 : ConfigProcessor : Loading config from cache: C:\Users\richa\AppData\Local\Temp\70233839fc0b792ce11a62f3c18c1950.mpf_cache
2025-10-15 17:43:27,195 : ConfigProcessor : Loading config from cache: C:\Users\richa\AppData\Local\Temp\9c8dea79ca4d15ee886340e992e8cb9d.mpf_cache
2025-10-15 17:43:27,195 : ConfigProcessor : Loading config from cache: C:\Users\richa\AppData\Local\Temp\67a19b095f918111543419ac0271bfb1.mpf_cache
2025-10-15 17:43:27,196 : ConfigProcessor : Loading config from cache: C:\Users\richa\AppData\Local\Temp\be387b0e8ed00556ec738d83cd6947d1.mpf_cache
2025-10-15 17:43:27,196 : ConfigProcessor : Loading config from cache: C:\Users\richa\AppData\Local\Temp\5a8efabd9666d8c71fa755fc28a9bf1e.mpf_cache
2025-10-15 17:43:27,197 : ConfigProcessor : Loading config from cache: C:\Users\richa\AppData\Local\Temp\fb58745e58584e219ff53db445e8e9f2.mpf_cache
2025-10-15 17:43:27,198 : ConfigProcessor : Loading config from cache: C:\Users\richa\AppData\Local\Temp\3a5badf48d988f9fc0f9b093a934917d.mpf_cache
2025-10-15 17:43:27,198 : ConfigProcessor : Loading config from cache: C:\Users\richa\AppData\Local\Temp\9e788d9ac28f3464b985b20edf80a10e.mpf_cache
2025-10-15 17:43:27,199 : ConfigProcessor : Loading config from cache: C:\Users\richa\AppData\Local\Temp\7e426d8ffa907371bf962f3181d8bdf2.mpf_cache
2025-10-15 17:43:27,199 : mpfmc : Mission Pinball Framework Media Controller (MPF-MC) v0.57.0.dev10. Requires MPF v0.57.0.dev19 or newer.
2025-10-15 17:43:27,199 : mpfmc : Found MPF v0.57.0.dev39
2025-10-15 17:43:27,199 : mpfmc : Machine path: C:\Users\richa\ttp7
2025-10-15 17:43:27,199 : mpfmc : Starting clock at 60.0Hz
2025-10-15 17:43:27,214 : kivy : Text: Provider: sdl2
2025-10-15 17:43:27,259 : kivy : Window: Provider: sdl2
2025-10-15 17:43:27,644 : kivy : GL: Using the "OpenGL" graphics system
2025-10-15 17:43:27,654 : kivy : GL: GLEW initialization succeeded
2025-10-15 17:43:27,654 : kivy : GL: Backend used <glew>
2025-10-15 17:43:27,654 : kivy : GL: OpenGL version <b'4.6.0 NVIDIA 560.94'>
2025-10-15 17:43:27,654 : kivy : GL: OpenGL vendor <b'NVIDIA Corporation'>
2025-10-15 17:43:27,654 : kivy : GL: OpenGL renderer <b'NVIDIA GeForce RTX 3050/PCIe/SSE2'>
2025-10-15 17:43:27,654 : kivy : GL: OpenGL parsed version: 4, 6
2025-10-15 17:43:27,654 : kivy : GL: Shading version <b'4.60 NVIDIA'>
2025-10-15 17:43:27,654 : kivy : GL: Texture max size <32768>
2025-10-15 17:43:27,654 : kivy : GL: Texture max units <32>
2025-10-15 17:43:27,672 : kivy : Window: auto add sdl2 input provider
2025-10-15 17:43:27,673 : kivy : Window: virtual keyboard not allowed, single mode, not docked
2025-10-15 17:43:28,067 : AudioInterface : Initialized
2025-10-15 17:43:28,067 : AudioInterface : Loaded SDL 2.26.4
2025-10-15 17:43:28,067 : AudioInterface : Loaded SDL_Mixer 2.6.3
2025-10-15 17:43:28,067 : AudioInterface : Loaded GStreamer 1.18.5.0
2025-10-15 17:43:28,067 : AudioInterface : Loaded GLib 2.62.6
2025-10-15 17:43:28,067 : AudioInterface : Settings requested - rate: 44100, channels: 1, buffer: 2048 samples
2025-10-15 17:43:28,067 : AudioInterface : Settings in use - rate: 44100, channels: 1, buffer: 2048 samples (4096 bytes @ 2 bytes per sample)
2025-10-15 17:43:28,067 : SoundSystem : Setting master volume to 0.0
2025-10-15 17:43:28,067 : AudioInterface : Enabling audio playback
2025-10-15 17:43:28,069 : kivy : Base: Start application main loop
2025-10-15 17:43:28,070 : EventManager : Event: ======'display_window_initialized'====== Args={}
2025-10-15 17:43:28,070 : EventManager : Event: ======'display_dmd_initialized'====== Args={}
2025-10-15 17:43:28,082 : mpfmc : Display: Setting 'dmd' as default display
2025-10-15 17:43:28,086 : mpfmc : ASPECT RATIO MISMATCH: The on-screen window is not the same aspect ratio as the display called 'window'. The logical display will be scaled from 600x400 to the window size 1200x900, and a black bar will make up the difference
2025-10-15 17:43:28,088 : EventManager : Event: ======'displays_initialized'====== Args={}
2025-10-15 17:43:28,089 : EventManager : Event: ======'slide_window_blank_created'====== Args={}
2025-10-15 17:43:28,089 : EventManager : Event: ======'display_window_ready'====== Args={}
2025-10-15 17:43:28,089 : EventManager : Event: ======'slide_dmd_blank_created'====== Args={}
2025-10-15 17:43:28,089 : EventManager : Event: ======'display_dmd_ready'====== Args={}
2025-10-15 17:43:28,100 : EventManager : Event: ======'init_phase_1'====== Args={}
2025-10-15 17:43:28,103 : kivy : Base: Leaving application in progress...
2025-10-15 17:43:28,103 : root : Exception while processing RegisteredHandler(callback=<bound method McConfigPlayer._initialize_system_wide of McConfigPlayer.slides>, priority=1, kwargs={}, key=UUID('2bbe1a80-991f-47ef-87e9-3d0ccd782717'), condition=None, blocking_facility=None) for event init_phase_1. Slide window_slide not found
Traceback (most recent call last):
  File "C:\Users\richa\mpfvirtual4\lib\site-packages\mpf\core\events.py", line 751, in _run_handlers
    result = handler.callback(**merged_kwargs)
  File "C:\Users\richa\mpfvirtual4\lib\site-packages\mpfmc\core\mc_config_player.py", line 35, in _initialize_system_wide
    self.validate_config(
  File "C:\Users\richa\mpfvirtual4\lib\site-packages\mpfmc\config_players\slide_player.py", line 269, in validate_config
    self._validate_config_item(slide, slide_settings))
  File "C:\Users\richa\mpfvirtual4\lib\site-packages\mpfmc\config_players\slide_player.py", line 291, in _validate_config_item
    raise AssertionError("Slide {} not found".format(slide))
AssertionError: Slide window_slide not found

The above exception was the direct cause of the following exception:

Traceback (most recent call last):
  File "C:\Users\richa\mpfvirtual4\lib\site-packages\mpfmc\commands\mc.py", line 215, in __init__
    MpfMc(options=vars(args),
  File "C:\Users\richa\mpfvirtual4\lib\site-packages\kivy\app.py", line 956, in run
    runTouchApp()
  File "C:\Users\richa\mpfvirtual4\lib\site-packages\kivy\base.py", line 574, in runTouchApp
    EventLoop.mainloop()
  File "C:\Users\richa\mpfvirtual4\lib\site-packages\kivy\base.py", line 339, in mainloop
    self.idle()
  File "C:\Users\richa\mpfvirtual4\lib\site-packages\kivy\base.py", line 379, in idle
    Clock.tick()
  File "C:\Users\richa\mpfvirtual4\lib\site-packages\kivy\clock.py", line 733, in tick
    self.post_idle(ts, self.idle())
  File "C:\Users\richa\mpfvirtual4\lib\site-packages\kivy\clock.py", line 776, in post_idle
    self._process_events()
  File "kivy\_clock.pyx", line 620, in kivy._clock.CyClockBase._process_events
  File "kivy\_clock.pyx", line 653, in kivy._clock.CyClockBase._process_events
  File "kivy\_clock.pyx", line 649, in kivy._clock.CyClockBase._process_events
  File "kivy\_clock.pyx", line 218, in kivy._clock.ClockEvent.tick
  File "C:\Users\richa\mpfvirtual4\lib\site-packages\mpfmc\uix\display.py", line 211, in _displays_initialized
    self.mc.displays_initialized()
  File "C:\Users\richa\mpfvirtual4\lib\site-packages\mpfmc\core\mc.py", line 347, in displays_initialized
    self._init()
  File "C:\Users\richa\mpfvirtual4\lib\site-packages\mpfmc\core\mc.py", line 372, in _init
    self.events.process_event_queue()
  File "C:\Users\richa\mpfvirtual4\lib\site-packages\mpf\core\events.py", line 842, in process_event_queue
    self._process_event(event=event[0],
  File "C:\Users\richa\mpfvirtual4\lib\site-packages\mpf\core\events.py", line 804, in _process_event
    result = self._run_handlers(event, ev_type, kwargs)
  File "C:\Users\richa\mpfvirtual4\lib\site-packages\mpf\core\events.py", line 753, in _run_handlers
    raise EventHandlerException(
mpf.core.events.EventHandlerException: Exception while processing RegisteredHandler(callback=<bound method McConfigPlayer._initialize_system_wide of McConfigPlayer.slides>, priority=1, kwargs={}, key=UUID('2bbe1a80-991f-47ef-87e9-3d0ccd782717'), condition=None, blocking_facility=None) for event init_phase_1. Slide window_slide not found
2025-10-15 17:43:28,107 : root : Stopping child threads... (1 remaining)
2025-10-15 17:43:29,114 : root : All child threads stopped.
