2025-10-16 16:44:55,606 : kivy : deps: Successfully imported "kivy_deps.gstreamer" 0.3.3
2025-10-16 16:44:55,606 : kivy : deps: Successfully imported "kivy_deps.angle" 0.3.3
2025-10-16 16:44:55,606 : kivy : deps: Successfully imported "kivy_deps.glew" 0.3.1
2025-10-16 16:44:55,606 : kivy : deps: Successfully imported "kivy_deps.sdl2" 0.6.0
2025-10-16 16:44:55,606 : kivy : Kivy: v2.2.1
2025-10-16 16:44:55,606 : kivy : Kivy: Installed at "C:\Users\richa\mpfvirtual4\lib\site-packages\kivy\__init__.py"
2025-10-16 16:44:55,606 : kivy : Python: v3.9.13 (tags/v3.9.13:6de2ca5, May 17 2022, 16:36:42) [MSC v.1929 64 bit (AMD64)]
2025-10-16 16:44:55,607 : kivy : Python: Interpreter at "C:\Users\richa\mpfvirtual4\Scripts\python.exe"
2025-10-16 16:44:55,626 : kivy : Factory: 190 symbols loaded
2025-10-16 16:44:55,802 : kivy : ImageLoaderFFPy: Using ffpyplayer 4.5.0
2025-10-16 16:44:55,802 : kivy : Image: Providers: img_tex, img_dds, img_sdl2, img_pil, img_ffpyplayer 
2025-10-16 16:44:55,967 : kivy : VideoGstplayer: Using Gstreamer 1.18.5.0
2025-10-16 16:44:55,967 : kivy : Video: Provider: gstplayer
2025-10-16 16:44:56,010 : root : Loading MPF-MC controller
2025-10-16 16:44:56,013 : YamlMultifileConfigLoader : Machine config file #1: config
2025-10-16 16:44:56,014 : ConfigProcessor : Config file in cache changed: C:\Users\richa\ttp7\config\config
2025-10-16 16:44:56,014 : ConfigProcessor : Loading config from file C:\Users\richa\mpfvirtual4\lib\site-packages\mpfmc\mcconfig.yaml.
2025-10-16 16:44:56,023 : ConfigProcessor : Loading config: C:\Users\richa\mpfvirtual4\lib\site-packages\mpfmc\mcconfig.yaml
2025-10-16 16:44:56,024 : ConfigProcessor : Loading config from file C:\Users\richa\ttp7\config\config.
2025-10-16 16:44:56,026 : ConfigProcessor : Loading config: C:\Users\richa\ttp7\config\config
2025-10-16 16:44:56,027 : ConfigProcessor : Loading config: C:\Users\richa\ttp7\config\config_sounds.yaml
2025-10-16 16:44:56,029 : ConfigProcessor : Loading config: C:\Users\richa\ttp7\config\config_ball_devices.yaml
2025-10-16 16:44:56,030 : ConfigProcessor : Loading config: C:\Users\richa\ttp7\config\config_coils.yaml
2025-10-16 16:44:56,031 : ConfigProcessor : Loading config: C:\Users\richa\ttp7\config\config_flippers.yaml
2025-10-16 16:44:56,036 : ConfigProcessor : Loading config: C:\Users\richa\ttp7\config\config_switches.yaml
2025-10-16 16:44:56,041 : ConfigProcessor : Loading config: C:\Users\richa\ttp7\config\config_lights.yaml
2025-10-16 16:44:56,044 : ConfigProcessor : Loading config: C:\Users\richa\ttp7\config\config_credits.yaml
2025-10-16 16:44:56,047 : ConfigProcessor : Config file cache created: C:\Users\richa\AppData\Local\Temp\b8d8c5e8bc023a38ee4d8abbd35c8fd3.mpf_cache
2025-10-16 16:44:56,048 : ConfigProcessor : Loading config from cache: C:\Users\richa\AppData\Local\Temp\70233839fc0b792ce11a62f3c18c1950.mpf_cache
2025-10-16 16:44:56,049 : ConfigProcessor : Loading config from cache: C:\Users\richa\AppData\Local\Temp\9c8dea79ca4d15ee886340e992e8cb9d.mpf_cache
2025-10-16 16:44:56,049 : ConfigProcessor : Loading config from cache: C:\Users\richa\AppData\Local\Temp\67a19b095f918111543419ac0271bfb1.mpf_cache
2025-10-16 16:44:56,050 : ConfigProcessor : Loading config from cache: C:\Users\richa\AppData\Local\Temp\be387b0e8ed00556ec738d83cd6947d1.mpf_cache
2025-10-16 16:44:56,051 : ConfigProcessor : Loading config from cache: C:\Users\richa\AppData\Local\Temp\5a8efabd9666d8c71fa755fc28a9bf1e.mpf_cache
2025-10-16 16:44:56,051 : ConfigProcessor : Loading config from cache: C:\Users\richa\AppData\Local\Temp\fb58745e58584e219ff53db445e8e9f2.mpf_cache
2025-10-16 16:44:56,052 : ConfigProcessor : Loading config from cache: C:\Users\richa\AppData\Local\Temp\3a5badf48d988f9fc0f9b093a934917d.mpf_cache
2025-10-16 16:44:56,052 : ConfigProcessor : Loading config from cache: C:\Users\richa\AppData\Local\Temp\9e788d9ac28f3464b985b20edf80a10e.mpf_cache
2025-10-16 16:44:56,052 : ConfigProcessor : Loading config from cache: C:\Users\richa\AppData\Local\Temp\7e426d8ffa907371bf962f3181d8bdf2.mpf_cache
2025-10-16 16:44:56,053 : mpfmc : Mission Pinball Framework Media Controller (MPF-MC) v0.57.0.dev10. Requires MPF v0.57.0.dev19 or newer.
2025-10-16 16:44:56,053 : mpfmc : Found MPF v0.57.0.dev39
2025-10-16 16:44:56,053 : mpfmc : Machine path: C:\Users\richa\ttp7
2025-10-16 16:44:56,054 : mpfmc : Starting clock at 60.0Hz
2025-10-16 16:44:56,068 : kivy : Text: Provider: sdl2
2025-10-16 16:44:56,107 : kivy : Window: Provider: sdl2
2025-10-16 16:44:56,471 : kivy : GL: Using the "OpenGL" graphics system
2025-10-16 16:44:56,480 : kivy : GL: GLEW initialization succeeded
2025-10-16 16:44:56,481 : kivy : GL: Backend used <glew>
2025-10-16 16:44:56,481 : kivy : GL: OpenGL version <b'4.6.0 NVIDIA 560.94'>
2025-10-16 16:44:56,481 : kivy : GL: OpenGL vendor <b'NVIDIA Corporation'>
2025-10-16 16:44:56,481 : kivy : GL: OpenGL renderer <b'NVIDIA GeForce RTX 3050/PCIe/SSE2'>
2025-10-16 16:44:56,481 : kivy : GL: OpenGL parsed version: 4, 6
2025-10-16 16:44:56,481 : kivy : GL: Shading version <b'4.60 NVIDIA'>
2025-10-16 16:44:56,481 : kivy : GL: Texture max size <32768>
2025-10-16 16:44:56,481 : kivy : GL: Texture max units <32>
2025-10-16 16:44:56,499 : kivy : Window: auto add sdl2 input provider
2025-10-16 16:44:56,499 : kivy : Window: virtual keyboard not allowed, single mode, not docked
2025-10-16 16:44:56,894 : AudioInterface : Initialized
2025-10-16 16:44:56,894 : AudioInterface : Loaded SDL 2.26.4
2025-10-16 16:44:56,894 : AudioInterface : Loaded SDL_Mixer 2.6.3
2025-10-16 16:44:56,894 : AudioInterface : Loaded GStreamer 1.18.5.0
2025-10-16 16:44:56,894 : AudioInterface : Loaded GLib 2.62.6
2025-10-16 16:44:56,894 : AudioInterface : Settings requested - rate: 44100, channels: 1, buffer: 2048 samples
2025-10-16 16:44:56,894 : AudioInterface : Settings in use - rate: 44100, channels: 1, buffer: 2048 samples (4096 bytes @ 2 bytes per sample)
2025-10-16 16:44:56,894 : SoundSystem : Setting master volume to 0.0
2025-10-16 16:44:56,895 : AudioInterface : Enabling audio playback
2025-10-16 16:44:56,896 : kivy : Base: Start application main loop
2025-10-16 16:44:56,897 : EventManager : Event: ======'display_window_initialized'====== Args={}
2025-10-16 16:44:56,897 : EventManager : Event: ======'display_dmd_initialized'====== Args={}
2025-10-16 16:44:56,910 : mpfmc : Display: Setting 'dmd' as default display
2025-10-16 16:44:56,914 : mpfmc : ASPECT RATIO MISMATCH: The on-screen window is not the same aspect ratio as the display called 'window'. The logical display will be scaled from 600x400 to the window size 1200x900, and a black bar will make up the difference
2025-10-16 16:44:56,916 : EventManager : Event: ======'displays_initialized'====== Args={}
2025-10-16 16:44:56,916 : EventManager : Event: ======'slide_window_blank_created'====== Args={}
2025-10-16 16:44:56,917 : EventManager : Event: ======'display_window_ready'====== Args={}
2025-10-16 16:44:56,917 : EventManager : Event: ======'slide_dmd_blank_created'====== Args={}
2025-10-16 16:44:56,917 : EventManager : Event: ======'display_dmd_ready'====== Args={}
2025-10-16 16:44:56,925 : EventManager : Event: ======'init_phase_1'====== Args={}
2025-10-16 16:44:56,927 : kivy : Base: Leaving application in progress...
2025-10-16 16:44:56,928 : root : Exception while processing RegisteredHandler(callback=<bound method ConfigCollection.create_entries_from_root_config of {'window_blank': {'debug': False, 'expire': None, 'background_color': [0.0, 0.0, 0.0, 1.0], 'opacity': 1.0}, 'dmd_blank': {'debug': False, 'expire': None, 'background_color': [0.0, 0.0, 0.0, 1.0], 'opacity': 1.0}, 'dmd_gamma_test': {'widgets': [{'type': 'text', 'text': 'DMD GAMMA TEST', 'style': ['small'], 'y': '4', 'anchor_x': 'left', 'x': '2', '_default_settings': [], 'anchor_y': 'center', 'round_anchor_x': None, 'round_anchor_y': None, 'opacity': 1.0, 'z': 0, 'reset_animations_events': {}, 'color': [1.0, 1.0, 1.0, 1.0], 'adjust_top': 0, 'adjust_bottom': 0, 'adjust_left': 0, 'adjust_right': 0, 'expire': None, 'key': None, 'widget': None, 'events_when_added': [], 'events_when_removed': [], 'font_size': 15, 'bitmap_font': False, 'font_kerning': True, 'bold': False, 'italic': False, 'number_grouping': False, 'min_digits': 0, 'halign': 'center', 'valign': 'middle', 'rotation': 0, 'scale': 1.0, 'casing': None, 'outline_color': [1.0, 1.0, 1.0, 1.0], 'outline_width': 0, 'animations': None}, {'type': 'rectangle', 'width': 8.0, 'height': 32.0, 'color': None, 'x': '4', '_default_settings': [], 'y': None, 'anchor_x': 'center', 'anchor_y': 'center', 'round_anchor_x': None, 'round_anchor_y': None, 'opacity': 1.0, 'z': 0, 'reset_animations_events': {}, 'style': [], 'adjust_top': 0, 'adjust_bottom': 0, 'adjust_left': 0, 'adjust_right': 0, 'expire': None, 'key': None, 'widget': None, 'events_when_added': [], 'events_when_removed': [], 'corner_radius': 0, 'corner_segments': 10, 'rotation': 0, 'scale': 1.0, 'animations': None}, {'type': 'rectangle', 'width': 8.0, 'height': 32.0, 'color': [0.12156862745098039, 0.12156862745098039, 0.12156862745098039, 1], 'x': '12', '_default_settings': [], 'y': None, 'anchor_x': 'center', 'anchor_y': 'center', 'round_anchor_x': None, 'round_anchor_y': None, 'opacity': 1.0, 'z': 0, 'reset_animations_events': {}, 'style': [], 'adjust_top': 0, 'adjust_bottom': 0, 'adjust_left': 0, 'adjust_right': 0, 'expire': None, 'key': None, 'widget': None, 'events_when_added': [], 'events_when_removed': [], 'corner_radius': 0, 'corner_segments': 10, 'rotation': 0, 'scale': 1.0, 'animations': None}, {'type': 'rectangle', 'width': 8.0, 'height': 32.0, 'color': [0.1843137254901961, 0.1843137254901961, 0.1843137254901961, 1], 'x': '20', '_default_settings': [], 'y': None, 'anchor_x': 'center', 'anchor_y': 'center', 'round_anchor_x': None, 'round_anchor_y': None, 'opacity': 1.0, 'z': 0, 'reset_animations_events': {}, 'style': [], 'adjust_top': 0, 'adjust_bottom': 0, 'adjust_left': 0, 'adjust_right': 0, 'expire': None, 'key': None, 'widget': None, 'events_when_added': [], 'events_when_removed': [], 'corner_radius': 0, 'corner_segments': 10, 'rotation': 0, 'scale': 1.0, 'animations': None}, {'type': 'rectangle', 'width': 8.0, 'height': 32.0, 'color': [0.24705882352941178, 0.24705882352941178, 0.24705882352941178, 1], 'x': '28', '_default_settings': [], 'y': None, 'anchor_x': 'center', 'anchor_y': 'center', 'round_anchor_x': None, 'round_anchor_y': None, 'opacity': 1.0, 'z': 0, 'reset_animations_events': {}, 'style': [], 'adjust_top': 0, 'adjust_bottom': 0, 'adjust_left': 0, 'adjust_right': 0, 'expire': None, 'key': None, 'widget': None, 'events_when_added': [], 'events_when_removed': [], 'corner_radius': 0, 'corner_segments': 10, 'rotation': 0, 'scale': 1.0, 'animations': None}, {'type': 'rectangle', 'width': 8.0, 'height': 32.0, 'color': [0.30980392156862746, 0.30980392156862746, 0.30980392156862746, 1], 'x': '36', '_default_settings': [], 'y': None, 'anchor_x': 'center', 'anchor_y': 'center', 'round_anchor_x': None, 'round_anchor_y': None, 'opacity': 1.0, 'z': 0, 'reset_animations_events': {}, 'style': [], 'adjust_top': 0, 'adjust_bottom': 0, 'adjust_left': 0, 'adjust_right': 0, 'expire': None, 'key': None, 'widget': None, 'events_when_added': [], 'events_when_removed': [], 'corner_radius': 0, 'corner_segments': 10, 'rotation': 0, 'scale': 1.0, 'animations': None}, {'type': 'rectangle', 'width': 8.0, 'height': 32.0, 'color': [0.37254901960784315, 0.37254901960784315, 0.37254901960784315, 1], 'x': '44', '_default_settings': [], 'y': None, 'anchor_x': 'center', 'anchor_y': 'center', 'round_anchor_x': None, 'round_anchor_y': None, 'opacity': 1.0, 'z': 0, 'reset_animations_events': {}, 'style': [], 'adjust_top': 0, 'adjust_bottom': 0, 'adjust_left': 0, 'adjust_right': 0, 'expire': None, 'key': None, 'widget': None, 'events_when_added': [], 'events_when_removed': [], 'corner_radius': 0, 'corner_segments': 10, 'rotation': 0, 'scale': 1.0, 'animations': None}, {'type': 'rectangle', 'width': 8.0, 'height': 32.0, 'color': [0.43529411764705883, 0.43529411764705883, 0.43529411764705883, 1], 'x': '52', '_default_settings': [], 'y': None, 'anchor_x': 'center', 'anchor_y': 'center', 'round_anchor_x': None, 'round_anchor_y': None, 'opacity': 1.0, 'z': 0, 'reset_animations_events': {}, 'style': [], 'adjust_top': 0, 'adjust_bottom': 0, 'adjust_left': 0, 'adjust_right': 0, 'expire': None, 'key': None, 'widget': None, 'events_when_added': [], 'events_when_removed': [], 'corner_radius': 0, 'corner_segments': 10, 'rotation': 0, 'scale': 1.0, 'animations': None}, {'type': 'rectangle', 'width': 8.0, 'height': 32.0, 'color': [0.4980392156862745, 0.4980392156862745, 0.4980392156862745, 1], 'x': '60', '_default_settings': [], 'y': None, 'anchor_x': 'center', 'anchor_y': 'center', 'round_anchor_x': None, 'round_anchor_y': None, 'opacity': 1.0, 'z': 0, 'reset_animations_events': {}, 'style': [], 'adjust_top': 0, 'adjust_bottom': 0, 'adjust_left': 0, 'adjust_right': 0, 'expire': None, 'key': None, 'widget': None, 'events_when_added': [], 'events_when_removed': [], 'corner_radius': 0, 'corner_segments': 10, 'rotation': 0, 'scale': 1.0, 'animations': None}, {'type': 'rectangle', 'width': 8.0, 'height': 32.0, 'color': [0.5607843137254902, 0.5607843137254902, 0.5607843137254902, 1], 'x': '68', '_default_settings': [], 'y': None, 'anchor_x': 'center', 'anchor_y': 'center', 'round_anchor_x': None, 'round_anchor_y': None, 'opacity': 1.0, 'z': 0, 'reset_animations_events': {}, 'style': [], 'adjust_top': 0, 'adjust_bottom': 0, 'adjust_left': 0, 'adjust_right': 0, 'expire': None, 'key': None, 'widget': None, 'events_when_added': [], 'events_when_removed': [], 'corner_radius': 0, 'corner_segments': 10, 'rotation': 0, 'scale': 1.0, 'animations': None}, {'type': 'rectangle', 'width': 8.0, 'height': 32.0, 'color': [0.6235294117647059, 0.6235294117647059, 0.6235294117647059, 1], 'x': '76', '_default_settings': [], 'y': None, 'anchor_x': 'center', 'anchor_y': 'center', 'round_anchor_x': None, 'round_anchor_y': None, 'opacity': 1.0, 'z': 0, 'reset_animations_events': {}, 'style': [], 'adjust_top': 0, 'adjust_bottom': 0, 'adjust_left': 0, 'adjust_right': 0, 'expire': None, 'key': None, 'widget': None, 'events_when_added': [], 'events_when_removed': [], 'corner_radius': 0, 'corner_segments': 10, 'rotation': 0, 'scale': 1.0, 'animations': None}, {'type': 'rectangle', 'width': 8.0, 'height': 32.0, 'color': [0.6862745098039216, 0.6862745098039216, 0.6862745098039216, 1], 'x': '84', '_default_settings': [], 'y': None, 'anchor_x': 'center', 'anchor_y': 'center', 'round_anchor_x': None, 'round_anchor_y': None, 'opacity': 1.0, 'z': 0, 'reset_animations_events': {}, 'style': [], 'adjust_top': 0, 'adjust_bottom': 0, 'adjust_left': 0, 'adjust_right': 0, 'expire': None, 'key': None, 'widget': None, 'events_when_added': [], 'events_when_removed': [], 'corner_radius': 0, 'corner_segments': 10, 'rotation': 0, 'scale': 1.0, 'animations': None}, {'type': 'rectangle', 'width': 8.0, 'height': 32.0, 'color': [0.7490196078431373, 0.7490196078431373, 0.7490196078431373, 1], 'x': '92', '_default_settings': [], 'y': None, 'anchor_x': 'center', 'anchor_y': 'center', 'round_anchor_x': None, 'round_anchor_y': None, 'opacity': 1.0, 'z': 0, 'reset_animations_events': {}, 'style': [], 'adjust_top': 0, 'adjust_bottom': 0, 'adjust_left': 0, 'adjust_right': 0, 'expire': None, 'key': None, 'widget': None, 'events_when_added': [], 'events_when_removed': [], 'corner_radius': 0, 'corner_segments': 10, 'rotation': 0, 'scale': 1.0, 'animations': None}, {'type': 'rectangle', 'width': 8.0, 'height': 32.0, 'color': [0.8117647058823529, 0.8117647058823529, 0.8117647058823529, 1], 'x': '100', '_default_settings': [], 'y': None, 'anchor_x': 'center', 'anchor_y': 'center', 'round_anchor_x': None, 'round_anchor_y': None, 'opacity': 1.0, 'z': 0, 'reset_animations_events': {}, 'style': [], 'adjust_top': 0, 'adjust_bottom': 0, 'adjust_left': 0, 'adjust_right': 0, 'expire': None, 'key': None, 'widget': None, 'events_when_added': [], 'events_when_removed': [], 'corner_radius': 0, 'corner_segments': 10, 'rotation': 0, 'scale': 1.0, 'animations': None}, {'type': 'rectangle', 'width': 8.0, 'height': 32.0, 'color': [0.8745098039215686, 0.8745098039215686, 0.8745098039215686, 1], 'x': '108', '_default_settings': [], 'y': None, 'anchor_x': 'center', 'anchor_y': 'center', 'round_anchor_x': None, 'round_anchor_y': None, 'opacity': 1.0, 'z': 0, 'reset_animations_events': {}, 'style': [], 'adjust_top': 0, 'adjust_bottom': 0, 'adjust_left': 0, 'adjust_right': 0, 'expire': None, 'key': None, 'widget': None, 'events_when_added': [], 'events_when_removed': [], 'corner_radius': 0, 'corner_segments': 10, 'rotation': 0, 'scale': 1.0, 'animations': None}, {'type': 'rectangle', 'width': 8.0, 'height': 32.0, 'color': [0.9372549019607843, 0.9372549019607843, 0.9372549019607843, 1], 'x': '116', '_default_settings': [], 'y': None, 'anchor_x': 'center', 'anchor_y': 'center', 'round_anchor_x': None, 'round_anchor_y': None, 'opacity': 1.0, 'z': 0, 'reset_animations_events': {}, 'style': [], 'adjust_top': 0, 'adjust_bottom': 0, 'adjust_left': 0, 'adjust_right': 0, 'expire': None, 'key': None, 'widget': None, 'events_when_added': [], 'events_when_removed': [], 'corner_radius': 0, 'corner_segments': 10, 'rotation': 0, 'scale': 1.0, 'animations': None}, {'type': 'rectangle', 'width': 8.0, 'height': 32.0, 'color': [1.0, 1.0, 1.0, 1], 'x': '124', '_default_settings': [], 'y': None, 'anchor_x': 'center', 'anchor_y': 'center', 'round_anchor_x': None, 'round_anchor_y': None, 'opacity': 1.0, 'z': 0, 'reset_animations_events': {}, 'style': [], 'adjust_top': 0, 'adjust_bottom': 0, 'adjust_left': 0, 'adjust_right': 0, 'expire': None, 'key': None, 'widget': None, 'events_when_added': [], 'events_when_removed': [], 'corner_radius': 0, 'corner_segments': 10, 'rotation': 0, 'scale': 1.0, 'animations': None}], 'debug': False, 'expire': None, 'background_color': [0.0, 0.0, 0.0, 1.0], 'opacity': 1.0, 'transition': None, 'transition_out': None}}>, priority=1, kwargs={}, key=UUID('a8f09fee-44b5-40b6-ad6f-f1a17f6242c8'), condition=None, blocking_facility=None) for event init_phase_1. Config File Error in ConfigValidator: Error creating slides config entry for 'window_slide_1' >> Config validation error: Entry widgets:text:widgets:text:color = "grey" is not valid. Color could not be converted to int for kivy. Error Code: CFE-ConfigValidator-5 (https://missionpinball.org/logs)
Traceback (most recent call last):
  File "C:\Users\richa\mpfvirtual4\lib\site-packages\mpf\core\config_validator.py", line 627, in _validate_type_kivycolor
    color[i] = int(x) / 255
ValueError: invalid literal for int() with base 10: 'grey'

During handling of the above exception, another exception occurred:

Traceback (most recent call last):
  File "C:\Users\richa\mpfvirtual4\lib\site-packages\mpf\core\events.py", line 751, in _run_handlers
    result = handler.callback(**merged_kwargs)
  File "C:\Users\richa\mpfvirtual4\lib\site-packages\mpfmc\core\config_collection.py", line 46, in create_entries_from_root_config
    self.create_entries(self.machine.machine_config[self.config_section])
  File "C:\Users\richa\mpfvirtual4\lib\site-packages\mpfmc\core\config_collection.py", line 60, in create_entries
    raise e
  File "C:\Users\richa\mpfvirtual4\lib\site-packages\mpfmc\core\config_collection.py", line 57, in create_entries
    self[name] = self.process_config(settings)
  File "C:\Users\richa\mpfvirtual4\lib\site-packages\mpfmc\config_collections\slide.py", line 33, in process_config
    config['widgets'][i] = self.mc.widgets.process_widget(widget)
  File "C:\Users\richa\mpfvirtual4\lib\site-packages\mpfmc\config_collections\widget.py", line 81, in process_widget
    self.mc.config_validator.validate_config('widgets:{}'.format(
  File "C:\Users\richa\mpfvirtual4\lib\site-packages\mpf\core\config_validator.py", line 164, in validate_config
    return self._validate_config(config_spec, source, base_spec=base_spec, add_missing_keys=add_missing_keys,
  File "C:\Users\richa\mpfvirtual4\lib\site-packages\mpf\core\config_validator.py", line 205, in _validate_config
    processed_config[k] = self.validate_config_item(
  File "C:\Users\richa\mpfvirtual4\lib\site-packages\mpf\core\config_validator.py", line 244, in validate_config_item
    return self.validate_item(item, validation, validation_failure_info)
  File "C:\Users\richa\mpfvirtual4\lib\site-packages\mpf\core\config_validator.py", line 685, in validate_item
    return self.validator_list[validator](item, validation_failure_info=validation_failure_info)
  File "C:\Users\richa\mpfvirtual4\lib\site-packages\mpf\core\config_validator.py", line 629, in _validate_type_kivycolor
    self.validation_error(item, validation_failure_info, "Color could not be converted to int for kivy.")
  File "C:\Users\richa\mpfvirtual4\lib\site-packages\mpf\core\config_validator.py", line 700, in validation_error
    raise ConfigFileError("Config validation error: Entry {} = \"{}\" is not valid. {}".format(
mpf.exceptions.config_file_error.ConfigFileError: Config File Error in ConfigValidator: Error creating slides config entry for 'window_slide_1' >> Config validation error: Entry widgets:text:widgets:text:color = "grey" is not valid. Color could not be converted to int for kivy. Error Code: CFE-ConfigValidator-5 (https://missionpinball.org/logs)

The above exception was the direct cause of the following exception:

Traceback (most recent call last):
  File "C:\Users\richa\mpfvirtual4\lib\site-packages\mpfmc\commands\mc.py", line 215, in __init__
    MpfMc(options=vars(args),
  File "C:\Users\richa\mpfvirtual4\lib\site-packages\kivy\app.py", line 956, in run
    runTouchApp()
  File "C:\Users\richa\mpfvirtual4\lib\site-packages\kivy\base.py", line 574, in runTouchApp
    EventLoop.mainloop()
  File "C:\Users\richa\mpfvirtual4\lib\site-packages\kivy\base.py", line 339, in mainloop
    self.idle()
  File "C:\Users\richa\mpfvirtual4\lib\site-packages\kivy\base.py", line 379, in idle
    Clock.tick()
  File "C:\Users\richa\mpfvirtual4\lib\site-packages\kivy\clock.py", line 733, in tick
    self.post_idle(ts, self.idle())
  File "C:\Users\richa\mpfvirtual4\lib\site-packages\kivy\clock.py", line 776, in post_idle
    self._process_events()
  File "kivy\_clock.pyx", line 620, in kivy._clock.CyClockBase._process_events
  File "kivy\_clock.pyx", line 653, in kivy._clock.CyClockBase._process_events
  File "kivy\_clock.pyx", line 649, in kivy._clock.CyClockBase._process_events
  File "kivy\_clock.pyx", line 218, in kivy._clock.ClockEvent.tick
  File "C:\Users\richa\mpfvirtual4\lib\site-packages\mpfmc\uix\display.py", line 211, in _displays_initialized
    self.mc.displays_initialized()
  File "C:\Users\richa\mpfvirtual4\lib\site-packages\mpfmc\core\mc.py", line 347, in displays_initialized
    self._init()
  File "C:\Users\richa\mpfvirtual4\lib\site-packages\mpfmc\core\mc.py", line 372, in _init
    self.events.process_event_queue()
  File "C:\Users\richa\mpfvirtual4\lib\site-packages\mpf\core\events.py", line 842, in process_event_queue
    self._process_event(event=event[0],
  File "C:\Users\richa\mpfvirtual4\lib\site-packages\mpf\core\events.py", line 804, in _process_event
    result = self._run_handlers(event, ev_type, kwargs)
  File "C:\Users\richa\mpfvirtual4\lib\site-packages\mpf\core\events.py", line 753, in _run_handlers
    raise EventHandlerException(
mpf.core.events.EventHandlerException: Exception while processing RegisteredHandler(callback=<bound method ConfigCollection.create_entries_from_root_config of {'window_blank': {'debug': False, 'expire': None, 'background_color': [0.0, 0.0, 0.0, 1.0], 'opacity': 1.0}, 'dmd_blank': {'debug': False, 'expire': None, 'background_color': [0.0, 0.0, 0.0, 1.0], 'opacity': 1.0}, 'dmd_gamma_test': {'widgets': [{'type': 'text', 'text': 'DMD GAMMA TEST', 'style': ['small'], 'y': '4', 'anchor_x': 'left', 'x': '2', '_default_settings': [], 'anchor_y': 'center', 'round_anchor_x': None, 'round_anchor_y': None, 'opacity': 1.0, 'z': 0, 'reset_animations_events': {}, 'color': [1.0, 1.0, 1.0, 1.0], 'adjust_top': 0, 'adjust_bottom': 0, 'adjust_left': 0, 'adjust_right': 0, 'expire': None, 'key': None, 'widget': None, 'events_when_added': [], 'events_when_removed': [], 'font_size': 15, 'bitmap_font': False, 'font_kerning': True, 'bold': False, 'italic': False, 'number_grouping': False, 'min_digits': 0, 'halign': 'center', 'valign': 'middle', 'rotation': 0, 'scale': 1.0, 'casing': None, 'outline_color': [1.0, 1.0, 1.0, 1.0], 'outline_width': 0, 'animations': None}, {'type': 'rectangle', 'width': 8.0, 'height': 32.0, 'color': None, 'x': '4', '_default_settings': [], 'y': None, 'anchor_x': 'center', 'anchor_y': 'center', 'round_anchor_x': None, 'round_anchor_y': None, 'opacity': 1.0, 'z': 0, 'reset_animations_events': {}, 'style': [], 'adjust_top': 0, 'adjust_bottom': 0, 'adjust_left': 0, 'adjust_right': 0, 'expire': None, 'key': None, 'widget': None, 'events_when_added': [], 'events_when_removed': [], 'corner_radius': 0, 'corner_segments': 10, 'rotation': 0, 'scale': 1.0, 'animations': None}, {'type': 'rectangle', 'width': 8.0, 'height': 32.0, 'color': [0.12156862745098039, 0.12156862745098039, 0.12156862745098039, 1], 'x': '12', '_default_settings': [], 'y': None, 'anchor_x': 'center', 'anchor_y': 'center', 'round_anchor_x': None, 'round_anchor_y': None, 'opacity': 1.0, 'z': 0, 'reset_animations_events': {}, 'style': [], 'adjust_top': 0, 'adjust_bottom': 0, 'adjust_left': 0, 'adjust_right': 0, 'expire': None, 'key': None, 'widget': None, 'events_when_added': [], 'events_when_removed': [], 'corner_radius': 0, 'corner_segments': 10, 'rotation': 0, 'scale': 1.0, 'animations': None}, {'type': 'rectangle', 'width': 8.0, 'height': 32.0, 'color': [0.1843137254901961, 0.1843137254901961, 0.1843137254901961, 1], 'x': '20', '_default_settings': [], 'y': None, 'anchor_x': 'center', 'anchor_y': 'center', 'round_anchor_x': None, 'round_anchor_y': None, 'opacity': 1.0, 'z': 0, 'reset_animations_events': {}, 'style': [], 'adjust_top': 0, 'adjust_bottom': 0, 'adjust_left': 0, 'adjust_right': 0, 'expire': None, 'key': None, 'widget': None, 'events_when_added': [], 'events_when_removed': [], 'corner_radius': 0, 'corner_segments': 10, 'rotation': 0, 'scale': 1.0, 'animations': None}, {'type': 'rectangle', 'width': 8.0, 'height': 32.0, 'color': [0.24705882352941178, 0.24705882352941178, 0.24705882352941178, 1], 'x': '28', '_default_settings': [], 'y': None, 'anchor_x': 'center', 'anchor_y': 'center', 'round_anchor_x': None, 'round_anchor_y': None, 'opacity': 1.0, 'z': 0, 'reset_animations_events': {}, 'style': [], 'adjust_top': 0, 'adjust_bottom': 0, 'adjust_left': 0, 'adjust_right': 0, 'expire': None, 'key': None, 'widget': None, 'events_when_added': [], 'events_when_removed': [], 'corner_radius': 0, 'corner_segments': 10, 'rotation': 0, 'scale': 1.0, 'animations': None}, {'type': 'rectangle', 'width': 8.0, 'height': 32.0, 'color': [0.30980392156862746, 0.30980392156862746, 0.30980392156862746, 1], 'x': '36', '_default_settings': [], 'y': None, 'anchor_x': 'center', 'anchor_y': 'center', 'round_anchor_x': None, 'round_anchor_y': None, 'opacity': 1.0, 'z': 0, 'reset_animations_events': {}, 'style': [], 'adjust_top': 0, 'adjust_bottom': 0, 'adjust_left': 0, 'adjust_right': 0, 'expire': None, 'key': None, 'widget': None, 'events_when_added': [], 'events_when_removed': [], 'corner_radius': 0, 'corner_segments': 10, 'rotation': 0, 'scale': 1.0, 'animations': None}, {'type': 'rectangle', 'width': 8.0, 'height': 32.0, 'color': [0.37254901960784315, 0.37254901960784315, 0.37254901960784315, 1], 'x': '44', '_default_settings': [], 'y': None, 'anchor_x': 'center', 'anchor_y': 'center', 'round_anchor_x': None, 'round_anchor_y': None, 'opacity': 1.0, 'z': 0, 'reset_animations_events': {}, 'style': [], 'adjust_top': 0, 'adjust_bottom': 0, 'adjust_left': 0, 'adjust_right': 0, 'expire': None, 'key': None, 'widget': None, 'events_when_added': [], 'events_when_removed': [], 'corner_radius': 0, 'corner_segments': 10, 'rotation': 0, 'scale': 1.0, 'animations': None}, {'type': 'rectangle', 'width': 8.0, 'height': 32.0, 'color': [0.43529411764705883, 0.43529411764705883, 0.43529411764705883, 1], 'x': '52', '_default_settings': [], 'y': None, 'anchor_x': 'center', 'anchor_y': 'center', 'round_anchor_x': None, 'round_anchor_y': None, 'opacity': 1.0, 'z': 0, 'reset_animations_events': {}, 'style': [], 'adjust_top': 0, 'adjust_bottom': 0, 'adjust_left': 0, 'adjust_right': 0, 'expire': None, 'key': None, 'widget': None, 'events_when_added': [], 'events_when_removed': [], 'corner_radius': 0, 'corner_segments': 10, 'rotation': 0, 'scale': 1.0, 'animations': None}, {'type': 'rectangle', 'width': 8.0, 'height': 32.0, 'color': [0.4980392156862745, 0.4980392156862745, 0.4980392156862745, 1], 'x': '60', '_default_settings': [], 'y': None, 'anchor_x': 'center', 'anchor_y': 'center', 'round_anchor_x': None, 'round_anchor_y': None, 'opacity': 1.0, 'z': 0, 'reset_animations_events': {}, 'style': [], 'adjust_top': 0, 'adjust_bottom': 0, 'adjust_left': 0, 'adjust_right': 0, 'expire': None, 'key': None, 'widget': None, 'events_when_added': [], 'events_when_removed': [], 'corner_radius': 0, 'corner_segments': 10, 'rotation': 0, 'scale': 1.0, 'animations': None}, {'type': 'rectangle', 'width': 8.0, 'height': 32.0, 'color': [0.5607843137254902, 0.5607843137254902, 0.5607843137254902, 1], 'x': '68', '_default_settings': [], 'y': None, 'anchor_x': 'center', 'anchor_y': 'center', 'round_anchor_x': None, 'round_anchor_y': None, 'opacity': 1.0, 'z': 0, 'reset_animations_events': {}, 'style': [], 'adjust_top': 0, 'adjust_bottom': 0, 'adjust_left': 0, 'adjust_right': 0, 'expire': None, 'key': None, 'widget': None, 'events_when_added': [], 'events_when_removed': [], 'corner_radius': 0, 'corner_segments': 10, 'rotation': 0, 'scale': 1.0, 'animations': None}, {'type': 'rectangle', 'width': 8.0, 'height': 32.0, 'color': [0.6235294117647059, 0.6235294117647059, 0.6235294117647059, 1], 'x': '76', '_default_settings': [], 'y': None, 'anchor_x': 'center', 'anchor_y': 'center', 'round_anchor_x': None, 'round_anchor_y': None, 'opacity': 1.0, 'z': 0, 'reset_animations_events': {}, 'style': [], 'adjust_top': 0, 'adjust_bottom': 0, 'adjust_left': 0, 'adjust_right': 0, 'expire': None, 'key': None, 'widget': None, 'events_when_added': [], 'events_when_removed': [], 'corner_radius': 0, 'corner_segments': 10, 'rotation': 0, 'scale': 1.0, 'animations': None}, {'type': 'rectangle', 'width': 8.0, 'height': 32.0, 'color': [0.6862745098039216, 0.6862745098039216, 0.6862745098039216, 1], 'x': '84', '_default_settings': [], 'y': None, 'anchor_x': 'center', 'anchor_y': 'center', 'round_anchor_x': None, 'round_anchor_y': None, 'opacity': 1.0, 'z': 0, 'reset_animations_events': {}, 'style': [], 'adjust_top': 0, 'adjust_bottom': 0, 'adjust_left': 0, 'adjust_right': 0, 'expire': None, 'key': None, 'widget': None, 'events_when_added': [], 'events_when_removed': [], 'corner_radius': 0, 'corner_segments': 10, 'rotation': 0, 'scale': 1.0, 'animations': None}, {'type': 'rectangle', 'width': 8.0, 'height': 32.0, 'color': [0.7490196078431373, 0.7490196078431373, 0.7490196078431373, 1], 'x': '92', '_default_settings': [], 'y': None, 'anchor_x': 'center', 'anchor_y': 'center', 'round_anchor_x': None, 'round_anchor_y': None, 'opacity': 1.0, 'z': 0, 'reset_animations_events': {}, 'style': [], 'adjust_top': 0, 'adjust_bottom': 0, 'adjust_left': 0, 'adjust_right': 0, 'expire': None, 'key': None, 'widget': None, 'events_when_added': [], 'events_when_removed': [], 'corner_radius': 0, 'corner_segments': 10, 'rotation': 0, 'scale': 1.0, 'animations': None}, {'type': 'rectangle', 'width': 8.0, 'height': 32.0, 'color': [0.8117647058823529, 0.8117647058823529, 0.8117647058823529, 1], 'x': '100', '_default_settings': [], 'y': None, 'anchor_x': 'center', 'anchor_y': 'center', 'round_anchor_x': None, 'round_anchor_y': None, 'opacity': 1.0, 'z': 0, 'reset_animations_events': {}, 'style': [], 'adjust_top': 0, 'adjust_bottom': 0, 'adjust_left': 0, 'adjust_right': 0, 'expire': None, 'key': None, 'widget': None, 'events_when_added': [], 'events_when_removed': [], 'corner_radius': 0, 'corner_segments': 10, 'rotation': 0, 'scale': 1.0, 'animations': None}, {'type': 'rectangle', 'width': 8.0, 'height': 32.0, 'color': [0.8745098039215686, 0.8745098039215686, 0.8745098039215686, 1], 'x': '108', '_default_settings': [], 'y': None, 'anchor_x': 'center', 'anchor_y': 'center', 'round_anchor_x': None, 'round_anchor_y': None, 'opacity': 1.0, 'z': 0, 'reset_animations_events': {}, 'style': [], 'adjust_top': 0, 'adjust_bottom': 0, 'adjust_left': 0, 'adjust_right': 0, 'expire': None, 'key': None, 'widget': None, 'events_when_added': [], 'events_when_removed': [], 'corner_radius': 0, 'corner_segments': 10, 'rotation': 0, 'scale': 1.0, 'animations': None}, {'type': 'rectangle', 'width': 8.0, 'height': 32.0, 'color': [0.9372549019607843, 0.9372549019607843, 0.9372549019607843, 1], 'x': '116', '_default_settings': [], 'y': None, 'anchor_x': 'center', 'anchor_y': 'center', 'round_anchor_x': None, 'round_anchor_y': None, 'opacity': 1.0, 'z': 0, 'reset_animations_events': {}, 'style': [], 'adjust_top': 0, 'adjust_bottom': 0, 'adjust_left': 0, 'adjust_right': 0, 'expire': None, 'key': None, 'widget': None, 'events_when_added': [], 'events_when_removed': [], 'corner_radius': 0, 'corner_segments': 10, 'rotation': 0, 'scale': 1.0, 'animations': None}, {'type': 'rectangle', 'width': 8.0, 'height': 32.0, 'color': [1.0, 1.0, 1.0, 1], 'x': '124', '_default_settings': [], 'y': None, 'anchor_x': 'center', 'anchor_y': 'center', 'round_anchor_x': None, 'round_anchor_y': None, 'opacity': 1.0, 'z': 0, 'reset_animations_events': {}, 'style': [], 'adjust_top': 0, 'adjust_bottom': 0, 'adjust_left': 0, 'adjust_right': 0, 'expire': None, 'key': None, 'widget': None, 'events_when_added': [], 'events_when_removed': [], 'corner_radius': 0, 'corner_segments': 10, 'rotation': 0, 'scale': 1.0, 'animations': None}], 'debug': False, 'expire': None, 'background_color': [0.0, 0.0, 0.0, 1.0], 'opacity': 1.0, 'transition': None, 'transition_out': None}}>, priority=1, kwargs={}, key=UUID('a8f09fee-44b5-40b6-ad6f-f1a17f6242c8'), condition=None, blocking_facility=None) for event init_phase_1. Config File Error in ConfigValidator: Error creating slides config entry for 'window_slide_1' >> Config validation error: Entry widgets:text:widgets:text:color = "grey" is not valid. Color could not be converted to int for kivy. Error Code: CFE-ConfigValidator-5 (https://missionpinball.org/logs)
2025-10-16 16:44:56,931 : root : Stopping child threads... (1 remaining)
2025-10-16 16:44:57,938 : root : All child threads stopped.
