2025-10-10 07:52:12,144 : INFO : root : Loading config.
2025-10-10 07:52:12,148 : INFO : YamlMultifileConfigLoader : Machine config file #1: config.yaml
2025-10-10 07:52:12,149 : INFO : ConfigProcessor : Loading config from cache: C:\Users\richa\AppData\Local\Temp\f7776651e259183bd84a8c8d686bf868.mpf_cache
2025-10-10 07:52:12,225 : INFO : ConfigProcessor : Loading config from cache: C:\Users\richa\AppData\Local\Temp\70233839fc0b792ce11a62f3c18c1950.mpf_cache
2025-10-10 07:52:12,226 : INFO : ConfigProcessor : Loading config from cache: C:\Users\richa\AppData\Local\Temp\9c8dea79ca4d15ee886340e992e8cb9d.mpf_cache
2025-10-10 07:52:12,227 : INFO : ConfigProcessor : Loading config from cache: C:\Users\richa\AppData\Local\Temp\67a19b095f918111543419ac0271bfb1.mpf_cache
2025-10-10 07:52:12,228 : INFO : ConfigProcessor : Loading config from cache: C:\Users\richa\AppData\Local\Temp\be387b0e8ed00556ec738d83cd6947d1.mpf_cache
2025-10-10 07:52:12,229 : INFO : ConfigProcessor : Loading config from cache: C:\Users\richa\AppData\Local\Temp\5a8efabd9666d8c71fa755fc28a9bf1e.mpf_cache
2025-10-10 07:52:12,229 : INFO : ConfigProcessor : Loading config from cache: C:\Users\richa\AppData\Local\Temp\fb58745e58584e219ff53db445e8e9f2.mpf_cache
2025-10-10 07:52:12,230 : INFO : ConfigProcessor : Loading config from cache: C:\Users\richa\AppData\Local\Temp\b710dc01437f1dfd05f3b5275f67493b.mpf_cache
2025-10-10 07:52:12,231 : INFO : ConfigProcessor : Loading config from cache: C:\Users\richa\AppData\Local\Temp\0a23590f4081187a3ecee75c7657616e.mpf_cache
2025-10-10 07:52:12,232 : INFO : ConfigProcessor : Loading config from cache: C:\Users\richa\AppData\Local\Temp\374a5edaf0766cb9005f368df852c09d.mpf_cache
2025-10-10 07:52:12,233 : INFO : Machine : Mission Pinball Framework Core Engine v0.57.0.dev39
2025-10-10 07:52:12,233 : INFO : Machine : Command line arguments: {'no_load_cache': False, 'create_config_cache': True, 'bcp': True, 'configfile': ['config.yaml'], 'force_assets_load': False, 'jsonlogging': False, 'logfile': 'logs\\2025-10-10-07-52-12-mpf-DESKTOP-RK7BE5M.log', 'pause': False, 'production': False, 'text_ui': True, 'loglevel': 15, 'consoleloglevel': 20, 'force_platform': None, 'syslog_address': None, 'mc_file_name': None, 'no_sound': False}
2025-10-10 07:52:12,233 : INFO : Machine : MPF path: C:\Users\richa\mpfvirtual4\lib\site-packages\mpf
2025-10-10 07:52:12,233 : INFO : Machine : Machine path: C:\Users\richa\ttp7
2025-10-10 07:52:12,233 : INFO : Machine : Platform: win32
2025-10-10 07:52:12,233 : INFO : Machine : Python executable location: C:\Users\richa\mpfvirtual4\Scripts\python.exe
2025-10-10 07:52:12,233 : INFO : Machine : Python version: 3.9.13 (64-bit)
2025-10-10 07:52:12,235 : INFO : Machine : Initializing MPF...
2025-10-10 07:52:12,697 : INFO : EventManager : Event: ======'machine_var_credits_string'====== Args={'value': 'FREE PLAY', 'prev_value': None, 'change': True}
2025-10-10 07:52:12,751 : INFO : EventManager : Event: ======'machine_var_master_volume'====== Args={'value': 0.5, 'prev_value': None, 'change': True}
2025-10-10 07:52:12,751 : INFO : EventManager : Event: ======'machine_var_player1_score'====== Args={'value': 1024400, 'prev_value': None, 'change': True}
2025-10-10 07:52:12,751 : INFO : EventManager : Event: ======'machine_var_mpf_version'====== Args={'value': 'Mission Pinball Framework v0.57.0.dev39', 'prev_value': None, 'change': True}
2025-10-10 07:52:12,751 : INFO : EventManager : Event: ======'machine_var_mpf_extended_version'====== Args={'value': 'Mission Pinball Framework v0.57.0.dev39, Config version:6, Show version: 6, BCP version:1.1', 'prev_value': None, 'change': True}
2025-10-10 07:52:12,751 : INFO : EventManager : Event: ======'machine_var_python_version'====== Args={'value': '3.9.13', 'prev_value': None, 'change': True}
2025-10-10 07:52:12,762 : INFO : EventManager : Event: ======'machine_var_platform'====== Args={'value': 'Windows-10-10.0.19045-SP0', 'prev_value': None, 'change': True}
2025-10-10 07:52:12,762 : INFO : EventManager : Event: ======'machine_var_platform_system'====== Args={'value': 'Windows', 'prev_value': None, 'change': True}
2025-10-10 07:52:12,762 : INFO : EventManager : Event: ======'machine_var_platform_release'====== Args={'value': '10', 'prev_value': None, 'change': True}
2025-10-10 07:52:12,762 : INFO : EventManager : Event: ======'machine_var_platform_version'====== Args={'value': '10.0.19045', 'prev_value': None, 'change': True}
2025-10-10 07:52:12,762 : INFO : EventManager : Event: ======'machine_var_platform_machine'====== Args={'value': 'AMD64', 'prev_value': None, 'change': True}
2025-10-10 07:52:12,762 : INFO : EventManager : Event: ======'init_phase_1'====== Args={}
2025-10-10 07:52:12,798 : INFO : EventManager : Event: ======'init_phase_2'====== Args={}
2025-10-10 07:52:12,798 : INFO : SwitchController : Found active switch: ('2', <Platform.SmartVirtual>) <switch.s_trough1>
2025-10-10 07:52:12,799 : INFO : SwitchController : Found active switch: ('3', <Platform.SmartVirtual>) <switch.s_trough2>
2025-10-10 07:52:12,799 : INFO : SwitchController : Found active switch: ('4', <Platform.SmartVirtual>) <switch.s_trough3>
2025-10-10 07:52:12,799 : INFO : SwitchController : Found active switch: ('5', <Platform.SmartVirtual>) <switch.s_trough4>
2025-10-10 07:52:12,799 : INFO : SwitchController : Found active switch: ('6', <Platform.SmartVirtual>) <switch.s_trough5>
2025-10-10 07:52:12,799 : INFO : SwitchController : Found active switch: ('7', <Platform.SmartVirtual>) <switch.s_trough6>
2025-10-10 07:52:12,805 : INFO : EventManager : Event: ======'bcp_connection_attempt'====== Args={'name': 'local_display', 'host': 'localhost', 'port': 5050}
2025-10-10 07:52:12,807 : INFO : BCPClientSocket : Connecting BCP to 'local_display' at localhost:5050...
2025-10-10 07:52:14,833 : INFO : BCPClientSocket : Connected BCP to 'local_display' localhost:5050
2025-10-10 07:52:14,834 : INFO : EventManager : Event: ======'bcp_clients_connected'====== Args={}
2025-10-10 07:52:15,205 : INFO : EventManager : Event: ======'machine_var_mc_version'====== Args={'value': 'MPF-MC v0.57.0.dev10', 'prev_value': None, 'change': True}
2025-10-10 07:52:15,205 : INFO : EventManager : Event: ======'machine_var_mc_extended_version'====== Args={'value': 'MPF-MC v0.57.0.dev10 (config_version=6, BCP v1.1,                      Requires MPF API compatibility v0.57.0.dev19 or newer)', 'prev_value': None, 'change': True}
2025-10-10 07:52:15,207 : INFO : ball_device.bd_trough : BCH: Initial count: 6
2025-10-10 07:52:15,293 : INFO : ball_device.bd_trough : State: idle
2025-10-10 07:52:15,319 : INFO : ball_device.bd_plunger : BCH: Initial count: 0
2025-10-10 07:52:15,320 : INFO : ball_device.bd_plunger : State: idle
2025-10-10 07:52:15,320 : INFO : ball_device.bd_left_scoop : BCH: Initial count: 0
2025-10-10 07:52:15,320 : INFO : ball_device.bd_left_scoop : State: idle
2025-10-10 07:52:15,320 : INFO : ball_device.bd_right_scoop : BCH: Initial count: 0
2025-10-10 07:52:15,320 : INFO : ball_device.bd_right_scoop : State: idle
2025-10-10 07:52:15,342 : INFO : EventManager : Event: ======'init_phase_3'====== Args={}
2025-10-10 07:52:15,346 : INFO : EventManager : Event: ======'init_phase_4'====== Args={}
2025-10-10 07:52:15,346 : INFO : BallController : Initial balls found: 6
2025-10-10 07:52:15,347 : INFO : EventManager : Event: ======'machine_var_audits_events_game_ended'====== Args={'value': 44, 'prev_value': None, 'change': True}
2025-10-10 07:52:15,348 : INFO : EventManager : Event: ======'machine_var_audits_events_game_started'====== Args={'value': 171, 'prev_value': None, 'change': True}
2025-10-10 07:52:15,348 : INFO : EventManager : Event: ======'machine_var_audits_missing_switches_s_A'====== Args={'value': 67, 'prev_value': None, 'change': True}
2025-10-10 07:52:15,348 : INFO : EventManager : Event: ======'machine_var_audits_missing_switches_s_E'====== Args={'value': 99, 'prev_value': None, 'change': True}
2025-10-10 07:52:15,348 : INFO : EventManager : Event: ======'machine_var_audits_missing_switches_s_Eb'====== Args={'value': 67, 'prev_value': None, 'change': True}
2025-10-10 07:52:15,348 : INFO : EventManager : Event: ======'machine_var_audits_missing_switches_s_I'====== Args={'value': 99, 'prev_value': None, 'change': True}
2025-10-10 07:52:15,348 : INFO : EventManager : Event: ======'machine_var_audits_missing_switches_s_L'====== Args={'value': 67, 'prev_value': None, 'change': True}
2025-10-10 07:52:15,349 : INFO : EventManager : Event: ======'machine_var_audits_missing_switches_s_M'====== Args={'value': 99, 'prev_value': None, 'change': True}
2025-10-10 07:52:15,349 : INFO : EventManager : Event: ======'machine_var_audits_missing_switches_s_R'====== Args={'value': 67, 'prev_value': None, 'change': True}
2025-10-10 07:52:15,349 : INFO : EventManager : Event: ======'machine_var_audits_missing_switches_s_T'====== Args={'value': 99, 'prev_value': None, 'change': True}
2025-10-10 07:52:15,349 : INFO : EventManager : Event: ======'machine_var_audits_missing_switches_s_Tb'====== Args={'value': 67, 'prev_value': None, 'change': True}
2025-10-10 07:52:15,349 : INFO : EventManager : Event: ======'machine_var_audits_missing_switches_s_V'====== Args={'value': 67, 'prev_value': None, 'change': True}
2025-10-10 07:52:15,349 : INFO : EventManager : Event: ======'machine_var_audits_missing_switches_s_bumper1'====== Args={'value': 3, 'prev_value': None, 'change': True}
2025-10-10 07:52:15,350 : INFO : EventManager : Event: ======'machine_var_audits_missing_switches_s_bumper2'====== Args={'value': 1, 'prev_value': None, 'change': True}
2025-10-10 07:52:15,350 : INFO : EventManager : Event: ======'machine_var_audits_missing_switches_s_bumper_1'====== Args={'value': 28, 'prev_value': None, 'change': True}
2025-10-10 07:52:15,350 : INFO : EventManager : Event: ======'machine_var_audits_missing_switches_s_bumper_2'====== Args={'value': 28, 'prev_value': None, 'change': True}
2025-10-10 07:52:15,350 : INFO : EventManager : Event: ======'machine_var_audits_missing_switches_s_center_center_target'====== Args={'value': 35, 'prev_value': None, 'change': True}
2025-10-10 07:52:15,350 : INFO : EventManager : Event: ======'machine_var_audits_missing_switches_s_launcher_lane_spinner'====== Args={'value': 97, 'prev_value': None, 'change': True}
2025-10-10 07:52:15,350 : INFO : EventManager : Event: ======'machine_var_audits_missing_switches_s_left_center_target'====== Args={'value': 35, 'prev_value': None, 'change': True}
2025-10-10 07:52:15,351 : INFO : EventManager : Event: ======'machine_var_audits_missing_switches_s_left_corridor_spinner'====== Args={'value': 97, 'prev_value': None, 'change': True}
2025-10-10 07:52:15,351 : INFO : EventManager : Event: ======'machine_var_audits_missing_switches_s_left_corridor_spinner2'====== Args={'value': 97, 'prev_value': None, 'change': True}
2025-10-10 07:52:15,351 : INFO : EventManager : Event: ======'machine_var_audits_missing_switches_s_left_flipper'====== Args={'value': 20, 'prev_value': None, 'change': True}
2025-10-10 07:52:15,351 : INFO : EventManager : Event: ======'machine_var_audits_missing_switches_s_left_inlane'====== Args={'value': 124, 'prev_value': None, 'change': True}
2025-10-10 07:52:15,351 : INFO : EventManager : Event: ======'machine_var_audits_missing_switches_s_left_outlane'====== Args={'value': 134, 'prev_value': None, 'change': True}
2025-10-10 07:52:15,352 : INFO : EventManager : Event: ======'machine_var_audits_missing_switches_s_left_scoop'====== Args={'value': 5, 'prev_value': None, 'change': True}
2025-10-10 07:52:15,352 : INFO : EventManager : Event: ======'machine_var_audits_missing_switches_s_left_standup'====== Args={'value': 96, 'prev_value': None, 'change': True}
2025-10-10 07:52:15,352 : INFO : EventManager : Event: ======'machine_var_audits_missing_switches_s_right_center_target'====== Args={'value': 35, 'prev_value': None, 'change': True}
2025-10-10 07:52:15,353 : INFO : EventManager : Event: ======'machine_var_audits_missing_switches_s_right_corridor_spinner'====== Args={'value': 97, 'prev_value': None, 'change': True}
2025-10-10 07:52:15,353 : INFO : EventManager : Event: ======'machine_var_audits_missing_switches_s_right_flipper'====== Args={'value': 20, 'prev_value': None, 'change': True}
2025-10-10 07:52:15,353 : INFO : EventManager : Event: ======'machine_var_audits_missing_switches_s_right_inlane'====== Args={'value': 36, 'prev_value': None, 'change': True}
2025-10-10 07:52:15,353 : INFO : EventManager : Event: ======'machine_var_audits_missing_switches_s_right_outlane'====== Args={'value': 134, 'prev_value': None, 'change': True}
2025-10-10 07:52:15,354 : INFO : EventManager : Event: ======'machine_var_audits_missing_switches_s_right_scoop'====== Args={'value': 5, 'prev_value': None, 'change': True}
2025-10-10 07:52:15,354 : INFO : EventManager : Event: ======'machine_var_audits_missing_switches_s_right_standup'====== Args={'value': 5, 'prev_value': None, 'change': True}
2025-10-10 07:52:15,354 : INFO : EventManager : Event: ======'machine_var_audits_missing_switches_s_sling_left'====== Args={'value': 124, 'prev_value': None, 'change': True}
2025-10-10 07:52:15,355 : INFO : EventManager : Event: ======'machine_var_audits_missing_switches_s_sling_right'====== Args={'value': 20, 'prev_value': None, 'change': True}
2025-10-10 07:52:15,355 : INFO : EventManager : Event: ======'machine_var_audits_missing_switches_s_standup_1'====== Args={'value': 5, 'prev_value': None, 'change': True}
2025-10-10 07:52:15,355 : INFO : EventManager : Event: ======'machine_var_audits_missing_switches_s_standup_2'====== Args={'value': 5, 'prev_value': None, 'change': True}
2025-10-10 07:52:15,355 : INFO : EventManager : Event: ======'machine_var_audits_missing_switches_s_standup_3'====== Args={'value': 5, 'prev_value': None, 'change': True}
2025-10-10 07:52:15,356 : INFO : EventManager : Event: ======'machine_var_audits_missing_switches_s_standup_4'====== Args={'value': 5, 'prev_value': None, 'change': True}
2025-10-10 07:52:15,356 : INFO : EventManager : Event: ======'machine_var_audits_missing_switches_s_standup_5'====== Args={'value': 5, 'prev_value': None, 'change': True}
2025-10-10 07:52:15,356 : INFO : EventManager : Event: ======'machine_var_audits_missing_switches_s_standup_6'====== Args={'value': 5, 'prev_value': None, 'change': True}
2025-10-10 07:52:15,356 : INFO : EventManager : Event: ======'machine_var_audits_missing_switches_s_start'====== Args={'value': 19, 'prev_value': None, 'change': True}
2025-10-10 07:52:15,357 : INFO : EventManager : Event: ======'machine_var_audits_missing_switches_s_top_left_standup'====== Args={'value': 96, 'prev_value': None, 'change': True}
2025-10-10 07:52:15,357 : INFO : EventManager : Event: ======'machine_var_audits_missing_switches_s_top_left_standup2'====== Args={'value': 37, 'prev_value': None, 'change': True}
2025-10-10 07:52:15,357 : INFO : EventManager : Event: ======'machine_var_audits_missing_switches_s_trough1'====== Args={'value': 5, 'prev_value': None, 'change': True}
2025-10-10 07:52:15,357 : INFO : EventManager : Event: ======'machine_var_audits_missing_switches_s_trough2'====== Args={'value': 171, 'prev_value': None, 'change': True}
2025-10-10 07:52:15,358 : INFO : EventManager : Event: ======'machine_var_audits_missing_switches_s_trough3'====== Args={'value': 171, 'prev_value': None, 'change': True}
2025-10-10 07:52:15,358 : INFO : EventManager : Event: ======'machine_var_audits_missing_switches_s_trough4'====== Args={'value': 171, 'prev_value': None, 'change': True}
2025-10-10 07:52:15,358 : INFO : EventManager : Event: ======'machine_var_audits_missing_switches_s_trough5'====== Args={'value': 171, 'prev_value': None, 'change': True}
2025-10-10 07:52:15,358 : INFO : EventManager : Event: ======'machine_var_audits_missing_switches_s_trough6'====== Args={'value': 171, 'prev_value': None, 'change': True}
2025-10-10 07:52:15,359 : INFO : EventManager : Event: ======'machine_var_audits_missing_switches_s_trough_jam'====== Args={'value': 171, 'prev_value': None, 'change': True}
2025-10-10 07:52:15,359 : INFO : EventManager : Event: ======'machine_var_audits_player_score'====== Args={'value': {'average': 147386, 'top': [2008600, 1234200, 1027900, 1024400, 606200, 211200, 205900, 34750, 28284, 28200], 'total': 46}, 'prev_value': None, 'change': True}
2025-10-10 07:52:15,359 : INFO : EventManager : Event: ======'machine_var_audits_shots_bumper1_shot'====== Args={'value': 45, 'prev_value': None, 'change': True}
2025-10-10 07:52:15,359 : INFO : EventManager : Event: ======'machine_var_audits_shots_bumper2_shot'====== Args={'value': 66, 'prev_value': None, 'change': True}
2025-10-10 07:52:15,360 : INFO : EventManager : Event: ======'machine_var_audits_shots_center_rollover'====== Args={'value': 7, 'prev_value': None, 'change': True}
2025-10-10 07:52:15,360 : INFO : EventManager : Event: ======'machine_var_audits_shots_center_rollover_shot'====== Args={'value': 233, 'prev_value': None, 'change': True}
2025-10-10 07:52:15,360 : INFO : EventManager : Event: ======'machine_var_audits_shots_jets'====== Args={'value': 52, 'prev_value': None, 'change': True}
2025-10-10 07:52:15,360 : INFO : EventManager : Event: ======'machine_var_audits_shots_left_rollover'====== Args={'value': 8, 'prev_value': None, 'change': True}
2025-10-10 07:52:15,360 : INFO : EventManager : Event: ======'machine_var_audits_shots_left_rollover_shot'====== Args={'value': 175, 'prev_value': None, 'change': True}
2025-10-10 07:52:15,361 : INFO : EventManager : Event: ======'machine_var_audits_shots_left_scoop_shot'====== Args={'value': 28, 'prev_value': None, 'change': True}
2025-10-10 07:52:15,361 : INFO : EventManager : Event: ======'machine_var_audits_shots_middle_inlane_shot'====== Args={'value': 20, 'prev_value': None, 'change': True}
2025-10-10 07:52:15,361 : INFO : EventManager : Event: ======'machine_var_audits_shots_my_first_shot'====== Args={'value': 95, 'prev_value': None, 'change': True}
2025-10-10 07:52:15,361 : INFO : EventManager : Event: ======'machine_var_audits_shots_right_inlane_shot'====== Args={'value': 53, 'prev_value': None, 'change': True}
2025-10-10 07:52:15,362 : INFO : EventManager : Event: ======'machine_var_audits_shots_right_rollover'====== Args={'value': 11, 'prev_value': None, 'change': True}
2025-10-10 07:52:15,362 : INFO : EventManager : Event: ======'machine_var_audits_shots_right_rollover_shot'====== Args={'value': 237, 'prev_value': None, 'change': True}
2025-10-10 07:52:15,362 : INFO : EventManager : Event: ======'machine_var_audits_shots_right_scoop_shot'====== Args={'value': 35, 'prev_value': None, 'change': True}
2025-10-10 07:52:15,363 : INFO : EventManager : Event: ======'machine_var_audits_shots_standup_1_skill'====== Args={'value': 27, 'prev_value': None, 'change': True}
2025-10-10 07:52:15,363 : INFO : EventManager : Event: ======'machine_var_audits_shots_standup_2_skill'====== Args={'value': 8, 'prev_value': None, 'change': True}
2025-10-10 07:52:15,363 : INFO : EventManager : Event: ======'machine_var_audits_shots_standup_3_skill'====== Args={'value': 6, 'prev_value': None, 'change': True}
2025-10-10 07:52:15,364 : INFO : EventManager : Event: ======'machine_var_audits_shots_standup_4_skill'====== Args={'value': 8, 'prev_value': None, 'change': True}
2025-10-10 07:52:15,364 : INFO : EventManager : Event: ======'machine_var_audits_shots_standup_5_skill'====== Args={'value': 4, 'prev_value': None, 'change': True}
2025-10-10 07:52:15,365 : INFO : EventManager : Event: ======'machine_var_audits_shots_standup_6_skill'====== Args={'value': 2, 'prev_value': None, 'change': True}
2025-10-10 07:52:15,365 : INFO : EventManager : Event: ======'machine_var_audits_shots_top_middle_inlane_shot'====== Args={'value': 41, 'prev_value': None, 'change': True}
2025-10-10 07:52:15,365 : INFO : EventManager : Event: ======'machine_var_audits_switches_s_A'====== Args={'value': 0, 'prev_value': None, 'change': True}
2025-10-10 07:52:15,366 : INFO : EventManager : Event: ======'machine_var_audits_switches_s_E'====== Args={'value': 0, 'prev_value': None, 'change': True}
2025-10-10 07:52:15,366 : INFO : EventManager : Event: ======'machine_var_audits_switches_s_Eb'====== Args={'value': 0, 'prev_value': None, 'change': True}
2025-10-10 07:52:15,367 : INFO : EventManager : Event: ======'machine_var_audits_switches_s_I'====== Args={'value': 0, 'prev_value': None, 'change': True}
2025-10-10 07:52:15,367 : INFO : EventManager : Event: ======'machine_var_audits_switches_s_L'====== Args={'value': 0, 'prev_value': None, 'change': True}
2025-10-10 07:52:15,367 : INFO : EventManager : Event: ======'machine_var_audits_switches_s_M'====== Args={'value': 0, 'prev_value': None, 'change': True}
2025-10-10 07:52:15,368 : INFO : EventManager : Event: ======'machine_var_audits_switches_s_R'====== Args={'value': 0, 'prev_value': None, 'change': True}
2025-10-10 07:52:15,368 : INFO : EventManager : Event: ======'machine_var_audits_switches_s_T'====== Args={'value': 0, 'prev_value': None, 'change': True}
2025-10-10 07:52:15,368 : INFO : EventManager : Event: ======'machine_var_audits_switches_s_Tb'====== Args={'value': 0, 'prev_value': None, 'change': True}
2025-10-10 07:52:15,369 : INFO : EventManager : Event: ======'machine_var_audits_switches_s_V'====== Args={'value': 0, 'prev_value': None, 'change': True}
2025-10-10 07:52:15,369 : INFO : EventManager : Event: ======'machine_var_audits_switches_s_bumper1'====== Args={'value': 45, 'prev_value': None, 'change': True}
2025-10-10 07:52:15,371 : INFO : EventManager : Event: ======'machine_var_audits_switches_s_bumper2'====== Args={'value': 68, 'prev_value': None, 'change': True}
2025-10-10 07:52:15,371 : INFO : EventManager : Event: ======'machine_var_audits_switches_s_bumper_1'====== Args={'value': 0, 'prev_value': None, 'change': True}
2025-10-10 07:52:15,371 : INFO : EventManager : Event: ======'machine_var_audits_switches_s_bumper_2'====== Args={'value': 0, 'prev_value': None, 'change': True}
2025-10-10 07:52:15,371 : INFO : EventManager : Event: ======'machine_var_audits_switches_s_center_center_target'====== Args={'value': 1, 'prev_value': None, 'change': True}
2025-10-10 07:52:15,372 : INFO : EventManager : Event: ======'machine_var_audits_switches_s_center_rollover'====== Args={'value': 242, 'prev_value': None, 'change': True}
2025-10-10 07:52:15,372 : INFO : EventManager : Event: ======'machine_var_audits_switches_s_launcher_lane_spinner'====== Args={'value': 0, 'prev_value': None, 'change': True}
2025-10-10 07:52:15,372 : INFO : EventManager : Event: ======'machine_var_audits_switches_s_left_center_target'====== Args={'value': 2, 'prev_value': None, 'change': True}
2025-10-10 07:52:15,373 : INFO : EventManager : Event: ======'machine_var_audits_switches_s_left_corridor_spinner'====== Args={'value': 0, 'prev_value': None, 'change': True}
2025-10-10 07:52:15,373 : INFO : EventManager : Event: ======'machine_var_audits_switches_s_left_corridor_spinner2'====== Args={'value': 0, 'prev_value': None, 'change': True}
2025-10-10 07:52:15,373 : INFO : EventManager : Event: ======'machine_var_audits_switches_s_left_flipper'====== Args={'value': 330, 'prev_value': None, 'change': True}
2025-10-10 07:52:15,373 : INFO : EventManager : Event: ======'machine_var_audits_switches_s_left_inlane'====== Args={'value': 8, 'prev_value': None, 'change': True}
2025-10-10 07:52:15,374 : INFO : EventManager : Event: ======'machine_var_audits_switches_s_left_outlane'====== Args={'value': 3, 'prev_value': None, 'change': True}
2025-10-10 07:52:15,374 : INFO : EventManager : Event: ======'machine_var_audits_switches_s_left_rollover'====== Args={'value': 183, 'prev_value': None, 'change': True}
2025-10-10 07:52:15,374 : INFO : EventManager : Event: ======'machine_var_audits_switches_s_left_scoop'====== Args={'value': 217, 'prev_value': None, 'change': True}
2025-10-10 07:52:15,375 : INFO : EventManager : Event: ======'machine_var_audits_switches_s_left_standup'====== Args={'value': 0, 'prev_value': None, 'change': True}
2025-10-10 07:52:15,375 : INFO : EventManager : Event: ======'machine_var_audits_switches_s_middle_inlane'====== Args={'value': 20, 'prev_value': None, 'change': True}
2025-10-10 07:52:15,375 : INFO : EventManager : Event: ======'machine_var_audits_switches_s_plunger'====== Args={'value': 321, 'prev_value': None, 'change': True}
2025-10-10 07:52:15,375 : INFO : EventManager : Event: ======'machine_var_audits_switches_s_right_center_target'====== Args={'value': 1, 'prev_value': None, 'change': True}
2025-10-10 07:52:15,376 : INFO : EventManager : Event: ======'machine_var_audits_switches_s_right_corridor_spinner'====== Args={'value': 0, 'prev_value': None, 'change': True}
2025-10-10 07:52:15,377 : INFO : EventManager : Event: ======'machine_var_audits_switches_s_right_flipper'====== Args={'value': 146, 'prev_value': None, 'change': True}
2025-10-10 07:52:15,377 : INFO : EventManager : Event: ======'machine_var_audits_switches_s_right_inlane'====== Args={'value': 180, 'prev_value': None, 'change': True}
2025-10-10 07:52:15,377 : INFO : EventManager : Event: ======'machine_var_audits_switches_s_right_outlane'====== Args={'value': 3, 'prev_value': None, 'change': True}
2025-10-10 07:52:15,378 : INFO : EventManager : Event: ======'machine_var_audits_switches_s_right_rollover'====== Args={'value': 246, 'prev_value': None, 'change': True}
2025-10-10 07:52:15,378 : INFO : EventManager : Event: ======'machine_var_audits_switches_s_right_scoop'====== Args={'value': 52, 'prev_value': None, 'change': True}
2025-10-10 07:52:15,378 : INFO : EventManager : Event: ======'machine_var_audits_switches_s_right_standup'====== Args={'value': 1, 'prev_value': None, 'change': True}
2025-10-10 07:52:15,379 : INFO : EventManager : Event: ======'machine_var_audits_switches_s_sling_left'====== Args={'value': 3, 'prev_value': None, 'change': True}
2025-10-10 07:52:15,379 : INFO : EventManager : Event: ======'machine_var_audits_switches_s_sling_right'====== Args={'value': 8, 'prev_value': None, 'change': True}
2025-10-10 07:52:15,379 : INFO : EventManager : Event: ======'machine_var_audits_switches_s_standup_1'====== Args={'value': 57, 'prev_value': None, 'change': True}
2025-10-10 07:52:15,380 : INFO : EventManager : Event: ======'machine_var_audits_switches_s_standup_2'====== Args={'value': 21, 'prev_value': None, 'change': True}
2025-10-10 07:52:15,380 : INFO : EventManager : Event: ======'machine_var_audits_switches_s_standup_3'====== Args={'value': 24, 'prev_value': None, 'change': True}
2025-10-10 07:52:15,380 : INFO : EventManager : Event: ======'machine_var_audits_switches_s_standup_4'====== Args={'value': 19, 'prev_value': None, 'change': True}
2025-10-10 07:52:15,381 : INFO : EventManager : Event: ======'machine_var_audits_switches_s_standup_5'====== Args={'value': 19, 'prev_value': None, 'change': True}
2025-10-10 07:52:15,381 : INFO : EventManager : Event: ======'machine_var_audits_switches_s_standup_6'====== Args={'value': 9, 'prev_value': None, 'change': True}
2025-10-10 07:52:15,381 : INFO : EventManager : Event: ======'machine_var_audits_switches_s_start'====== Args={'value': 15, 'prev_value': None, 'change': True}
2025-10-10 07:52:15,382 : INFO : EventManager : Event: ======'machine_var_audits_switches_s_top_left_standup'====== Args={'value': 0, 'prev_value': None, 'change': True}
2025-10-10 07:52:15,382 : INFO : EventManager : Event: ======'machine_var_audits_switches_s_top_left_standup2'====== Args={'value': 15, 'prev_value': None, 'change': True}
2025-10-10 07:52:15,383 : INFO : EventManager : Event: ======'machine_var_audits_switches_s_top_middle_inlane'====== Args={'value': 41, 'prev_value': None, 'change': True}
2025-10-10 07:52:15,383 : INFO : EventManager : Event: ======'machine_var_audits_switches_s_trough1'====== Args={'value': 211, 'prev_value': None, 'change': True}
2025-10-10 07:52:15,383 : INFO : EventManager : Event: ======'machine_var_audits_switches_s_trough2'====== Args={'value': 0, 'prev_value': None, 'change': True}
2025-10-10 07:52:15,384 : INFO : EventManager : Event: ======'machine_var_audits_switches_s_trough3'====== Args={'value': 0, 'prev_value': None, 'change': True}
2025-10-10 07:52:15,384 : INFO : EventManager : Event: ======'machine_var_audits_switches_s_trough4'====== Args={'value': 0, 'prev_value': None, 'change': True}
2025-10-10 07:52:15,384 : INFO : EventManager : Event: ======'machine_var_audits_switches_s_trough5'====== Args={'value': 0, 'prev_value': None, 'change': True}
2025-10-10 07:52:15,385 : INFO : EventManager : Event: ======'machine_var_audits_switches_s_trough6'====== Args={'value': 0, 'prev_value': None, 'change': True}
2025-10-10 07:52:15,385 : INFO : EventManager : Event: ======'machine_var_audits_switches_s_trough_jam'====== Args={'value': 0, 'prev_value': None, 'change': True}
2025-10-10 07:52:15,387 : INFO : EventManager : Event: ======'init_phase_5'====== Args={}
2025-10-10 07:52:15,452 : INFO : EventManager : Event: ======'init_done'====== Args={}
2025-10-10 07:52:15,452 : INFO : EventManager : Event: ======'machine_reset_phase_1'====== Args={}
2025-10-10 07:52:15,521 : INFO : EventManager : Event: ======'machine_reset_phase_2'====== Args={}
2025-10-10 07:52:15,522 : INFO : EventManager : Event: ======'machine_reset_phase_3'====== Args={}
2025-10-10 07:52:15,522 : INFO : EventManager : Event: ======'reset_complete'====== Args={}
2025-10-10 07:52:15,522 : INFO : EventManager : Event: ======'mode_attract_will_start'====== Args={}
2025-10-10 07:52:15,523 : INFO : EventManager : Event: ======'mode_attract_starting'====== Args={}
2025-10-10 07:52:15,523 : INFO : Mode.attract : Started. Priority: 10
2025-10-10 07:52:15,523 : INFO : EventManager : Event: ======'modes_active_modes_changed'====== Args={}
2025-10-10 07:52:15,523 : INFO : EventManager : Event: ======'mode_attract_started'====== Args={}
2025-10-10 07:52:15,523 : INFO : EventManager : Event: ======'collecting_balls_complete'====== Args={}
2025-10-10 07:52:15,570 : INFO : EventManager : Event: ======'slide_awesome_slide_created'====== Args={'_from_bcp': True}
2025-10-10 07:52:15,570 : INFO : EventManager : Event: ======'slide_awesome_slide_active'====== Args={'_from_bcp': True}
2025-10-10 07:52:15,570 : INFO : Machine : Starting the main run loop.
2025-10-10 07:52:15,819 : INFO : BcpServer : New client connected.
2025-10-10 07:52:17,568 : INFO : SwitchController : <<<<<<< 's_start' active >>>>>>>
2025-10-10 07:52:17,628 : INFO : SwitchController : <<<<<<< 's_start' inactive >>>>>>>
2025-10-10 07:52:17,628 : INFO : EventManager : Event: ======'request_to_start_game'====== Args={}
2025-10-10 07:52:17,628 : INFO : EventManager : Event: ======'game_start'====== Args={'buttons': [], 'hold_time': 0.061999999976251274}
2025-10-10 07:52:17,629 : INFO : EventManager : Event: ======'mode_game_will_start'====== Args={'buttons': [], 'hold_time': 0.061999999976251274}
2025-10-10 07:52:17,629 : INFO : EventManager : Event: ======'mode_game_starting'====== Args={'buttons': [], 'hold_time': 0.061999999976251274}
2025-10-10 07:52:17,629 : INFO : EventManager : Event: ======'mode_attract_will_stop'====== Args={}
2025-10-10 07:52:17,629 : INFO : EventManager : Event: ======'mode_attract_stopping'====== Args={}
2025-10-10 07:52:17,630 : INFO : Mode.attract : Stopped.
2025-10-10 07:52:17,630 : INFO : EventManager : Event: ======'modes_active_modes_changed'====== Args={}
2025-10-10 07:52:17,630 : INFO : EventManager : Event: ======'mode_attract_stopped'====== Args={}
2025-10-10 07:52:17,630 : INFO : EventManager : Event: ======'clear'====== Args={'key': 'attract'}
2025-10-10 07:52:17,630 : INFO : Mode.game : Started. Priority: 20
2025-10-10 07:52:17,630 : INFO : EventManager : Event: ======'modes_active_modes_changed'====== Args={}
2025-10-10 07:52:17,630 : INFO : EventManager : Event: ======'mode_game_started'====== Args={'buttons': [], 'hold_time': 0.061999999976251274}
2025-10-10 07:52:17,640 : INFO : EventManager : Event: ======'game_will_start'====== Args={}
2025-10-10 07:52:17,641 : INFO : EventManager : Event: ======'game_starting'====== Args={'game': <Mode.game>}
2025-10-10 07:52:17,642 : INFO : EventManager : Unordered handler for class <Auditor> on event game_ended with priority 1. Handlers: [RegisteredHandler(callback=<bound method Auditor.disable of <Auditor>>, priority=1, kwargs={}, key=UUID('083fadd4-6a05-472d-87e0-b706f121dea8'), condition=None, blocking_facility=None), RegisteredHandler(callback=<bound method Auditor._save_audits of <Auditor>>, priority=1, kwargs={}, key=UUID('5e143065-1f80-4c32-8300-06cf38e037f9'), condition=None, blocking_facility=None)]. The order of those handlers is not defined and they will be executed in random order. This might lead to race conditions and potential bugs.
2025-10-10 07:52:17,642 : INFO : EventManager : Event: ======'player_add_request'====== Args={}
2025-10-10 07:52:17,642 : INFO : EventManager : Event: ======'player_will_add'====== Args={'number': 1}
2025-10-10 07:52:17,642 : INFO : EventManager : Event: ======'player_adding'====== Args={'player': <Player 1>, 'number': 1}
2025-10-10 07:52:17,642 : INFO : EventManager : Event: ======'player_added'====== Args={'player': <Player 1>, 'num': 1}
2025-10-10 07:52:17,642 : INFO : Mode.game : Player added successfully. Total players: 1
2025-10-10 07:52:17,643 : INFO : EventManager : Event: ======'player_index'====== Args={'value': 0, 'prev_value': 0, 'change': 0, 'player_num': 1}
2025-10-10 07:52:17,643 : INFO : EventManager : Event: ======'player_number'====== Args={'value': 1, 'prev_value': 1, 'change': 0, 'player_num': 1}
2025-10-10 07:52:17,643 : INFO : EventManager : Event: ======'player_sj_active'====== Args={'value': 0, 'prev_value': 0, 'change': 0, 'player_num': 1}
2025-10-10 07:52:17,643 : INFO : EventManager : Event: ======'player_score'====== Args={'value': 0, 'prev_value': 0, 'change': 0, 'player_num': 1}
2025-10-10 07:52:17,644 : INFO : EventManager : Event: ======'game_started'====== Args={}
2025-10-10 07:52:17,679 : INFO : EventManager : Event: ======'player_turn_will_start'====== Args={'player': <Player 1>, 'number': 1}
2025-10-10 07:52:17,680 : INFO : EventManager : Event: ======'slide_awesome_slide_removed'====== Args={'_from_bcp': True}
2025-10-10 07:52:17,680 : INFO : EventManager : Event: ======'slide_window_blank_active'====== Args={'_from_bcp': True}
2025-10-10 07:52:17,681 : INFO : EventManager : Event: ======'player_turn_starting'====== Args={'player': <Player 1>, 'number': 1}
2025-10-10 07:52:17,681 : INFO : EventManager : Event: ======'player_ball'====== Args={'value': 1, 'prev_value': 0, 'change': 1, 'player_num': 1}
2025-10-10 07:52:17,681 : INFO : EventManager : Event: ======'player_turn_started'====== Args={'player': <Player 1>, 'number': 1}
2025-10-10 07:52:17,682 : INFO : EventManager : Event: ======'ball_will_start'====== Args={'player': 1, 'ball': 1, 'balls_remaining': 2, 'is_extra_ball': False}
2025-10-10 07:52:17,686 : INFO : EventManager : Event: ======'ball_starting'====== Args={'player': 1, 'ball': 1, 'balls_remaining': 2, 'is_extra_ball': False}
2025-10-10 07:52:17,686 : INFO : EventManager : Event: ======'mode_super_jets_setup_will_start'====== Args={'queue': <QueuedEvent>, 'player': 1, 'ball': 1, 'balls_remaining': 2, 'is_extra_ball': False}
2025-10-10 07:52:17,687 : INFO : EventManager : Event: ======'player_shot_jets_enabled'====== Args={'value': True, 'prev_value': 0, 'change': 1, 'player_num': 1}
2025-10-10 07:52:17,687 : INFO : EventManager : Event: ======'player_shot_right_rollover_enabled'====== Args={'value': True, 'prev_value': 0, 'change': 1, 'player_num': 1}
2025-10-10 07:52:17,688 : INFO : EventManager : Event: ======'player_shot_left_rollover_enabled'====== Args={'value': True, 'prev_value': 0, 'change': 1, 'player_num': 1}
2025-10-10 07:52:17,689 : INFO : EventManager : Event: ======'mode_super_jets_setup_starting'====== Args={'queue': <QueuedEvent>, 'player': 1, 'ball': 1, 'balls_remaining': 2, 'is_extra_ball': False}
2025-10-10 07:52:17,690 : INFO : EventManager : Event: ======'balls_in_play'====== Args={'balls': 1}
2025-10-10 07:52:17,690 : INFO : EventManager : Event: ======'ball_started'====== Args={'player': 1, 'ball': 1, 'balls_remaining': 2, 'is_extra_ball': False}
2025-10-10 07:52:17,691 : INFO : EventManager : Event: ======'logicblock_lb_jets_count_updated'====== Args={'value': 0, 'enabled': True}
2025-10-10 07:52:17,691 : INFO : EventManager : Event: ======'logicblock_lb_rollover_complete_count_updated'====== Args={'value': 0, 'enabled': True}
2025-10-10 07:52:17,691 : INFO : EventManager : Event: ======'logicblock_lb_jets_count_updated'====== Args={'value': 0, 'enabled': True}
2025-10-10 07:52:17,691 : INFO : EventManager : Event: ======'logicblock_lb_jets_resume_updated'====== Args={'value': 0, 'enabled': False}
2025-10-10 07:52:17,691 : INFO : EventManager : Event: ======'logicblock_lb_rollover_complete_count_updated'====== Args={'value': 0, 'enabled': True}
2025-10-10 07:52:17,691 : INFO : Mode.super_jets_setup : Started. Priority: 200
2025-10-10 07:52:17,691 : INFO : EventManager : Event: ======'modes_active_modes_changed'====== Args={}
2025-10-10 07:52:17,691 : INFO : EventManager : Event: ======'mode_super_jets_setup_started'====== Args={'queue': <QueuedEvent>, 'player': 1, 'ball': 1, 'balls_remaining': 2, 'is_extra_ball': False}
2025-10-10 07:52:17,692 : INFO : EventManager : Event: ======'mode_base_will_start'====== Args={'player': 1, 'ball': 1, 'balls_remaining': 2, 'is_extra_ball': False}
2025-10-10 07:52:17,692 : INFO : EventManager : Event: ======'player_shot_left_rollover_shot_enabled'====== Args={'value': True, 'prev_value': 0, 'change': 1, 'player_num': 1}
2025-10-10 07:52:17,693 : INFO : EventManager : Event: ======'player_shot_center_rollover_shot_enabled'====== Args={'value': True, 'prev_value': 0, 'change': 1, 'player_num': 1}
2025-10-10 07:52:17,693 : INFO : EventManager : Event: ======'player_shot_right_rollover_shot_enabled'====== Args={'value': True, 'prev_value': 0, 'change': 1, 'player_num': 1}
2025-10-10 07:52:17,693 : INFO : EventManager : Event: ======'player_shot_right_scoop_shot_enabled'====== Args={'value': True, 'prev_value': 0, 'change': 1, 'player_num': 1}
2025-10-10 07:52:17,694 : INFO : EventManager : Event: ======'player_shot_bumper1_shot_enabled'====== Args={'value': True, 'prev_value': 0, 'change': 1, 'player_num': 1}
2025-10-10 07:52:17,694 : INFO : EventManager : Event: ======'player_shot_bumper2_shot_enabled'====== Args={'value': True, 'prev_value': 0, 'change': 1, 'player_num': 1}
2025-10-10 07:52:17,695 : INFO : EventManager : Event: ======'player_shot_right_inlane_shot_enabled'====== Args={'value': True, 'prev_value': 0, 'change': 1, 'player_num': 1}
2025-10-10 07:52:17,695 : INFO : EventManager : Event: ======'rollover_lanes_complete'====== Args={'state': 'unlit'}
2025-10-10 07:52:17,695 : INFO : EventManager : Event: ======'rollover_lanes_unlit_complete'====== Args={}
2025-10-10 07:52:17,697 : INFO : EventManager : Event: ======'mode_base_starting'====== Args={'player': 1, 'ball': 1, 'balls_remaining': 2, 'is_extra_ball': False}
2025-10-10 07:52:17,698 : INFO : EventManager : Event: ======'logicblock_lb_rollover_complete_count_updated'====== Args={'value': 1, 'enabled': True}
2025-10-10 07:52:17,699 : INFO : EventManager : Event: ======'rollover_lanes_done'====== Args={'count': 1, 'hits': 1, 'remaining': 39}
2025-10-10 07:52:17,699 : INFO : EventManager : Event: ======'logicblock_my_counter_updated'====== Args={'value': 0, 'enabled': True}
2025-10-10 07:52:17,700 : INFO : EventManager : Event: ======'logicblock_right_scoop_updated'====== Args={'value': [False, False, False], 'enabled': True}
2025-10-10 07:52:17,700 : INFO : EventManager : Event: ======'logicblock_my_counter_updated'====== Args={'value': 0, 'enabled': True}
2025-10-10 07:52:17,700 : INFO : EventManager : Event: ======'logicblock_right_scoop_updated'====== Args={'value': [False, False, False], 'enabled': True}
2025-10-10 07:52:17,700 : INFO : Mode.base : Started. Priority: 100
2025-10-10 07:52:17,700 : INFO : EventManager : Event: ======'modes_active_modes_changed'====== Args={}
2025-10-10 07:52:17,700 : INFO : EventManager : Event: ======'mode_base_started'====== Args={'player': 1, 'ball': 1, 'balls_remaining': 2, 'is_extra_ball': False}
2025-10-10 07:52:17,700 : INFO : EventManager : Event: ======'single_player_ball_started'====== Args={}
2025-10-10 07:52:17,740 : INFO : EventManager : Event: ======'ball_start_target'====== Args={'target': 'playfield'}
2025-10-10 07:52:17,784 : INFO : ball_device.bd_plunger : Setting up player-controlled eject. Balls: 1, Target: <playfield.playfield>, player_controlled_eject_event: None
2025-10-10 07:52:17,785 : INFO : EventManager : Event: ======'balldevice_balls_available'====== Args={}
2025-10-10 07:52:17,785 : INFO : EventManager : Event: ======'slide_base.slide_player-mode_base_started_created'====== Args={'_from_bcp': True}
2025-10-10 07:52:17,786 : INFO : EventManager : Event: ======'slide_base.slide_player-mode_base_started_active'====== Args={'_from_bcp': True}
2025-10-10 07:52:17,786 : INFO : ball_device.bd_trough : State: waiting_for_target_ready
2025-10-10 07:52:17,787 : INFO : EventManager : Event: ======'balldevice_bd_trough_ball_eject_attempt'====== Args={'balls': 1, 'target': <ball_device.bd_plunger>, 'source': <ball_device.bd_trough>, 'mechanical_eject': True, 'num_attempts': 0}
2025-10-10 07:52:17,787 : INFO : ball_device.bd_plunger : State: waiting_for_ball
2025-10-10 07:52:17,787 : INFO : ball_device.bd_trough : State: ejecting
2025-10-10 07:52:17,787 : INFO : ball_device.bd_trough : Ejecting ball to <ball_device.bd_plunger>
2025-10-10 07:52:17,788 : INFO : EventManager : Event: ======'balldevice_bd_trough_ejecting_ball'====== Args={'balls': 1, 'target': <ball_device.bd_plunger>, 'source': <ball_device.bd_trough>, 'mechanical_eject': True, 'num_attempts': 0}
2025-10-10 07:52:17,788 : INFO : ball_device.bd_trough : Wait for ball to leave device
2025-10-10 07:52:17,788 : INFO : coil.c_trough_eject : Pulsing Driver for 20ms (1.0 pulse_power)
2025-10-10 07:52:17,788 : INFO : SwitchController : <<<<<<< 's_trough1' inactive >>>>>>>
2025-10-10 07:52:17,794 : INFO : ball_device.bd_trough : State: ball_left
2025-10-10 07:52:17,794 : INFO : ball_device.bd_trough : Ball left
2025-10-10 07:52:17,795 : INFO : ball_device.bd_trough : Wait for confirm with timeout 3.0
2025-10-10 07:52:17,882 : INFO : SwitchController : <<<<<<< 's_plunger' active >>>>>>>
2025-10-10 07:52:17,882 : INFO : EventManager : Event: ======'machine_var_audits_switches_s_plunger'====== Args={'value': 322, 'prev_value': 321, 'change': 1}
2025-10-10 07:52:18,384 : INFO : ball_device.bd_plunger : Received ball from <ball_device.bd_trough>
2025-10-10 07:52:18,384 : INFO : EventManager : Event: ======'balldevice_bd_plunger_ball_enter'====== Args={'new_balls': 1, 'unclaimed_balls': 0, 'new_available_balls': 0, 'device': <ball_device.bd_plunger>}
2025-10-10 07:52:18,387 : INFO : EventManager : Event: ======'balldevice_bd_plunger_ball_entered'====== Args={'new_balls': 0, 'device': <ball_device.bd_plunger>}
2025-10-10 07:52:18,388 : INFO : EventManager : Event: ======'balldevice_bd_plunger_ball_count_changed'====== Args={'balls': 1}
2025-10-10 07:52:18,389 : INFO : ball_device.bd_trough : Got eject confirm
2025-10-10 07:52:18,389 : INFO : ball_device.bd_trough : Eject successful
2025-10-10 07:52:18,389 : INFO : EventManager : Event: ======'balldevice_bd_trough_ball_eject_success'====== Args={'balls': 1, 'target': <ball_device.bd_plunger>}
2025-10-10 07:52:18,391 : INFO : EventManager : Event: ======'balldevice_bd_trough_ball_count_changed'====== Args={'balls': 5}
2025-10-10 07:52:18,392 : INFO : ball_device.bd_trough : State: idle
2025-10-10 07:52:18,394 : INFO : ball_device.bd_plunger : State: waiting_for_target_ready
2025-10-10 07:52:18,394 : INFO : EventManager : Event: ======'balldevice_bd_plunger_ball_eject_attempt'====== Args={'balls': 1, 'target': <playfield.playfield>, 'source': <ball_device.bd_plunger>, 'mechanical_eject': True, 'num_attempts': 0}
2025-10-10 07:52:18,396 : INFO : ball_device.bd_plunger : State: ejecting
2025-10-10 07:52:18,397 : INFO : ball_device.bd_plunger : Ejecting ball to <playfield.playfield>
2025-10-10 07:52:18,398 : INFO : EventManager : Event: ======'balldevice_bd_plunger_ejecting_ball'====== Args={'balls': 1, 'target': <playfield.playfield>, 'source': <ball_device.bd_plunger>, 'mechanical_eject': True, 'num_attempts': 0}
2025-10-10 07:52:18,401 : INFO : ball_device.bd_plunger : Wait for ball to leave device
2025-10-10 07:52:22,968 : INFO : SwitchController : <<<<<<< 's_right_rollover' active >>>>>>>
2025-10-10 07:52:22,968 : INFO : EventManager : Event: ======'playfield_active'====== Args={}
2025-10-10 07:52:22,969 : INFO : EventManager : Event: ======'playfield_active'====== Args={}
2025-10-10 07:52:22,969 : INFO : EventManager : Event: ======'s_right_rollover_active'====== Args={}
2025-10-10 07:52:22,970 : INFO : EventManager : Event: ======'machine_var_audits_switches_s_right_rollover'====== Args={'value': 247, 'prev_value': 246, 'change': 1}
2025-10-10 07:52:22,975 : INFO : EventManager : Event: ======'player_shot_right_rollover'====== Args={'value': 1, 'prev_value': 0, 'change': 1, 'player_num': 1}
2025-10-10 07:52:22,976 : INFO : EventManager : Event: ======'machine_var_audits_shots_right_rollover'====== Args={'value': 12, 'prev_value': 11, 'change': 1}
2025-10-10 07:52:22,978 : INFO : EventManager : Event: ======'right_rollover_hit'====== Args={'profile': 'default', 'state': 'unlit', 'advancing': True}
2025-10-10 07:52:22,979 : INFO : EventManager : Event: ======'right_rollover_default_hit'====== Args={'profile': 'default', 'state': 'unlit', 'advancing': True}
2025-10-10 07:52:22,979 : INFO : EventManager : Event: ======'right_rollover_default_unlit_hit'====== Args={'profile': 'default', 'state': 'unlit', 'advancing': True}
2025-10-10 07:52:22,979 : INFO : EventManager : Event: ======'right_rollover_unlit_hit'====== Args={'profile': 'default', 'state': 'unlit', 'advancing': True}
2025-10-10 07:52:22,980 : INFO : EventManager : Event: ======'player_shot_right_rollover_shot'====== Args={'value': 1, 'prev_value': 0, 'change': 1, 'player_num': 1}
2025-10-10 07:52:22,981 : INFO : EventManager : Event: ======'machine_var_audits_shots_right_rollover_shot'====== Args={'value': 238, 'prev_value': 237, 'change': 1}
2025-10-10 07:52:22,983 : INFO : EventManager : Event: ======'right_rollover_shot_hit'====== Args={'profile': 'default', 'state': 'unlit', 'advancing': True}
2025-10-10 07:52:22,983 : INFO : EventManager : Event: ======'right_rollover_shot_default_hit'====== Args={'profile': 'default', 'state': 'unlit', 'advancing': True}
2025-10-10 07:52:22,984 : INFO : EventManager : Event: ======'right_rollover_shot_default_unlit_hit'====== Args={'profile': 'default', 'state': 'unlit', 'advancing': True}
2025-10-10 07:52:22,984 : INFO : EventManager : Event: ======'right_rollover_shot_unlit_hit'====== Args={'profile': 'default', 'state': 'unlit', 'advancing': True}
2025-10-10 07:52:22,985 : INFO : EventManager : Event: ======'player_score'====== Args={'value': 300, 'prev_value': 0, 'change': 300, 'player_num': 1, 'source': 'base'}
2025-10-10 07:52:22,985 : INFO : EventManager : Event: ======'logicblock_right_scoop_updated'====== Args={'value': [False, False, True], 'enabled': True}
2025-10-10 07:52:22,986 : INFO : EventManager : Event: ======'logicblock_right_scoop_hit'====== Args={'step': 2}
2025-10-10 07:52:22,986 : INFO : EventManager : Event: ======'rollover_lanes_hit'====== Args={}
2025-10-10 07:52:22,986 : INFO : EventManager : Event: ======'rollover_lanes_unlit_hit'====== Args={}
2025-10-10 07:52:23,051 : INFO : SwitchController : <<<<<<< 's_right_rollover' inactive >>>>>>>
2025-10-10 07:52:26,767 : INFO : SwitchController : <<<<<<< 's_center_rollover' active >>>>>>>
2025-10-10 07:52:26,767 : INFO : EventManager : Event: ======'playfield_active'====== Args={}
2025-10-10 07:52:26,768 : INFO : EventManager : Event: ======'s_center_rollover_active'====== Args={}
2025-10-10 07:52:26,768 : INFO : EventManager : Event: ======'machine_var_audits_switches_s_center_rollover'====== Args={'value': 243, 'prev_value': 242, 'change': 1}
2025-10-10 07:52:26,773 : INFO : EventManager : Event: ======'player_shot_center_rollover_shot'====== Args={'value': 1, 'prev_value': 0, 'change': 1, 'player_num': 1}
2025-10-10 07:52:26,775 : INFO : EventManager : Event: ======'machine_var_audits_shots_center_rollover_shot'====== Args={'value': 234, 'prev_value': 233, 'change': 1}
2025-10-10 07:52:26,778 : INFO : EventManager : Event: ======'center_rollover_shot_hit'====== Args={'profile': 'default', 'state': 'unlit', 'advancing': True}
2025-10-10 07:52:26,780 : INFO : EventManager : Event: ======'center_rollover_shot_default_hit'====== Args={'profile': 'default', 'state': 'unlit', 'advancing': True}
2025-10-10 07:52:26,780 : INFO : EventManager : Event: ======'center_rollover_shot_default_unlit_hit'====== Args={'profile': 'default', 'state': 'unlit', 'advancing': True}
2025-10-10 07:52:26,781 : INFO : EventManager : Event: ======'center_rollover_shot_unlit_hit'====== Args={'profile': 'default', 'state': 'unlit', 'advancing': True}
2025-10-10 07:52:26,781 : INFO : EventManager : Event: ======'player_score'====== Args={'value': 500, 'prev_value': 300, 'change': 200, 'player_num': 1, 'source': 'base'}
2025-10-10 07:52:26,782 : INFO : EventManager : Event: ======'logicblock_right_scoop_updated'====== Args={'value': [False, True, True], 'enabled': True}
2025-10-10 07:52:26,783 : INFO : EventManager : Event: ======'logicblock_right_scoop_hit'====== Args={'step': 1}
2025-10-10 07:52:26,783 : INFO : EventManager : Event: ======'rollover_lanes_hit'====== Args={}
2025-10-10 07:52:26,783 : INFO : EventManager : Event: ======'rollover_lanes_unlit_hit'====== Args={}
2025-10-10 07:52:26,843 : INFO : SwitchController : <<<<<<< 's_center_rollover' inactive >>>>>>>
2025-10-10 07:52:29,579 : INFO : SwitchController : <<<<<<< 's_left_rollover' active >>>>>>>
2025-10-10 07:52:29,580 : INFO : EventManager : Event: ======'playfield_active'====== Args={}
2025-10-10 07:52:29,581 : INFO : EventManager : Event: ======'playfield_active'====== Args={}
2025-10-10 07:52:29,581 : INFO : EventManager : Event: ======'s_left_rollover_active'====== Args={}
2025-10-10 07:52:29,582 : INFO : EventManager : Event: ======'machine_var_audits_switches_s_left_rollover'====== Args={'value': 184, 'prev_value': 183, 'change': 1}
2025-10-10 07:52:29,587 : INFO : EventManager : Event: ======'player_shot_left_rollover'====== Args={'value': 1, 'prev_value': 0, 'change': 1, 'player_num': 1}
2025-10-10 07:52:29,589 : INFO : EventManager : Event: ======'machine_var_audits_shots_left_rollover'====== Args={'value': 9, 'prev_value': 8, 'change': 1}
2025-10-10 07:52:29,593 : INFO : EventManager : Event: ======'left_rollover_hit'====== Args={'profile': 'default', 'state': 'unlit', 'advancing': True}
2025-10-10 07:52:29,593 : INFO : EventManager : Event: ======'left_rollover_default_hit'====== Args={'profile': 'default', 'state': 'unlit', 'advancing': True}
2025-10-10 07:52:29,594 : INFO : EventManager : Event: ======'left_rollover_default_unlit_hit'====== Args={'profile': 'default', 'state': 'unlit', 'advancing': True}
2025-10-10 07:52:29,594 : INFO : EventManager : Event: ======'left_rollover_unlit_hit'====== Args={'profile': 'default', 'state': 'unlit', 'advancing': True}
2025-10-10 07:52:29,595 : INFO : EventManager : Event: ======'player_shot_left_rollover_shot'====== Args={'value': 1, 'prev_value': 0, 'change': 1, 'player_num': 1}
2025-10-10 07:52:29,596 : INFO : EventManager : Event: ======'machine_var_audits_shots_left_rollover_shot'====== Args={'value': 176, 'prev_value': 175, 'change': 1}
2025-10-10 07:52:29,601 : INFO : EventManager : Event: ======'left_rollover_shot_hit'====== Args={'profile': 'default', 'state': 'unlit', 'advancing': True}
2025-10-10 07:52:29,602 : INFO : EventManager : Event: ======'left_rollover_shot_default_hit'====== Args={'profile': 'default', 'state': 'unlit', 'advancing': True}
2025-10-10 07:52:29,602 : INFO : EventManager : Event: ======'left_rollover_shot_default_unlit_hit'====== Args={'profile': 'default', 'state': 'unlit', 'advancing': True}
2025-10-10 07:52:29,603 : INFO : EventManager : Event: ======'left_rollover_shot_unlit_hit'====== Args={'profile': 'default', 'state': 'unlit', 'advancing': True}
2025-10-10 07:52:29,604 : INFO : EventManager : Event: ======'rollover_lanes_complete'====== Args={'state': 'lit'}
2025-10-10 07:52:29,604 : INFO : EventManager : Event: ======'rollover_lanes_lit_complete'====== Args={}
2025-10-10 07:52:29,606 : INFO : EventManager : Event: ======'logicblock_lb_rollover_complete_count_updated'====== Args={'value': 2, 'enabled': True}
2025-10-10 07:52:29,607 : INFO : EventManager : Event: ======'rollover_lanes_done'====== Args={'count': 2, 'hits': 2, 'remaining': 38}
2025-10-10 07:52:29,608 : INFO : EventManager : Event: ======'mode_skillshot_will_start'====== Args={}
2025-10-10 07:52:29,609 : INFO : EventManager : Event: ======'player_skillshot_mode_timer_tick'====== Args={'value': 5, 'prev_value': 0, 'change': 5, 'player_num': 1}
2025-10-10 07:52:29,610 : INFO : Timer.mode_timer : Starting Timer.
2025-10-10 07:52:29,611 : INFO : EventManager : Event: ======'timer_mode_timer_started'====== Args={'ticks': 5, 'ticks_remaining': 5}
2025-10-10 07:52:29,611 : INFO : EventManager : Event: ======'timer_mode_timer_tick'====== Args={'ticks': 5, 'ticks_remaining': 5}
2025-10-10 07:52:29,618 : INFO : EventManager : Event: ======'player_skillshot_target_rotator_tick'====== Args={'value': 0, 'prev_value': 0, 'change': 0, 'player_num': 1}
2025-10-10 07:52:29,619 : INFO : Timer.target_rotator : Starting Timer.
2025-10-10 07:52:29,619 : INFO : EventManager : Event: ======'timer_target_rotator_started'====== Args={'ticks': 0, 'ticks_remaining': 0}
2025-10-10 07:52:29,619 : INFO : EventManager : Event: ======'timer_target_rotator_tick'====== Args={'ticks': 0, 'ticks_remaining': 0}
2025-10-10 07:52:29,620 : INFO : EventManager : Event: ======'standups_skill_complete'====== Args={'state': 'None'}
2025-10-10 07:52:29,620 : INFO : EventManager : Event: ======'standups_skill_None_complete'====== Args={}
2025-10-10 07:52:29,621 : INFO : EventManager : Event: ======'player_shot_standup_1_skill_enabled'====== Args={'value': True, 'prev_value': 0, 'change': 1, 'player_num': 1}
2025-10-10 07:52:29,622 : INFO : EventManager : Event: ======'player_shot_standup_2_skill_enabled'====== Args={'value': True, 'prev_value': 0, 'change': 1, 'player_num': 1}
2025-10-10 07:52:29,623 : INFO : EventManager : Event: ======'player_shot_standup_3_skill_enabled'====== Args={'value': True, 'prev_value': 0, 'change': 1, 'player_num': 1}
2025-10-10 07:52:29,629 : INFO : EventManager : Event: ======'player_shot_standup_4_skill_enabled'====== Args={'value': True, 'prev_value': 0, 'change': 1, 'player_num': 1}
2025-10-10 07:52:29,630 : INFO : EventManager : Event: ======'player_shot_standup_5_skill_enabled'====== Args={'value': True, 'prev_value': 0, 'change': 1, 'player_num': 1}
2025-10-10 07:52:29,631 : INFO : EventManager : Event: ======'player_shot_standup_6_skill_enabled'====== Args={'value': True, 'prev_value': 0, 'change': 1, 'player_num': 1}
2025-10-10 07:52:29,633 : INFO : EventManager : Event: ======'mode_skillshot_starting'====== Args={}
2025-10-10 07:52:29,634 : INFO : EventManager : Event: ======'player_shot_left_rollover_shot'====== Args={'value': 0, 'prev_value': 1, 'change': -1, 'player_num': 1}
2025-10-10 07:52:29,634 : INFO : EventManager : Event: ======'player_shot_center_rollover_shot'====== Args={'value': 0, 'prev_value': 1, 'change': -1, 'player_num': 1}
2025-10-10 07:52:29,641 : INFO : EventManager : Event: ======'player_shot_right_rollover_shot'====== Args={'value': 0, 'prev_value': 1, 'change': -1, 'player_num': 1}
2025-10-10 07:52:29,642 : INFO : EventManager : Event: ======'player_score'====== Args={'value': 5500, 'prev_value': 500, 'change': 5000, 'player_num': 1, 'source': 'base'}
2025-10-10 07:52:29,643 : INFO : EventManager : Event: ======'rollover_lanes_complete'====== Args={'state': 'unlit'}
2025-10-10 07:52:29,643 : INFO : EventManager : Event: ======'rollover_lanes_unlit_complete'====== Args={}
2025-10-10 07:52:29,643 : INFO : EventManager : Event: ======'logicblock_lb_rollover_complete_count_updated'====== Args={'value': 3, 'enabled': True}
2025-10-10 07:52:29,644 : INFO : EventManager : Event: ======'rollover_lanes_done'====== Args={'count': 3, 'hits': 3, 'remaining': 37}
2025-10-10 07:52:29,649 : INFO : EventManager : Event: ======'player_score'====== Args={'value': 5600, 'prev_value': 5500, 'change': 100, 'player_num': 1, 'source': 'base'}
2025-10-10 07:52:29,649 : INFO : EventManager : Event: ======'logicblock_right_scoop_updated'====== Args={'value': [True, True, True], 'enabled': True}
2025-10-10 07:52:29,649 : INFO : EventManager : Event: ======'logicblock_right_scoop_hit'====== Args={'step': 0}
2025-10-10 07:52:29,649 : INFO : EventManager : Event: ======'enable_right_scoop_shot'====== Args={}
2025-10-10 07:52:29,649 : INFO : EventManager : Event: ======'logicblock_right_scoop_updated'====== Args={'value': [False, False, False], 'enabled': True}
2025-10-10 07:52:29,650 : INFO : EventManager : Event: ======'logicblock_right_scoop_updated'====== Args={'value': [False, False, False], 'enabled': False}
2025-10-10 07:52:29,650 : INFO : EventManager : Event: ======'rollover_lanes_hit'====== Args={}
2025-10-10 07:52:29,650 : INFO : EventManager : Event: ======'rollover_lanes_unlit_hit'====== Args={}
2025-10-10 07:52:29,651 : INFO : Mode.skillshot : Started. Priority: 250
2025-10-10 07:52:29,651 : INFO : EventManager : Event: ======'modes_active_modes_changed'====== Args={}
2025-10-10 07:52:29,651 : INFO : EventManager : Event: ======'mode_skillshot_started'====== Args={}
2025-10-10 07:52:29,652 : INFO : EventManager : Event: ======'player_shot_standup_1_skill'====== Args={'value': 1, 'prev_value': 0, 'change': 1, 'player_num': 1}
2025-10-10 07:52:29,719 : INFO : EventManager : Event: ======'slide_skillshot.slide_player-mode_skillshot_started_created'====== Args={'_from_bcp': True}
2025-10-10 07:52:29,719 : INFO : EventManager : Event: ======'slide_skillshot.slide_player-mode_skillshot_started_active'====== Args={'_from_bcp': True}
2025-10-10 07:52:29,719 : INFO : SwitchController : <<<<<<< 's_left_rollover' inactive >>>>>>>
2025-10-10 07:52:30,592 : INFO : EventManager : Event: ======'player_skillshot_mode_timer_tick'====== Args={'value': 4, 'prev_value': 5, 'change': -1, 'player_num': 1}
2025-10-10 07:52:30,594 : INFO : EventManager : Event: ======'timer_mode_timer_tick'====== Args={'ticks': 4, 'ticks_remaining': 4}
2025-10-10 07:52:30,626 : INFO : EventManager : Event: ======'player_skillshot_target_rotator_tick'====== Args={'value': 1, 'prev_value': 0, 'change': 1, 'player_num': 1}
2025-10-10 07:52:30,628 : INFO : EventManager : Event: ======'timer_target_rotator_tick'====== Args={'ticks': 1, 'ticks_remaining': 0}
2025-10-10 07:52:30,636 : INFO : EventManager : Event: ======'player_shot_standup_1_skill'====== Args={'value': 0, 'prev_value': 1, 'change': -1, 'player_num': 1}
2025-10-10 07:52:30,636 : INFO : EventManager : Event: ======'player_shot_standup_2_skill'====== Args={'value': 1, 'prev_value': 0, 'change': 1, 'player_num': 1}
2025-10-10 07:52:31,586 : INFO : EventManager : Event: ======'player_skillshot_mode_timer_tick'====== Args={'value': 3, 'prev_value': 4, 'change': -1, 'player_num': 1}
2025-10-10 07:52:31,588 : INFO : EventManager : Event: ======'timer_mode_timer_tick'====== Args={'ticks': 3, 'ticks_remaining': 3}
2025-10-10 07:52:31,612 : INFO : EventManager : Event: ======'player_skillshot_target_rotator_tick'====== Args={'value': 2, 'prev_value': 1, 'change': 1, 'player_num': 1}
2025-10-10 07:52:31,614 : INFO : EventManager : Event: ======'timer_target_rotator_tick'====== Args={'ticks': 2, 'ticks_remaining': 0}
2025-10-10 07:52:31,620 : INFO : EventManager : Event: ======'player_shot_standup_2_skill'====== Args={'value': 0, 'prev_value': 1, 'change': -1, 'player_num': 1}
2025-10-10 07:52:31,623 : INFO : EventManager : Event: ======'player_shot_standup_3_skill'====== Args={'value': 1, 'prev_value': 0, 'change': 1, 'player_num': 1}
2025-10-10 07:52:32,588 : INFO : EventManager : Event: ======'player_skillshot_mode_timer_tick'====== Args={'value': 2, 'prev_value': 3, 'change': -1, 'player_num': 1}
2025-10-10 07:52:32,589 : INFO : EventManager : Event: ======'timer_mode_timer_tick'====== Args={'ticks': 2, 'ticks_remaining': 2}
2025-10-10 07:52:32,623 : INFO : EventManager : Event: ======'player_skillshot_target_rotator_tick'====== Args={'value': 3, 'prev_value': 2, 'change': 1, 'player_num': 1}
2025-10-10 07:52:32,623 : INFO : EventManager : Event: ======'timer_target_rotator_tick'====== Args={'ticks': 3, 'ticks_remaining': 0}
2025-10-10 07:52:32,625 : INFO : EventManager : Event: ======'player_shot_standup_3_skill'====== Args={'value': 0, 'prev_value': 1, 'change': -1, 'player_num': 1}
2025-10-10 07:52:32,625 : INFO : EventManager : Event: ======'player_shot_standup_4_skill'====== Args={'value': 1, 'prev_value': 0, 'change': 1, 'player_num': 1}
2025-10-10 07:52:33,594 : INFO : EventManager : Event: ======'player_skillshot_mode_timer_tick'====== Args={'value': 1, 'prev_value': 2, 'change': -1, 'player_num': 1}
2025-10-10 07:52:33,595 : INFO : EventManager : Event: ======'timer_mode_timer_tick'====== Args={'ticks': 1, 'ticks_remaining': 1}
2025-10-10 07:52:33,628 : INFO : EventManager : Event: ======'player_skillshot_target_rotator_tick'====== Args={'value': 4, 'prev_value': 3, 'change': 1, 'player_num': 1}
2025-10-10 07:52:33,629 : INFO : EventManager : Event: ======'timer_target_rotator_tick'====== Args={'ticks': 4, 'ticks_remaining': 0}
2025-10-10 07:52:33,634 : INFO : EventManager : Event: ======'player_shot_standup_3_skill'====== Args={'value': 1, 'prev_value': 0, 'change': 1, 'player_num': 1}
2025-10-10 07:52:33,636 : INFO : EventManager : Event: ======'player_shot_standup_4_skill'====== Args={'value': 0, 'prev_value': 1, 'change': -1, 'player_num': 1}
2025-10-10 07:52:34,590 : INFO : EventManager : Event: ======'player_skillshot_mode_timer_tick'====== Args={'value': 0, 'prev_value': 1, 'change': -1, 'player_num': 1}
2025-10-10 07:52:34,591 : INFO : Timer.mode_timer : Timer Complete
2025-10-10 07:52:34,591 : INFO : Timer.mode_timer : Stopping Timer
2025-10-10 07:52:34,592 : INFO : EventManager : Event: ======'timer_mode_timer_stopped'====== Args={'ticks': 0, 'ticks_remaining': 1}
2025-10-10 07:52:34,592 : INFO : EventManager : Event: ======'timer_mode_timer_complete'====== Args={'ticks': 0, 'ticks_remaining': 1}
2025-10-10 07:52:34,595 : INFO : EventManager : Event: ======'mode_skillshot_will_stop'====== Args={}
2025-10-10 07:52:34,595 : INFO : EventManager : Event: ======'mode_skillshot_stopping'====== Args={}
2025-10-10 07:52:34,596 : INFO : Mode.skillshot : Stopped.
2025-10-10 07:52:34,596 : INFO : EventManager : Event: ======'modes_active_modes_changed'====== Args={}
2025-10-10 07:52:34,596 : INFO : EventManager : Event: ======'mode_skillshot_stopped'====== Args={}
2025-10-10 07:52:34,597 : INFO : EventManager : Event: ======'clear'====== Args={'key': 'skillshot'}
2025-10-10 07:52:34,597 : INFO : Timer.mode_timer : Stopping Timer
2025-10-10 07:52:34,597 : INFO : EventManager : Event: ======'timer_mode_timer_stopped'====== Args={'ticks': 0, 'ticks_remaining': 1}
2025-10-10 07:52:34,598 : INFO : Timer.target_rotator : Stopping Timer
2025-10-10 07:52:34,598 : INFO : EventManager : Event: ======'timer_target_rotator_stopped'====== Args={'ticks': 4, 'ticks_remaining': 0}
2025-10-10 07:52:34,663 : INFO : EventManager : Event: ======'slide_skillshot.slide_player-mode_skillshot_started_removed'====== Args={'_from_bcp': True}
2025-10-10 07:52:34,663 : INFO : EventManager : Event: ======'slide_base.slide_player-mode_base_started_active'====== Args={'_from_bcp': True}
2025-10-10 07:52:48,016 : INFO : SwitchController : <<<<<<< 's_bumper2' active >>>>>>>
2025-10-10 07:52:48,016 : INFO : EventManager : Event: ======'playfield_active'====== Args={}
2025-10-10 07:52:48,017 : INFO : EventManager : Event: ======'playfield_active'====== Args={}
2025-10-10 07:52:48,018 : INFO : EventManager : Event: ======'s_bumper2_active'====== Args={}
2025-10-10 07:52:48,019 : INFO : EventManager : Event: ======'machine_var_audits_switches_s_bumper2'====== Args={'value': 69, 'prev_value': 68, 'change': 1}
2025-10-10 07:52:48,026 : INFO : EventManager : Event: ======'player_shot_jets'====== Args={'value': 1, 'prev_value': 0, 'change': 1, 'player_num': 1}
2025-10-10 07:52:48,027 : INFO : EventManager : Event: ======'machine_var_audits_shots_jets'====== Args={'value': 53, 'prev_value': 52, 'change': 1}
2025-10-10 07:52:48,031 : INFO : EventManager : Event: ======'jets_hit'====== Args={'profile': 'default', 'state': 'unlit', 'advancing': True}
2025-10-10 07:52:48,032 : INFO : EventManager : Event: ======'jets_default_hit'====== Args={'profile': 'default', 'state': 'unlit', 'advancing': True}
2025-10-10 07:52:48,032 : INFO : EventManager : Event: ======'jets_default_unlit_hit'====== Args={'profile': 'default', 'state': 'unlit', 'advancing': True}
2025-10-10 07:52:48,032 : INFO : EventManager : Event: ======'jets_unlit_hit'====== Args={'profile': 'default', 'state': 'unlit', 'advancing': True}
2025-10-10 07:52:48,033 : INFO : EventManager : Event: ======'player_score'====== Args={'value': 1155600, 'prev_value': 5600, 'change': 1150000, 'player_num': 1, 'source': 'super_jets_setup'}
2025-10-10 07:52:48,034 : INFO : EventManager : Event: ======'player_shot_bumper2_shot'====== Args={'value': 1, 'prev_value': 0, 'change': 1, 'player_num': 1}
2025-10-10 07:52:48,036 : INFO : EventManager : Event: ======'machine_var_audits_shots_bumper2_shot'====== Args={'value': 67, 'prev_value': 66, 'change': 1}
2025-10-10 07:52:48,042 : INFO : EventManager : Event: ======'bumper2_shot_hit'====== Args={'profile': 'default', 'state': 'unlit', 'advancing': True}
2025-10-10 07:52:48,043 : INFO : EventManager : Event: ======'bumper2_shot_default_hit'====== Args={'profile': 'default', 'state': 'unlit', 'advancing': True}
2025-10-10 07:52:48,043 : INFO : EventManager : Event: ======'bumper2_shot_default_unlit_hit'====== Args={'profile': 'default', 'state': 'unlit', 'advancing': True}
2025-10-10 07:52:48,043 : INFO : EventManager : Event: ======'bumper2_shot_unlit_hit'====== Args={'profile': 'default', 'state': 'unlit', 'advancing': True}
2025-10-10 07:52:48,043 : INFO : EventManager : Event: ======'logicblock_lb_jets_count_updated'====== Args={'value': 1, 'enabled': True}
2025-10-10 07:52:48,044 : INFO : EventManager : Event: ======'counter_lb_jets_count_hit'====== Args={'count': 1, 'hits': 1, 'remaining': 9}
2025-10-10 07:52:48,044 : INFO : EventManager : Event: ======'logicblock_lb_jets_count_hit'====== Args={'count': 1, 'hits': 1, 'remaining': 9}
2025-10-10 07:52:48,060 : INFO : EventManager : Event: ======'player_score'====== Args={'value': 1155775, 'prev_value': 1155600, 'change': 175, 'player_num': 1, 'source': 'base'}
2025-10-10 07:52:48,101 : INFO : SwitchController : <<<<<<< 's_bumper2' inactive >>>>>>>
2025-10-10 07:52:49,325 : INFO : SwitchController : <<<<<<< 's_bumper2' active >>>>>>>
2025-10-10 07:52:49,326 : INFO : EventManager : Event: ======'playfield_active'====== Args={}
2025-10-10 07:52:49,326 : INFO : EventManager : Event: ======'playfield_active'====== Args={}
2025-10-10 07:52:49,326 : INFO : EventManager : Event: ======'s_bumper2_active'====== Args={}
2025-10-10 07:52:49,327 : INFO : EventManager : Event: ======'machine_var_audits_switches_s_bumper2'====== Args={'value': 70, 'prev_value': 69, 'change': 1}
2025-10-10 07:52:49,329 : INFO : EventManager : Event: ======'machine_var_audits_shots_jets'====== Args={'value': 54, 'prev_value': 53, 'change': 1}
2025-10-10 07:52:49,329 : INFO : EventManager : Event: ======'jets_hit'====== Args={'profile': 'default', 'state': 'lit', 'advancing': False}
2025-10-10 07:52:49,330 : INFO : EventManager : Event: ======'jets_default_hit'====== Args={'profile': 'default', 'state': 'lit', 'advancing': False}
2025-10-10 07:52:49,330 : INFO : EventManager : Event: ======'jets_default_lit_hit'====== Args={'profile': 'default', 'state': 'lit', 'advancing': False}
2025-10-10 07:52:49,330 : INFO : EventManager : Event: ======'jets_lit_hit'====== Args={'profile': 'default', 'state': 'lit', 'advancing': False}
2025-10-10 07:52:49,330 : INFO : EventManager : Event: ======'player_score'====== Args={'value': 2305775, 'prev_value': 1155775, 'change': 1150000, 'player_num': 1, 'source': 'super_jets_setup'}
2025-10-10 07:52:49,331 : INFO : EventManager : Event: ======'machine_var_audits_shots_bumper2_shot'====== Args={'value': 68, 'prev_value': 67, 'change': 1}
2025-10-10 07:52:49,331 : INFO : EventManager : Event: ======'bumper2_shot_hit'====== Args={'profile': 'default', 'state': 'lit', 'advancing': False}
2025-10-10 07:52:49,332 : INFO : EventManager : Event: ======'bumper2_shot_default_hit'====== Args={'profile': 'default', 'state': 'lit', 'advancing': False}
2025-10-10 07:52:49,332 : INFO : EventManager : Event: ======'bumper2_shot_default_lit_hit'====== Args={'profile': 'default', 'state': 'lit', 'advancing': False}
2025-10-10 07:52:49,332 : INFO : EventManager : Event: ======'bumper2_shot_lit_hit'====== Args={'profile': 'default', 'state': 'lit', 'advancing': False}
2025-10-10 07:52:49,332 : INFO : EventManager : Event: ======'logicblock_lb_jets_count_updated'====== Args={'value': 2, 'enabled': True}
2025-10-10 07:52:49,333 : INFO : EventManager : Event: ======'counter_lb_jets_count_hit'====== Args={'count': 2, 'hits': 2, 'remaining': 8}
2025-10-10 07:52:49,333 : INFO : EventManager : Event: ======'logicblock_lb_jets_count_hit'====== Args={'count': 2, 'hits': 2, 'remaining': 8}
2025-10-10 07:52:49,336 : INFO : EventManager : Event: ======'player_score'====== Args={'value': 2305950, 'prev_value': 2305775, 'change': 175, 'player_num': 1, 'source': 'base'}
2025-10-10 07:52:49,459 : INFO : SwitchController : <<<<<<< 's_bumper2' inactive >>>>>>>
2025-10-10 07:52:50,154 : INFO : SwitchController : <<<<<<< 's_bumper2' active >>>>>>>
2025-10-10 07:52:50,154 : INFO : EventManager : Event: ======'playfield_active'====== Args={}
2025-10-10 07:52:50,155 : INFO : EventManager : Event: ======'playfield_active'====== Args={}
2025-10-10 07:52:50,155 : INFO : EventManager : Event: ======'s_bumper2_active'====== Args={}
2025-10-10 07:52:50,155 : INFO : EventManager : Event: ======'machine_var_audits_switches_s_bumper2'====== Args={'value': 71, 'prev_value': 70, 'change': 1}
2025-10-10 07:52:50,157 : INFO : EventManager : Event: ======'machine_var_audits_shots_jets'====== Args={'value': 55, 'prev_value': 54, 'change': 1}
2025-10-10 07:52:50,157 : INFO : EventManager : Event: ======'jets_hit'====== Args={'profile': 'default', 'state': 'lit', 'advancing': False}
2025-10-10 07:52:50,158 : INFO : EventManager : Event: ======'jets_default_hit'====== Args={'profile': 'default', 'state': 'lit', 'advancing': False}
2025-10-10 07:52:50,158 : INFO : EventManager : Event: ======'jets_default_lit_hit'====== Args={'profile': 'default', 'state': 'lit', 'advancing': False}
2025-10-10 07:52:50,158 : INFO : EventManager : Event: ======'jets_lit_hit'====== Args={'profile': 'default', 'state': 'lit', 'advancing': False}
2025-10-10 07:52:50,158 : INFO : EventManager : Event: ======'player_score'====== Args={'value': 3455950, 'prev_value': 2305950, 'change': 1150000, 'player_num': 1, 'source': 'super_jets_setup'}
2025-10-10 07:52:50,158 : INFO : EventManager : Event: ======'machine_var_audits_shots_bumper2_shot'====== Args={'value': 69, 'prev_value': 68, 'change': 1}
2025-10-10 07:52:50,159 : INFO : EventManager : Event: ======'bumper2_shot_hit'====== Args={'profile': 'default', 'state': 'lit', 'advancing': False}
2025-10-10 07:52:50,159 : INFO : EventManager : Event: ======'bumper2_shot_default_hit'====== Args={'profile': 'default', 'state': 'lit', 'advancing': False}
2025-10-10 07:52:50,160 : INFO : EventManager : Event: ======'bumper2_shot_default_lit_hit'====== Args={'profile': 'default', 'state': 'lit', 'advancing': False}
2025-10-10 07:52:50,160 : INFO : EventManager : Event: ======'bumper2_shot_lit_hit'====== Args={'profile': 'default', 'state': 'lit', 'advancing': False}
2025-10-10 07:52:50,160 : INFO : EventManager : Event: ======'logicblock_lb_jets_count_updated'====== Args={'value': 3, 'enabled': True}
2025-10-10 07:52:50,160 : INFO : EventManager : Event: ======'counter_lb_jets_count_hit'====== Args={'count': 3, 'hits': 3, 'remaining': 7}
2025-10-10 07:52:50,160 : INFO : EventManager : Event: ======'logicblock_lb_jets_count_hit'====== Args={'count': 3, 'hits': 3, 'remaining': 7}
2025-10-10 07:52:50,162 : INFO : EventManager : Event: ======'player_score'====== Args={'value': 3456125, 'prev_value': 3455950, 'change': 175, 'player_num': 1, 'source': 'base'}
2025-10-10 07:52:50,283 : INFO : SwitchController : <<<<<<< 's_bumper2' inactive >>>>>>>
2025-10-10 07:52:51,330 : INFO : SwitchController : <<<<<<< 's_bumper2' active >>>>>>>
2025-10-10 07:52:51,330 : INFO : EventManager : Event: ======'playfield_active'====== Args={}
2025-10-10 07:52:51,330 : INFO : EventManager : Event: ======'playfield_active'====== Args={}
2025-10-10 07:52:51,330 : INFO : EventManager : Event: ======'s_bumper2_active'====== Args={}
2025-10-10 07:52:51,330 : INFO : EventManager : Event: ======'machine_var_audits_switches_s_bumper2'====== Args={'value': 72, 'prev_value': 71, 'change': 1}
2025-10-10 07:52:51,331 : INFO : EventManager : Event: ======'machine_var_audits_shots_jets'====== Args={'value': 56, 'prev_value': 55, 'change': 1}
2025-10-10 07:52:51,331 : INFO : EventManager : Event: ======'jets_hit'====== Args={'profile': 'default', 'state': 'lit', 'advancing': False}
2025-10-10 07:52:51,332 : INFO : EventManager : Event: ======'jets_default_hit'====== Args={'profile': 'default', 'state': 'lit', 'advancing': False}
2025-10-10 07:52:51,332 : INFO : EventManager : Event: ======'jets_default_lit_hit'====== Args={'profile': 'default', 'state': 'lit', 'advancing': False}
2025-10-10 07:52:51,332 : INFO : EventManager : Event: ======'jets_lit_hit'====== Args={'profile': 'default', 'state': 'lit', 'advancing': False}
2025-10-10 07:52:51,332 : INFO : EventManager : Event: ======'player_score'====== Args={'value': 4606125, 'prev_value': 3456125, 'change': 1150000, 'player_num': 1, 'source': 'super_jets_setup'}
2025-10-10 07:52:51,332 : INFO : EventManager : Event: ======'machine_var_audits_shots_bumper2_shot'====== Args={'value': 70, 'prev_value': 69, 'change': 1}
2025-10-10 07:52:51,333 : INFO : EventManager : Event: ======'bumper2_shot_hit'====== Args={'profile': 'default', 'state': 'lit', 'advancing': False}
2025-10-10 07:52:51,333 : INFO : EventManager : Event: ======'bumper2_shot_default_hit'====== Args={'profile': 'default', 'state': 'lit', 'advancing': False}
2025-10-10 07:52:51,333 : INFO : EventManager : Event: ======'bumper2_shot_default_lit_hit'====== Args={'profile': 'default', 'state': 'lit', 'advancing': False}
2025-10-10 07:52:51,333 : INFO : EventManager : Event: ======'bumper2_shot_lit_hit'====== Args={'profile': 'default', 'state': 'lit', 'advancing': False}
2025-10-10 07:52:51,333 : INFO : EventManager : Event: ======'logicblock_lb_jets_count_updated'====== Args={'value': 4, 'enabled': True}
2025-10-10 07:52:51,333 : INFO : EventManager : Event: ======'counter_lb_jets_count_hit'====== Args={'count': 4, 'hits': 4, 'remaining': 6}
2025-10-10 07:52:51,333 : INFO : EventManager : Event: ======'logicblock_lb_jets_count_hit'====== Args={'count': 4, 'hits': 4, 'remaining': 6}
2025-10-10 07:52:51,334 : INFO : EventManager : Event: ======'player_score'====== Args={'value': 4606300, 'prev_value': 4606125, 'change': 175, 'player_num': 1, 'source': 'base'}
2025-10-10 07:52:51,466 : INFO : SwitchController : <<<<<<< 's_bumper2' inactive >>>>>>>
2025-10-10 07:52:57,475 : INFO : SwitchController : <<<<<<< 's_bumper2' active >>>>>>>
2025-10-10 07:52:57,475 : INFO : EventManager : Event: ======'playfield_active'====== Args={}
2025-10-10 07:52:57,475 : INFO : EventManager : Event: ======'playfield_active'====== Args={}
2025-10-10 07:52:57,476 : INFO : EventManager : Event: ======'s_bumper2_active'====== Args={}
2025-10-10 07:52:57,477 : INFO : EventManager : Event: ======'machine_var_audits_switches_s_bumper2'====== Args={'value': 73, 'prev_value': 72, 'change': 1}
2025-10-10 07:52:57,481 : INFO : EventManager : Event: ======'machine_var_audits_shots_jets'====== Args={'value': 57, 'prev_value': 56, 'change': 1}
2025-10-10 07:52:57,484 : INFO : EventManager : Event: ======'jets_hit'====== Args={'profile': 'default', 'state': 'lit', 'advancing': False}
2025-10-10 07:52:57,485 : INFO : EventManager : Event: ======'jets_default_hit'====== Args={'profile': 'default', 'state': 'lit', 'advancing': False}
2025-10-10 07:52:57,486 : INFO : EventManager : Event: ======'jets_default_lit_hit'====== Args={'profile': 'default', 'state': 'lit', 'advancing': False}
2025-10-10 07:52:57,487 : INFO : EventManager : Event: ======'jets_lit_hit'====== Args={'profile': 'default', 'state': 'lit', 'advancing': False}
2025-10-10 07:52:57,488 : INFO : EventManager : Event: ======'player_score'====== Args={'value': 5756300, 'prev_value': 4606300, 'change': 1150000, 'player_num': 1, 'source': 'super_jets_setup'}
2025-10-10 07:52:57,488 : INFO : EventManager : Event: ======'machine_var_audits_shots_bumper2_shot'====== Args={'value': 71, 'prev_value': 70, 'change': 1}
2025-10-10 07:52:57,490 : INFO : EventManager : Event: ======'bumper2_shot_hit'====== Args={'profile': 'default', 'state': 'lit', 'advancing': False}
2025-10-10 07:52:57,491 : INFO : EventManager : Event: ======'bumper2_shot_default_hit'====== Args={'profile': 'default', 'state': 'lit', 'advancing': False}
2025-10-10 07:52:57,498 : INFO : EventManager : Event: ======'bumper2_shot_default_lit_hit'====== Args={'profile': 'default', 'state': 'lit', 'advancing': False}
2025-10-10 07:52:57,499 : INFO : EventManager : Event: ======'bumper2_shot_lit_hit'====== Args={'profile': 'default', 'state': 'lit', 'advancing': False}
2025-10-10 07:52:57,500 : INFO : EventManager : Event: ======'logicblock_lb_jets_count_updated'====== Args={'value': 5, 'enabled': True}
2025-10-10 07:52:57,500 : INFO : EventManager : Event: ======'counter_lb_jets_count_hit'====== Args={'count': 5, 'hits': 5, 'remaining': 5}
2025-10-10 07:52:57,501 : INFO : EventManager : Event: ======'logicblock_lb_jets_count_hit'====== Args={'count': 5, 'hits': 5, 'remaining': 5}
2025-10-10 07:52:57,519 : INFO : EventManager : Event: ======'player_score'====== Args={'value': 5756475, 'prev_value': 5756300, 'change': 175, 'player_num': 1, 'source': 'base'}
2025-10-10 07:52:57,582 : INFO : SwitchController : <<<<<<< 's_bumper2' inactive >>>>>>>
2025-10-10 07:52:59,282 : INFO : SwitchController : <<<<<<< 's_bumper2' active >>>>>>>
2025-10-10 07:52:59,282 : INFO : EventManager : Event: ======'playfield_active'====== Args={}
2025-10-10 07:52:59,282 : INFO : EventManager : Event: ======'playfield_active'====== Args={}
2025-10-10 07:52:59,282 : INFO : EventManager : Event: ======'s_bumper2_active'====== Args={}
2025-10-10 07:52:59,283 : INFO : EventManager : Event: ======'machine_var_audits_switches_s_bumper2'====== Args={'value': 74, 'prev_value': 73, 'change': 1}
2025-10-10 07:52:59,285 : INFO : EventManager : Event: ======'machine_var_audits_shots_jets'====== Args={'value': 58, 'prev_value': 57, 'change': 1}
2025-10-10 07:52:59,286 : INFO : EventManager : Event: ======'jets_hit'====== Args={'profile': 'default', 'state': 'lit', 'advancing': False}
2025-10-10 07:52:59,286 : INFO : EventManager : Event: ======'jets_default_hit'====== Args={'profile': 'default', 'state': 'lit', 'advancing': False}
2025-10-10 07:52:59,286 : INFO : EventManager : Event: ======'jets_default_lit_hit'====== Args={'profile': 'default', 'state': 'lit', 'advancing': False}
2025-10-10 07:52:59,286 : INFO : EventManager : Event: ======'jets_lit_hit'====== Args={'profile': 'default', 'state': 'lit', 'advancing': False}
2025-10-10 07:52:59,287 : INFO : EventManager : Event: ======'player_score'====== Args={'value': 6906475, 'prev_value': 5756475, 'change': 1150000, 'player_num': 1, 'source': 'super_jets_setup'}
2025-10-10 07:52:59,287 : INFO : EventManager : Event: ======'machine_var_audits_shots_bumper2_shot'====== Args={'value': 72, 'prev_value': 71, 'change': 1}
2025-10-10 07:52:59,288 : INFO : EventManager : Event: ======'bumper2_shot_hit'====== Args={'profile': 'default', 'state': 'lit', 'advancing': False}
2025-10-10 07:52:59,288 : INFO : EventManager : Event: ======'bumper2_shot_default_hit'====== Args={'profile': 'default', 'state': 'lit', 'advancing': False}
2025-10-10 07:52:59,288 : INFO : EventManager : Event: ======'bumper2_shot_default_lit_hit'====== Args={'profile': 'default', 'state': 'lit', 'advancing': False}
2025-10-10 07:52:59,288 : INFO : EventManager : Event: ======'bumper2_shot_lit_hit'====== Args={'profile': 'default', 'state': 'lit', 'advancing': False}
2025-10-10 07:52:59,289 : INFO : EventManager : Event: ======'logicblock_lb_jets_count_updated'====== Args={'value': 6, 'enabled': True}
2025-10-10 07:52:59,289 : INFO : EventManager : Event: ======'counter_lb_jets_count_hit'====== Args={'count': 6, 'hits': 6, 'remaining': 4}
2025-10-10 07:52:59,289 : INFO : EventManager : Event: ======'logicblock_lb_jets_count_hit'====== Args={'count': 6, 'hits': 6, 'remaining': 4}
2025-10-10 07:52:59,291 : INFO : EventManager : Event: ======'player_score'====== Args={'value': 6906650, 'prev_value': 6906475, 'change': 175, 'player_num': 1, 'source': 'base'}
2025-10-10 07:52:59,410 : INFO : SwitchController : <<<<<<< 's_bumper2' inactive >>>>>>>
2025-10-10 07:52:59,658 : INFO : SwitchController : <<<<<<< 's_bumper2' active >>>>>>>
2025-10-10 07:52:59,659 : INFO : EventManager : Event: ======'playfield_active'====== Args={}
2025-10-10 07:52:59,659 : INFO : EventManager : Event: ======'playfield_active'====== Args={}
2025-10-10 07:52:59,659 : INFO : EventManager : Event: ======'s_bumper2_active'====== Args={}
2025-10-10 07:52:59,659 : INFO : EventManager : Event: ======'machine_var_audits_switches_s_bumper2'====== Args={'value': 75, 'prev_value': 74, 'change': 1}
2025-10-10 07:52:59,661 : INFO : EventManager : Event: ======'machine_var_audits_shots_jets'====== Args={'value': 59, 'prev_value': 58, 'change': 1}
2025-10-10 07:52:59,662 : INFO : EventManager : Event: ======'jets_hit'====== Args={'profile': 'default', 'state': 'lit', 'advancing': False}
2025-10-10 07:52:59,662 : INFO : EventManager : Event: ======'jets_default_hit'====== Args={'profile': 'default', 'state': 'lit', 'advancing': False}
2025-10-10 07:52:59,662 : INFO : EventManager : Event: ======'jets_default_lit_hit'====== Args={'profile': 'default', 'state': 'lit', 'advancing': False}
2025-10-10 07:52:59,662 : INFO : EventManager : Event: ======'jets_lit_hit'====== Args={'profile': 'default', 'state': 'lit', 'advancing': False}
2025-10-10 07:52:59,663 : INFO : EventManager : Event: ======'player_score'====== Args={'value': 8056650, 'prev_value': 6906650, 'change': 1150000, 'player_num': 1, 'source': 'super_jets_setup'}
2025-10-10 07:52:59,663 : INFO : EventManager : Event: ======'machine_var_audits_shots_bumper2_shot'====== Args={'value': 73, 'prev_value': 72, 'change': 1}
2025-10-10 07:52:59,664 : INFO : EventManager : Event: ======'bumper2_shot_hit'====== Args={'profile': 'default', 'state': 'lit', 'advancing': False}
2025-10-10 07:52:59,664 : INFO : EventManager : Event: ======'bumper2_shot_default_hit'====== Args={'profile': 'default', 'state': 'lit', 'advancing': False}
2025-10-10 07:52:59,664 : INFO : EventManager : Event: ======'bumper2_shot_default_lit_hit'====== Args={'profile': 'default', 'state': 'lit', 'advancing': False}
2025-10-10 07:52:59,665 : INFO : EventManager : Event: ======'bumper2_shot_lit_hit'====== Args={'profile': 'default', 'state': 'lit', 'advancing': False}
2025-10-10 07:52:59,665 : INFO : EventManager : Event: ======'logicblock_lb_jets_count_updated'====== Args={'value': 7, 'enabled': True}
2025-10-10 07:52:59,665 : INFO : EventManager : Event: ======'counter_lb_jets_count_hit'====== Args={'count': 7, 'hits': 7, 'remaining': 3}
2025-10-10 07:52:59,665 : INFO : EventManager : Event: ======'logicblock_lb_jets_count_hit'====== Args={'count': 7, 'hits': 7, 'remaining': 3}
2025-10-10 07:52:59,668 : INFO : EventManager : Event: ======'player_score'====== Args={'value': 8056825, 'prev_value': 8056650, 'change': 175, 'player_num': 1, 'source': 'base'}
2025-10-10 07:52:59,803 : INFO : SwitchController : <<<<<<< 's_bumper2' inactive >>>>>>>
2025-10-10 07:53:00,019 : INFO : SwitchController : <<<<<<< 's_bumper2' active >>>>>>>
2025-10-10 07:53:00,019 : INFO : EventManager : Event: ======'playfield_active'====== Args={}
2025-10-10 07:53:00,019 : INFO : EventManager : Event: ======'playfield_active'====== Args={}
2025-10-10 07:53:00,020 : INFO : EventManager : Event: ======'s_bumper2_active'====== Args={}
2025-10-10 07:53:00,020 : INFO : EventManager : Event: ======'machine_var_audits_switches_s_bumper2'====== Args={'value': 76, 'prev_value': 75, 'change': 1}
2025-10-10 07:53:00,022 : INFO : EventManager : Event: ======'machine_var_audits_shots_jets'====== Args={'value': 60, 'prev_value': 59, 'change': 1}
2025-10-10 07:53:00,023 : INFO : EventManager : Event: ======'jets_hit'====== Args={'profile': 'default', 'state': 'lit', 'advancing': False}
2025-10-10 07:53:00,024 : INFO : EventManager : Event: ======'jets_default_hit'====== Args={'profile': 'default', 'state': 'lit', 'advancing': False}
2025-10-10 07:53:00,024 : INFO : EventManager : Event: ======'jets_default_lit_hit'====== Args={'profile': 'default', 'state': 'lit', 'advancing': False}
2025-10-10 07:53:00,024 : INFO : EventManager : Event: ======'jets_lit_hit'====== Args={'profile': 'default', 'state': 'lit', 'advancing': False}
2025-10-10 07:53:00,024 : INFO : EventManager : Event: ======'player_score'====== Args={'value': 9206825, 'prev_value': 8056825, 'change': 1150000, 'player_num': 1, 'source': 'super_jets_setup'}
2025-10-10 07:53:00,025 : INFO : EventManager : Event: ======'machine_var_audits_shots_bumper2_shot'====== Args={'value': 74, 'prev_value': 73, 'change': 1}
2025-10-10 07:53:00,026 : INFO : EventManager : Event: ======'bumper2_shot_hit'====== Args={'profile': 'default', 'state': 'lit', 'advancing': False}
2025-10-10 07:53:00,026 : INFO : EventManager : Event: ======'bumper2_shot_default_hit'====== Args={'profile': 'default', 'state': 'lit', 'advancing': False}
2025-10-10 07:53:00,026 : INFO : EventManager : Event: ======'bumper2_shot_default_lit_hit'====== Args={'profile': 'default', 'state': 'lit', 'advancing': False}
2025-10-10 07:53:00,027 : INFO : EventManager : Event: ======'bumper2_shot_lit_hit'====== Args={'profile': 'default', 'state': 'lit', 'advancing': False}
2025-10-10 07:53:00,027 : INFO : EventManager : Event: ======'logicblock_lb_jets_count_updated'====== Args={'value': 8, 'enabled': True}
2025-10-10 07:53:00,027 : INFO : EventManager : Event: ======'counter_lb_jets_count_hit'====== Args={'count': 8, 'hits': 8, 'remaining': 2}
2025-10-10 07:53:00,027 : INFO : EventManager : Event: ======'logicblock_lb_jets_count_hit'====== Args={'count': 8, 'hits': 8, 'remaining': 2}
2025-10-10 07:53:00,031 : INFO : EventManager : Event: ======'player_score'====== Args={'value': 9207000, 'prev_value': 9206825, 'change': 175, 'player_num': 1, 'source': 'base'}
2025-10-10 07:53:00,131 : INFO : SwitchController : <<<<<<< 's_bumper2' inactive >>>>>>>
2025-10-10 07:53:00,555 : INFO : SwitchController : <<<<<<< 's_bumper2' active >>>>>>>
2025-10-10 07:53:00,556 : INFO : EventManager : Event: ======'playfield_active'====== Args={}
2025-10-10 07:53:00,556 : INFO : EventManager : Event: ======'playfield_active'====== Args={}
2025-10-10 07:53:00,556 : INFO : EventManager : Event: ======'s_bumper2_active'====== Args={}
2025-10-10 07:53:00,557 : INFO : EventManager : Event: ======'machine_var_audits_switches_s_bumper2'====== Args={'value': 77, 'prev_value': 76, 'change': 1}
2025-10-10 07:53:00,559 : INFO : EventManager : Event: ======'machine_var_audits_shots_jets'====== Args={'value': 61, 'prev_value': 60, 'change': 1}
2025-10-10 07:53:00,560 : INFO : EventManager : Event: ======'jets_hit'====== Args={'profile': 'default', 'state': 'lit', 'advancing': False}
2025-10-10 07:53:00,560 : INFO : EventManager : Event: ======'jets_default_hit'====== Args={'profile': 'default', 'state': 'lit', 'advancing': False}
2025-10-10 07:53:00,561 : INFO : EventManager : Event: ======'jets_default_lit_hit'====== Args={'profile': 'default', 'state': 'lit', 'advancing': False}
2025-10-10 07:53:00,561 : INFO : EventManager : Event: ======'jets_lit_hit'====== Args={'profile': 'default', 'state': 'lit', 'advancing': False}
2025-10-10 07:53:00,561 : INFO : EventManager : Event: ======'player_score'====== Args={'value': 10357000, 'prev_value': 9207000, 'change': 1150000, 'player_num': 1, 'source': 'super_jets_setup'}
2025-10-10 07:53:00,562 : INFO : EventManager : Event: ======'machine_var_audits_shots_bumper2_shot'====== Args={'value': 75, 'prev_value': 74, 'change': 1}
2025-10-10 07:53:00,563 : INFO : EventManager : Event: ======'bumper2_shot_hit'====== Args={'profile': 'default', 'state': 'lit', 'advancing': False}
2025-10-10 07:53:00,563 : INFO : EventManager : Event: ======'bumper2_shot_default_hit'====== Args={'profile': 'default', 'state': 'lit', 'advancing': False}
2025-10-10 07:53:00,563 : INFO : EventManager : Event: ======'bumper2_shot_default_lit_hit'====== Args={'profile': 'default', 'state': 'lit', 'advancing': False}
2025-10-10 07:53:00,565 : INFO : EventManager : Event: ======'bumper2_shot_lit_hit'====== Args={'profile': 'default', 'state': 'lit', 'advancing': False}
2025-10-10 07:53:00,565 : INFO : EventManager : Event: ======'logicblock_lb_jets_count_updated'====== Args={'value': 9, 'enabled': True}
2025-10-10 07:53:00,566 : INFO : EventManager : Event: ======'counter_lb_jets_count_hit'====== Args={'count': 9, 'hits': 9, 'remaining': 1}
2025-10-10 07:53:00,566 : INFO : EventManager : Event: ======'logicblock_lb_jets_count_hit'====== Args={'count': 9, 'hits': 9, 'remaining': 1}
2025-10-10 07:53:00,569 : INFO : EventManager : Event: ======'player_score'====== Args={'value': 10357175, 'prev_value': 10357000, 'change': 175, 'player_num': 1, 'source': 'base'}
2025-10-10 07:53:00,667 : INFO : SwitchController : <<<<<<< 's_bumper2' inactive >>>>>>>
2025-10-10 07:53:02,318 : INFO : SwitchController : <<<<<<< 's_bumper2' active >>>>>>>
2025-10-10 07:53:02,318 : INFO : EventManager : Event: ======'playfield_active'====== Args={}
2025-10-10 07:53:02,318 : INFO : EventManager : Event: ======'playfield_active'====== Args={}
2025-10-10 07:53:02,319 : INFO : EventManager : Event: ======'s_bumper2_active'====== Args={}
2025-10-10 07:53:02,319 : INFO : EventManager : Event: ======'machine_var_audits_switches_s_bumper2'====== Args={'value': 78, 'prev_value': 77, 'change': 1}
2025-10-10 07:53:02,320 : INFO : EventManager : Event: ======'machine_var_audits_shots_jets'====== Args={'value': 62, 'prev_value': 61, 'change': 1}
2025-10-10 07:53:02,321 : INFO : EventManager : Event: ======'jets_hit'====== Args={'profile': 'default', 'state': 'lit', 'advancing': False}
2025-10-10 07:53:02,322 : INFO : EventManager : Event: ======'jets_default_hit'====== Args={'profile': 'default', 'state': 'lit', 'advancing': False}
2025-10-10 07:53:02,322 : INFO : EventManager : Event: ======'jets_default_lit_hit'====== Args={'profile': 'default', 'state': 'lit', 'advancing': False}
2025-10-10 07:53:02,322 : INFO : EventManager : Event: ======'jets_lit_hit'====== Args={'profile': 'default', 'state': 'lit', 'advancing': False}
2025-10-10 07:53:02,322 : INFO : EventManager : Event: ======'player_score'====== Args={'value': 11507175, 'prev_value': 10357175, 'change': 1150000, 'player_num': 1, 'source': 'super_jets_setup'}
2025-10-10 07:53:02,322 : INFO : EventManager : Event: ======'machine_var_audits_shots_bumper2_shot'====== Args={'value': 76, 'prev_value': 75, 'change': 1}
2025-10-10 07:53:02,323 : INFO : EventManager : Event: ======'bumper2_shot_hit'====== Args={'profile': 'default', 'state': 'lit', 'advancing': False}
2025-10-10 07:53:02,323 : INFO : EventManager : Event: ======'bumper2_shot_default_hit'====== Args={'profile': 'default', 'state': 'lit', 'advancing': False}
2025-10-10 07:53:02,324 : INFO : EventManager : Event: ======'bumper2_shot_default_lit_hit'====== Args={'profile': 'default', 'state': 'lit', 'advancing': False}
2025-10-10 07:53:02,324 : INFO : EventManager : Event: ======'bumper2_shot_lit_hit'====== Args={'profile': 'default', 'state': 'lit', 'advancing': False}
2025-10-10 07:53:02,324 : INFO : EventManager : Event: ======'logicblock_lb_jets_count_updated'====== Args={'value': 10, 'enabled': True}
2025-10-10 07:53:02,324 : INFO : EventManager : Event: ======'counter_lb_jets_count_hit'====== Args={'count': 10, 'hits': 10, 'remaining': 0}
2025-10-10 07:53:02,324 : INFO : EventManager : Event: ======'logicblock_lb_jets_count_hit'====== Args={'count': 10, 'hits': 10, 'remaining': 0}
2025-10-10 07:53:02,324 : INFO : EventManager : Event: ======'Super_Jets_Go'====== Args={}
2025-10-10 07:53:02,325 : INFO : EventManager : Event: ======'logicblock_lb_jets_count_updated'====== Args={'value': 0, 'enabled': True}
2025-10-10 07:53:02,325 : INFO : EventManager : Event: ======'logicblock_lb_jets_count_updated'====== Args={'value': 0, 'enabled': False}
2025-10-10 07:53:02,325 : INFO : EventManager : Event: ======'mode_super_jets_will_start'====== Args={}
2025-10-10 07:53:02,326 : INFO : EventManager : Event: ======'mode_super_jets_starting'====== Args={}
2025-10-10 07:53:02,326 : INFO : EventManager : Event: ======'start_mode_super_jets'====== Args={'priority': 0}
2025-10-10 07:53:02,328 : INFO : EventManager : Event: ======'player_score'====== Args={'value': 11507350, 'prev_value': 11507175, 'change': 175, 'player_num': 1, 'source': 'base'}
2025-10-10 07:53:02,329 : INFO : Mode.super_jets : Started. Priority: 300
2025-10-10 07:53:02,329 : INFO : EventManager : Event: ======'modes_active_modes_changed'====== Args={}
2025-10-10 07:53:02,329 : INFO : EventManager : Event: ======'mode_super_jets_started'====== Args={}
2025-10-10 07:53:02,330 : ERROR : asyncio : Exception in callback EventManager.process_event_queue()
handle: <Handle EventManager.process_event_queue()>
Traceback (most recent call last):
  File "C:\Users\richa\mpfvirtual4\lib\site-packages\mpf\core\show_controller.py", line 130, in replace_or_advance_show
    show_obj = self.machine.shows[config.name]
KeyError: 'super_jets_startup'

During handling of the above exception, another exception occurred:

Traceback (most recent call last):
  File "C:\Users\richa\mpfvirtual4\lib\site-packages\mpf\core\events.py", line 751, in _run_handlers
    result = handler.callback(**merged_kwargs)
  File "C:\Users\richa\mpfvirtual4\lib\site-packages\mpf\core\config_player.py", line 349, in config_play_callback
    return self.play(settings=settings, context=context, calling_context=calling_context, priority=priority,
  File "C:\Users\richa\mpfvirtual4\lib\site-packages\mpf\config_players\show_player.py", line 60, in play
    self._update_show(show.name, show_settings, context, queue, start_time, show_tokens)
  File "C:\Users\richa\mpfvirtual4\lib\site-packages\mpf\config_players\show_player.py", line 225, in _update_show
    action(key, instance_dict, show_name, show_settings, queue, start_time, placeholder_args)
  File "C:\Users\richa\mpfvirtual4\lib\site-packages\mpf\config_players\show_player.py", line 117, in _play
    instance_dict[key] = self.machine.show_controller.replace_or_advance_show(previous_show, show_config,
  File "C:\Users\richa\mpfvirtual4\lib\site-packages\mpf\core\show_controller.py", line 132, in replace_or_advance_show
    raise KeyError("Cannot play show '{}'. No show with that "
KeyError: "Cannot play show 'super_jets_startup'. No show with that name."

The above exception was the direct cause of the following exception:

Traceback (most recent call last):
  File "C:\Users\richa\AppData\Local\Programs\Python\Python39\lib\asyncio\events.py", line 80, in _run
    self._context.run(self._callback, *self._args)
  File "C:\Users\richa\mpfvirtual4\lib\site-packages\mpf\core\events.py", line 842, in process_event_queue
    self._process_event(event=event[0],
  File "C:\Users\richa\mpfvirtual4\lib\site-packages\mpf\core\events.py", line 804, in _process_event
    result = self._run_handlers(event, ev_type, kwargs)
  File "C:\Users\richa\mpfvirtual4\lib\site-packages\mpf\core\events.py", line 753, in _run_handlers
    raise EventHandlerException(
mpf.core.events.EventHandlerException: Exception while processing RegisteredHandler(callback=<bound method ConfigPlayer.config_play_callback of ConfigPlayer.show_player/shows>, priority=300, kwargs={'calling_context': 'mode_super_jets_started', 'mode': <Mode.super_jets>, 'settings': {super_jets_startup-None-None: {'loops': 0, 'priority': 0, 'action': 'play', 'show': None, 'speed': <NativeTemplate 1.0>, 'block_queue': False, 'start_step': <NativeTemplate 1>, 'start_running': <Template True>, 'sync_ms': None, 'manual_advance': False, 'show_queue': None, 'key': None, 'show_tokens': {}, 'events_when_played': [], 'events_when_stopped': [], 'events_when_looped': [], 'events_when_paused': [], 'events_when_resumed': [], 'events_when_advanced': [], 'events_when_stepped_back': [], 'events_when_updated': [], 'events_when_completed': []}, Super_Jets_on-None-None: {'show_tokens': {'lights': <NativeTemplate l_super_jets>}, 'priority': 0, 'action': 'play', 'show': None, 'speed': <NativeTemplate 1.0>, 'block_queue': False, 'start_step': <NativeTemplate 1>, 'start_running': <Template True>, 'loops': -1, 'sync_ms': None, 'manual_advance': False, 'show_queue': None, 'key': None, 'events_when_played': [], 'events_when_stopped': [], 'events_when_looped': [], 'events_when_paused': [], 'events_when_resumed': [], 'events_when_advanced': [], 'events_when_stepped_back': [], 'events_when_updated': [], 'events_when_completed': []}}}, key=UUID('86c31bf7-f7b6-4d94-bd95-d1dc47b18290'), condition=None, blocking_facility=None) for event mode_super_jets_started. "Cannot play show 'super_jets_startup'. No show with that name."
2025-10-10 07:53:02,379 : INFO : Machine : Shutting down...
2025-10-10 07:53:02,379 : INFO : EventManager : Event: ======'shutdown'====== Args={}
2025-10-10 07:53:02,380 : INFO : EventManager : Event: ======'mode_game_will_stop'====== Args={}
2025-10-10 07:53:02,380 : INFO : EventManager : Event: ======'mode_game_stopping'====== Args={}
2025-10-10 07:53:02,387 : INFO : EventManager : Event: ======'mode_super_jets_will_stop'====== Args={}
2025-10-10 07:53:02,387 : INFO : EventManager : Event: ======'mode_super_jets_stopping'====== Args={}
2025-10-10 07:53:02,387 : INFO : EventManager : Event: ======'mode_base_will_stop'====== Args={}
2025-10-10 07:53:02,388 : INFO : EventManager : Event: ======'mode_base_stopping'====== Args={}
2025-10-10 07:53:02,388 : INFO : EventManager : Event: ======'mode_super_jets_setup_will_stop'====== Args={}
2025-10-10 07:53:02,388 : INFO : EventManager : Event: ======'mode_super_jets_setup_stopping'====== Args={}
2025-10-10 07:53:02,389 : INFO : Mode.super_jets_setup : Stopped.
2025-10-10 07:53:02,389 : INFO : EventManager : Event: ======'modes_active_modes_changed'====== Args={}
2025-10-10 07:53:02,389 : INFO : EventManager : Event: ======'mode_super_jets_setup_stopped'====== Args={}
2025-10-10 07:53:02,389 : INFO : EventManager : Event: ======'clear'====== Args={'key': 'super_jets_setup'}
2025-10-10 07:53:02,390 : INFO : Mode.base : Stopped.
2025-10-10 07:53:02,390 : INFO : EventManager : Event: ======'modes_active_modes_changed'====== Args={}
2025-10-10 07:53:02,391 : INFO : EventManager : Event: ======'mode_base_stopped'====== Args={}
2025-10-10 07:53:02,391 : INFO : EventManager : Event: ======'clear'====== Args={'key': 'base'}
2025-10-10 07:53:02,392 : INFO : Mode.super_jets : Stopped.
2025-10-10 07:53:02,392 : INFO : EventManager : Event: ======'modes_active_modes_changed'====== Args={}
2025-10-10 07:53:02,392 : INFO : EventManager : Event: ======'mode_super_jets_stopped'====== Args={}
2025-10-10 07:53:02,392 : INFO : EventManager : Event: ======'clear'====== Args={'key': 'super_jets'}
2025-10-10 07:53:02,393 : INFO : Mode.game : Stopped.
2025-10-10 07:53:02,393 : INFO : EventManager : Event: ======'modes_active_modes_changed'====== Args={}
2025-10-10 07:53:02,393 : INFO : EventManager : Event: ======'mode_game_stopped'====== Args={}
2025-10-10 07:53:02,393 : INFO : EventManager : Event: ======'clear'====== Args={'key': 'game'}
2025-10-10 07:53:02,395 : ERROR : Machine : Runtime Exception
Traceback (most recent call last):
  File "C:\Users\richa\mpfvirtual4\lib\site-packages\mpf\core\show_controller.py", line 130, in replace_or_advance_show
    show_obj = self.machine.shows[config.name]
KeyError: 'super_jets_startup'

During handling of the above exception, another exception occurred:

Traceback (most recent call last):
  File "C:\Users\richa\mpfvirtual4\lib\site-packages\mpf\core\events.py", line 751, in _run_handlers
    result = handler.callback(**merged_kwargs)
  File "C:\Users\richa\mpfvirtual4\lib\site-packages\mpf\core\config_player.py", line 349, in config_play_callback
    return self.play(settings=settings, context=context, calling_context=calling_context, priority=priority,
  File "C:\Users\richa\mpfvirtual4\lib\site-packages\mpf\config_players\show_player.py", line 60, in play
    self._update_show(show.name, show_settings, context, queue, start_time, show_tokens)
  File "C:\Users\richa\mpfvirtual4\lib\site-packages\mpf\config_players\show_player.py", line 225, in _update_show
    action(key, instance_dict, show_name, show_settings, queue, start_time, placeholder_args)
  File "C:\Users\richa\mpfvirtual4\lib\site-packages\mpf\config_players\show_player.py", line 117, in _play
    instance_dict[key] = self.machine.show_controller.replace_or_advance_show(previous_show, show_config,
  File "C:\Users\richa\mpfvirtual4\lib\site-packages\mpf\core\show_controller.py", line 132, in replace_or_advance_show
    raise KeyError("Cannot play show '{}'. No show with that "
KeyError: "Cannot play show 'super_jets_startup'. No show with that name."

The above exception was the direct cause of the following exception:

Traceback (most recent call last):
  File "C:\Users\richa\mpfvirtual4\lib\site-packages\mpf\core\machine.py", line 788, in _run_loop
    raise self._exception['exception']
  File "C:\Users\richa\AppData\Local\Programs\Python\Python39\lib\asyncio\events.py", line 80, in _run
    self._context.run(self._callback, *self._args)
  File "C:\Users\richa\mpfvirtual4\lib\site-packages\mpf\core\events.py", line 842, in process_event_queue
    self._process_event(event=event[0],
  File "C:\Users\richa\mpfvirtual4\lib\site-packages\mpf\core\events.py", line 804, in _process_event
    result = self._run_handlers(event, ev_type, kwargs)
  File "C:\Users\richa\mpfvirtual4\lib\site-packages\mpf\core\events.py", line 753, in _run_handlers
    raise EventHandlerException(
mpf.core.events.EventHandlerException: Exception while processing RegisteredHandler(callback=<bound method ConfigPlayer.config_play_callback of ConfigPlayer.show_player/shows>, priority=300, kwargs={'calling_context': 'mode_super_jets_started', 'mode': <Mode.super_jets>, 'settings': {super_jets_startup-None-None: {'loops': 0, 'priority': 0, 'action': 'play', 'show': None, 'speed': <NativeTemplate 1.0>, 'block_queue': False, 'start_step': <NativeTemplate 1>, 'start_running': <Template True>, 'sync_ms': None, 'manual_advance': False, 'show_queue': None, 'key': None, 'show_tokens': {}, 'events_when_played': [], 'events_when_stopped': [], 'events_when_looped': [], 'events_when_paused': [], 'events_when_resumed': [], 'events_when_advanced': [], 'events_when_stepped_back': [], 'events_when_updated': [], 'events_when_completed': []}, Super_Jets_on-None-None: {'show_tokens': {'lights': <NativeTemplate l_super_jets>}, 'priority': 0, 'action': 'play', 'show': None, 'speed': <NativeTemplate 1.0>, 'block_queue': False, 'start_step': <NativeTemplate 1>, 'start_running': <Template True>, 'loops': -1, 'sync_ms': None, 'manual_advance': False, 'show_queue': None, 'key': None, 'events_when_played': [], 'events_when_stopped': [], 'events_when_looped': [], 'events_when_paused': [], 'events_when_resumed': [], 'events_when_advanced': [], 'events_when_stepped_back': [], 'events_when_updated': [], 'events_when_completed': []}}}, key=UUID('86c31bf7-f7b6-4d94-bd95-d1dc47b18290'), condition=None, blocking_facility=None) for event mode_super_jets_started. "Cannot play show 'super_jets_startup'. No show with that name."
2025-10-10 07:53:30,642 : ERROR : root : 
Traceback (most recent call last):
  File "C:\Users\richa\mpfvirtual4\lib\site-packages\mpf\core\show_controller.py", line 130, in replace_or_advance_show
    show_obj = self.machine.shows[config.name]
KeyError: 'super_jets_startup'

During handling of the above exception, another exception occurred:

Traceback (most recent call last):
  File "C:\Users\richa\mpfvirtual4\lib\site-packages\mpf\core\events.py", line 751, in _run_handlers
    result = handler.callback(**merged_kwargs)
  File "C:\Users\richa\mpfvirtual4\lib\site-packages\mpf\core\config_player.py", line 349, in config_play_callback
    return self.play(settings=settings, context=context, calling_context=calling_context, priority=priority,
  File "C:\Users\richa\mpfvirtual4\lib\site-packages\mpf\config_players\show_player.py", line 60, in play
    self._update_show(show.name, show_settings, context, queue, start_time, show_tokens)
  File "C:\Users\richa\mpfvirtual4\lib\site-packages\mpf\config_players\show_player.py", line 225, in _update_show
    action(key, instance_dict, show_name, show_settings, queue, start_time, placeholder_args)
  File "C:\Users\richa\mpfvirtual4\lib\site-packages\mpf\config_players\show_player.py", line 117, in _play
    instance_dict[key] = self.machine.show_controller.replace_or_advance_show(previous_show, show_config,
  File "C:\Users\richa\mpfvirtual4\lib\site-packages\mpf\core\show_controller.py", line 132, in replace_or_advance_show
    raise KeyError("Cannot play show '{}'. No show with that "
KeyError: "Cannot play show 'super_jets_startup'. No show with that name."

The above exception was the direct cause of the following exception:

Traceback (most recent call last):
  File "C:\Users\richa\mpfvirtual4\lib\site-packages\mpf\core\machine.py", line 788, in _run_loop
    raise self._exception['exception']
  File "C:\Users\richa\AppData\Local\Programs\Python\Python39\lib\asyncio\events.py", line 80, in _run
    self._context.run(self._callback, *self._args)
  File "C:\Users\richa\mpfvirtual4\lib\site-packages\mpf\core\events.py", line 842, in process_event_queue
    self._process_event(event=event[0],
  File "C:\Users\richa\mpfvirtual4\lib\site-packages\mpf\core\events.py", line 804, in _process_event
    result = self._run_handlers(event, ev_type, kwargs)
  File "C:\Users\richa\mpfvirtual4\lib\site-packages\mpf\core\events.py", line 753, in _run_handlers
    raise EventHandlerException(
mpf.core.events.EventHandlerException: Exception while processing RegisteredHandler(callback=<bound method ConfigPlayer.config_play_callback of ConfigPlayer.show_player/shows>, priority=300, kwargs={'calling_context': 'mode_super_jets_started', 'mode': <Mode.super_jets>, 'settings': {super_jets_startup-None-None: {'loops': 0, 'priority': 0, 'action': 'play', 'show': None, 'speed': <NativeTemplate 1.0>, 'block_queue': False, 'start_step': <NativeTemplate 1>, 'start_running': <Template True>, 'sync_ms': None, 'manual_advance': False, 'show_queue': None, 'key': None, 'show_tokens': {}, 'events_when_played': [], 'events_when_stopped': [], 'events_when_looped': [], 'events_when_paused': [], 'events_when_resumed': [], 'events_when_advanced': [], 'events_when_stepped_back': [], 'events_when_updated': [], 'events_when_completed': []}, Super_Jets_on-None-None: {'show_tokens': {'lights': <NativeTemplate l_super_jets>}, 'priority': 0, 'action': 'play', 'show': None, 'speed': <NativeTemplate 1.0>, 'block_queue': False, 'start_step': <NativeTemplate 1>, 'start_running': <Template True>, 'loops': -1, 'sync_ms': None, 'manual_advance': False, 'show_queue': None, 'key': None, 'events_when_played': [], 'events_when_stopped': [], 'events_when_looped': [], 'events_when_paused': [], 'events_when_resumed': [], 'events_when_advanced': [], 'events_when_stepped_back': [], 'events_when_updated': [], 'events_when_completed': []}}}, key=UUID('86c31bf7-f7b6-4d94-bd95-d1dc47b18290'), condition=None, blocking_facility=None) for event mode_super_jets_started. "Cannot play show 'super_jets_startup'. No show with that name."

During handling of the above exception, another exception occurred:

Traceback (most recent call last):
  File "C:\Users\richa\mpfvirtual4\lib\site-packages\mpf\commands\game.py", line 236, in __init__
    self.machine.run()
  File "C:\Users\richa\mpfvirtual4\lib\site-packages\mpf\core\machine.py", line 684, in run
    self._run_loop()
  File "C:\Users\richa\mpfvirtual4\lib\site-packages\mpf\core\machine.py", line 791, in _run_loop
    report_crash(self._exception['exception'], "exception_during_run", self.config)
  File "C:\Users\richa\mpfvirtual4\lib\site-packages\mpf\core\crash_reporter.py", line 236, in report_crash
    response = input("Do you want to report the crash to the MPF team (yes/no/show)? ")
EOFError
