2025-10-18 08:02:58,263 : INFO : root : Loading config.
2025-10-18 08:02:58,268 : INFO : YamlMultifileConfigLoader : Machine config file #1: config.yaml
2025-10-18 08:02:58,268 : INFO : ConfigProcessor : Loading config from cache: C:\Users\richa\AppData\Local\Temp\f7776651e259183bd84a8c8d686bf868.mpf_cache
2025-10-18 08:02:58,357 : INFO : ConfigProcessor : Loading config from cache: C:\Users\richa\AppData\Local\Temp\70233839fc0b792ce11a62f3c18c1950.mpf_cache
2025-10-18 08:02:58,357 : INFO : ConfigProcessor : Loading config from cache: C:\Users\richa\AppData\Local\Temp\9c8dea79ca4d15ee886340e992e8cb9d.mpf_cache
2025-10-18 08:02:58,358 : WARNING : ConfigProcessor : Config file in cache changed: C:\Users\richa\ttp7\modes\base\config\base.yaml
2025-10-18 08:02:58,358 : INFO : ConfigProcessor : Loading config from file C:\Users\richa\ttp7\modes\base\config\base.yaml.
2025-10-18 08:02:58,373 : INFO : ConfigProcessor : Loading config: C:\Users\richa\ttp7\modes\base\config\base.yaml
2025-10-18 08:02:58,374 : INFO : ConfigProcessor : Config file cache created: C:\Users\richa\AppData\Local\Temp\67a19b095f918111543419ac0271bfb1.mpf_cache
2025-10-18 08:02:58,375 : INFO : ConfigProcessor : Loading config from cache: C:\Users\richa\AppData\Local\Temp\be387b0e8ed00556ec738d83cd6947d1.mpf_cache
2025-10-18 08:02:58,376 : INFO : ConfigProcessor : Loading config from cache: C:\Users\richa\AppData\Local\Temp\5a8efabd9666d8c71fa755fc28a9bf1e.mpf_cache
2025-10-18 08:02:58,377 : INFO : ConfigProcessor : Loading config from cache: C:\Users\richa\AppData\Local\Temp\fb58745e58584e219ff53db445e8e9f2.mpf_cache
2025-10-18 08:02:58,378 : INFO : ConfigProcessor : Loading config from cache: C:\Users\richa\AppData\Local\Temp\3a5badf48d988f9fc0f9b093a934917d.mpf_cache
2025-10-18 08:02:58,379 : INFO : ConfigProcessor : Loading config from cache: C:\Users\richa\AppData\Local\Temp\9e788d9ac28f3464b985b20edf80a10e.mpf_cache
2025-10-18 08:02:58,379 : INFO : ConfigProcessor : Loading config from cache: C:\Users\richa\AppData\Local\Temp\7e426d8ffa907371bf962f3181d8bdf2.mpf_cache
2025-10-18 08:02:58,381 : INFO : ConfigProcessor : Loading config from cache: C:\Users\richa\AppData\Local\Temp\b710dc01437f1dfd05f3b5275f67493b.mpf_cache
2025-10-18 08:02:58,381 : INFO : ConfigProcessor : Loading config from cache: C:\Users\richa\AppData\Local\Temp\0a23590f4081187a3ecee75c7657616e.mpf_cache
2025-10-18 08:02:58,382 : INFO : ConfigProcessor : Loading config from cache: C:\Users\richa\AppData\Local\Temp\374a5edaf0766cb9005f368df852c09d.mpf_cache
2025-10-18 08:02:58,383 : INFO : ConfigProcessor : Loading config from cache: C:\Users\richa\AppData\Local\Temp\b50d1c72289d6f8f00cba34766fbb2e5.mpf_cache
2025-10-18 08:02:58,383 : INFO : ConfigProcessor : Loading config from cache: C:\Users\richa\AppData\Local\Temp\bfc680b70531e398658191c2a179bce0.mpf_cache
2025-10-18 08:02:58,384 : INFO : ConfigProcessor : Loading config from cache: C:\Users\richa\AppData\Local\Temp\069a726c379c7a3dc006889318eb30f2.mpf_cache
2025-10-18 08:02:58,385 : INFO : ConfigProcessor : Loading config from cache: C:\Users\richa\AppData\Local\Temp\6159dd3e8b071f5aa615e717784124e9.mpf_cache
2025-10-18 08:02:58,386 : INFO : ConfigProcessor : Loading config from cache: C:\Users\richa\AppData\Local\Temp\e382c4765158d2be92c1673fc03a4ad6.mpf_cache
2025-10-18 08:02:58,386 : INFO : ConfigProcessor : Loading config from cache: C:\Users\richa\AppData\Local\Temp\868b3b6361e3aaa0a56bd50d9388247e.mpf_cache
2025-10-18 08:02:58,387 : INFO : Machine : Mission Pinball Framework Core Engine v0.57.0.dev39
2025-10-18 08:02:58,387 : INFO : Machine : Command line arguments: {'no_load_cache': False, 'create_config_cache': True, 'bcp': True, 'configfile': ['config.yaml'], 'force_assets_load': False, 'jsonlogging': False, 'logfile': 'logs\\2025-10-18-08-02-58-mpf-DESKTOP-RK7BE5M.log', 'pause': False, 'production': False, 'text_ui': True, 'loglevel': 15, 'consoleloglevel': 20, 'force_platform': None, 'syslog_address': None, 'mc_file_name': None, 'no_sound': False}
2025-10-18 08:02:58,387 : INFO : Machine : MPF path: C:\Users\richa\mpfvirtual4\lib\site-packages\mpf
2025-10-18 08:02:58,387 : INFO : Machine : Machine path: C:\Users\richa\ttp7
2025-10-18 08:02:58,387 : INFO : Machine : Platform: win32
2025-10-18 08:02:58,387 : INFO : Machine : Python executable location: C:\Users\richa\mpfvirtual4\Scripts\python.exe
2025-10-18 08:02:58,387 : INFO : Machine : Python version: 3.9.13 (64-bit)
2025-10-18 08:02:58,389 : INFO : Machine : Initializing MPF...
2025-10-18 08:02:58,758 : INFO : EventManager : Event: ======'machine_var_credits_string'====== Args={'value': 'FREE PLAY', 'prev_value': None, 'change': True}
2025-10-18 08:02:58,821 : INFO : EventManager : Event: ======'machine_var_credit_units'====== Args={'value': 20, 'prev_value': None, 'change': True}
2025-10-18 08:02:58,821 : INFO : EventManager : Event: ======'machine_var_free_play'====== Args={'value': False, 'prev_value': None, 'change': True}
2025-10-18 08:02:58,822 : INFO : EventManager : Event: ======'machine_var_master_volume'====== Args={'value': 0.5, 'prev_value': None, 'change': True}
2025-10-18 08:02:58,822 : INFO : EventManager : Event: ======'machine_var_player1_score'====== Args={'value': 45002500, 'prev_value': None, 'change': True}
2025-10-18 08:02:58,822 : INFO : EventManager : Event: ======'machine_var_mpf_version'====== Args={'value': 'Mission Pinball Framework v0.57.0.dev39', 'prev_value': None, 'change': True}
2025-10-18 08:02:58,822 : INFO : EventManager : Event: ======'machine_var_mpf_extended_version'====== Args={'value': 'Mission Pinball Framework v0.57.0.dev39, Config version:6, Show version: 6, BCP version:1.1', 'prev_value': None, 'change': True}
2025-10-18 08:02:58,822 : INFO : EventManager : Event: ======'machine_var_python_version'====== Args={'value': '3.9.13', 'prev_value': None, 'change': True}
2025-10-18 08:02:58,832 : INFO : EventManager : Event: ======'machine_var_platform'====== Args={'value': 'Windows-10-10.0.19045-SP0', 'prev_value': None, 'change': True}
2025-10-18 08:02:58,832 : INFO : EventManager : Event: ======'machine_var_platform_system'====== Args={'value': 'Windows', 'prev_value': None, 'change': True}
2025-10-18 08:02:58,833 : INFO : EventManager : Event: ======'machine_var_platform_release'====== Args={'value': '10', 'prev_value': None, 'change': True}
2025-10-18 08:02:58,833 : INFO : EventManager : Event: ======'machine_var_platform_version'====== Args={'value': '10.0.19045', 'prev_value': None, 'change': True}
2025-10-18 08:02:58,833 : INFO : EventManager : Event: ======'machine_var_platform_machine'====== Args={'value': 'AMD64', 'prev_value': None, 'change': True}
2025-10-18 08:02:58,833 : INFO : EventManager : Event: ======'init_phase_1'====== Args={}
2025-10-18 08:02:58,881 : INFO : EventManager : Event: ======'drop_target_bank_TIME_up'====== Args={}
2025-10-18 08:02:58,881 : INFO : EventManager : Event: ======'drop_target_bank_CENTER_up'====== Args={}
2025-10-18 08:02:58,881 : INFO : EventManager : Event: ======'drop_target_bank_TRAVEL_up'====== Args={}
2025-10-18 08:02:58,882 : INFO : EventManager : Event: ======'init_phase_2'====== Args={}
2025-10-18 08:02:58,882 : INFO : SwitchController : Found active switch: ('2', <Platform.SmartVirtual>) <switch.s_trough1>
2025-10-18 08:02:58,882 : INFO : SwitchController : Found active switch: ('3', <Platform.SmartVirtual>) <switch.s_trough2>
2025-10-18 08:02:58,882 : INFO : SwitchController : Found active switch: ('4', <Platform.SmartVirtual>) <switch.s_trough3>
2025-10-18 08:02:58,882 : INFO : SwitchController : Found active switch: ('5', <Platform.SmartVirtual>) <switch.s_trough4>
2025-10-18 08:02:58,882 : INFO : SwitchController : Found active switch: ('6', <Platform.SmartVirtual>) <switch.s_trough5>
2025-10-18 08:02:58,882 : INFO : SwitchController : Found active switch: ('7', <Platform.SmartVirtual>) <switch.s_trough6>
2025-10-18 08:02:58,899 : INFO : EventManager : Event: ======'bcp_connection_attempt'====== Args={'name': 'local_display', 'host': 'localhost', 'port': 5050}
2025-10-18 08:02:58,902 : INFO : BCPClientSocket : Connecting BCP to 'local_display' at localhost:5050...
2025-10-18 08:03:00,921 : INFO : BCPClientSocket : Connected BCP to 'local_display' localhost:5050
2025-10-18 08:03:00,921 : INFO : EventManager : Event: ======'bcp_clients_connected'====== Args={}
2025-10-18 08:03:01,454 : INFO : ball_device.bd_trough : BCH: Initial count: 6
2025-10-18 08:03:01,454 : INFO : EventManager : Event: ======'machine_var_mc_version'====== Args={'value': 'MPF-MC v0.57.0.dev10', 'prev_value': None, 'change': True}
2025-10-18 08:03:01,455 : INFO : EventManager : Event: ======'machine_var_mc_extended_version'====== Args={'value': 'MPF-MC v0.57.0.dev10 (config_version=6, BCP v1.1,                      Requires MPF API compatibility v0.57.0.dev19 or newer)', 'prev_value': None, 'change': True}
2025-10-18 08:03:01,457 : INFO : ball_device.bd_trough : State: idle
2025-10-18 08:03:01,557 : INFO : ball_device.bd_plunger : BCH: Initial count: 0
2025-10-18 08:03:01,557 : INFO : ball_device.bd_plunger : State: idle
2025-10-18 08:03:01,557 : INFO : ball_device.bd_left_scoop : BCH: Initial count: 0
2025-10-18 08:03:01,557 : INFO : ball_device.bd_left_scoop : State: idle
2025-10-18 08:03:01,558 : INFO : ball_device.bd_right_scoop : BCH: Initial count: 0
2025-10-18 08:03:01,558 : INFO : ball_device.bd_right_scoop : State: idle
2025-10-18 08:03:01,580 : INFO : EventManager : Event: ======'init_phase_3'====== Args={}
2025-10-18 08:03:01,596 : INFO : EventManager : Event: ======'init_phase_4'====== Args={}
2025-10-18 08:03:01,596 : INFO : BallController : Initial balls found: 6
2025-10-18 08:03:01,597 : INFO : EventManager : Event: ======'machine_var_audits_events_game_ended'====== Args={'value': 66, 'prev_value': None, 'change': True}
2025-10-18 08:03:01,598 : INFO : EventManager : Event: ======'machine_var_audits_events_game_started'====== Args={'value': 324, 'prev_value': None, 'change': True}
2025-10-18 08:03:01,598 : INFO : EventManager : Event: ======'machine_var_audits_missing_switches_s_A'====== Args={'value': 67, 'prev_value': None, 'change': True}
2025-10-18 08:03:01,598 : INFO : EventManager : Event: ======'machine_var_audits_missing_switches_s_E'====== Args={'value': 4, 'prev_value': None, 'change': True}
2025-10-18 08:03:01,598 : INFO : EventManager : Event: ======'machine_var_audits_missing_switches_s_Eb'====== Args={'value': 67, 'prev_value': None, 'change': True}
2025-10-18 08:03:01,598 : INFO : EventManager : Event: ======'machine_var_audits_missing_switches_s_I'====== Args={'value': 4, 'prev_value': None, 'change': True}
2025-10-18 08:03:01,599 : INFO : EventManager : Event: ======'machine_var_audits_missing_switches_s_L'====== Args={'value': 67, 'prev_value': None, 'change': True}
2025-10-18 08:03:01,599 : INFO : EventManager : Event: ======'machine_var_audits_missing_switches_s_M'====== Args={'value': 4, 'prev_value': None, 'change': True}
2025-10-18 08:03:01,599 : INFO : EventManager : Event: ======'machine_var_audits_missing_switches_s_R'====== Args={'value': 67, 'prev_value': None, 'change': True}
2025-10-18 08:03:01,599 : INFO : EventManager : Event: ======'machine_var_audits_missing_switches_s_T'====== Args={'value': 4, 'prev_value': None, 'change': True}
2025-10-18 08:03:01,599 : INFO : EventManager : Event: ======'machine_var_audits_missing_switches_s_Tb'====== Args={'value': 67, 'prev_value': None, 'change': True}
2025-10-18 08:03:01,599 : INFO : EventManager : Event: ======'machine_var_audits_missing_switches_s_V'====== Args={'value': 67, 'prev_value': None, 'change': True}
2025-10-18 08:03:01,599 : INFO : EventManager : Event: ======'machine_var_audits_missing_switches_s_bumper1'====== Args={'value': 3, 'prev_value': None, 'change': True}
2025-10-18 08:03:01,600 : INFO : EventManager : Event: ======'machine_var_audits_missing_switches_s_bumper2'====== Args={'value': 3, 'prev_value': None, 'change': True}
2025-10-18 08:03:01,600 : INFO : EventManager : Event: ======'machine_var_audits_missing_switches_s_bumper_1'====== Args={'value': 28, 'prev_value': None, 'change': True}
2025-10-18 08:03:01,600 : INFO : EventManager : Event: ======'machine_var_audits_missing_switches_s_bumper_2'====== Args={'value': 28, 'prev_value': None, 'change': True}
2025-10-18 08:03:01,600 : INFO : EventManager : Event: ======'machine_var_audits_missing_switches_s_center_center_target'====== Args={'value': 7, 'prev_value': None, 'change': True}
2025-10-18 08:03:01,600 : INFO : EventManager : Event: ======'machine_var_audits_missing_switches_s_center_rollover'====== Args={'value': 3, 'prev_value': None, 'change': True}
2025-10-18 08:03:01,600 : INFO : EventManager : Event: ======'machine_var_audits_missing_switches_s_center_scoop'====== Args={'value': 8, 'prev_value': None, 'change': True}
2025-10-18 08:03:01,600 : INFO : EventManager : Event: ======'machine_var_audits_missing_switches_s_coin_left'====== Args={'value': 5, 'prev_value': None, 'change': True}
2025-10-18 08:03:01,601 : INFO : EventManager : Event: ======'machine_var_audits_missing_switches_s_launcher_lane_spinner'====== Args={'value': 250, 'prev_value': None, 'change': True}
2025-10-18 08:03:01,601 : INFO : EventManager : Event: ======'machine_var_audits_missing_switches_s_left_center_target'====== Args={'value': 7, 'prev_value': None, 'change': True}
2025-10-18 08:03:01,601 : INFO : EventManager : Event: ======'machine_var_audits_missing_switches_s_left_corridor_spinner'====== Args={'value': 3, 'prev_value': None, 'change': True}
2025-10-18 08:03:01,601 : INFO : EventManager : Event: ======'machine_var_audits_missing_switches_s_left_corridor_spinner2'====== Args={'value': 3, 'prev_value': None, 'change': True}
2025-10-18 08:03:01,601 : INFO : EventManager : Event: ======'machine_var_audits_missing_switches_s_left_flipper'====== Args={'value': 8, 'prev_value': None, 'change': True}
2025-10-18 08:03:01,601 : INFO : EventManager : Event: ======'machine_var_audits_missing_switches_s_left_inlane'====== Args={'value': 3, 'prev_value': None, 'change': True}
2025-10-18 08:03:01,602 : INFO : EventManager : Event: ======'machine_var_audits_missing_switches_s_left_outlane'====== Args={'value': 3, 'prev_value': None, 'change': True}
2025-10-18 08:03:01,602 : INFO : EventManager : Event: ======'machine_var_audits_missing_switches_s_left_rollover'====== Args={'value': 3, 'prev_value': None, 'change': True}
2025-10-18 08:03:01,602 : INFO : EventManager : Event: ======'machine_var_audits_missing_switches_s_left_scoop'====== Args={'value': 1, 'prev_value': None, 'change': True}
2025-10-18 08:03:01,602 : INFO : EventManager : Event: ======'machine_var_audits_missing_switches_s_left_standup'====== Args={'value': 8, 'prev_value': None, 'change': True}
2025-10-18 08:03:01,602 : INFO : EventManager : Event: ======'machine_var_audits_missing_switches_s_plunger'====== Args={'value': 1, 'prev_value': None, 'change': True}
2025-10-18 08:03:01,603 : INFO : EventManager : Event: ======'machine_var_audits_missing_switches_s_right_center_target'====== Args={'value': 7, 'prev_value': None, 'change': True}
2025-10-18 08:03:01,603 : INFO : EventManager : Event: ======'machine_var_audits_missing_switches_s_right_corridor_spinner'====== Args={'value': 3, 'prev_value': None, 'change': True}
2025-10-18 08:03:01,603 : INFO : EventManager : Event: ======'machine_var_audits_missing_switches_s_right_flipper'====== Args={'value': 8, 'prev_value': None, 'change': True}
2025-10-18 08:03:01,603 : INFO : EventManager : Event: ======'machine_var_audits_missing_switches_s_right_inlane'====== Args={'value': 3, 'prev_value': None, 'change': True}
2025-10-18 08:03:01,603 : INFO : EventManager : Event: ======'machine_var_audits_missing_switches_s_right_outlane'====== Args={'value': 3, 'prev_value': None, 'change': True}
2025-10-18 08:03:01,604 : INFO : EventManager : Event: ======'machine_var_audits_missing_switches_s_right_rollover'====== Args={'value': 3, 'prev_value': None, 'change': True}
2025-10-18 08:03:01,604 : INFO : EventManager : Event: ======'machine_var_audits_missing_switches_s_right_scoop'====== Args={'value': 1, 'prev_value': None, 'change': True}
2025-10-18 08:03:01,604 : INFO : EventManager : Event: ======'machine_var_audits_missing_switches_s_right_standup'====== Args={'value': 4, 'prev_value': None, 'change': True}
2025-10-18 08:03:01,604 : INFO : EventManager : Event: ======'machine_var_audits_missing_switches_s_service_coin'====== Args={'value': 5, 'prev_value': None, 'change': True}
2025-10-18 08:03:01,605 : INFO : EventManager : Event: ======'machine_var_audits_missing_switches_s_sling_left'====== Args={'value': 277, 'prev_value': None, 'change': True}
2025-10-18 08:03:01,605 : INFO : EventManager : Event: ======'machine_var_audits_missing_switches_s_sling_right'====== Args={'value': 173, 'prev_value': None, 'change': True}
2025-10-18 08:03:01,605 : INFO : EventManager : Event: ======'machine_var_audits_missing_switches_s_standup_1'====== Args={'value': 3, 'prev_value': None, 'change': True}
2025-10-18 08:03:01,605 : INFO : EventManager : Event: ======'machine_var_audits_missing_switches_s_standup_2'====== Args={'value': 3, 'prev_value': None, 'change': True}
2025-10-18 08:03:01,606 : INFO : EventManager : Event: ======'machine_var_audits_missing_switches_s_standup_3'====== Args={'value': 3, 'prev_value': None, 'change': True}
2025-10-18 08:03:01,606 : INFO : EventManager : Event: ======'machine_var_audits_missing_switches_s_standup_4'====== Args={'value': 3, 'prev_value': None, 'change': True}
2025-10-18 08:03:01,606 : INFO : EventManager : Event: ======'machine_var_audits_missing_switches_s_standup_5'====== Args={'value': 3, 'prev_value': None, 'change': True}
2025-10-18 08:03:01,606 : INFO : EventManager : Event: ======'machine_var_audits_missing_switches_s_standup_6'====== Args={'value': 3, 'prev_value': None, 'change': True}
2025-10-18 08:03:01,606 : INFO : EventManager : Event: ======'machine_var_audits_missing_switches_s_start'====== Args={'value': 5, 'prev_value': None, 'change': True}
2025-10-18 08:03:01,606 : INFO : EventManager : Event: ======'machine_var_audits_missing_switches_s_top_left_standup'====== Args={'value': 17, 'prev_value': None, 'change': True}
2025-10-18 08:03:01,607 : INFO : EventManager : Event: ======'machine_var_audits_missing_switches_s_top_left_standup2'====== Args={'value': 3, 'prev_value': None, 'change': True}
2025-10-18 08:03:01,607 : INFO : EventManager : Event: ======'machine_var_audits_missing_switches_s_trough1'====== Args={'value': 5, 'prev_value': None, 'change': True}
2025-10-18 08:03:01,607 : INFO : EventManager : Event: ======'machine_var_audits_missing_switches_s_trough2'====== Args={'value': 9, 'prev_value': None, 'change': True}
2025-10-18 08:03:01,607 : INFO : EventManager : Event: ======'machine_var_audits_missing_switches_s_trough3'====== Args={'value': 324, 'prev_value': None, 'change': True}
2025-10-18 08:03:01,608 : INFO : EventManager : Event: ======'machine_var_audits_missing_switches_s_trough4'====== Args={'value': 324, 'prev_value': None, 'change': True}
2025-10-18 08:03:01,608 : INFO : EventManager : Event: ======'machine_var_audits_missing_switches_s_trough5'====== Args={'value': 324, 'prev_value': None, 'change': True}
2025-10-18 08:03:01,609 : INFO : EventManager : Event: ======'machine_var_audits_missing_switches_s_trough6'====== Args={'value': 324, 'prev_value': None, 'change': True}
2025-10-18 08:03:01,609 : INFO : EventManager : Event: ======'machine_var_audits_missing_switches_s_trough_jam'====== Args={'value': 8, 'prev_value': None, 'change': True}
2025-10-18 08:03:01,610 : INFO : EventManager : Event: ======'machine_var_audits_player_score'====== Args={'value': {'average': 6709720, 'top': [75043600, 70538842, 47521800, 45002500, 43517500, 42224750, 41236342, 31835000, 13531600, 13201700], 'total': 69}, 'prev_value': None, 'change': True}
2025-10-18 08:03:01,611 : INFO : EventManager : Event: ======'machine_var_audits_shots_A'====== Args={'value': 43, 'prev_value': None, 'change': True}
2025-10-18 08:03:01,611 : INFO : EventManager : Event: ======'machine_var_audits_shots_E'====== Args={'value': 196, 'prev_value': None, 'change': True}
2025-10-18 08:03:01,611 : INFO : EventManager : Event: ======'machine_var_audits_shots_Eb'====== Args={'value': 39, 'prev_value': None, 'change': True}
2025-10-18 08:03:01,612 : INFO : EventManager : Event: ======'machine_var_audits_shots_I'====== Args={'value': 189, 'prev_value': None, 'change': True}
2025-10-18 08:03:01,612 : INFO : EventManager : Event: ======'machine_var_audits_shots_L'====== Args={'value': 40, 'prev_value': None, 'change': True}
2025-10-18 08:03:01,612 : INFO : EventManager : Event: ======'machine_var_audits_shots_M'====== Args={'value': 192, 'prev_value': None, 'change': True}
2025-10-18 08:03:01,613 : INFO : EventManager : Event: ======'machine_var_audits_shots_R'====== Args={'value': 54, 'prev_value': None, 'change': True}
2025-10-18 08:03:01,613 : INFO : EventManager : Event: ======'machine_var_audits_shots_T'====== Args={'value': 193, 'prev_value': None, 'change': True}
2025-10-18 08:03:01,613 : INFO : EventManager : Event: ======'machine_var_audits_shots_Tb'====== Args={'value': 62, 'prev_value': None, 'change': True}
2025-10-18 08:03:01,614 : INFO : EventManager : Event: ======'machine_var_audits_shots_V'====== Args={'value': 40, 'prev_value': None, 'change': True}
2025-10-18 08:03:01,614 : INFO : EventManager : Event: ======'machine_var_audits_shots_bumper1_shot'====== Args={'value': 269, 'prev_value': None, 'change': True}
2025-10-18 08:03:01,614 : INFO : EventManager : Event: ======'machine_var_audits_shots_bumper2_shot'====== Args={'value': 830, 'prev_value': None, 'change': True}
2025-10-18 08:03:01,615 : INFO : EventManager : Event: ======'machine_var_audits_shots_center_center_droptarget'====== Args={'value': 16, 'prev_value': None, 'change': True}
2025-10-18 08:03:01,615 : INFO : EventManager : Event: ======'machine_var_audits_shots_center_rollover'====== Args={'value': 7, 'prev_value': None, 'change': True}
2025-10-18 08:03:01,615 : INFO : EventManager : Event: ======'machine_var_audits_shots_center_rollover_shot'====== Args={'value': 330, 'prev_value': None, 'change': True}
2025-10-18 08:03:01,616 : INFO : EventManager : Event: ======'machine_var_audits_shots_jets'====== Args={'value': 1040, 'prev_value': None, 'change': True}
2025-10-18 08:03:01,616 : INFO : EventManager : Event: ======'machine_var_audits_shots_left_center_droptarget'====== Args={'value': 16, 'prev_value': None, 'change': True}
2025-10-18 08:03:01,617 : INFO : EventManager : Event: ======'machine_var_audits_shots_left_inlane_shot'====== Args={'value': 6, 'prev_value': None, 'change': True}
2025-10-18 08:03:01,617 : INFO : EventManager : Event: ======'machine_var_audits_shots_left_outlane_shot'====== Args={'value': 6, 'prev_value': None, 'change': True}
2025-10-18 08:03:01,617 : INFO : EventManager : Event: ======'machine_var_audits_shots_left_rollover'====== Args={'value': 36, 'prev_value': None, 'change': True}
2025-10-18 08:03:01,618 : INFO : EventManager : Event: ======'machine_var_audits_shots_left_rollover_shot'====== Args={'value': 271, 'prev_value': None, 'change': True}
2025-10-18 08:03:01,618 : INFO : EventManager : Event: ======'machine_var_audits_shots_left_scoop_shot'====== Args={'value': 29, 'prev_value': None, 'change': True}
2025-10-18 08:03:01,618 : INFO : EventManager : Event: ======'machine_var_audits_shots_letf_inlane_shot'====== Args={'value': 6, 'prev_value': None, 'change': True}
2025-10-18 08:03:01,619 : INFO : EventManager : Event: ======'machine_var_audits_shots_letf_outlane_shot'====== Args={'value': 5, 'prev_value': None, 'change': True}
2025-10-18 08:03:01,619 : INFO : EventManager : Event: ======'machine_var_audits_shots_middle_inlane_shot'====== Args={'value': 20, 'prev_value': None, 'change': True}
2025-10-18 08:03:01,620 : INFO : EventManager : Event: ======'machine_var_audits_shots_my_first_shot'====== Args={'value': 95, 'prev_value': None, 'change': True}
2025-10-18 08:03:01,620 : INFO : EventManager : Event: ======'machine_var_audits_shots_right_center_droptarget'====== Args={'value': 16, 'prev_value': None, 'change': True}
2025-10-18 08:03:01,620 : INFO : EventManager : Event: ======'machine_var_audits_shots_right_inlane_shot'====== Args={'value': 104, 'prev_value': None, 'change': True}
2025-10-18 08:03:01,621 : INFO : EventManager : Event: ======'machine_var_audits_shots_right_outlane_shot'====== Args={'value': 35, 'prev_value': None, 'change': True}
2025-10-18 08:03:01,621 : INFO : EventManager : Event: ======'machine_var_audits_shots_right_rollover'====== Args={'value': 41, 'prev_value': None, 'change': True}
2025-10-18 08:03:01,622 : INFO : EventManager : Event: ======'machine_var_audits_shots_right_rollover_shot'====== Args={'value': 373, 'prev_value': None, 'change': True}
2025-10-18 08:03:01,622 : INFO : EventManager : Event: ======'machine_var_audits_shots_right_scoop_shot'====== Args={'value': 52, 'prev_value': None, 'change': True}
2025-10-18 08:03:01,622 : INFO : EventManager : Event: ======'machine_var_audits_shots_right_standup'====== Args={'value': 37, 'prev_value': None, 'change': True}
2025-10-18 08:03:01,623 : INFO : EventManager : Event: ======'machine_var_audits_shots_standup_1_skill'====== Args={'value': 54, 'prev_value': None, 'change': True}
2025-10-18 08:03:01,623 : INFO : EventManager : Event: ======'machine_var_audits_shots_standup_2_skill'====== Args={'value': 30, 'prev_value': None, 'change': True}
2025-10-18 08:03:01,623 : INFO : EventManager : Event: ======'machine_var_audits_shots_standup_3_skill'====== Args={'value': 12, 'prev_value': None, 'change': True}
2025-10-18 08:03:01,624 : INFO : EventManager : Event: ======'machine_var_audits_shots_standup_4_skill'====== Args={'value': 9, 'prev_value': None, 'change': True}
2025-10-18 08:03:01,624 : INFO : EventManager : Event: ======'machine_var_audits_shots_standup_5_skill'====== Args={'value': 4, 'prev_value': None, 'change': True}
2025-10-18 08:03:01,624 : INFO : EventManager : Event: ======'machine_var_audits_shots_standup_6_skill'====== Args={'value': 2, 'prev_value': None, 'change': True}
2025-10-18 08:03:01,625 : INFO : EventManager : Event: ======'machine_var_audits_shots_top_middle_inlane_shot'====== Args={'value': 41, 'prev_value': None, 'change': True}
2025-10-18 08:03:01,626 : INFO : EventManager : Event: ======'machine_var_audits_switches_s_A'====== Args={'value': 0, 'prev_value': None, 'change': True}
2025-10-18 08:03:01,626 : INFO : EventManager : Event: ======'machine_var_audits_switches_s_E'====== Args={'value': 201, 'prev_value': None, 'change': True}
2025-10-18 08:03:01,627 : INFO : EventManager : Event: ======'machine_var_audits_switches_s_Eb'====== Args={'value': 0, 'prev_value': None, 'change': True}
2025-10-18 08:03:01,627 : INFO : EventManager : Event: ======'machine_var_audits_switches_s_I'====== Args={'value': 194, 'prev_value': None, 'change': True}
2025-10-18 08:03:01,628 : INFO : EventManager : Event: ======'machine_var_audits_switches_s_L'====== Args={'value': 0, 'prev_value': None, 'change': True}
2025-10-18 08:03:01,628 : INFO : EventManager : Event: ======'machine_var_audits_switches_s_M'====== Args={'value': 197, 'prev_value': None, 'change': True}
2025-10-18 08:03:01,629 : INFO : EventManager : Event: ======'machine_var_audits_switches_s_R'====== Args={'value': 0, 'prev_value': None, 'change': True}
2025-10-18 08:03:01,629 : INFO : EventManager : Event: ======'machine_var_audits_switches_s_T'====== Args={'value': 197, 'prev_value': None, 'change': True}
2025-10-18 08:03:01,630 : INFO : EventManager : Event: ======'machine_var_audits_switches_s_Tb'====== Args={'value': 0, 'prev_value': None, 'change': True}
2025-10-18 08:03:01,630 : INFO : EventManager : Event: ======'machine_var_audits_switches_s_V'====== Args={'value': 0, 'prev_value': None, 'change': True}
2025-10-18 08:03:01,631 : INFO : EventManager : Event: ======'machine_var_audits_switches_s_bumper1'====== Args={'value': 269, 'prev_value': None, 'change': True}
2025-10-18 08:03:01,631 : INFO : EventManager : Event: ======'machine_var_audits_switches_s_bumper2'====== Args={'value': 834, 'prev_value': None, 'change': True}
2025-10-18 08:03:01,632 : INFO : EventManager : Event: ======'machine_var_audits_switches_s_bumper_1'====== Args={'value': 0, 'prev_value': None, 'change': True}
2025-10-18 08:03:01,632 : INFO : EventManager : Event: ======'machine_var_audits_switches_s_bumper_2'====== Args={'value': 0, 'prev_value': None, 'change': True}
2025-10-18 08:03:01,633 : INFO : EventManager : Event: ======'machine_var_audits_switches_s_center_center_target'====== Args={'value': 22, 'prev_value': None, 'change': True}
2025-10-18 08:03:01,633 : INFO : EventManager : Event: ======'machine_var_audits_switches_s_center_rollover'====== Args={'value': 341, 'prev_value': None, 'change': True}
2025-10-18 08:03:01,634 : INFO : EventManager : Event: ======'machine_var_audits_switches_s_center_scoop'====== Args={'value': 3, 'prev_value': None, 'change': True}
2025-10-18 08:03:01,634 : INFO : EventManager : Event: ======'machine_var_audits_switches_s_coin_left'====== Args={'value': 16, 'prev_value': None, 'change': True}
2025-10-18 08:03:01,635 : INFO : EventManager : Event: ======'machine_var_audits_switches_s_launcher_lane_spinner'====== Args={'value': 0, 'prev_value': None, 'change': True}
2025-10-18 08:03:01,635 : INFO : EventManager : Event: ======'machine_var_audits_switches_s_left_center_target'====== Args={'value': 23, 'prev_value': None, 'change': True}
2025-10-18 08:03:01,636 : INFO : EventManager : Event: ======'machine_var_audits_switches_s_left_corridor_spinner'====== Args={'value': 9, 'prev_value': None, 'change': True}
2025-10-18 08:03:01,636 : INFO : EventManager : Event: ======'machine_var_audits_switches_s_left_corridor_spinner2'====== Args={'value': 4, 'prev_value': None, 'change': True}
2025-10-18 08:03:01,637 : INFO : EventManager : Event: ======'machine_var_audits_switches_s_left_flipper'====== Args={'value': 332, 'prev_value': None, 'change': True}
2025-10-18 08:03:01,637 : INFO : EventManager : Event: ======'machine_var_audits_switches_s_left_inlane'====== Args={'value': 22, 'prev_value': None, 'change': True}
2025-10-18 08:03:01,638 : INFO : EventManager : Event: ======'machine_var_audits_switches_s_left_outlane'====== Args={'value': 14, 'prev_value': None, 'change': True}
2025-10-18 08:03:01,638 : INFO : EventManager : Event: ======'machine_var_audits_switches_s_left_rollover'====== Args={'value': 282, 'prev_value': None, 'change': True}
2025-10-18 08:03:01,639 : INFO : EventManager : Event: ======'machine_var_audits_switches_s_left_scoop'====== Args={'value': 246, 'prev_value': None, 'change': True}
2025-10-18 08:03:01,639 : INFO : EventManager : Event: ======'machine_var_audits_switches_s_left_standup'====== Args={'value': 5, 'prev_value': None, 'change': True}
2025-10-18 08:03:01,640 : INFO : EventManager : Event: ======'machine_var_audits_switches_s_middle_inlane'====== Args={'value': 20, 'prev_value': None, 'change': True}
2025-10-18 08:03:01,641 : INFO : EventManager : Event: ======'machine_var_audits_switches_s_plunger'====== Args={'value': 565, 'prev_value': None, 'change': True}
2025-10-18 08:03:01,641 : INFO : EventManager : Event: ======'machine_var_audits_switches_s_right_center_target'====== Args={'value': 25, 'prev_value': None, 'change': True}
2025-10-18 08:03:01,642 : INFO : EventManager : Event: ======'machine_var_audits_switches_s_right_corridor_spinner'====== Args={'value': 14, 'prev_value': None, 'change': True}
2025-10-18 08:03:01,643 : INFO : EventManager : Event: ======'machine_var_audits_switches_s_right_flipper'====== Args={'value': 155, 'prev_value': None, 'change': True}
2025-10-18 08:03:01,644 : INFO : EventManager : Event: ======'machine_var_audits_switches_s_right_inlane'====== Args={'value': 231, 'prev_value': None, 'change': True}
2025-10-18 08:03:01,645 : INFO : EventManager : Event: ======'machine_var_audits_switches_s_right_outlane'====== Args={'value': 41, 'prev_value': None, 'change': True}
2025-10-18 08:03:01,645 : INFO : EventManager : Event: ======'machine_var_audits_switches_s_right_rollover'====== Args={'value': 382, 'prev_value': None, 'change': True}
2025-10-18 08:03:01,646 : INFO : EventManager : Event: ======'machine_var_audits_switches_s_right_scoop'====== Args={'value': 69, 'prev_value': None, 'change': True}
2025-10-18 08:03:01,647 : INFO : EventManager : Event: ======'machine_var_audits_switches_s_right_standup'====== Args={'value': 149, 'prev_value': None, 'change': True}
2025-10-18 08:03:01,647 : INFO : EventManager : Event: ======'machine_var_audits_switches_s_service_coin'====== Args={'value': 1, 'prev_value': None, 'change': True}
2025-10-18 08:03:01,648 : INFO : EventManager : Event: ======'machine_var_audits_switches_s_sling_left'====== Args={'value': 3, 'prev_value': None, 'change': True}
2025-10-18 08:03:01,648 : INFO : EventManager : Event: ======'machine_var_audits_switches_s_sling_right'====== Args={'value': 8, 'prev_value': None, 'change': True}
2025-10-18 08:03:01,649 : INFO : EventManager : Event: ======'machine_var_audits_switches_s_standup_1'====== Args={'value': 146, 'prev_value': None, 'change': True}
2025-10-18 08:03:01,649 : INFO : EventManager : Event: ======'machine_var_audits_switches_s_standup_2'====== Args={'value': 97, 'prev_value': None, 'change': True}
2025-10-18 08:03:01,650 : INFO : EventManager : Event: ======'machine_var_audits_switches_s_standup_3'====== Args={'value': 86, 'prev_value': None, 'change': True}
2025-10-18 08:03:01,651 : INFO : EventManager : Event: ======'machine_var_audits_switches_s_standup_4'====== Args={'value': 65, 'prev_value': None, 'change': True}
2025-10-18 08:03:01,651 : INFO : EventManager : Event: ======'machine_var_audits_switches_s_standup_5'====== Args={'value': 63, 'prev_value': None, 'change': True}
2025-10-18 08:03:01,652 : INFO : EventManager : Event: ======'machine_var_audits_switches_s_standup_6'====== Args={'value': 54, 'prev_value': None, 'change': True}
2025-10-18 08:03:01,652 : INFO : EventManager : Event: ======'machine_var_audits_switches_s_start'====== Args={'value': 54, 'prev_value': None, 'change': True}
2025-10-18 08:03:01,653 : INFO : EventManager : Event: ======'machine_var_audits_switches_s_top_left_standup'====== Args={'value': 11, 'prev_value': None, 'change': True}
2025-10-18 08:03:01,653 : INFO : EventManager : Event: ======'machine_var_audits_switches_s_top_left_standup2'====== Args={'value': 20, 'prev_value': None, 'change': True}
2025-10-18 08:03:01,653 : INFO : EventManager : Event: ======'machine_var_audits_switches_s_top_middle_inlane'====== Args={'value': 41, 'prev_value': None, 'change': True}
2025-10-18 08:03:01,654 : INFO : EventManager : Event: ======'machine_var_audits_switches_s_trough1'====== Args={'value': 330, 'prev_value': None, 'change': True}
2025-10-18 08:03:01,654 : INFO : EventManager : Event: ======'machine_var_audits_switches_s_trough2'====== Args={'value': 1, 'prev_value': None, 'change': True}
2025-10-18 08:03:01,655 : INFO : EventManager : Event: ======'machine_var_audits_switches_s_trough3'====== Args={'value': 0, 'prev_value': None, 'change': True}
2025-10-18 08:03:01,655 : INFO : EventManager : Event: ======'machine_var_audits_switches_s_trough4'====== Args={'value': 0, 'prev_value': None, 'change': True}
2025-10-18 08:03:01,655 : INFO : EventManager : Event: ======'machine_var_audits_switches_s_trough5'====== Args={'value': 0, 'prev_value': None, 'change': True}
2025-10-18 08:03:01,656 : INFO : EventManager : Event: ======'machine_var_audits_switches_s_trough6'====== Args={'value': 0, 'prev_value': None, 'change': True}
2025-10-18 08:03:01,656 : INFO : EventManager : Event: ======'machine_var_audits_switches_s_trough_jam'====== Args={'value': 2, 'prev_value': None, 'change': True}
2025-10-18 08:03:01,657 : INFO : EventManager : Event: ======'init_phase_5'====== Args={}
2025-10-18 08:03:01,710 : INFO : EventManager : Event: ======'init_done'====== Args={}
2025-10-18 08:03:01,710 : INFO : EventManager : Event: ======'machine_reset_phase_1'====== Args={}
2025-10-18 08:03:01,712 : INFO : EventManager : Event: ======'slide_window_slide_1_removed'====== Args={'_from_bcp': True}
2025-10-18 08:03:01,743 : INFO : EventManager : Event: ======'slide_window_slide_1_created'====== Args={'_from_bcp': True}
2025-10-18 08:03:01,743 : INFO : EventManager : Event: ======'slide_window_slide_1_active'====== Args={'_from_bcp': True}
2025-10-18 08:03:01,763 : INFO : EventManager : Event: ======'machine_reset_phase_2'====== Args={}
2025-10-18 08:03:01,763 : INFO : EventManager : Event: ======'machine_reset_phase_3'====== Args={}
2025-10-18 08:03:01,763 : INFO : drop_target_bank.TIME : All targets are already up. Will not reset bank.
2025-10-18 08:03:01,763 : INFO : drop_target_bank.CENTER : All targets are already up. Will not reset bank.
2025-10-18 08:03:01,763 : INFO : drop_target_bank.TRAVEL : All targets are already up. Will not reset bank.
2025-10-18 08:03:01,763 : INFO : EventManager : Event: ======'reset_complete'====== Args={}
2025-10-18 08:03:01,763 : INFO : EventManager : Event: ======'mode_credits_will_start'====== Args={}
2025-10-18 08:03:01,764 : INFO : EventManager : Event: ======'mode_credits_starting'====== Args={}
2025-10-18 08:03:01,764 : INFO : EventManager : Event: ======'mode_attract_will_start'====== Args={}
2025-10-18 08:03:01,765 : INFO : EventManager : Event: ======'mode_attract_starting'====== Args={}
2025-10-18 08:03:01,765 : INFO : Mode.attract : Started. Priority: 10
2025-10-18 08:03:01,765 : INFO : EventManager : Event: ======'modes_active_modes_changed'====== Args={}
2025-10-18 08:03:01,765 : INFO : EventManager : Event: ======'mode_attract_started'====== Args={}
2025-10-18 08:03:01,766 : INFO : EventManager : Event: ======'collecting_balls_complete'====== Args={}
2025-10-18 08:03:01,766 : INFO : Mode.credits : Started. Priority: 1000010
2025-10-18 08:03:01,766 : INFO : EventManager : Event: ======'modes_active_modes_changed'====== Args={}
2025-10-18 08:03:01,766 : INFO : EventManager : Event: ======'mode_credits_started'====== Args={}
2025-10-18 08:03:01,766 : INFO : Mode.credits : Credit units per game: 2
2025-10-18 08:03:01,766 : INFO : EventManager : Event: ======'machine_var_price_per_game_raw_0'====== Args={'value': 0.5, 'prev_value': None, 'change': True}
2025-10-18 08:03:01,767 : INFO : EventManager : Event: ======'machine_var_price_per_game_string_0'====== Args={'value': '1 CREDITS $0.5', 'prev_value': None, 'change': True}
2025-10-18 08:03:01,767 : INFO : EventManager : Event: ======'machine_var_price_per_game_raw_1'====== Args={'value': 2.0, 'prev_value': None, 'change': True}
2025-10-18 08:03:01,768 : INFO : EventManager : Event: ======'machine_var_price_per_game_string_1'====== Args={'value': '5 CREDITS $2.0', 'prev_value': None, 'change': True}
2025-10-18 08:03:01,768 : INFO : EventManager : Event: ======'machine_var_credits_string'====== Args={'value': ' ', 'prev_value': 'FREE PLAY', 'change': True}
2025-10-18 08:03:01,769 : INFO : EventManager : Event: ======'machine_var_credits_value'====== Args={'value': '0', 'prev_value': None, 'change': True}
2025-10-18 08:03:01,769 : INFO : EventManager : Event: ======'machine_var_credits_whole_num'====== Args={'value': 0, 'prev_value': None, 'change': True}
2025-10-18 08:03:01,769 : INFO : EventManager : Event: ======'machine_var_credits_numerator'====== Args={'value': 0, 'prev_value': None, 'change': True}
2025-10-18 08:03:01,771 : INFO : EventManager : Event: ======'machine_var_credits_denominator'====== Args={'value': 0, 'prev_value': None, 'change': True}
2025-10-18 08:03:01,771 : INFO : EventManager : Event: ======'machine_var_credits_string'====== Args={'value': 'CREDITS 10', 'prev_value': ' ', 'change': True}
2025-10-18 08:03:01,772 : INFO : EventManager : Event: ======'machine_var_credits_value'====== Args={'value': '10', 'prev_value': '0', 'change': True}
2025-10-18 08:03:01,773 : INFO : EventManager : Event: ======'machine_var_credits_whole_num'====== Args={'value': 10, 'prev_value': 0, 'change': 10}
2025-10-18 08:03:01,773 : INFO : EventManager : Event: ======'machine_var_credits_denominator'====== Args={'value': 2, 'prev_value': 0, 'change': 2}
2025-10-18 08:03:01,812 : INFO : EventManager : Event: ======'slide_awesome_slide_created'====== Args={'_from_bcp': True}
2025-10-18 08:03:01,812 : INFO : EventManager : Event: ======'slide_awesome_slide_active'====== Args={'_from_bcp': True}
2025-10-18 08:03:01,812 : INFO : Machine : Starting the main run loop.
2025-10-18 08:03:01,876 : INFO : BcpServer : New client connected.
2025-10-18 08:03:03,492 : INFO : SwitchController : <<<<<<< 's_start' active >>>>>>>
2025-10-18 08:03:03,576 : INFO : SwitchController : <<<<<<< 's_start' inactive >>>>>>>
2025-10-18 08:03:03,576 : INFO : EventManager : Event: ======'request_to_start_game'====== Args={}
2025-10-18 08:03:03,577 : INFO : Mode.credits : Received request to start game. Request Approved. Sufficient credits available.
2025-10-18 08:03:03,577 : INFO : EventManager : Event: ======'game_start'====== Args={'buttons': [], 'hold_time': 0.07800000000861473}
2025-10-18 08:03:03,577 : INFO : EventManager : Event: ======'mode_game_will_start'====== Args={'buttons': [], 'hold_time': 0.07800000000861473}
2025-10-18 08:03:03,578 : INFO : EventManager : Event: ======'mode_game_starting'====== Args={'buttons': [], 'hold_time': 0.07800000000861473}
2025-10-18 08:03:03,578 : INFO : EventManager : Event: ======'mode_attract_will_stop'====== Args={}
2025-10-18 08:03:03,579 : INFO : EventManager : Event: ======'mode_attract_stopping'====== Args={}
2025-10-18 08:03:03,579 : INFO : Mode.attract : Stopped.
2025-10-18 08:03:03,579 : INFO : EventManager : Event: ======'modes_active_modes_changed'====== Args={}
2025-10-18 08:03:03,579 : INFO : EventManager : Event: ======'mode_attract_stopped'====== Args={}
2025-10-18 08:03:03,580 : INFO : EventManager : Event: ======'clear'====== Args={'key': 'attract'}
2025-10-18 08:03:03,580 : INFO : Mode.game : Started. Priority: 20
2025-10-18 08:03:03,580 : INFO : EventManager : Event: ======'modes_active_modes_changed'====== Args={}
2025-10-18 08:03:03,580 : INFO : EventManager : Event: ======'mode_game_started'====== Args={'buttons': [], 'hold_time': 0.07800000000861473}
2025-10-18 08:03:03,588 : INFO : EventManager : Event: ======'game_will_start'====== Args={}
2025-10-18 08:03:03,589 : INFO : EventManager : Event: ======'game_starting'====== Args={'game': <Mode.game>}
2025-10-18 08:03:03,590 : INFO : EventManager : Unordered handler for class <Auditor> on event game_ended with priority 1. Handlers: [RegisteredHandler(callback=<bound method Auditor.disable of <Auditor>>, priority=1, kwargs={}, key=UUID('c6b9a501-d2a3-41bf-a1ed-ce4c2ef49b61'), condition=None, blocking_facility=None), RegisteredHandler(callback=<bound method Auditor._save_audits of <Auditor>>, priority=1, kwargs={}, key=UUID('7ec2de9d-7e41-4543-a5cd-18c97fa4df15'), condition=None, blocking_facility=None)]. The order of those handlers is not defined and they will be executed in random order. This might lead to race conditions and potential bugs.
2025-10-18 08:03:03,590 : INFO : EventManager : Event: ======'player_add_request'====== Args={}
2025-10-18 08:03:03,590 : INFO : Mode.credits : Received request to add player. Request Approved. Sufficient credits available.
2025-10-18 08:03:03,590 : INFO : EventManager : Event: ======'player_will_add'====== Args={'number': 1}
2025-10-18 08:03:03,591 : INFO : EventManager : Event: ======'player_adding'====== Args={'player': <Player 1>, 'number': 1}
2025-10-18 08:03:03,591 : INFO : EventManager : Event: ======'player_added'====== Args={'player': <Player 1>, 'num': 1}
2025-10-18 08:03:03,591 : INFO : Mode.game : Player added successfully. Total players: 1
2025-10-18 08:03:03,591 : INFO : EventManager : Event: ======'machine_var_credit_units'====== Args={'value': 18, 'prev_value': 20, 'change': -2}
2025-10-18 08:03:03,592 : INFO : EventManager : Event: ======'machine_var_credits_string'====== Args={'value': 'CREDITS 9', 'prev_value': 'CREDITS 10', 'change': True}
2025-10-18 08:03:03,594 : INFO : EventManager : Event: ======'machine_var_credits_value'====== Args={'value': '9', 'prev_value': '10', 'change': True}
2025-10-18 08:03:03,595 : INFO : EventManager : Event: ======'machine_var_credits_whole_num'====== Args={'value': 9, 'prev_value': 10, 'change': -1}
2025-10-18 08:03:03,596 : INFO : EventManager : Event: ======'player_index'====== Args={'value': 0, 'prev_value': 0, 'change': 0, 'player_num': 1}
2025-10-18 08:03:03,597 : INFO : EventManager : Event: ======'player_number'====== Args={'value': 1, 'prev_value': 1, 'change': 0, 'player_num': 1}
2025-10-18 08:03:03,597 : INFO : EventManager : Event: ======'player_sj_active'====== Args={'value': 0, 'prev_value': 0, 'change': 0, 'player_num': 1}
2025-10-18 08:03:03,597 : INFO : EventManager : Event: ======'player_score'====== Args={'value': 0, 'prev_value': 0, 'change': 0, 'player_num': 1}
2025-10-18 08:03:03,599 : INFO : EventManager : Event: ======'game_started'====== Args={}
2025-10-18 08:03:03,612 : INFO : EventManager : Event: ======'player_turn_will_start'====== Args={'player': <Player 1>, 'number': 1}
2025-10-18 08:03:03,614 : INFO : EventManager : Event: ======'player_turn_starting'====== Args={'player': <Player 1>, 'number': 1}
2025-10-18 08:03:03,615 : INFO : EventManager : Event: ======'player_ball'====== Args={'value': 1, 'prev_value': 0, 'change': 1, 'player_num': 1}
2025-10-18 08:03:03,615 : INFO : EventManager : Event: ======'player_turn_started'====== Args={'player': <Player 1>, 'number': 1}
2025-10-18 08:03:03,617 : INFO : EventManager : Event: ======'ball_will_start'====== Args={'player': 1, 'ball': 1, 'balls_remaining': 2, 'is_extra_ball': False}
2025-10-18 08:03:03,617 : INFO : EventManager : Event: ======'slide_awesome_slide_removed'====== Args={'_from_bcp': True}
2025-10-18 08:03:03,622 : INFO : EventManager : Event: ======'ball_starting'====== Args={'player': 1, 'ball': 1, 'balls_remaining': 2, 'is_extra_ball': False}
2025-10-18 08:03:03,623 : INFO : EventManager : Event: ======'slide_player_added_slide_created'====== Args={'_from_bcp': True}
2025-10-18 08:03:03,624 : INFO : EventManager : Event: ======'mode_special_setup_will_start'====== Args={'queue': <QueuedEvent>, 'player': 1, 'ball': 1, 'balls_remaining': 2, 'is_extra_ball': False}
2025-10-18 08:03:03,624 : INFO : EventManager : Event: ======'mode_special_setup_starting'====== Args={'queue': <QueuedEvent>, 'player': 1, 'ball': 1, 'balls_remaining': 2, 'is_extra_ball': False}
2025-10-18 08:03:03,625 : INFO : EventManager : Event: ======'mode_super_jets_setup_will_start'====== Args={'queue': <QueuedEvent>, 'player': 1, 'ball': 1, 'balls_remaining': 2, 'is_extra_ball': False}
2025-10-18 08:03:03,625 : INFO : EventManager : Event: ======'player_shot_jets_enabled'====== Args={'value': True, 'prev_value': 0, 'change': 1, 'player_num': 1}
2025-10-18 08:03:03,627 : INFO : EventManager : Event: ======'mode_super_jets_setup_starting'====== Args={'queue': <QueuedEvent>, 'player': 1, 'ball': 1, 'balls_remaining': 2, 'is_extra_ball': False}
2025-10-18 08:03:03,628 : INFO : drop_target_bank.TIME : All targets are already up. Will not reset bank.
2025-10-18 08:03:03,628 : INFO : drop_target_bank.CENTER : All targets are already up. Will not reset bank.
2025-10-18 08:03:03,628 : INFO : drop_target_bank.TRAVEL : All targets are already up. Will not reset bank.
2025-10-18 08:03:03,629 : INFO : EventManager : Event: ======'balls_in_play'====== Args={'balls': 1}
2025-10-18 08:03:03,629 : INFO : EventManager : Event: ======'ball_started'====== Args={'player': 1, 'ball': 1, 'balls_remaining': 2, 'is_extra_ball': False}
2025-10-18 08:03:03,629 : INFO : EventManager : Event: ======'logicblock_special_count_updated'====== Args={'value': 0, 'enabled': True}
2025-10-18 08:03:03,630 : INFO : EventManager : Event: ======'logicblock_special_count_updated'====== Args={'value': 0, 'enabled': True}
2025-10-18 08:03:03,630 : INFO : Mode.special_setup : Started. Priority: 400
2025-10-18 08:03:03,630 : INFO : EventManager : Event: ======'modes_active_modes_changed'====== Args={}
2025-10-18 08:03:03,630 : INFO : EventManager : Event: ======'mode_special_setup_started'====== Args={'queue': <QueuedEvent>, 'player': 1, 'ball': 1, 'balls_remaining': 2, 'is_extra_ball': False}
2025-10-18 08:03:03,630 : INFO : EventManager : Event: ======'logicblock_lb_jets_count_updated'====== Args={'value': 0, 'enabled': True}
2025-10-18 08:03:03,631 : INFO : EventManager : Event: ======'logicblock_lb_rollover_complete_count_updated'====== Args={'value': 0, 'enabled': True}
2025-10-18 08:03:03,631 : INFO : EventManager : Event: ======'logicblock_lb_jets_count_updated'====== Args={'value': 0, 'enabled': True}
2025-10-18 08:03:03,631 : INFO : EventManager : Event: ======'logicblock_lb_jets_resume_updated'====== Args={'value': 0, 'enabled': False}
2025-10-18 08:03:03,631 : INFO : EventManager : Event: ======'logicblock_lb_rollover_complete_count_updated'====== Args={'value': 0, 'enabled': True}
2025-10-18 08:03:03,631 : INFO : Mode.super_jets_setup : Started. Priority: 200
2025-10-18 08:03:03,631 : INFO : EventManager : Event: ======'modes_active_modes_changed'====== Args={}
2025-10-18 08:03:03,631 : INFO : EventManager : Event: ======'mode_super_jets_setup_started'====== Args={'queue': <QueuedEvent>, 'player': 1, 'ball': 1, 'balls_remaining': 2, 'is_extra_ball': False}
2025-10-18 08:03:03,632 : INFO : EventManager : Event: ======'slide_player_added_slide_removed'====== Args={'_from_bcp': True}
2025-10-18 08:03:03,632 : INFO : EventManager : Event: ======'slide_player_added_slide_created'====== Args={'_from_bcp': True}
2025-10-18 08:03:03,632 : INFO : EventManager : Event: ======'slide_player_added_slide_removed'====== Args={'_from_bcp': True}
2025-10-18 08:03:03,633 : INFO : EventManager : Event: ======'mode_base_will_start'====== Args={'player': 1, 'ball': 1, 'balls_remaining': 2, 'is_extra_ball': False}
2025-10-18 08:03:03,633 : INFO : EventManager : Event: ======'player_shot_top_left_standup2_shot_enabled'====== Args={'value': True, 'prev_value': 0, 'change': 1, 'player_num': 1}
2025-10-18 08:03:03,634 : INFO : EventManager : Event: ======'player_shot_top_left_standup_shot_enabled'====== Args={'value': True, 'prev_value': 0, 'change': 1, 'player_num': 1}
2025-10-18 08:03:03,634 : ERROR : asyncio : Exception in callback EventManager.process_event_queue()
handle: <Handle EventManager.process_event_queue()>
Traceback (most recent call last):
  File "C:\Users\richa\mpfvirtual4\lib\site-packages\mpf\core\events.py", line 751, in _run_handlers
    result = handler.callback(**merged_kwargs)
  File "C:\Users\richa\mpfvirtual4\lib\site-packages\mpf\core\mode.py", line 198, in start
    self._add_mode_devices()
  File "C:\Users\richa\mpfvirtual4\lib\site-packages\mpf\core\mode.py", line 408, in _add_mode_devices
    device.device_loaded_in_mode(mode=self, player=self.player)
  File "C:\Users\richa\mpfvirtual4\lib\site-packages\mpf\devices\shot.py", line 68, in device_loaded_in_mode
    self._update_show()
  File "C:\Users\richa\mpfvirtual4\lib\site-packages\mpf\devices\shot.py", line 207, in _update_show
    self._play_show(settings=state_settings)
  File "C:\Users\richa\mpfvirtual4\lib\site-packages\mpf\devices\shot.py", line 261, in _play_show
    self.running_show = self.machine.show_controller.replace_or_advance_show(self.running_show, show_config,
  File "C:\Users\richa\mpfvirtual4\lib\site-packages\mpf\core\show_controller.py", line 135, in replace_or_advance_show
    return show_obj.play_with_config(
  File "C:\Users\richa\mpfvirtual4\lib\site-packages\mpf\assets\show.py", line 291, in play_with_config
    running_show = RunningShow(machine=self.machine,
  File "C:\Users\richa\mpfvirtual4\lib\site-packages\mpf\assets\show.py", line 518, in __init__
    self.show_steps = self.show.get_show_steps_with_token(self.show_config.show_tokens)
  File "C:\Users\richa\mpfvirtual4\lib\site-packages\mpf\assets\show.py", line 424, in get_show_steps_with_token
    step[key] = self.machine.show_controller.show_players[key].expand_config_entry(value)
  File "C:\Users\richa\mpfvirtual4\lib\site-packages\mpf\config_players\device_config_player.py", line 27, in expand_config_entry
    devices = self._expand_device(device)
  File "C:\Users\richa\mpfvirtual4\lib\site-packages\mpf\config_players\device_config_player.py", line 115, in _expand_device
    return self.raise_config_error(
  File "C:\Users\richa\mpfvirtual4\lib\site-packages\mpf\core\logging.py", line 174, in raise_config_error
    raise ConfigFileError(msg, error_no, self.log.name if self.log else "", context, self._url_base) \
mpf.exceptions.config_file_error.ConfigFileError: Config File Error in light_player: Could not find a lights device with name or tag l_top_left_standup, from list ['l_top_left_standup'] Error Code: CFE-light_player-101 (https://missionpinball.org/logs)

The above exception was the direct cause of the following exception:

Traceback (most recent call last):
  File "C:\Users\richa\AppData\Local\Programs\Python\Python39\lib\asyncio\events.py", line 80, in _run
    self._context.run(self._callback, *self._args)
  File "C:\Users\richa\mpfvirtual4\lib\site-packages\mpf\core\events.py", line 842, in process_event_queue
    self._process_event(event=event[0],
  File "C:\Users\richa\mpfvirtual4\lib\site-packages\mpf\core\events.py", line 804, in _process_event
    result = self._run_handlers(event, ev_type, kwargs)
  File "C:\Users\richa\mpfvirtual4\lib\site-packages\mpf\core\events.py", line 753, in _run_handlers
    raise EventHandlerException(
mpf.core.events.EventHandlerException: Exception while processing RegisteredHandler(callback=<bound method Mode.start of <Mode.base>>, priority=100, kwargs={}, key=UUID('ff131faa-e936-4b96-8dda-4c70a61149c8'), condition=None, blocking_facility=None) for event ball_started. Config File Error in light_player: Could not find a lights device with name or tag l_top_left_standup, from list ['l_top_left_standup'] Error Code: CFE-light_player-101 (https://missionpinball.org/logs)
2025-10-18 08:03:03,639 : INFO : EventManager : Event: ======'slide_player_added_slide_created'====== Args={'_from_bcp': True}
2025-10-18 08:03:03,639 : INFO : EventManager : Event: ======'slide_player_added_slide_active'====== Args={'_from_bcp': True}
2025-10-18 08:03:03,647 : INFO : Machine : Shutting down...
2025-10-18 08:03:03,647 : INFO : EventManager : Event: ======'shutdown'====== Args={}
2025-10-18 08:03:03,649 : INFO : EventManager : Event: ======'mode_game_will_stop'====== Args={}
2025-10-18 08:03:03,649 : INFO : EventManager : Event: ======'mode_game_stopping'====== Args={}
2025-10-18 08:03:03,650 : INFO : EventManager : Event: ======'mode_super_jets_setup_will_stop'====== Args={}
2025-10-18 08:03:03,650 : INFO : EventManager : Event: ======'mode_super_jets_setup_stopping'====== Args={}
2025-10-18 08:03:03,650 : INFO : EventManager : Event: ======'mode_special_setup_will_stop'====== Args={}
2025-10-18 08:03:03,651 : INFO : EventManager : Event: ======'mode_special_setup_stopping'====== Args={}
2025-10-18 08:03:03,651 : INFO : Mode.special_setup : Stopped.
2025-10-18 08:03:03,651 : INFO : EventManager : Event: ======'modes_active_modes_changed'====== Args={}
2025-10-18 08:03:03,651 : INFO : EventManager : Event: ======'mode_special_setup_stopped'====== Args={}
2025-10-18 08:03:03,652 : INFO : EventManager : Event: ======'clear'====== Args={'key': 'special_setup'}
2025-10-18 08:03:03,652 : INFO : Mode.super_jets_setup : Stopped.
2025-10-18 08:03:03,652 : INFO : EventManager : Event: ======'modes_active_modes_changed'====== Args={}
2025-10-18 08:03:03,653 : INFO : EventManager : Event: ======'mode_super_jets_setup_stopped'====== Args={}
2025-10-18 08:03:03,653 : INFO : EventManager : Event: ======'clear'====== Args={'key': 'super_jets_setup'}
2025-10-18 08:03:03,654 : INFO : Mode.game : Stopped.
2025-10-18 08:03:03,654 : INFO : EventManager : Event: ======'modes_active_modes_changed'====== Args={}
2025-10-18 08:03:03,654 : INFO : EventManager : Event: ======'mode_game_stopped'====== Args={}
2025-10-18 08:03:03,654 : INFO : EventManager : Event: ======'clear'====== Args={'key': 'game'}
2025-10-18 08:03:03,656 : ERROR : Machine : Runtime Exception
Traceback (most recent call last):
  File "C:\Users\richa\mpfvirtual4\lib\site-packages\mpf\core\events.py", line 751, in _run_handlers
    result = handler.callback(**merged_kwargs)
  File "C:\Users\richa\mpfvirtual4\lib\site-packages\mpf\core\mode.py", line 198, in start
    self._add_mode_devices()
  File "C:\Users\richa\mpfvirtual4\lib\site-packages\mpf\core\mode.py", line 408, in _add_mode_devices
    device.device_loaded_in_mode(mode=self, player=self.player)
  File "C:\Users\richa\mpfvirtual4\lib\site-packages\mpf\devices\shot.py", line 68, in device_loaded_in_mode
    self._update_show()
  File "C:\Users\richa\mpfvirtual4\lib\site-packages\mpf\devices\shot.py", line 207, in _update_show
    self._play_show(settings=state_settings)
  File "C:\Users\richa\mpfvirtual4\lib\site-packages\mpf\devices\shot.py", line 261, in _play_show
    self.running_show = self.machine.show_controller.replace_or_advance_show(self.running_show, show_config,
  File "C:\Users\richa\mpfvirtual4\lib\site-packages\mpf\core\show_controller.py", line 135, in replace_or_advance_show
    return show_obj.play_with_config(
  File "C:\Users\richa\mpfvirtual4\lib\site-packages\mpf\assets\show.py", line 291, in play_with_config
    running_show = RunningShow(machine=self.machine,
  File "C:\Users\richa\mpfvirtual4\lib\site-packages\mpf\assets\show.py", line 518, in __init__
    self.show_steps = self.show.get_show_steps_with_token(self.show_config.show_tokens)
  File "C:\Users\richa\mpfvirtual4\lib\site-packages\mpf\assets\show.py", line 424, in get_show_steps_with_token
    step[key] = self.machine.show_controller.show_players[key].expand_config_entry(value)
  File "C:\Users\richa\mpfvirtual4\lib\site-packages\mpf\config_players\device_config_player.py", line 27, in expand_config_entry
    devices = self._expand_device(device)
  File "C:\Users\richa\mpfvirtual4\lib\site-packages\mpf\config_players\device_config_player.py", line 115, in _expand_device
    return self.raise_config_error(
  File "C:\Users\richa\mpfvirtual4\lib\site-packages\mpf\core\logging.py", line 174, in raise_config_error
    raise ConfigFileError(msg, error_no, self.log.name if self.log else "", context, self._url_base) \
mpf.exceptions.config_file_error.ConfigFileError: Config File Error in light_player: Could not find a lights device with name or tag l_top_left_standup, from list ['l_top_left_standup'] Error Code: CFE-light_player-101 (https://missionpinball.org/logs)

The above exception was the direct cause of the following exception:

Traceback (most recent call last):
  File "C:\Users\richa\mpfvirtual4\lib\site-packages\mpf\core\machine.py", line 788, in _run_loop
    raise self._exception['exception']
  File "C:\Users\richa\AppData\Local\Programs\Python\Python39\lib\asyncio\events.py", line 80, in _run
    self._context.run(self._callback, *self._args)
  File "C:\Users\richa\mpfvirtual4\lib\site-packages\mpf\core\events.py", line 842, in process_event_queue
    self._process_event(event=event[0],
  File "C:\Users\richa\mpfvirtual4\lib\site-packages\mpf\core\events.py", line 804, in _process_event
    result = self._run_handlers(event, ev_type, kwargs)
  File "C:\Users\richa\mpfvirtual4\lib\site-packages\mpf\core\events.py", line 753, in _run_handlers
    raise EventHandlerException(
mpf.core.events.EventHandlerException: Exception while processing RegisteredHandler(callback=<bound method Mode.start of <Mode.base>>, priority=100, kwargs={}, key=UUID('ff131faa-e936-4b96-8dda-4c70a61149c8'), condition=None, blocking_facility=None) for event ball_started. Config File Error in light_player: Could not find a lights device with name or tag l_top_left_standup, from list ['l_top_left_standup'] Error Code: CFE-light_player-101 (https://missionpinball.org/logs)
2025-10-18 08:03:08,034 : ERROR : root : 
Traceback (most recent call last):
  File "C:\Users\richa\mpfvirtual4\lib\site-packages\mpf\core\events.py", line 751, in _run_handlers
    result = handler.callback(**merged_kwargs)
  File "C:\Users\richa\mpfvirtual4\lib\site-packages\mpf\core\mode.py", line 198, in start
    self._add_mode_devices()
  File "C:\Users\richa\mpfvirtual4\lib\site-packages\mpf\core\mode.py", line 408, in _add_mode_devices
    device.device_loaded_in_mode(mode=self, player=self.player)
  File "C:\Users\richa\mpfvirtual4\lib\site-packages\mpf\devices\shot.py", line 68, in device_loaded_in_mode
    self._update_show()
  File "C:\Users\richa\mpfvirtual4\lib\site-packages\mpf\devices\shot.py", line 207, in _update_show
    self._play_show(settings=state_settings)
  File "C:\Users\richa\mpfvirtual4\lib\site-packages\mpf\devices\shot.py", line 261, in _play_show
    self.running_show = self.machine.show_controller.replace_or_advance_show(self.running_show, show_config,
  File "C:\Users\richa\mpfvirtual4\lib\site-packages\mpf\core\show_controller.py", line 135, in replace_or_advance_show
    return show_obj.play_with_config(
  File "C:\Users\richa\mpfvirtual4\lib\site-packages\mpf\assets\show.py", line 291, in play_with_config
    running_show = RunningShow(machine=self.machine,
  File "C:\Users\richa\mpfvirtual4\lib\site-packages\mpf\assets\show.py", line 518, in __init__
    self.show_steps = self.show.get_show_steps_with_token(self.show_config.show_tokens)
  File "C:\Users\richa\mpfvirtual4\lib\site-packages\mpf\assets\show.py", line 424, in get_show_steps_with_token
    step[key] = self.machine.show_controller.show_players[key].expand_config_entry(value)
  File "C:\Users\richa\mpfvirtual4\lib\site-packages\mpf\config_players\device_config_player.py", line 27, in expand_config_entry
    devices = self._expand_device(device)
  File "C:\Users\richa\mpfvirtual4\lib\site-packages\mpf\config_players\device_config_player.py", line 115, in _expand_device
    return self.raise_config_error(
  File "C:\Users\richa\mpfvirtual4\lib\site-packages\mpf\core\logging.py", line 174, in raise_config_error
    raise ConfigFileError(msg, error_no, self.log.name if self.log else "", context, self._url_base) \
mpf.exceptions.config_file_error.ConfigFileError: Config File Error in light_player: Could not find a lights device with name or tag l_top_left_standup, from list ['l_top_left_standup'] Error Code: CFE-light_player-101 (https://missionpinball.org/logs)

The above exception was the direct cause of the following exception:

Traceback (most recent call last):
  File "C:\Users\richa\mpfvirtual4\lib\site-packages\mpf\core\machine.py", line 788, in _run_loop
    raise self._exception['exception']
  File "C:\Users\richa\AppData\Local\Programs\Python\Python39\lib\asyncio\events.py", line 80, in _run
    self._context.run(self._callback, *self._args)
  File "C:\Users\richa\mpfvirtual4\lib\site-packages\mpf\core\events.py", line 842, in process_event_queue
    self._process_event(event=event[0],
  File "C:\Users\richa\mpfvirtual4\lib\site-packages\mpf\core\events.py", line 804, in _process_event
    result = self._run_handlers(event, ev_type, kwargs)
  File "C:\Users\richa\mpfvirtual4\lib\site-packages\mpf\core\events.py", line 753, in _run_handlers
    raise EventHandlerException(
mpf.core.events.EventHandlerException: Exception while processing RegisteredHandler(callback=<bound method Mode.start of <Mode.base>>, priority=100, kwargs={}, key=UUID('ff131faa-e936-4b96-8dda-4c70a61149c8'), condition=None, blocking_facility=None) for event ball_started. Config File Error in light_player: Could not find a lights device with name or tag l_top_left_standup, from list ['l_top_left_standup'] Error Code: CFE-light_player-101 (https://missionpinball.org/logs)

During handling of the above exception, another exception occurred:

Traceback (most recent call last):
  File "C:\Users\richa\mpfvirtual4\lib\site-packages\mpf\commands\game.py", line 236, in __init__
    self.machine.run()
  File "C:\Users\richa\mpfvirtual4\lib\site-packages\mpf\core\machine.py", line 684, in run
    self._run_loop()
  File "C:\Users\richa\mpfvirtual4\lib\site-packages\mpf\core\machine.py", line 791, in _run_loop
    report_crash(self._exception['exception'], "exception_during_run", self.config)
  File "C:\Users\richa\mpfvirtual4\lib\site-packages\mpf\core\crash_reporter.py", line 236, in report_crash
    response = input("Do you want to report the crash to the MPF team (yes/no/show)? ")
EOFError
