2025-10-10 08:13:50,059 : INFO : root : Loading config.
2025-10-10 08:13:50,063 : INFO : YamlMultifileConfigLoader : Machine config file #1: config.yaml
2025-10-10 08:13:50,064 : INFO : ConfigProcessor : Loading config from cache: C:\Users\richa\AppData\Local\Temp\f7776651e259183bd84a8c8d686bf868.mpf_cache
2025-10-10 08:13:50,146 : INFO : ConfigProcessor : Loading config from cache: C:\Users\richa\AppData\Local\Temp\70233839fc0b792ce11a62f3c18c1950.mpf_cache
2025-10-10 08:13:50,147 : INFO : ConfigProcessor : Loading config from cache: C:\Users\richa\AppData\Local\Temp\9c8dea79ca4d15ee886340e992e8cb9d.mpf_cache
2025-10-10 08:13:50,148 : INFO : ConfigProcessor : Loading config from cache: C:\Users\richa\AppData\Local\Temp\67a19b095f918111543419ac0271bfb1.mpf_cache
2025-10-10 08:13:50,149 : INFO : ConfigProcessor : Loading config from cache: C:\Users\richa\AppData\Local\Temp\be387b0e8ed00556ec738d83cd6947d1.mpf_cache
2025-10-10 08:13:50,150 : WARNING : ConfigProcessor : Config file in cache changed: C:\Users\richa\ttp7\modes\super_jets_setup\config\super_jets_setup.yaml
2025-10-10 08:13:50,150 : INFO : ConfigProcessor : Loading config from file C:\Users\richa\ttp7\modes\super_jets_setup\config\super_jets_setup.yaml.
2025-10-10 08:13:50,161 : INFO : ConfigProcessor : Loading config: C:\Users\richa\ttp7\modes\super_jets_setup\config\super_jets_setup.yaml
2025-10-10 08:13:50,162 : INFO : ConfigProcessor : Config file cache created: C:\Users\richa\AppData\Local\Temp\5a8efabd9666d8c71fa755fc28a9bf1e.mpf_cache
2025-10-10 08:13:50,163 : WARNING : ConfigProcessor : Config file in cache changed: C:\Users\richa\ttp7\modes\super_jets\config\super_jets.yaml
2025-10-10 08:13:50,163 : INFO : ConfigProcessor : Loading config from file C:\Users\richa\ttp7\modes\super_jets\config\super_jets.yaml.
2025-10-10 08:13:50,172 : INFO : ConfigProcessor : Loading config: C:\Users\richa\ttp7\modes\super_jets\config\super_jets.yaml
2025-10-10 08:13:50,172 : INFO : ConfigProcessor : Config file cache created: C:\Users\richa\AppData\Local\Temp\fb58745e58584e219ff53db445e8e9f2.mpf_cache
2025-10-10 08:13:50,173 : INFO : ConfigProcessor : Loading config from cache: C:\Users\richa\AppData\Local\Temp\b710dc01437f1dfd05f3b5275f67493b.mpf_cache
2025-10-10 08:13:50,174 : INFO : ConfigProcessor : Loading config from cache: C:\Users\richa\AppData\Local\Temp\0a23590f4081187a3ecee75c7657616e.mpf_cache
2025-10-10 08:13:50,175 : INFO : ConfigProcessor : Loading config from cache: C:\Users\richa\AppData\Local\Temp\374a5edaf0766cb9005f368df852c09d.mpf_cache
2025-10-10 08:13:50,176 : INFO : Machine : Mission Pinball Framework Core Engine v0.57.0.dev39
2025-10-10 08:13:50,176 : INFO : Machine : Command line arguments: {'no_load_cache': False, 'create_config_cache': True, 'bcp': True, 'configfile': ['config.yaml'], 'force_assets_load': False, 'jsonlogging': False, 'logfile': 'logs\\2025-10-10-08-13-50-mpf-DESKTOP-RK7BE5M.log', 'pause': False, 'production': False, 'text_ui': True, 'loglevel': 15, 'consoleloglevel': 20, 'force_platform': None, 'syslog_address': None, 'mc_file_name': None, 'no_sound': False}
2025-10-10 08:13:50,176 : INFO : Machine : MPF path: C:\Users\richa\mpfvirtual4\lib\site-packages\mpf
2025-10-10 08:13:50,176 : INFO : Machine : Machine path: C:\Users\richa\ttp7
2025-10-10 08:13:50,176 : INFO : Machine : Platform: win32
2025-10-10 08:13:50,176 : INFO : Machine : Python executable location: C:\Users\richa\mpfvirtual4\Scripts\python.exe
2025-10-10 08:13:50,176 : INFO : Machine : Python version: 3.9.13 (64-bit)
2025-10-10 08:13:50,178 : INFO : Machine : Initializing MPF...
2025-10-10 08:13:50,646 : INFO : EventManager : Event: ======'machine_var_credits_string'====== Args={'value': 'FREE PLAY', 'prev_value': None, 'change': True}
2025-10-10 08:13:50,699 : INFO : EventManager : Event: ======'machine_var_master_volume'====== Args={'value': 0.5, 'prev_value': None, 'change': True}
2025-10-10 08:13:50,699 : INFO : EventManager : Event: ======'machine_var_player1_score'====== Args={'value': 1024400, 'prev_value': None, 'change': True}
2025-10-10 08:13:50,700 : INFO : EventManager : Event: ======'machine_var_mpf_version'====== Args={'value': 'Mission Pinball Framework v0.57.0.dev39', 'prev_value': None, 'change': True}
2025-10-10 08:13:50,700 : INFO : EventManager : Event: ======'machine_var_mpf_extended_version'====== Args={'value': 'Mission Pinball Framework v0.57.0.dev39, Config version:6, Show version: 6, BCP version:1.1', 'prev_value': None, 'change': True}
2025-10-10 08:13:50,700 : INFO : EventManager : Event: ======'machine_var_python_version'====== Args={'value': '3.9.13', 'prev_value': None, 'change': True}
2025-10-10 08:13:50,709 : INFO : EventManager : Event: ======'machine_var_platform'====== Args={'value': 'Windows-10-10.0.19045-SP0', 'prev_value': None, 'change': True}
2025-10-10 08:13:50,709 : INFO : EventManager : Event: ======'machine_var_platform_system'====== Args={'value': 'Windows', 'prev_value': None, 'change': True}
2025-10-10 08:13:50,709 : INFO : EventManager : Event: ======'machine_var_platform_release'====== Args={'value': '10', 'prev_value': None, 'change': True}
2025-10-10 08:13:50,709 : INFO : EventManager : Event: ======'machine_var_platform_version'====== Args={'value': '10.0.19045', 'prev_value': None, 'change': True}
2025-10-10 08:13:50,709 : INFO : EventManager : Event: ======'machine_var_platform_machine'====== Args={'value': 'AMD64', 'prev_value': None, 'change': True}
2025-10-10 08:13:50,709 : INFO : EventManager : Event: ======'init_phase_1'====== Args={}
2025-10-10 08:13:50,749 : INFO : EventManager : Event: ======'init_phase_2'====== Args={}
2025-10-10 08:13:50,749 : INFO : SwitchController : Found active switch: ('2', <Platform.SmartVirtual>) <switch.s_trough1>
2025-10-10 08:13:50,749 : INFO : SwitchController : Found active switch: ('3', <Platform.SmartVirtual>) <switch.s_trough2>
2025-10-10 08:13:50,749 : INFO : SwitchController : Found active switch: ('4', <Platform.SmartVirtual>) <switch.s_trough3>
2025-10-10 08:13:50,749 : INFO : SwitchController : Found active switch: ('5', <Platform.SmartVirtual>) <switch.s_trough4>
2025-10-10 08:13:50,749 : INFO : SwitchController : Found active switch: ('6', <Platform.SmartVirtual>) <switch.s_trough5>
2025-10-10 08:13:50,750 : INFO : SwitchController : Found active switch: ('7', <Platform.SmartVirtual>) <switch.s_trough6>
2025-10-10 08:13:50,755 : INFO : EventManager : Event: ======'bcp_connection_attempt'====== Args={'name': 'local_display', 'host': 'localhost', 'port': 5050}
2025-10-10 08:13:50,756 : INFO : BCPClientSocket : Connecting BCP to 'local_display' at localhost:5050...
2025-10-10 08:13:52,782 : INFO : BCPClientSocket : Connected BCP to 'local_display' localhost:5050
2025-10-10 08:13:52,783 : INFO : EventManager : Event: ======'bcp_clients_connected'====== Args={}
2025-10-10 08:13:53,154 : INFO : EventManager : Event: ======'machine_var_mc_version'====== Args={'value': 'MPF-MC v0.57.0.dev10', 'prev_value': None, 'change': True}
2025-10-10 08:13:53,154 : INFO : EventManager : Event: ======'machine_var_mc_extended_version'====== Args={'value': 'MPF-MC v0.57.0.dev10 (config_version=6, BCP v1.1,                      Requires MPF API compatibility v0.57.0.dev19 or newer)', 'prev_value': None, 'change': True}
2025-10-10 08:13:53,156 : INFO : ball_device.bd_trough : BCH: Initial count: 6
2025-10-10 08:13:53,237 : INFO : ball_device.bd_trough : State: idle
2025-10-10 08:13:53,237 : INFO : ball_device.bd_plunger : BCH: Initial count: 0
2025-10-10 08:13:53,238 : INFO : ball_device.bd_plunger : State: idle
2025-10-10 08:13:53,260 : INFO : ball_device.bd_left_scoop : BCH: Initial count: 0
2025-10-10 08:13:53,261 : INFO : ball_device.bd_left_scoop : State: idle
2025-10-10 08:13:53,261 : INFO : ball_device.bd_right_scoop : BCH: Initial count: 0
2025-10-10 08:13:53,261 : INFO : ball_device.bd_right_scoop : State: idle
2025-10-10 08:13:53,280 : INFO : EventManager : Event: ======'init_phase_3'====== Args={}
2025-10-10 08:13:53,283 : INFO : EventManager : Event: ======'init_phase_4'====== Args={}
2025-10-10 08:13:53,283 : INFO : BallController : Initial balls found: 6
2025-10-10 08:13:53,284 : INFO : EventManager : Event: ======'machine_var_audits_events_game_ended'====== Args={'value': 44, 'prev_value': None, 'change': True}
2025-10-10 08:13:53,284 : INFO : EventManager : Event: ======'machine_var_audits_events_game_started'====== Args={'value': 175, 'prev_value': None, 'change': True}
2025-10-10 08:13:53,285 : INFO : EventManager : Event: ======'machine_var_audits_missing_switches_s_A'====== Args={'value': 67, 'prev_value': None, 'change': True}
2025-10-10 08:13:53,285 : INFO : EventManager : Event: ======'machine_var_audits_missing_switches_s_E'====== Args={'value': 103, 'prev_value': None, 'change': True}
2025-10-10 08:13:53,285 : INFO : EventManager : Event: ======'machine_var_audits_missing_switches_s_Eb'====== Args={'value': 67, 'prev_value': None, 'change': True}
2025-10-10 08:13:53,285 : INFO : EventManager : Event: ======'machine_var_audits_missing_switches_s_I'====== Args={'value': 103, 'prev_value': None, 'change': True}
2025-10-10 08:13:53,285 : INFO : EventManager : Event: ======'machine_var_audits_missing_switches_s_L'====== Args={'value': 67, 'prev_value': None, 'change': True}
2025-10-10 08:13:53,286 : INFO : EventManager : Event: ======'machine_var_audits_missing_switches_s_M'====== Args={'value': 103, 'prev_value': None, 'change': True}
2025-10-10 08:13:53,286 : INFO : EventManager : Event: ======'machine_var_audits_missing_switches_s_R'====== Args={'value': 67, 'prev_value': None, 'change': True}
2025-10-10 08:13:53,286 : INFO : EventManager : Event: ======'machine_var_audits_missing_switches_s_T'====== Args={'value': 103, 'prev_value': None, 'change': True}
2025-10-10 08:13:53,286 : INFO : EventManager : Event: ======'machine_var_audits_missing_switches_s_Tb'====== Args={'value': 67, 'prev_value': None, 'change': True}
2025-10-10 08:13:53,286 : INFO : EventManager : Event: ======'machine_var_audits_missing_switches_s_V'====== Args={'value': 67, 'prev_value': None, 'change': True}
2025-10-10 08:13:53,286 : INFO : EventManager : Event: ======'machine_var_audits_missing_switches_s_bumper_1'====== Args={'value': 28, 'prev_value': None, 'change': True}
2025-10-10 08:13:53,287 : INFO : EventManager : Event: ======'machine_var_audits_missing_switches_s_bumper_2'====== Args={'value': 28, 'prev_value': None, 'change': True}
2025-10-10 08:13:53,287 : INFO : EventManager : Event: ======'machine_var_audits_missing_switches_s_center_center_target'====== Args={'value': 39, 'prev_value': None, 'change': True}
2025-10-10 08:13:53,287 : INFO : EventManager : Event: ======'machine_var_audits_missing_switches_s_center_rollover'====== Args={'value': 1, 'prev_value': None, 'change': True}
2025-10-10 08:13:53,287 : INFO : EventManager : Event: ======'machine_var_audits_missing_switches_s_launcher_lane_spinner'====== Args={'value': 101, 'prev_value': None, 'change': True}
2025-10-10 08:13:53,287 : INFO : EventManager : Event: ======'machine_var_audits_missing_switches_s_left_center_target'====== Args={'value': 39, 'prev_value': None, 'change': True}
2025-10-10 08:13:53,287 : INFO : EventManager : Event: ======'machine_var_audits_missing_switches_s_left_corridor_spinner'====== Args={'value': 101, 'prev_value': None, 'change': True}
2025-10-10 08:13:53,288 : INFO : EventManager : Event: ======'machine_var_audits_missing_switches_s_left_corridor_spinner2'====== Args={'value': 101, 'prev_value': None, 'change': True}
2025-10-10 08:13:53,288 : INFO : EventManager : Event: ======'machine_var_audits_missing_switches_s_left_flipper'====== Args={'value': 24, 'prev_value': None, 'change': True}
2025-10-10 08:13:53,288 : INFO : EventManager : Event: ======'machine_var_audits_missing_switches_s_left_inlane'====== Args={'value': 128, 'prev_value': None, 'change': True}
2025-10-10 08:13:53,288 : INFO : EventManager : Event: ======'machine_var_audits_missing_switches_s_left_outlane'====== Args={'value': 138, 'prev_value': None, 'change': True}
2025-10-10 08:13:53,288 : INFO : EventManager : Event: ======'machine_var_audits_missing_switches_s_left_rollover'====== Args={'value': 1, 'prev_value': None, 'change': True}
2025-10-10 08:13:53,289 : INFO : EventManager : Event: ======'machine_var_audits_missing_switches_s_left_scoop'====== Args={'value': 9, 'prev_value': None, 'change': True}
2025-10-10 08:13:53,289 : INFO : EventManager : Event: ======'machine_var_audits_missing_switches_s_left_standup'====== Args={'value': 100, 'prev_value': None, 'change': True}
2025-10-10 08:13:53,289 : INFO : EventManager : Event: ======'machine_var_audits_missing_switches_s_right_center_target'====== Args={'value': 39, 'prev_value': None, 'change': True}
2025-10-10 08:13:53,289 : INFO : EventManager : Event: ======'machine_var_audits_missing_switches_s_right_corridor_spinner'====== Args={'value': 101, 'prev_value': None, 'change': True}
2025-10-10 08:13:53,289 : INFO : EventManager : Event: ======'machine_var_audits_missing_switches_s_right_flipper'====== Args={'value': 24, 'prev_value': None, 'change': True}
2025-10-10 08:13:53,290 : INFO : EventManager : Event: ======'machine_var_audits_missing_switches_s_right_outlane'====== Args={'value': 138, 'prev_value': None, 'change': True}
2025-10-10 08:13:53,290 : INFO : EventManager : Event: ======'machine_var_audits_missing_switches_s_right_rollover'====== Args={'value': 1, 'prev_value': None, 'change': True}
2025-10-10 08:13:53,290 : INFO : EventManager : Event: ======'machine_var_audits_missing_switches_s_right_scoop'====== Args={'value': 9, 'prev_value': None, 'change': True}
2025-10-10 08:13:53,291 : INFO : EventManager : Event: ======'machine_var_audits_missing_switches_s_right_standup'====== Args={'value': 9, 'prev_value': None, 'change': True}
2025-10-10 08:13:53,291 : INFO : EventManager : Event: ======'machine_var_audits_missing_switches_s_sling_left'====== Args={'value': 128, 'prev_value': None, 'change': True}
2025-10-10 08:13:53,291 : INFO : EventManager : Event: ======'machine_var_audits_missing_switches_s_sling_right'====== Args={'value': 24, 'prev_value': None, 'change': True}
2025-10-10 08:13:53,291 : INFO : EventManager : Event: ======'machine_var_audits_missing_switches_s_standup_1'====== Args={'value': 2, 'prev_value': None, 'change': True}
2025-10-10 08:13:53,292 : INFO : EventManager : Event: ======'machine_var_audits_missing_switches_s_standup_2'====== Args={'value': 1, 'prev_value': None, 'change': True}
2025-10-10 08:13:53,292 : INFO : EventManager : Event: ======'machine_var_audits_missing_switches_s_standup_3'====== Args={'value': 9, 'prev_value': None, 'change': True}
2025-10-10 08:13:53,292 : INFO : EventManager : Event: ======'machine_var_audits_missing_switches_s_standup_4'====== Args={'value': 9, 'prev_value': None, 'change': True}
2025-10-10 08:13:53,292 : INFO : EventManager : Event: ======'machine_var_audits_missing_switches_s_standup_5'====== Args={'value': 9, 'prev_value': None, 'change': True}
2025-10-10 08:13:53,293 : INFO : EventManager : Event: ======'machine_var_audits_missing_switches_s_standup_6'====== Args={'value': 9, 'prev_value': None, 'change': True}
2025-10-10 08:13:53,293 : INFO : EventManager : Event: ======'machine_var_audits_missing_switches_s_start'====== Args={'value': 23, 'prev_value': None, 'change': True}
2025-10-10 08:13:53,293 : INFO : EventManager : Event: ======'machine_var_audits_missing_switches_s_top_left_standup'====== Args={'value': 100, 'prev_value': None, 'change': True}
2025-10-10 08:13:53,293 : INFO : EventManager : Event: ======'machine_var_audits_missing_switches_s_top_left_standup2'====== Args={'value': 41, 'prev_value': None, 'change': True}
2025-10-10 08:13:53,294 : INFO : EventManager : Event: ======'machine_var_audits_missing_switches_s_trough1'====== Args={'value': 9, 'prev_value': None, 'change': True}
2025-10-10 08:13:53,294 : INFO : EventManager : Event: ======'machine_var_audits_missing_switches_s_trough2'====== Args={'value': 175, 'prev_value': None, 'change': True}
2025-10-10 08:13:53,294 : INFO : EventManager : Event: ======'machine_var_audits_missing_switches_s_trough3'====== Args={'value': 175, 'prev_value': None, 'change': True}
2025-10-10 08:13:53,294 : INFO : EventManager : Event: ======'machine_var_audits_missing_switches_s_trough4'====== Args={'value': 175, 'prev_value': None, 'change': True}
2025-10-10 08:13:53,295 : INFO : EventManager : Event: ======'machine_var_audits_missing_switches_s_trough5'====== Args={'value': 175, 'prev_value': None, 'change': True}
2025-10-10 08:13:53,295 : INFO : EventManager : Event: ======'machine_var_audits_missing_switches_s_trough6'====== Args={'value': 175, 'prev_value': None, 'change': True}
2025-10-10 08:13:53,295 : INFO : EventManager : Event: ======'machine_var_audits_missing_switches_s_trough_jam'====== Args={'value': 175, 'prev_value': None, 'change': True}
2025-10-10 08:13:53,296 : INFO : EventManager : Event: ======'machine_var_audits_player_score'====== Args={'value': {'average': 147386, 'top': [2008600, 1234200, 1027900, 1024400, 606200, 211200, 205900, 34750, 28284, 28200], 'total': 46}, 'prev_value': None, 'change': True}
2025-10-10 08:13:53,296 : INFO : EventManager : Event: ======'machine_var_audits_shots_bumper1_shot'====== Args={'value': 51, 'prev_value': None, 'change': True}
2025-10-10 08:13:53,296 : INFO : EventManager : Event: ======'machine_var_audits_shots_bumper2_shot'====== Args={'value': 94, 'prev_value': None, 'change': True}
2025-10-10 08:13:53,296 : INFO : EventManager : Event: ======'machine_var_audits_shots_center_rollover'====== Args={'value': 7, 'prev_value': None, 'change': True}
2025-10-10 08:13:53,297 : INFO : EventManager : Event: ======'machine_var_audits_shots_center_rollover_shot'====== Args={'value': 239, 'prev_value': None, 'change': True}
2025-10-10 08:13:53,297 : INFO : EventManager : Event: ======'machine_var_audits_shots_jets'====== Args={'value': 86, 'prev_value': None, 'change': True}
2025-10-10 08:13:53,297 : INFO : EventManager : Event: ======'machine_var_audits_shots_left_rollover'====== Args={'value': 16, 'prev_value': None, 'change': True}
2025-10-10 08:13:53,297 : INFO : EventManager : Event: ======'machine_var_audits_shots_left_rollover_shot'====== Args={'value': 183, 'prev_value': None, 'change': True}
2025-10-10 08:13:53,298 : INFO : EventManager : Event: ======'machine_var_audits_shots_left_scoop_shot'====== Args={'value': 28, 'prev_value': None, 'change': True}
2025-10-10 08:13:53,298 : INFO : EventManager : Event: ======'machine_var_audits_shots_middle_inlane_shot'====== Args={'value': 20, 'prev_value': None, 'change': True}
2025-10-10 08:13:53,298 : INFO : EventManager : Event: ======'machine_var_audits_shots_my_first_shot'====== Args={'value': 95, 'prev_value': None, 'change': True}
2025-10-10 08:13:53,298 : INFO : EventManager : Event: ======'machine_var_audits_shots_right_inlane_shot'====== Args={'value': 55, 'prev_value': None, 'change': True}
2025-10-10 08:13:53,298 : INFO : EventManager : Event: ======'machine_var_audits_shots_right_rollover'====== Args={'value': 19, 'prev_value': None, 'change': True}
2025-10-10 08:13:53,299 : INFO : EventManager : Event: ======'machine_var_audits_shots_right_rollover_shot'====== Args={'value': 245, 'prev_value': None, 'change': True}
2025-10-10 08:13:53,299 : INFO : EventManager : Event: ======'machine_var_audits_shots_right_scoop_shot'====== Args={'value': 35, 'prev_value': None, 'change': True}
2025-10-10 08:13:53,299 : INFO : EventManager : Event: ======'machine_var_audits_shots_standup_1_skill'====== Args={'value': 29, 'prev_value': None, 'change': True}
2025-10-10 08:13:53,299 : INFO : EventManager : Event: ======'machine_var_audits_shots_standup_2_skill'====== Args={'value': 9, 'prev_value': None, 'change': True}
2025-10-10 08:13:53,299 : INFO : EventManager : Event: ======'machine_var_audits_shots_standup_3_skill'====== Args={'value': 6, 'prev_value': None, 'change': True}
2025-10-10 08:13:53,300 : INFO : EventManager : Event: ======'machine_var_audits_shots_standup_4_skill'====== Args={'value': 8, 'prev_value': None, 'change': True}
2025-10-10 08:13:53,300 : INFO : EventManager : Event: ======'machine_var_audits_shots_standup_5_skill'====== Args={'value': 4, 'prev_value': None, 'change': True}
2025-10-10 08:13:53,300 : INFO : EventManager : Event: ======'machine_var_audits_shots_standup_6_skill'====== Args={'value': 2, 'prev_value': None, 'change': True}
2025-10-10 08:13:53,300 : INFO : EventManager : Event: ======'machine_var_audits_shots_top_middle_inlane_shot'====== Args={'value': 41, 'prev_value': None, 'change': True}
2025-10-10 08:13:53,301 : INFO : EventManager : Event: ======'machine_var_audits_switches_s_A'====== Args={'value': 0, 'prev_value': None, 'change': True}
2025-10-10 08:13:53,301 : INFO : EventManager : Event: ======'machine_var_audits_switches_s_E'====== Args={'value': 0, 'prev_value': None, 'change': True}
2025-10-10 08:13:53,301 : INFO : EventManager : Event: ======'machine_var_audits_switches_s_Eb'====== Args={'value': 0, 'prev_value': None, 'change': True}
2025-10-10 08:13:53,301 : INFO : EventManager : Event: ======'machine_var_audits_switches_s_I'====== Args={'value': 0, 'prev_value': None, 'change': True}
2025-10-10 08:13:53,302 : INFO : EventManager : Event: ======'machine_var_audits_switches_s_L'====== Args={'value': 0, 'prev_value': None, 'change': True}
2025-10-10 08:13:53,302 : INFO : EventManager : Event: ======'machine_var_audits_switches_s_M'====== Args={'value': 0, 'prev_value': None, 'change': True}
2025-10-10 08:13:53,303 : INFO : EventManager : Event: ======'machine_var_audits_switches_s_R'====== Args={'value': 0, 'prev_value': None, 'change': True}
2025-10-10 08:13:53,303 : INFO : EventManager : Event: ======'machine_var_audits_switches_s_T'====== Args={'value': 0, 'prev_value': None, 'change': True}
2025-10-10 08:13:53,303 : INFO : EventManager : Event: ======'machine_var_audits_switches_s_Tb'====== Args={'value': 0, 'prev_value': None, 'change': True}
2025-10-10 08:13:53,303 : INFO : EventManager : Event: ======'machine_var_audits_switches_s_V'====== Args={'value': 0, 'prev_value': None, 'change': True}
2025-10-10 08:13:53,304 : INFO : EventManager : Event: ======'machine_var_audits_switches_s_bumper1'====== Args={'value': 51, 'prev_value': None, 'change': True}
2025-10-10 08:13:53,304 : INFO : EventManager : Event: ======'machine_var_audits_switches_s_bumper2'====== Args={'value': 97, 'prev_value': None, 'change': True}
2025-10-10 08:13:53,304 : INFO : EventManager : Event: ======'machine_var_audits_switches_s_bumper_1'====== Args={'value': 0, 'prev_value': None, 'change': True}
2025-10-10 08:13:53,304 : INFO : EventManager : Event: ======'machine_var_audits_switches_s_bumper_2'====== Args={'value': 0, 'prev_value': None, 'change': True}
2025-10-10 08:13:53,305 : INFO : EventManager : Event: ======'machine_var_audits_switches_s_center_center_target'====== Args={'value': 1, 'prev_value': None, 'change': True}
2025-10-10 08:13:53,305 : INFO : EventManager : Event: ======'machine_var_audits_switches_s_center_rollover'====== Args={'value': 248, 'prev_value': None, 'change': True}
2025-10-10 08:13:53,305 : INFO : EventManager : Event: ======'machine_var_audits_switches_s_launcher_lane_spinner'====== Args={'value': 0, 'prev_value': None, 'change': True}
2025-10-10 08:13:53,306 : INFO : EventManager : Event: ======'machine_var_audits_switches_s_left_center_target'====== Args={'value': 2, 'prev_value': None, 'change': True}
2025-10-10 08:13:53,306 : INFO : EventManager : Event: ======'machine_var_audits_switches_s_left_corridor_spinner'====== Args={'value': 0, 'prev_value': None, 'change': True}
2025-10-10 08:13:53,306 : INFO : EventManager : Event: ======'machine_var_audits_switches_s_left_corridor_spinner2'====== Args={'value': 0, 'prev_value': None, 'change': True}
2025-10-10 08:13:53,306 : INFO : EventManager : Event: ======'machine_var_audits_switches_s_left_flipper'====== Args={'value': 330, 'prev_value': None, 'change': True}
2025-10-10 08:13:53,307 : INFO : EventManager : Event: ======'machine_var_audits_switches_s_left_inlane'====== Args={'value': 8, 'prev_value': None, 'change': True}
2025-10-10 08:13:53,307 : INFO : EventManager : Event: ======'machine_var_audits_switches_s_left_outlane'====== Args={'value': 3, 'prev_value': None, 'change': True}
2025-10-10 08:13:53,307 : INFO : EventManager : Event: ======'machine_var_audits_switches_s_left_rollover'====== Args={'value': 191, 'prev_value': None, 'change': True}
2025-10-10 08:13:53,307 : INFO : EventManager : Event: ======'machine_var_audits_switches_s_left_scoop'====== Args={'value': 217, 'prev_value': None, 'change': True}
2025-10-10 08:13:53,308 : INFO : EventManager : Event: ======'machine_var_audits_switches_s_left_standup'====== Args={'value': 0, 'prev_value': None, 'change': True}
2025-10-10 08:13:53,308 : INFO : EventManager : Event: ======'machine_var_audits_switches_s_middle_inlane'====== Args={'value': 20, 'prev_value': None, 'change': True}
2025-10-10 08:13:53,308 : INFO : EventManager : Event: ======'machine_var_audits_switches_s_plunger'====== Args={'value': 325, 'prev_value': None, 'change': True}
2025-10-10 08:13:53,309 : INFO : EventManager : Event: ======'machine_var_audits_switches_s_right_center_target'====== Args={'value': 1, 'prev_value': None, 'change': True}
2025-10-10 08:13:53,309 : INFO : EventManager : Event: ======'machine_var_audits_switches_s_right_corridor_spinner'====== Args={'value': 0, 'prev_value': None, 'change': True}
2025-10-10 08:13:53,309 : INFO : EventManager : Event: ======'machine_var_audits_switches_s_right_flipper'====== Args={'value': 146, 'prev_value': None, 'change': True}
2025-10-10 08:13:53,310 : INFO : EventManager : Event: ======'machine_var_audits_switches_s_right_inlane'====== Args={'value': 182, 'prev_value': None, 'change': True}
2025-10-10 08:13:53,310 : INFO : EventManager : Event: ======'machine_var_audits_switches_s_right_outlane'====== Args={'value': 3, 'prev_value': None, 'change': True}
2025-10-10 08:13:53,310 : INFO : EventManager : Event: ======'machine_var_audits_switches_s_right_rollover'====== Args={'value': 254, 'prev_value': None, 'change': True}
2025-10-10 08:13:53,311 : INFO : EventManager : Event: ======'machine_var_audits_switches_s_right_scoop'====== Args={'value': 52, 'prev_value': None, 'change': True}
2025-10-10 08:13:53,311 : INFO : EventManager : Event: ======'machine_var_audits_switches_s_right_standup'====== Args={'value': 1, 'prev_value': None, 'change': True}
2025-10-10 08:13:53,311 : INFO : EventManager : Event: ======'machine_var_audits_switches_s_sling_left'====== Args={'value': 3, 'prev_value': None, 'change': True}
2025-10-10 08:13:53,312 : INFO : EventManager : Event: ======'machine_var_audits_switches_s_sling_right'====== Args={'value': 8, 'prev_value': None, 'change': True}
2025-10-10 08:13:53,312 : INFO : EventManager : Event: ======'machine_var_audits_switches_s_standup_1'====== Args={'value': 61, 'prev_value': None, 'change': True}
2025-10-10 08:13:53,312 : INFO : EventManager : Event: ======'machine_var_audits_switches_s_standup_2'====== Args={'value': 22, 'prev_value': None, 'change': True}
2025-10-10 08:13:53,312 : INFO : EventManager : Event: ======'machine_var_audits_switches_s_standup_3'====== Args={'value': 24, 'prev_value': None, 'change': True}
2025-10-10 08:13:53,313 : INFO : EventManager : Event: ======'machine_var_audits_switches_s_standup_4'====== Args={'value': 19, 'prev_value': None, 'change': True}
2025-10-10 08:13:53,313 : INFO : EventManager : Event: ======'machine_var_audits_switches_s_standup_5'====== Args={'value': 19, 'prev_value': None, 'change': True}
2025-10-10 08:13:53,313 : INFO : EventManager : Event: ======'machine_var_audits_switches_s_standup_6'====== Args={'value': 9, 'prev_value': None, 'change': True}
2025-10-10 08:13:53,314 : INFO : EventManager : Event: ======'machine_var_audits_switches_s_start'====== Args={'value': 15, 'prev_value': None, 'change': True}
2025-10-10 08:13:53,314 : INFO : EventManager : Event: ======'machine_var_audits_switches_s_top_left_standup'====== Args={'value': 0, 'prev_value': None, 'change': True}
2025-10-10 08:13:53,315 : INFO : EventManager : Event: ======'machine_var_audits_switches_s_top_left_standup2'====== Args={'value': 15, 'prev_value': None, 'change': True}
2025-10-10 08:13:53,315 : INFO : EventManager : Event: ======'machine_var_audits_switches_s_top_middle_inlane'====== Args={'value': 41, 'prev_value': None, 'change': True}
2025-10-10 08:13:53,315 : INFO : EventManager : Event: ======'machine_var_audits_switches_s_trough1'====== Args={'value': 211, 'prev_value': None, 'change': True}
2025-10-10 08:13:53,316 : INFO : EventManager : Event: ======'machine_var_audits_switches_s_trough2'====== Args={'value': 0, 'prev_value': None, 'change': True}
2025-10-10 08:13:53,316 : INFO : EventManager : Event: ======'machine_var_audits_switches_s_trough3'====== Args={'value': 0, 'prev_value': None, 'change': True}
2025-10-10 08:13:53,316 : INFO : EventManager : Event: ======'machine_var_audits_switches_s_trough4'====== Args={'value': 0, 'prev_value': None, 'change': True}
2025-10-10 08:13:53,317 : INFO : EventManager : Event: ======'machine_var_audits_switches_s_trough5'====== Args={'value': 0, 'prev_value': None, 'change': True}
2025-10-10 08:13:53,317 : INFO : EventManager : Event: ======'machine_var_audits_switches_s_trough6'====== Args={'value': 0, 'prev_value': None, 'change': True}
2025-10-10 08:13:53,317 : INFO : EventManager : Event: ======'machine_var_audits_switches_s_trough_jam'====== Args={'value': 0, 'prev_value': None, 'change': True}
2025-10-10 08:13:53,319 : INFO : EventManager : Event: ======'init_phase_5'====== Args={}
2025-10-10 08:13:53,380 : INFO : EventManager : Event: ======'init_done'====== Args={}
2025-10-10 08:13:53,380 : INFO : EventManager : Event: ======'machine_reset_phase_1'====== Args={}
2025-10-10 08:13:53,384 : INFO : EventManager : Event: ======'machine_reset_phase_2'====== Args={}
2025-10-10 08:13:53,384 : INFO : EventManager : Event: ======'machine_reset_phase_3'====== Args={}
2025-10-10 08:13:53,385 : INFO : EventManager : Event: ======'reset_complete'====== Args={}
2025-10-10 08:13:53,385 : INFO : EventManager : Event: ======'mode_attract_will_start'====== Args={}
2025-10-10 08:13:53,385 : INFO : EventManager : Event: ======'mode_attract_starting'====== Args={}
2025-10-10 08:13:53,385 : INFO : Mode.attract : Started. Priority: 10
2025-10-10 08:13:53,385 : INFO : EventManager : Event: ======'modes_active_modes_changed'====== Args={}
2025-10-10 08:13:53,385 : INFO : EventManager : Event: ======'mode_attract_started'====== Args={}
2025-10-10 08:13:53,386 : INFO : EventManager : Event: ======'collecting_balls_complete'====== Args={}
2025-10-10 08:13:53,431 : INFO : EventManager : Event: ======'slide_awesome_slide_created'====== Args={'_from_bcp': True}
2025-10-10 08:13:53,432 : INFO : EventManager : Event: ======'slide_awesome_slide_active'====== Args={'_from_bcp': True}
2025-10-10 08:13:53,432 : INFO : Machine : Starting the main run loop.
2025-10-10 08:13:53,599 : INFO : BcpServer : New client connected.
2025-10-10 08:13:56,380 : INFO : EventManager : Event: ======'slide_press_start_created'====== Args={'_from_bcp': True}
2025-10-10 08:13:56,384 : INFO : EventManager : Event: ======'slide_press_start_active'====== Args={'_from_bcp': True}
2025-10-10 08:13:58,482 : INFO : SwitchController : <<<<<<< 's_start' active >>>>>>>
2025-10-10 08:13:58,555 : INFO : SwitchController : <<<<<<< 's_start' inactive >>>>>>>
2025-10-10 08:13:58,556 : INFO : EventManager : Event: ======'request_to_start_game'====== Args={}
2025-10-10 08:13:58,558 : INFO : EventManager : Event: ======'game_start'====== Args={'buttons': [], 'hold_time': 0.0779999999795109}
2025-10-10 08:13:58,559 : INFO : EventManager : Event: ======'mode_game_will_start'====== Args={'buttons': [], 'hold_time': 0.0779999999795109}
2025-10-10 08:13:58,561 : INFO : EventManager : Event: ======'mode_game_starting'====== Args={'buttons': [], 'hold_time': 0.0779999999795109}
2025-10-10 08:13:58,562 : INFO : EventManager : Event: ======'mode_attract_will_stop'====== Args={}
2025-10-10 08:13:58,562 : INFO : EventManager : Event: ======'mode_attract_stopping'====== Args={}
2025-10-10 08:13:58,563 : INFO : Mode.attract : Stopped.
2025-10-10 08:13:58,563 : INFO : EventManager : Event: ======'modes_active_modes_changed'====== Args={}
2025-10-10 08:13:58,564 : INFO : EventManager : Event: ======'mode_attract_stopped'====== Args={}
2025-10-10 08:13:58,565 : INFO : EventManager : Event: ======'clear'====== Args={'key': 'attract'}
2025-10-10 08:13:58,567 : INFO : Mode.game : Started. Priority: 20
2025-10-10 08:13:58,567 : INFO : EventManager : Event: ======'modes_active_modes_changed'====== Args={}
2025-10-10 08:13:58,568 : INFO : EventManager : Event: ======'mode_game_started'====== Args={'buttons': [], 'hold_time': 0.0779999999795109}
2025-10-10 08:13:58,603 : INFO : EventManager : Event: ======'game_will_start'====== Args={}
2025-10-10 08:13:58,604 : INFO : EventManager : Event: ======'game_starting'====== Args={'game': <Mode.game>}
2025-10-10 08:13:58,605 : INFO : EventManager : Unordered handler for class <Auditor> on event game_ended with priority 1. Handlers: [RegisteredHandler(callback=<bound method Auditor.disable of <Auditor>>, priority=1, kwargs={}, key=UUID('80e90048-b1ec-455a-a577-59d271f1f2df'), condition=None, blocking_facility=None), RegisteredHandler(callback=<bound method Auditor._save_audits of <Auditor>>, priority=1, kwargs={}, key=UUID('b8b78cbb-2568-4f7a-87f4-d8c45a26c903'), condition=None, blocking_facility=None)]. The order of those handlers is not defined and they will be executed in random order. This might lead to race conditions and potential bugs.
2025-10-10 08:13:58,606 : INFO : EventManager : Event: ======'player_add_request'====== Args={}
2025-10-10 08:13:58,606 : INFO : EventManager : Event: ======'player_will_add'====== Args={'number': 1}
2025-10-10 08:13:58,607 : INFO : EventManager : Event: ======'player_adding'====== Args={'player': <Player 1>, 'number': 1}
2025-10-10 08:13:58,607 : INFO : EventManager : Event: ======'player_added'====== Args={'player': <Player 1>, 'num': 1}
2025-10-10 08:13:58,607 : INFO : Mode.game : Player added successfully. Total players: 1
2025-10-10 08:13:58,608 : INFO : EventManager : Event: ======'player_index'====== Args={'value': 0, 'prev_value': 0, 'change': 0, 'player_num': 1}
2025-10-10 08:13:58,608 : INFO : EventManager : Event: ======'player_number'====== Args={'value': 1, 'prev_value': 1, 'change': 0, 'player_num': 1}
2025-10-10 08:13:58,608 : INFO : EventManager : Event: ======'player_sj_active'====== Args={'value': 0, 'prev_value': 0, 'change': 0, 'player_num': 1}
2025-10-10 08:13:58,609 : INFO : EventManager : Event: ======'player_score'====== Args={'value': 0, 'prev_value': 0, 'change': 0, 'player_num': 1}
2025-10-10 08:13:58,610 : INFO : EventManager : Event: ======'game_started'====== Args={}
2025-10-10 08:13:58,633 : INFO : EventManager : Event: ======'player_turn_will_start'====== Args={'player': <Player 1>, 'number': 1}
2025-10-10 08:13:58,635 : INFO : EventManager : Event: ======'slide_awesome_slide_removed'====== Args={'_from_bcp': True}
2025-10-10 08:13:58,635 : INFO : EventManager : Event: ======'slide_press_start_removed'====== Args={'_from_bcp': True}
2025-10-10 08:13:58,636 : INFO : EventManager : Event: ======'slide_window_blank_active'====== Args={'_from_bcp': True}
2025-10-10 08:13:58,636 : INFO : EventManager : Event: ======'player_turn_starting'====== Args={'player': <Player 1>, 'number': 1}
2025-10-10 08:13:58,637 : INFO : EventManager : Event: ======'player_ball'====== Args={'value': 1, 'prev_value': 0, 'change': 1, 'player_num': 1}
2025-10-10 08:13:58,637 : INFO : EventManager : Event: ======'player_turn_started'====== Args={'player': <Player 1>, 'number': 1}
2025-10-10 08:13:58,638 : INFO : EventManager : Event: ======'ball_will_start'====== Args={'player': 1, 'ball': 1, 'balls_remaining': 2, 'is_extra_ball': False}
2025-10-10 08:13:58,641 : INFO : EventManager : Event: ======'ball_starting'====== Args={'player': 1, 'ball': 1, 'balls_remaining': 2, 'is_extra_ball': False}
2025-10-10 08:13:58,642 : INFO : EventManager : Event: ======'mode_super_jets_setup_will_start'====== Args={'queue': <QueuedEvent>, 'player': 1, 'ball': 1, 'balls_remaining': 2, 'is_extra_ball': False}
2025-10-10 08:13:58,643 : INFO : EventManager : Event: ======'player_shot_jets_enabled'====== Args={'value': True, 'prev_value': 0, 'change': 1, 'player_num': 1}
2025-10-10 08:13:58,643 : INFO : EventManager : Event: ======'player_shot_right_rollover_enabled'====== Args={'value': True, 'prev_value': 0, 'change': 1, 'player_num': 1}
2025-10-10 08:13:58,643 : INFO : EventManager : Event: ======'player_shot_left_rollover_enabled'====== Args={'value': True, 'prev_value': 0, 'change': 1, 'player_num': 1}
2025-10-10 08:13:58,644 : INFO : EventManager : Event: ======'rollover_lanes2_complete'====== Args={'state': 'unlit'}
2025-10-10 08:13:58,644 : INFO : EventManager : Event: ======'rollover_lanes2_unlit_complete'====== Args={}
2025-10-10 08:13:58,646 : INFO : EventManager : Event: ======'mode_super_jets_setup_starting'====== Args={'queue': <QueuedEvent>, 'player': 1, 'ball': 1, 'balls_remaining': 2, 'is_extra_ball': False}
2025-10-10 08:13:58,647 : INFO : EventManager : Event: ======'balls_in_play'====== Args={'balls': 1}
2025-10-10 08:13:58,647 : INFO : EventManager : Event: ======'ball_started'====== Args={'player': 1, 'ball': 1, 'balls_remaining': 2, 'is_extra_ball': False}
2025-10-10 08:13:58,647 : INFO : EventManager : Event: ======'logicblock_lb_jets_count_updated'====== Args={'value': 0, 'enabled': True}
2025-10-10 08:13:58,648 : INFO : EventManager : Event: ======'logicblock_lb_rollover_complete_count_updated'====== Args={'value': 0, 'enabled': True}
2025-10-10 08:13:58,648 : INFO : EventManager : Event: ======'logicblock_lb_jets_count_updated'====== Args={'value': 0, 'enabled': True}
2025-10-10 08:13:58,648 : INFO : EventManager : Event: ======'logicblock_lb_jets_resume_updated'====== Args={'value': 0, 'enabled': False}
2025-10-10 08:13:58,648 : INFO : EventManager : Event: ======'logicblock_lb_rollover_complete_count_updated'====== Args={'value': 0, 'enabled': True}
2025-10-10 08:13:58,648 : INFO : Mode.super_jets_setup : Started. Priority: 200
2025-10-10 08:13:58,648 : INFO : EventManager : Event: ======'modes_active_modes_changed'====== Args={}
2025-10-10 08:13:58,648 : INFO : EventManager : Event: ======'mode_super_jets_setup_started'====== Args={'queue': <QueuedEvent>, 'player': 1, 'ball': 1, 'balls_remaining': 2, 'is_extra_ball': False}
2025-10-10 08:13:58,649 : INFO : EventManager : Event: ======'mode_base_will_start'====== Args={'player': 1, 'ball': 1, 'balls_remaining': 2, 'is_extra_ball': False}
2025-10-10 08:13:58,649 : INFO : EventManager : Event: ======'player_shot_left_rollover_shot_enabled'====== Args={'value': True, 'prev_value': 0, 'change': 1, 'player_num': 1}
2025-10-10 08:13:58,650 : INFO : EventManager : Event: ======'player_shot_center_rollover_shot_enabled'====== Args={'value': True, 'prev_value': 0, 'change': 1, 'player_num': 1}
2025-10-10 08:13:58,650 : INFO : EventManager : Event: ======'player_shot_right_rollover_shot_enabled'====== Args={'value': True, 'prev_value': 0, 'change': 1, 'player_num': 1}
2025-10-10 08:13:58,651 : INFO : EventManager : Event: ======'player_shot_right_scoop_shot_enabled'====== Args={'value': True, 'prev_value': 0, 'change': 1, 'player_num': 1}
2025-10-10 08:13:58,651 : INFO : EventManager : Event: ======'player_shot_bumper1_shot_enabled'====== Args={'value': True, 'prev_value': 0, 'change': 1, 'player_num': 1}
2025-10-10 08:13:58,651 : INFO : EventManager : Event: ======'player_shot_bumper2_shot_enabled'====== Args={'value': True, 'prev_value': 0, 'change': 1, 'player_num': 1}
2025-10-10 08:13:58,652 : INFO : EventManager : Event: ======'player_shot_right_inlane_shot_enabled'====== Args={'value': True, 'prev_value': 0, 'change': 1, 'player_num': 1}
2025-10-10 08:13:58,652 : INFO : EventManager : Event: ======'rollover_lanes_complete'====== Args={'state': 'unlit'}
2025-10-10 08:13:58,652 : INFO : EventManager : Event: ======'rollover_lanes_unlit_complete'====== Args={}
2025-10-10 08:13:58,654 : INFO : EventManager : Event: ======'mode_base_starting'====== Args={'player': 1, 'ball': 1, 'balls_remaining': 2, 'is_extra_ball': False}
2025-10-10 08:13:58,656 : INFO : EventManager : Event: ======'logicblock_my_counter_updated'====== Args={'value': 0, 'enabled': True}
2025-10-10 08:13:58,656 : INFO : EventManager : Event: ======'logicblock_right_scoop_updated'====== Args={'value': [False, False, False], 'enabled': True}
2025-10-10 08:13:58,656 : INFO : EventManager : Event: ======'logicblock_my_counter_updated'====== Args={'value': 0, 'enabled': True}
2025-10-10 08:13:58,656 : INFO : EventManager : Event: ======'logicblock_right_scoop_updated'====== Args={'value': [False, False, False], 'enabled': True}
2025-10-10 08:13:58,656 : INFO : Mode.base : Started. Priority: 100
2025-10-10 08:13:58,656 : INFO : EventManager : Event: ======'modes_active_modes_changed'====== Args={}
2025-10-10 08:13:58,656 : INFO : EventManager : Event: ======'mode_base_started'====== Args={'player': 1, 'ball': 1, 'balls_remaining': 2, 'is_extra_ball': False}
2025-10-10 08:13:58,657 : INFO : EventManager : Event: ======'single_player_ball_started'====== Args={}
2025-10-10 08:13:58,693 : INFO : EventManager : Event: ======'ball_start_target'====== Args={'target': 'playfield'}
2025-10-10 08:13:58,734 : INFO : ball_device.bd_plunger : Setting up player-controlled eject. Balls: 1, Target: <playfield.playfield>, player_controlled_eject_event: None
2025-10-10 08:13:58,734 : INFO : EventManager : Event: ======'balldevice_balls_available'====== Args={}
2025-10-10 08:13:58,735 : INFO : EventManager : Event: ======'slide_base.slide_player-mode_base_started_created'====== Args={'_from_bcp': True}
2025-10-10 08:13:58,735 : INFO : EventManager : Event: ======'slide_base.slide_player-mode_base_started_active'====== Args={'_from_bcp': True}
2025-10-10 08:13:58,736 : INFO : ball_device.bd_trough : State: waiting_for_target_ready
2025-10-10 08:13:58,736 : INFO : EventManager : Event: ======'balldevice_bd_trough_ball_eject_attempt'====== Args={'balls': 1, 'target': <ball_device.bd_plunger>, 'source': <ball_device.bd_trough>, 'mechanical_eject': True, 'num_attempts': 0}
2025-10-10 08:13:58,737 : INFO : ball_device.bd_plunger : State: waiting_for_ball
2025-10-10 08:13:58,737 : INFO : ball_device.bd_trough : State: ejecting
2025-10-10 08:13:58,737 : INFO : ball_device.bd_trough : Ejecting ball to <ball_device.bd_plunger>
2025-10-10 08:13:58,738 : INFO : EventManager : Event: ======'balldevice_bd_trough_ejecting_ball'====== Args={'balls': 1, 'target': <ball_device.bd_plunger>, 'source': <ball_device.bd_trough>, 'mechanical_eject': True, 'num_attempts': 0}
2025-10-10 08:13:58,738 : INFO : ball_device.bd_trough : Wait for ball to leave device
2025-10-10 08:13:58,739 : INFO : coil.c_trough_eject : Pulsing Driver for 20ms (1.0 pulse_power)
2025-10-10 08:13:58,739 : INFO : SwitchController : <<<<<<< 's_trough1' inactive >>>>>>>
2025-10-10 08:13:58,749 : INFO : ball_device.bd_trough : State: ball_left
2025-10-10 08:13:58,750 : INFO : ball_device.bd_trough : Ball left
2025-10-10 08:13:58,750 : INFO : ball_device.bd_trough : Wait for confirm with timeout 3.0
2025-10-10 08:13:58,837 : INFO : SwitchController : <<<<<<< 's_plunger' active >>>>>>>
2025-10-10 08:13:58,837 : INFO : EventManager : Event: ======'machine_var_audits_switches_s_plunger'====== Args={'value': 326, 'prev_value': 325, 'change': 1}
2025-10-10 08:13:59,345 : INFO : ball_device.bd_plunger : Received ball from <ball_device.bd_trough>
2025-10-10 08:13:59,346 : INFO : EventManager : Event: ======'balldevice_bd_plunger_ball_enter'====== Args={'new_balls': 1, 'unclaimed_balls': 0, 'new_available_balls': 0, 'device': <ball_device.bd_plunger>}
2025-10-10 08:13:59,347 : INFO : EventManager : Event: ======'balldevice_bd_plunger_ball_entered'====== Args={'new_balls': 0, 'device': <ball_device.bd_plunger>}
2025-10-10 08:13:59,348 : INFO : EventManager : Event: ======'balldevice_bd_plunger_ball_count_changed'====== Args={'balls': 1}
2025-10-10 08:13:59,349 : INFO : ball_device.bd_trough : Got eject confirm
2025-10-10 08:13:59,349 : INFO : ball_device.bd_trough : Eject successful
2025-10-10 08:13:59,349 : INFO : EventManager : Event: ======'balldevice_bd_trough_ball_eject_success'====== Args={'balls': 1, 'target': <ball_device.bd_plunger>}
2025-10-10 08:13:59,350 : INFO : EventManager : Event: ======'balldevice_bd_trough_ball_count_changed'====== Args={'balls': 5}
2025-10-10 08:13:59,351 : INFO : ball_device.bd_trough : State: idle
2025-10-10 08:13:59,351 : INFO : ball_device.bd_plunger : State: waiting_for_target_ready
2025-10-10 08:13:59,352 : INFO : EventManager : Event: ======'balldevice_bd_plunger_ball_eject_attempt'====== Args={'balls': 1, 'target': <playfield.playfield>, 'source': <ball_device.bd_plunger>, 'mechanical_eject': True, 'num_attempts': 0}
2025-10-10 08:13:59,353 : INFO : ball_device.bd_plunger : State: ejecting
2025-10-10 08:13:59,353 : INFO : ball_device.bd_plunger : Ejecting ball to <playfield.playfield>
2025-10-10 08:13:59,353 : INFO : EventManager : Event: ======'balldevice_bd_plunger_ejecting_ball'====== Args={'balls': 1, 'target': <playfield.playfield>, 'source': <ball_device.bd_plunger>, 'mechanical_eject': True, 'num_attempts': 0}
2025-10-10 08:13:59,355 : INFO : ball_device.bd_plunger : Wait for ball to leave device
2025-10-10 08:14:00,372 : WARNING : SwitchController : Received duplicate switch state 1 for switch s_plunger from the platform interface. Log Code: Log-SwitchController-1 (https://missionpinball.org/logs)
2025-10-10 08:14:00,462 : INFO : SwitchController : <<<<<<< 's_plunger' inactive >>>>>>>
2025-10-10 08:14:00,477 : INFO : ball_device.bd_plunger : State: ball_left
2025-10-10 08:14:00,478 : INFO : ball_device.bd_plunger : Ball left
2025-10-10 08:14:00,478 : INFO : ball_device.bd_plunger : Wait for confirm with timeout 5.0
2025-10-10 08:14:01,880 : INFO : SwitchController : <<<<<<< 's_right_rollover' active >>>>>>>
2025-10-10 08:14:01,880 : INFO : EventManager : Event: ======'playfield_active'====== Args={}
2025-10-10 08:14:01,881 : INFO : EventManager : Event: ======'playfield_active'====== Args={}
2025-10-10 08:14:01,881 : INFO : EventManager : Event: ======'s_right_rollover_active'====== Args={}
2025-10-10 08:14:01,882 : INFO : EventManager : Event: ======'machine_var_audits_switches_s_right_rollover'====== Args={'value': 255, 'prev_value': 254, 'change': 1}
2025-10-10 08:14:01,885 : INFO : EventManager : Event: ======'player_shot_right_rollover'====== Args={'value': 1, 'prev_value': 0, 'change': 1, 'player_num': 1}
2025-10-10 08:14:01,886 : INFO : EventManager : Event: ======'machine_var_audits_shots_right_rollover'====== Args={'value': 20, 'prev_value': 19, 'change': 1}
2025-10-10 08:14:01,888 : INFO : EventManager : Event: ======'right_rollover_hit'====== Args={'profile': 'default', 'state': 'unlit', 'advancing': True}
2025-10-10 08:14:01,888 : INFO : EventManager : Event: ======'right_rollover_default_hit'====== Args={'profile': 'default', 'state': 'unlit', 'advancing': True}
2025-10-10 08:14:01,888 : INFO : EventManager : Event: ======'right_rollover_default_unlit_hit'====== Args={'profile': 'default', 'state': 'unlit', 'advancing': True}
2025-10-10 08:14:01,889 : INFO : EventManager : Event: ======'right_rollover_unlit_hit'====== Args={'profile': 'default', 'state': 'unlit', 'advancing': True}
2025-10-10 08:14:01,889 : INFO : EventManager : Event: ======'player_shot_right_rollover_shot'====== Args={'value': 1, 'prev_value': 0, 'change': 1, 'player_num': 1}
2025-10-10 08:14:01,890 : INFO : EventManager : Event: ======'machine_var_audits_shots_right_rollover_shot'====== Args={'value': 246, 'prev_value': 245, 'change': 1}
2025-10-10 08:14:01,892 : INFO : EventManager : Event: ======'right_rollover_shot_hit'====== Args={'profile': 'default', 'state': 'unlit', 'advancing': True}
2025-10-10 08:14:01,892 : INFO : EventManager : Event: ======'right_rollover_shot_default_hit'====== Args={'profile': 'default', 'state': 'unlit', 'advancing': True}
2025-10-10 08:14:01,893 : INFO : EventManager : Event: ======'right_rollover_shot_default_unlit_hit'====== Args={'profile': 'default', 'state': 'unlit', 'advancing': True}
2025-10-10 08:14:01,893 : INFO : EventManager : Event: ======'right_rollover_shot_unlit_hit'====== Args={'profile': 'default', 'state': 'unlit', 'advancing': True}
2025-10-10 08:14:01,894 : INFO : EventManager : Event: ======'rollover_lanes2_hit'====== Args={}
2025-10-10 08:14:01,894 : INFO : EventManager : Event: ======'rollover_lanes2_unlit_hit'====== Args={}
2025-10-10 08:14:01,894 : INFO : EventManager : Event: ======'player_score'====== Args={'value': 300, 'prev_value': 0, 'change': 300, 'player_num': 1, 'source': 'base'}
2025-10-10 08:14:01,895 : INFO : EventManager : Event: ======'logicblock_right_scoop_updated'====== Args={'value': [False, False, True], 'enabled': True}
2025-10-10 08:14:01,895 : INFO : EventManager : Event: ======'logicblock_right_scoop_hit'====== Args={'step': 2}
2025-10-10 08:14:01,896 : INFO : EventManager : Event: ======'rollover_lanes_hit'====== Args={}
2025-10-10 08:14:01,896 : INFO : EventManager : Event: ======'rollover_lanes_unlit_hit'====== Args={}
2025-10-10 08:14:01,940 : INFO : ball_device.bd_plunger : Got eject confirm
2025-10-10 08:14:01,940 : INFO : ball_device.bd_plunger : Eject successful
2025-10-10 08:14:01,940 : INFO : EventManager : Event: ======'balldevice_bd_plunger_ball_eject_success'====== Args={'balls': 1, 'target': <playfield.playfield>}
2025-10-10 08:14:01,941 : INFO : EventManager : Event: ======'balldevice_playfield_ball_enter'====== Args={'new_balls': 1, 'unclaimed_balls': 1, 'device': <playfield.playfield>}
2025-10-10 08:14:01,941 : INFO : EventManager : Event: ======'playfield_ball_count_change'====== Args={'balls': 1, 'change': 1}
2025-10-10 08:14:01,942 : INFO : EventManager : Event: ======'balldevice_bd_plunger_ball_count_changed'====== Args={'balls': 0}
2025-10-10 08:14:01,942 : INFO : ball_device.bd_plunger : State: idle
2025-10-10 08:14:02,034 : INFO : SwitchController : <<<<<<< 's_right_rollover' inactive >>>>>>>
2025-10-10 08:14:03,723 : INFO : SwitchController : <<<<<<< 's_bumper2' active >>>>>>>
2025-10-10 08:14:03,723 : INFO : EventManager : Event: ======'s_bumper2_active'====== Args={}
2025-10-10 08:14:03,724 : INFO : EventManager : Event: ======'machine_var_audits_switches_s_bumper2'====== Args={'value': 98, 'prev_value': 97, 'change': 1}
2025-10-10 08:14:03,725 : INFO : EventManager : Event: ======'player_shot_jets'====== Args={'value': 1, 'prev_value': 0, 'change': 1, 'player_num': 1}
2025-10-10 08:14:03,726 : INFO : EventManager : Event: ======'machine_var_audits_shots_jets'====== Args={'value': 87, 'prev_value': 86, 'change': 1}
2025-10-10 08:14:03,727 : INFO : EventManager : Event: ======'jets_hit'====== Args={'profile': 'default', 'state': 'unlit', 'advancing': True}
2025-10-10 08:14:03,727 : INFO : EventManager : Event: ======'jets_default_hit'====== Args={'profile': 'default', 'state': 'unlit', 'advancing': True}
2025-10-10 08:14:03,727 : INFO : EventManager : Event: ======'jets_default_unlit_hit'====== Args={'profile': 'default', 'state': 'unlit', 'advancing': True}
2025-10-10 08:14:03,727 : INFO : EventManager : Event: ======'jets_unlit_hit'====== Args={'profile': 'default', 'state': 'unlit', 'advancing': True}
2025-10-10 08:14:03,727 : INFO : EventManager : Event: ======'player_score'====== Args={'value': 800, 'prev_value': 300, 'change': 500, 'player_num': 1, 'source': 'super_jets_setup'}
2025-10-10 08:14:03,727 : INFO : EventManager : Event: ======'player_shot_bumper2_shot'====== Args={'value': 1, 'prev_value': 0, 'change': 1, 'player_num': 1}
2025-10-10 08:14:03,727 : INFO : EventManager : Event: ======'machine_var_audits_shots_bumper2_shot'====== Args={'value': 95, 'prev_value': 94, 'change': 1}
2025-10-10 08:14:03,728 : INFO : EventManager : Event: ======'bumper2_shot_hit'====== Args={'profile': 'default', 'state': 'unlit', 'advancing': True}
2025-10-10 08:14:03,728 : INFO : EventManager : Event: ======'bumper2_shot_default_hit'====== Args={'profile': 'default', 'state': 'unlit', 'advancing': True}
2025-10-10 08:14:03,728 : INFO : EventManager : Event: ======'bumper2_shot_default_unlit_hit'====== Args={'profile': 'default', 'state': 'unlit', 'advancing': True}
2025-10-10 08:14:03,728 : INFO : EventManager : Event: ======'bumper2_shot_unlit_hit'====== Args={'profile': 'default', 'state': 'unlit', 'advancing': True}
2025-10-10 08:14:03,729 : INFO : EventManager : Event: ======'logicblock_lb_jets_count_updated'====== Args={'value': 1, 'enabled': True}
2025-10-10 08:14:03,729 : INFO : EventManager : Event: ======'counter_lb_jets_count_hit'====== Args={'count': 1, 'hits': 1, 'remaining': 9}
2025-10-10 08:14:03,729 : INFO : EventManager : Event: ======'logicblock_lb_jets_count_hit'====== Args={'count': 1, 'hits': 1, 'remaining': 9}
2025-10-10 08:14:03,732 : INFO : EventManager : Event: ======'player_score'====== Args={'value': 975, 'prev_value': 800, 'change': 175, 'player_num': 1, 'source': 'base'}
2025-10-10 08:14:03,843 : INFO : SwitchController : <<<<<<< 's_bumper2' inactive >>>>>>>
2025-10-10 08:14:04,790 : INFO : SwitchController : <<<<<<< 's_bumper2' active >>>>>>>
2025-10-10 08:14:04,790 : INFO : EventManager : Event: ======'s_bumper2_active'====== Args={}
2025-10-10 08:14:04,791 : INFO : EventManager : Event: ======'machine_var_audits_switches_s_bumper2'====== Args={'value': 99, 'prev_value': 98, 'change': 1}
2025-10-10 08:14:04,797 : INFO : EventManager : Event: ======'machine_var_audits_shots_jets'====== Args={'value': 88, 'prev_value': 87, 'change': 1}
2025-10-10 08:14:04,800 : INFO : EventManager : Event: ======'jets_hit'====== Args={'profile': 'default', 'state': 'lit', 'advancing': False}
2025-10-10 08:14:04,801 : INFO : EventManager : Event: ======'jets_default_hit'====== Args={'profile': 'default', 'state': 'lit', 'advancing': False}
2025-10-10 08:14:04,801 : INFO : EventManager : Event: ======'jets_default_lit_hit'====== Args={'profile': 'default', 'state': 'lit', 'advancing': False}
2025-10-10 08:14:04,802 : INFO : EventManager : Event: ======'jets_lit_hit'====== Args={'profile': 'default', 'state': 'lit', 'advancing': False}
2025-10-10 08:14:04,803 : INFO : EventManager : Event: ======'player_score'====== Args={'value': 1475, 'prev_value': 975, 'change': 500, 'player_num': 1, 'source': 'super_jets_setup'}
2025-10-10 08:14:04,804 : INFO : EventManager : Event: ======'machine_var_audits_shots_bumper2_shot'====== Args={'value': 96, 'prev_value': 95, 'change': 1}
2025-10-10 08:14:04,806 : INFO : EventManager : Event: ======'bumper2_shot_hit'====== Args={'profile': 'default', 'state': 'lit', 'advancing': False}
2025-10-10 08:14:04,807 : INFO : EventManager : Event: ======'bumper2_shot_default_hit'====== Args={'profile': 'default', 'state': 'lit', 'advancing': False}
2025-10-10 08:14:04,807 : INFO : EventManager : Event: ======'bumper2_shot_default_lit_hit'====== Args={'profile': 'default', 'state': 'lit', 'advancing': False}
2025-10-10 08:14:04,807 : INFO : EventManager : Event: ======'bumper2_shot_lit_hit'====== Args={'profile': 'default', 'state': 'lit', 'advancing': False}
2025-10-10 08:14:04,809 : INFO : EventManager : Event: ======'logicblock_lb_jets_count_updated'====== Args={'value': 2, 'enabled': True}
2025-10-10 08:14:04,809 : INFO : EventManager : Event: ======'counter_lb_jets_count_hit'====== Args={'count': 2, 'hits': 2, 'remaining': 8}
2025-10-10 08:14:04,810 : INFO : EventManager : Event: ======'logicblock_lb_jets_count_hit'====== Args={'count': 2, 'hits': 2, 'remaining': 8}
2025-10-10 08:14:04,813 : INFO : EventManager : Event: ======'player_score'====== Args={'value': 1650, 'prev_value': 1475, 'change': 175, 'player_num': 1, 'source': 'base'}
2025-10-10 08:14:04,943 : INFO : SwitchController : <<<<<<< 's_bumper2' inactive >>>>>>>
2025-10-10 08:14:05,339 : INFO : SwitchController : <<<<<<< 's_bumper2' active >>>>>>>
2025-10-10 08:14:05,339 : INFO : EventManager : Event: ======'s_bumper2_active'====== Args={}
2025-10-10 08:14:05,339 : INFO : EventManager : Event: ======'machine_var_audits_switches_s_bumper2'====== Args={'value': 100, 'prev_value': 99, 'change': 1}
2025-10-10 08:14:05,341 : INFO : EventManager : Event: ======'machine_var_audits_shots_jets'====== Args={'value': 89, 'prev_value': 88, 'change': 1}
2025-10-10 08:14:05,341 : INFO : EventManager : Event: ======'jets_hit'====== Args={'profile': 'default', 'state': 'lit', 'advancing': False}
2025-10-10 08:14:05,342 : INFO : EventManager : Event: ======'jets_default_hit'====== Args={'profile': 'default', 'state': 'lit', 'advancing': False}
2025-10-10 08:14:05,342 : INFO : EventManager : Event: ======'jets_default_lit_hit'====== Args={'profile': 'default', 'state': 'lit', 'advancing': False}
2025-10-10 08:14:05,342 : INFO : EventManager : Event: ======'jets_lit_hit'====== Args={'profile': 'default', 'state': 'lit', 'advancing': False}
2025-10-10 08:14:05,342 : INFO : EventManager : Event: ======'player_score'====== Args={'value': 2150, 'prev_value': 1650, 'change': 500, 'player_num': 1, 'source': 'super_jets_setup'}
2025-10-10 08:14:05,343 : INFO : EventManager : Event: ======'machine_var_audits_shots_bumper2_shot'====== Args={'value': 97, 'prev_value': 96, 'change': 1}
2025-10-10 08:14:05,343 : INFO : EventManager : Event: ======'bumper2_shot_hit'====== Args={'profile': 'default', 'state': 'lit', 'advancing': False}
2025-10-10 08:14:05,344 : INFO : EventManager : Event: ======'bumper2_shot_default_hit'====== Args={'profile': 'default', 'state': 'lit', 'advancing': False}
2025-10-10 08:14:05,344 : INFO : EventManager : Event: ======'bumper2_shot_default_lit_hit'====== Args={'profile': 'default', 'state': 'lit', 'advancing': False}
2025-10-10 08:14:05,344 : INFO : EventManager : Event: ======'bumper2_shot_lit_hit'====== Args={'profile': 'default', 'state': 'lit', 'advancing': False}
2025-10-10 08:14:05,344 : INFO : EventManager : Event: ======'logicblock_lb_jets_count_updated'====== Args={'value': 3, 'enabled': True}
2025-10-10 08:14:05,344 : INFO : EventManager : Event: ======'counter_lb_jets_count_hit'====== Args={'count': 3, 'hits': 3, 'remaining': 7}
2025-10-10 08:14:05,344 : INFO : EventManager : Event: ======'logicblock_lb_jets_count_hit'====== Args={'count': 3, 'hits': 3, 'remaining': 7}
2025-10-10 08:14:05,348 : INFO : EventManager : Event: ======'player_score'====== Args={'value': 2325, 'prev_value': 2150, 'change': 175, 'player_num': 1, 'source': 'base'}
2025-10-10 08:14:05,489 : INFO : SwitchController : <<<<<<< 's_bumper2' inactive >>>>>>>
2025-10-10 08:14:05,963 : INFO : SwitchController : <<<<<<< 's_bumper2' active >>>>>>>
2025-10-10 08:14:05,963 : INFO : EventManager : Event: ======'s_bumper2_active'====== Args={}
2025-10-10 08:14:05,964 : INFO : EventManager : Event: ======'machine_var_audits_switches_s_bumper2'====== Args={'value': 101, 'prev_value': 100, 'change': 1}
2025-10-10 08:14:05,966 : INFO : EventManager : Event: ======'machine_var_audits_shots_jets'====== Args={'value': 90, 'prev_value': 89, 'change': 1}
2025-10-10 08:14:05,968 : INFO : EventManager : Event: ======'jets_hit'====== Args={'profile': 'default', 'state': 'lit', 'advancing': False}
2025-10-10 08:14:05,968 : INFO : EventManager : Event: ======'jets_default_hit'====== Args={'profile': 'default', 'state': 'lit', 'advancing': False}
2025-10-10 08:14:05,969 : INFO : EventManager : Event: ======'jets_default_lit_hit'====== Args={'profile': 'default', 'state': 'lit', 'advancing': False}
2025-10-10 08:14:05,969 : INFO : EventManager : Event: ======'jets_lit_hit'====== Args={'profile': 'default', 'state': 'lit', 'advancing': False}
2025-10-10 08:14:05,969 : INFO : EventManager : Event: ======'player_score'====== Args={'value': 2825, 'prev_value': 2325, 'change': 500, 'player_num': 1, 'source': 'super_jets_setup'}
2025-10-10 08:14:05,970 : INFO : EventManager : Event: ======'machine_var_audits_shots_bumper2_shot'====== Args={'value': 98, 'prev_value': 97, 'change': 1}
2025-10-10 08:14:05,973 : INFO : EventManager : Event: ======'bumper2_shot_hit'====== Args={'profile': 'default', 'state': 'lit', 'advancing': False}
2025-10-10 08:14:05,973 : INFO : EventManager : Event: ======'bumper2_shot_default_hit'====== Args={'profile': 'default', 'state': 'lit', 'advancing': False}
2025-10-10 08:14:05,973 : INFO : EventManager : Event: ======'bumper2_shot_default_lit_hit'====== Args={'profile': 'default', 'state': 'lit', 'advancing': False}
2025-10-10 08:14:05,974 : INFO : EventManager : Event: ======'bumper2_shot_lit_hit'====== Args={'profile': 'default', 'state': 'lit', 'advancing': False}
2025-10-10 08:14:05,974 : INFO : EventManager : Event: ======'logicblock_lb_jets_count_updated'====== Args={'value': 4, 'enabled': True}
2025-10-10 08:14:05,974 : INFO : EventManager : Event: ======'counter_lb_jets_count_hit'====== Args={'count': 4, 'hits': 4, 'remaining': 6}
2025-10-10 08:14:05,975 : INFO : EventManager : Event: ======'logicblock_lb_jets_count_hit'====== Args={'count': 4, 'hits': 4, 'remaining': 6}
2025-10-10 08:14:05,977 : INFO : EventManager : Event: ======'player_score'====== Args={'value': 3000, 'prev_value': 2825, 'change': 175, 'player_num': 1, 'source': 'base'}
2025-10-10 08:14:06,117 : INFO : SwitchController : <<<<<<< 's_bumper2' inactive >>>>>>>
2025-10-10 08:14:06,540 : INFO : SwitchController : <<<<<<< 's_bumper2' active >>>>>>>
2025-10-10 08:14:06,541 : INFO : EventManager : Event: ======'s_bumper2_active'====== Args={}
2025-10-10 08:14:06,541 : INFO : EventManager : Event: ======'machine_var_audits_switches_s_bumper2'====== Args={'value': 102, 'prev_value': 101, 'change': 1}
2025-10-10 08:14:06,545 : INFO : EventManager : Event: ======'machine_var_audits_shots_jets'====== Args={'value': 91, 'prev_value': 90, 'change': 1}
2025-10-10 08:14:06,548 : INFO : EventManager : Event: ======'jets_hit'====== Args={'profile': 'default', 'state': 'lit', 'advancing': False}
2025-10-10 08:14:06,548 : INFO : EventManager : Event: ======'jets_default_hit'====== Args={'profile': 'default', 'state': 'lit', 'advancing': False}
2025-10-10 08:14:06,549 : INFO : EventManager : Event: ======'jets_default_lit_hit'====== Args={'profile': 'default', 'state': 'lit', 'advancing': False}
2025-10-10 08:14:06,549 : INFO : EventManager : Event: ======'jets_lit_hit'====== Args={'profile': 'default', 'state': 'lit', 'advancing': False}
2025-10-10 08:14:06,550 : INFO : EventManager : Event: ======'player_score'====== Args={'value': 3500, 'prev_value': 3000, 'change': 500, 'player_num': 1, 'source': 'super_jets_setup'}
2025-10-10 08:14:06,551 : INFO : EventManager : Event: ======'machine_var_audits_shots_bumper2_shot'====== Args={'value': 99, 'prev_value': 98, 'change': 1}
2025-10-10 08:14:06,553 : INFO : EventManager : Event: ======'bumper2_shot_hit'====== Args={'profile': 'default', 'state': 'lit', 'advancing': False}
2025-10-10 08:14:06,554 : INFO : EventManager : Event: ======'bumper2_shot_default_hit'====== Args={'profile': 'default', 'state': 'lit', 'advancing': False}
2025-10-10 08:14:06,554 : INFO : EventManager : Event: ======'bumper2_shot_default_lit_hit'====== Args={'profile': 'default', 'state': 'lit', 'advancing': False}
2025-10-10 08:14:06,555 : INFO : EventManager : Event: ======'bumper2_shot_lit_hit'====== Args={'profile': 'default', 'state': 'lit', 'advancing': False}
2025-10-10 08:14:06,557 : INFO : EventManager : Event: ======'logicblock_lb_jets_count_updated'====== Args={'value': 5, 'enabled': True}
2025-10-10 08:14:06,557 : INFO : EventManager : Event: ======'counter_lb_jets_count_hit'====== Args={'count': 5, 'hits': 5, 'remaining': 5}
2025-10-10 08:14:06,558 : INFO : EventManager : Event: ======'logicblock_lb_jets_count_hit'====== Args={'count': 5, 'hits': 5, 'remaining': 5}
2025-10-10 08:14:06,562 : INFO : EventManager : Event: ======'player_score'====== Args={'value': 3675, 'prev_value': 3500, 'change': 175, 'player_num': 1, 'source': 'base'}
2025-10-10 08:14:06,688 : INFO : SwitchController : <<<<<<< 's_bumper2' inactive >>>>>>>
2025-10-10 08:14:11,413 : INFO : SwitchController : <<<<<<< 's_left_rollover' active >>>>>>>
2025-10-10 08:14:11,413 : INFO : EventManager : Event: ======'s_left_rollover_active'====== Args={}
2025-10-10 08:14:11,414 : INFO : EventManager : Event: ======'machine_var_audits_switches_s_left_rollover'====== Args={'value': 192, 'prev_value': 191, 'change': 1}
2025-10-10 08:14:11,415 : INFO : EventManager : Event: ======'player_shot_left_rollover'====== Args={'value': 1, 'prev_value': 0, 'change': 1, 'player_num': 1}
2025-10-10 08:14:11,416 : INFO : EventManager : Event: ======'machine_var_audits_shots_left_rollover'====== Args={'value': 17, 'prev_value': 16, 'change': 1}
2025-10-10 08:14:11,417 : INFO : EventManager : Event: ======'left_rollover_hit'====== Args={'profile': 'default', 'state': 'unlit', 'advancing': True}
2025-10-10 08:14:11,417 : INFO : EventManager : Event: ======'left_rollover_default_hit'====== Args={'profile': 'default', 'state': 'unlit', 'advancing': True}
2025-10-10 08:14:11,418 : INFO : EventManager : Event: ======'left_rollover_default_unlit_hit'====== Args={'profile': 'default', 'state': 'unlit', 'advancing': True}
2025-10-10 08:14:11,418 : INFO : EventManager : Event: ======'left_rollover_unlit_hit'====== Args={'profile': 'default', 'state': 'unlit', 'advancing': True}
2025-10-10 08:14:11,418 : INFO : EventManager : Event: ======'player_shot_left_rollover_shot'====== Args={'value': 1, 'prev_value': 0, 'change': 1, 'player_num': 1}
2025-10-10 08:14:11,419 : INFO : EventManager : Event: ======'machine_var_audits_shots_left_rollover_shot'====== Args={'value': 184, 'prev_value': 183, 'change': 1}
2025-10-10 08:14:11,420 : INFO : EventManager : Event: ======'left_rollover_shot_hit'====== Args={'profile': 'default', 'state': 'unlit', 'advancing': True}
2025-10-10 08:14:11,420 : INFO : EventManager : Event: ======'left_rollover_shot_default_hit'====== Args={'profile': 'default', 'state': 'unlit', 'advancing': True}
2025-10-10 08:14:11,420 : INFO : EventManager : Event: ======'left_rollover_shot_default_unlit_hit'====== Args={'profile': 'default', 'state': 'unlit', 'advancing': True}
2025-10-10 08:14:11,421 : INFO : EventManager : Event: ======'left_rollover_shot_unlit_hit'====== Args={'profile': 'default', 'state': 'unlit', 'advancing': True}
2025-10-10 08:14:11,421 : INFO : EventManager : Event: ======'rollover_lanes2_complete'====== Args={'state': 'lit'}
2025-10-10 08:14:11,421 : INFO : EventManager : Event: ======'rollover_lanes2_lit_complete'====== Args={}
2025-10-10 08:14:11,422 : INFO : EventManager : Event: ======'player_score'====== Args={'value': 4675, 'prev_value': 3675, 'change': 1000, 'player_num': 1, 'source': 'super_jets_setup'}
2025-10-10 08:14:11,422 : INFO : EventManager : Event: ======'logicblock_lb_rollover_complete_count_updated'====== Args={'value': 1, 'enabled': True}
2025-10-10 08:14:11,422 : INFO : EventManager : Event: ======'rollover_lanes2_done'====== Args={'count': 1, 'hits': 1, 'remaining': 39}
2025-10-10 08:14:11,424 : INFO : EventManager : Event: ======'rollover_lanes2_hit'====== Args={}
2025-10-10 08:14:11,424 : INFO : EventManager : Event: ======'rollover_lanes2_unlit_hit'====== Args={}
2025-10-10 08:14:11,426 : INFO : EventManager : Event: ======'player_score'====== Args={'value': 4775, 'prev_value': 4675, 'change': 100, 'player_num': 1, 'source': 'base'}
2025-10-10 08:14:11,426 : INFO : EventManager : Event: ======'logicblock_right_scoop_updated'====== Args={'value': [True, False, True], 'enabled': True}
2025-10-10 08:14:11,426 : INFO : EventManager : Event: ======'logicblock_right_scoop_hit'====== Args={'step': 0}
2025-10-10 08:14:11,426 : INFO : EventManager : Event: ======'rollover_lanes_hit'====== Args={}
2025-10-10 08:14:11,426 : INFO : EventManager : Event: ======'rollover_lanes_unlit_hit'====== Args={}
2025-10-10 08:14:11,552 : INFO : SwitchController : <<<<<<< 's_left_rollover' inactive >>>>>>>
2025-10-10 08:14:12,397 : INFO : SwitchController : <<<<<<< 's_center_rollover' active >>>>>>>
2025-10-10 08:14:12,397 : INFO : EventManager : Event: ======'s_center_rollover_active'====== Args={}
2025-10-10 08:14:12,397 : INFO : EventManager : Event: ======'machine_var_audits_switches_s_center_rollover'====== Args={'value': 249, 'prev_value': 248, 'change': 1}
2025-10-10 08:14:12,400 : INFO : EventManager : Event: ======'player_shot_center_rollover_shot'====== Args={'value': 1, 'prev_value': 0, 'change': 1, 'player_num': 1}
2025-10-10 08:14:12,401 : INFO : EventManager : Event: ======'machine_var_audits_shots_center_rollover_shot'====== Args={'value': 240, 'prev_value': 239, 'change': 1}
2025-10-10 08:14:12,403 : INFO : EventManager : Event: ======'center_rollover_shot_hit'====== Args={'profile': 'default', 'state': 'unlit', 'advancing': True}
2025-10-10 08:14:12,403 : INFO : EventManager : Event: ======'center_rollover_shot_default_hit'====== Args={'profile': 'default', 'state': 'unlit', 'advancing': True}
2025-10-10 08:14:12,403 : INFO : EventManager : Event: ======'center_rollover_shot_default_unlit_hit'====== Args={'profile': 'default', 'state': 'unlit', 'advancing': True}
2025-10-10 08:14:12,404 : INFO : EventManager : Event: ======'center_rollover_shot_unlit_hit'====== Args={'profile': 'default', 'state': 'unlit', 'advancing': True}
2025-10-10 08:14:12,404 : INFO : EventManager : Event: ======'rollover_lanes_complete'====== Args={'state': 'lit'}
2025-10-10 08:14:12,405 : INFO : EventManager : Event: ======'rollover_lanes_lit_complete'====== Args={}
2025-10-10 08:14:12,406 : INFO : EventManager : Event: ======'mode_skillshot_will_start'====== Args={}
2025-10-10 08:14:12,408 : INFO : EventManager : Event: ======'player_skillshot_mode_timer_tick'====== Args={'value': 5, 'prev_value': 0, 'change': 5, 'player_num': 1}
2025-10-10 08:14:12,408 : INFO : Timer.mode_timer : Starting Timer.
2025-10-10 08:14:12,408 : INFO : EventManager : Event: ======'timer_mode_timer_started'====== Args={'ticks': 5, 'ticks_remaining': 5}
2025-10-10 08:14:12,408 : INFO : EventManager : Event: ======'timer_mode_timer_tick'====== Args={'ticks': 5, 'ticks_remaining': 5}
2025-10-10 08:14:12,410 : INFO : EventManager : Event: ======'player_skillshot_target_rotator_tick'====== Args={'value': 0, 'prev_value': 0, 'change': 0, 'player_num': 1}
2025-10-10 08:14:12,410 : INFO : Timer.target_rotator : Starting Timer.
2025-10-10 08:14:12,410 : INFO : EventManager : Event: ======'timer_target_rotator_started'====== Args={'ticks': 0, 'ticks_remaining': 0}
2025-10-10 08:14:12,411 : INFO : EventManager : Event: ======'timer_target_rotator_tick'====== Args={'ticks': 0, 'ticks_remaining': 0}
2025-10-10 08:14:12,411 : INFO : EventManager : Event: ======'standups_skill_complete'====== Args={'state': 'None'}
2025-10-10 08:14:12,411 : INFO : EventManager : Event: ======'standups_skill_None_complete'====== Args={}
2025-10-10 08:14:12,413 : INFO : EventManager : Event: ======'player_shot_standup_1_skill_enabled'====== Args={'value': True, 'prev_value': 0, 'change': 1, 'player_num': 1}
2025-10-10 08:14:12,414 : INFO : EventManager : Event: ======'player_shot_standup_2_skill_enabled'====== Args={'value': True, 'prev_value': 0, 'change': 1, 'player_num': 1}
2025-10-10 08:14:12,415 : INFO : EventManager : Event: ======'player_shot_standup_3_skill_enabled'====== Args={'value': True, 'prev_value': 0, 'change': 1, 'player_num': 1}
2025-10-10 08:14:12,416 : INFO : EventManager : Event: ======'player_shot_standup_4_skill_enabled'====== Args={'value': True, 'prev_value': 0, 'change': 1, 'player_num': 1}
2025-10-10 08:14:12,417 : INFO : EventManager : Event: ======'player_shot_standup_5_skill_enabled'====== Args={'value': True, 'prev_value': 0, 'change': 1, 'player_num': 1}
2025-10-10 08:14:12,418 : INFO : EventManager : Event: ======'player_shot_standup_6_skill_enabled'====== Args={'value': True, 'prev_value': 0, 'change': 1, 'player_num': 1}
2025-10-10 08:14:12,421 : INFO : EventManager : Event: ======'mode_skillshot_starting'====== Args={}
2025-10-10 08:14:12,422 : INFO : EventManager : Event: ======'player_shot_left_rollover_shot'====== Args={'value': 0, 'prev_value': 1, 'change': -1, 'player_num': 1}
2025-10-10 08:14:12,423 : INFO : EventManager : Event: ======'player_shot_center_rollover_shot'====== Args={'value': 0, 'prev_value': 1, 'change': -1, 'player_num': 1}
2025-10-10 08:14:12,424 : INFO : EventManager : Event: ======'player_shot_right_rollover_shot'====== Args={'value': 0, 'prev_value': 1, 'change': -1, 'player_num': 1}
2025-10-10 08:14:12,426 : INFO : EventManager : Event: ======'player_score'====== Args={'value': 9775, 'prev_value': 4775, 'change': 5000, 'player_num': 1, 'source': 'base'}
2025-10-10 08:14:12,426 : INFO : EventManager : Event: ======'rollover_lanes_complete'====== Args={'state': 'unlit'}
2025-10-10 08:14:12,426 : INFO : EventManager : Event: ======'rollover_lanes_unlit_complete'====== Args={}
2025-10-10 08:14:12,432 : INFO : EventManager : Event: ======'player_score'====== Args={'value': 9975, 'prev_value': 9775, 'change': 200, 'player_num': 1, 'source': 'base'}
2025-10-10 08:14:12,432 : INFO : EventManager : Event: ======'logicblock_right_scoop_updated'====== Args={'value': [True, True, True], 'enabled': True}
2025-10-10 08:14:12,432 : INFO : EventManager : Event: ======'logicblock_right_scoop_hit'====== Args={'step': 1}
2025-10-10 08:14:12,432 : INFO : EventManager : Event: ======'enable_right_scoop_shot'====== Args={}
2025-10-10 08:14:12,433 : INFO : EventManager : Event: ======'logicblock_right_scoop_updated'====== Args={'value': [False, False, False], 'enabled': True}
2025-10-10 08:14:12,433 : INFO : EventManager : Event: ======'logicblock_right_scoop_updated'====== Args={'value': [False, False, False], 'enabled': False}
2025-10-10 08:14:12,433 : INFO : EventManager : Event: ======'rollover_lanes_hit'====== Args={}
2025-10-10 08:14:12,433 : INFO : EventManager : Event: ======'rollover_lanes_unlit_hit'====== Args={}
2025-10-10 08:14:12,435 : INFO : Mode.skillshot : Started. Priority: 150
2025-10-10 08:14:12,435 : INFO : EventManager : Event: ======'modes_active_modes_changed'====== Args={}
2025-10-10 08:14:12,435 : INFO : EventManager : Event: ======'mode_skillshot_started'====== Args={}
2025-10-10 08:14:12,435 : INFO : EventManager : Event: ======'player_shot_standup_1_skill'====== Args={'value': 1, 'prev_value': 0, 'change': 1, 'player_num': 1}
2025-10-10 08:14:12,503 : INFO : EventManager : Event: ======'player_shot_right_rollover'====== Args={'value': 0, 'prev_value': 1, 'change': -1, 'player_num': 1}
2025-10-10 08:14:12,504 : INFO : EventManager : Event: ======'player_shot_left_rollover'====== Args={'value': 0, 'prev_value': 1, 'change': -1, 'player_num': 1}
2025-10-10 08:14:12,504 : INFO : EventManager : Event: ======'rollover_lanes2_complete'====== Args={'state': 'unlit'}
2025-10-10 08:14:12,505 : INFO : EventManager : Event: ======'rollover_lanes2_unlit_complete'====== Args={}
2025-10-10 08:14:12,506 : INFO : EventManager : Event: ======'player_score'====== Args={'value': 10975, 'prev_value': 9975, 'change': 1000, 'player_num': 1, 'source': 'super_jets_setup'}
2025-10-10 08:14:12,506 : INFO : EventManager : Event: ======'logicblock_lb_rollover_complete_count_updated'====== Args={'value': 2, 'enabled': True}
2025-10-10 08:14:12,506 : INFO : EventManager : Event: ======'rollover_lanes2_done'====== Args={'count': 2, 'hits': 2, 'remaining': 38}
2025-10-10 08:14:12,509 : INFO : EventManager : Event: ======'slide_skillshot.slide_player-mode_skillshot_started_created'====== Args={'_from_bcp': True}
2025-10-10 08:14:12,510 : INFO : EventManager : Event: ======'slide_skillshot.slide_player-mode_skillshot_started_active'====== Args={'_from_bcp': True}
2025-10-10 08:14:12,510 : INFO : SwitchController : <<<<<<< 's_center_rollover' inactive >>>>>>>
2025-10-10 08:14:13,400 : INFO : EventManager : Event: ======'player_skillshot_mode_timer_tick'====== Args={'value': 4, 'prev_value': 5, 'change': -1, 'player_num': 1}
2025-10-10 08:14:13,402 : INFO : EventManager : Event: ======'timer_mode_timer_tick'====== Args={'ticks': 4, 'ticks_remaining': 4}
2025-10-10 08:14:13,432 : INFO : EventManager : Event: ======'player_skillshot_target_rotator_tick'====== Args={'value': 1, 'prev_value': 0, 'change': 1, 'player_num': 1}
2025-10-10 08:14:13,434 : INFO : EventManager : Event: ======'timer_target_rotator_tick'====== Args={'ticks': 1, 'ticks_remaining': 0}
2025-10-10 08:14:13,442 : INFO : EventManager : Event: ======'player_shot_standup_1_skill'====== Args={'value': 0, 'prev_value': 1, 'change': -1, 'player_num': 1}
2025-10-10 08:14:13,444 : INFO : EventManager : Event: ======'player_shot_standup_2_skill'====== Args={'value': 1, 'prev_value': 0, 'change': 1, 'player_num': 1}
2025-10-10 08:14:14,408 : INFO : EventManager : Event: ======'player_skillshot_mode_timer_tick'====== Args={'value': 3, 'prev_value': 4, 'change': -1, 'player_num': 1}
2025-10-10 08:14:14,410 : INFO : EventManager : Event: ======'timer_mode_timer_tick'====== Args={'ticks': 3, 'ticks_remaining': 3}
2025-10-10 08:14:14,417 : INFO : EventManager : Event: ======'player_skillshot_target_rotator_tick'====== Args={'value': 2, 'prev_value': 1, 'change': 1, 'player_num': 1}
2025-10-10 08:14:14,419 : INFO : EventManager : Event: ======'timer_target_rotator_tick'====== Args={'ticks': 2, 'ticks_remaining': 0}
2025-10-10 08:14:14,427 : INFO : EventManager : Event: ======'player_shot_standup_2_skill'====== Args={'value': 0, 'prev_value': 1, 'change': -1, 'player_num': 1}
2025-10-10 08:14:14,429 : INFO : EventManager : Event: ======'player_shot_standup_3_skill'====== Args={'value': 1, 'prev_value': 0, 'change': 1, 'player_num': 1}
2025-10-10 08:14:15,399 : INFO : EventManager : Event: ======'player_skillshot_mode_timer_tick'====== Args={'value': 2, 'prev_value': 3, 'change': -1, 'player_num': 1}
2025-10-10 08:14:15,401 : INFO : EventManager : Event: ======'timer_mode_timer_tick'====== Args={'ticks': 2, 'ticks_remaining': 2}
2025-10-10 08:14:15,429 : INFO : EventManager : Event: ======'player_skillshot_target_rotator_tick'====== Args={'value': 3, 'prev_value': 2, 'change': 1, 'player_num': 1}
2025-10-10 08:14:15,430 : INFO : EventManager : Event: ======'timer_target_rotator_tick'====== Args={'ticks': 3, 'ticks_remaining': 0}
2025-10-10 08:14:15,433 : INFO : EventManager : Event: ======'player_shot_standup_3_skill'====== Args={'value': 0, 'prev_value': 1, 'change': -1, 'player_num': 1}
2025-10-10 08:14:15,434 : INFO : EventManager : Event: ======'player_shot_standup_4_skill'====== Args={'value': 1, 'prev_value': 0, 'change': 1, 'player_num': 1}
2025-10-10 08:14:16,397 : INFO : EventManager : Event: ======'player_skillshot_mode_timer_tick'====== Args={'value': 1, 'prev_value': 2, 'change': -1, 'player_num': 1}
2025-10-10 08:14:16,399 : INFO : EventManager : Event: ======'timer_mode_timer_tick'====== Args={'ticks': 1, 'ticks_remaining': 1}
2025-10-10 08:14:16,422 : INFO : EventManager : Event: ======'player_skillshot_target_rotator_tick'====== Args={'value': 4, 'prev_value': 3, 'change': 1, 'player_num': 1}
2025-10-10 08:14:16,424 : INFO : EventManager : Event: ======'timer_target_rotator_tick'====== Args={'ticks': 4, 'ticks_remaining': 0}
2025-10-10 08:14:16,429 : INFO : EventManager : Event: ======'player_shot_standup_3_skill'====== Args={'value': 1, 'prev_value': 0, 'change': 1, 'player_num': 1}
2025-10-10 08:14:16,430 : INFO : EventManager : Event: ======'player_shot_standup_4_skill'====== Args={'value': 0, 'prev_value': 1, 'change': -1, 'player_num': 1}
2025-10-10 08:14:17,279 : INFO : SwitchController : <<<<<<< 's_standup_1' active >>>>>>>
2025-10-10 08:14:17,279 : INFO : EventManager : Event: ======'s_standup_1_active'====== Args={}
2025-10-10 08:14:17,281 : INFO : EventManager : Event: ======'machine_var_audits_switches_s_standup_1'====== Args={'value': 62, 'prev_value': 61, 'change': 1}
2025-10-10 08:14:17,286 : INFO : EventManager : Event: ======'player_shot_standup_1_skill'====== Args={'value': 1, 'prev_value': 0, 'change': 1, 'player_num': 1}
2025-10-10 08:14:17,288 : INFO : EventManager : Event: ======'machine_var_audits_shots_standup_1_skill'====== Args={'value': 30, 'prev_value': 29, 'change': 1}
2025-10-10 08:14:17,289 : INFO : EventManager : Event: ======'standup_1_skill_hit'====== Args={'profile': 'skill', 'state': 'unlit', 'advancing': True}
2025-10-10 08:14:17,290 : INFO : EventManager : Event: ======'standup_1_skill_skill_hit'====== Args={'profile': 'skill', 'state': 'unlit', 'advancing': True}
2025-10-10 08:14:17,290 : INFO : EventManager : Event: ======'standup_1_skill_skill_unlit_hit'====== Args={'profile': 'skill', 'state': 'unlit', 'advancing': True}
2025-10-10 08:14:17,290 : INFO : EventManager : Event: ======'standup_1_skill_unlit_hit'====== Args={'profile': 'skill', 'state': 'unlit', 'advancing': True}
2025-10-10 08:14:17,294 : INFO : EventManager : Event: ======'standups_skill_hit'====== Args={}
2025-10-10 08:14:17,295 : INFO : EventManager : Event: ======'standups_skill_unlit_hit'====== Args={}
2025-10-10 08:14:17,296 : INFO : EventManager : Event: ======'mode_skillshot_will_stop'====== Args={}
2025-10-10 08:14:17,296 : INFO : EventManager : Event: ======'mode_skillshot_stopping'====== Args={}
2025-10-10 08:14:17,297 : INFO : EventManager : Event: ======'player_score'====== Args={'value': 510975, 'prev_value': 10975, 'change': 500000, 'player_num': 1, 'source': 'skillshot'}
2025-10-10 08:14:17,301 : INFO : Mode.skillshot : Stopped.
2025-10-10 08:14:17,302 : INFO : EventManager : Event: ======'modes_active_modes_changed'====== Args={}
2025-10-10 08:14:17,302 : INFO : EventManager : Event: ======'mode_skillshot_stopped'====== Args={}
2025-10-10 08:14:17,303 : INFO : EventManager : Event: ======'clear'====== Args={'key': 'skillshot'}
2025-10-10 08:14:17,311 : INFO : Timer.mode_timer : Stopping Timer
2025-10-10 08:14:17,311 : INFO : EventManager : Event: ======'timer_mode_timer_stopped'====== Args={'ticks': 1, 'ticks_remaining': 1}
2025-10-10 08:14:17,311 : INFO : Timer.target_rotator : Stopping Timer
2025-10-10 08:14:17,312 : INFO : EventManager : Event: ======'timer_target_rotator_stopped'====== Args={'ticks': 4, 'ticks_remaining': 0}
2025-10-10 08:14:17,367 : INFO : EventManager : Event: ======'slide_skillshot.slide_player-mode_skillshot_started_removed'====== Args={'_from_bcp': True}
2025-10-10 08:14:17,368 : INFO : EventManager : Event: ======'slide_base.slide_player-mode_base_started_active'====== Args={'_from_bcp': True}
2025-10-10 08:14:17,378 : INFO : SwitchController : <<<<<<< 's_standup_1' inactive >>>>>>>
2025-10-10 08:14:23,284 : INFO : SwitchController : <<<<<<< 's_bumper2' active >>>>>>>
2025-10-10 08:14:23,284 : INFO : EventManager : Event: ======'s_bumper2_active'====== Args={}
2025-10-10 08:14:23,284 : INFO : EventManager : Event: ======'machine_var_audits_switches_s_bumper2'====== Args={'value': 103, 'prev_value': 102, 'change': 1}
2025-10-10 08:14:23,285 : INFO : EventManager : Event: ======'machine_var_audits_shots_jets'====== Args={'value': 92, 'prev_value': 91, 'change': 1}
2025-10-10 08:14:23,286 : INFO : EventManager : Event: ======'jets_hit'====== Args={'profile': 'default', 'state': 'lit', 'advancing': False}
2025-10-10 08:14:23,286 : INFO : EventManager : Event: ======'jets_default_hit'====== Args={'profile': 'default', 'state': 'lit', 'advancing': False}
2025-10-10 08:14:23,286 : INFO : EventManager : Event: ======'jets_default_lit_hit'====== Args={'profile': 'default', 'state': 'lit', 'advancing': False}
2025-10-10 08:14:23,286 : INFO : EventManager : Event: ======'jets_lit_hit'====== Args={'profile': 'default', 'state': 'lit', 'advancing': False}
2025-10-10 08:14:23,286 : INFO : EventManager : Event: ======'player_score'====== Args={'value': 611475, 'prev_value': 510975, 'change': 100500, 'player_num': 1, 'source': 'super_jets_setup'}
2025-10-10 08:14:23,287 : INFO : EventManager : Event: ======'machine_var_audits_shots_bumper2_shot'====== Args={'value': 100, 'prev_value': 99, 'change': 1}
2025-10-10 08:14:23,287 : INFO : EventManager : Event: ======'bumper2_shot_hit'====== Args={'profile': 'default', 'state': 'lit', 'advancing': False}
2025-10-10 08:14:23,287 : INFO : EventManager : Event: ======'bumper2_shot_default_hit'====== Args={'profile': 'default', 'state': 'lit', 'advancing': False}
2025-10-10 08:14:23,288 : INFO : EventManager : Event: ======'bumper2_shot_default_lit_hit'====== Args={'profile': 'default', 'state': 'lit', 'advancing': False}
2025-10-10 08:14:23,288 : INFO : EventManager : Event: ======'bumper2_shot_lit_hit'====== Args={'profile': 'default', 'state': 'lit', 'advancing': False}
2025-10-10 08:14:23,288 : INFO : EventManager : Event: ======'logicblock_lb_jets_count_updated'====== Args={'value': 6, 'enabled': True}
2025-10-10 08:14:23,288 : INFO : EventManager : Event: ======'counter_lb_jets_count_hit'====== Args={'count': 6, 'hits': 6, 'remaining': 4}
2025-10-10 08:14:23,288 : INFO : EventManager : Event: ======'logicblock_lb_jets_count_hit'====== Args={'count': 6, 'hits': 6, 'remaining': 4}
2025-10-10 08:14:23,290 : INFO : EventManager : Event: ======'player_score'====== Args={'value': 611650, 'prev_value': 611475, 'change': 175, 'player_num': 1, 'source': 'base'}
2025-10-10 08:14:23,409 : INFO : SwitchController : <<<<<<< 's_bumper2' inactive >>>>>>>
2025-10-10 08:14:24,284 : INFO : SwitchController : <<<<<<< 's_bumper2' active >>>>>>>
2025-10-10 08:14:24,284 : INFO : EventManager : Event: ======'s_bumper2_active'====== Args={}
2025-10-10 08:14:24,285 : INFO : EventManager : Event: ======'machine_var_audits_switches_s_bumper2'====== Args={'value': 104, 'prev_value': 103, 'change': 1}
2025-10-10 08:14:24,287 : INFO : EventManager : Event: ======'machine_var_audits_shots_jets'====== Args={'value': 93, 'prev_value': 92, 'change': 1}
2025-10-10 08:14:24,289 : INFO : EventManager : Event: ======'jets_hit'====== Args={'profile': 'default', 'state': 'lit', 'advancing': False}
2025-10-10 08:14:24,290 : INFO : EventManager : Event: ======'jets_default_hit'====== Args={'profile': 'default', 'state': 'lit', 'advancing': False}
2025-10-10 08:14:24,290 : INFO : EventManager : Event: ======'jets_default_lit_hit'====== Args={'profile': 'default', 'state': 'lit', 'advancing': False}
2025-10-10 08:14:24,290 : INFO : EventManager : Event: ======'jets_lit_hit'====== Args={'profile': 'default', 'state': 'lit', 'advancing': False}
2025-10-10 08:14:24,291 : INFO : EventManager : Event: ======'player_score'====== Args={'value': 712150, 'prev_value': 611650, 'change': 100500, 'player_num': 1, 'source': 'super_jets_setup'}
2025-10-10 08:14:24,291 : INFO : EventManager : Event: ======'machine_var_audits_shots_bumper2_shot'====== Args={'value': 101, 'prev_value': 100, 'change': 1}
2025-10-10 08:14:24,293 : INFO : EventManager : Event: ======'bumper2_shot_hit'====== Args={'profile': 'default', 'state': 'lit', 'advancing': False}
2025-10-10 08:14:24,294 : INFO : EventManager : Event: ======'bumper2_shot_default_hit'====== Args={'profile': 'default', 'state': 'lit', 'advancing': False}
2025-10-10 08:14:24,294 : INFO : EventManager : Event: ======'bumper2_shot_default_lit_hit'====== Args={'profile': 'default', 'state': 'lit', 'advancing': False}
2025-10-10 08:14:24,294 : INFO : EventManager : Event: ======'bumper2_shot_lit_hit'====== Args={'profile': 'default', 'state': 'lit', 'advancing': False}
2025-10-10 08:14:24,295 : INFO : EventManager : Event: ======'logicblock_lb_jets_count_updated'====== Args={'value': 7, 'enabled': True}
2025-10-10 08:14:24,295 : INFO : EventManager : Event: ======'counter_lb_jets_count_hit'====== Args={'count': 7, 'hits': 7, 'remaining': 3}
2025-10-10 08:14:24,295 : INFO : EventManager : Event: ======'logicblock_lb_jets_count_hit'====== Args={'count': 7, 'hits': 7, 'remaining': 3}
2025-10-10 08:14:24,298 : INFO : EventManager : Event: ======'player_score'====== Args={'value': 712325, 'prev_value': 712150, 'change': 175, 'player_num': 1, 'source': 'base'}
2025-10-10 08:14:24,422 : INFO : SwitchController : <<<<<<< 's_bumper2' inactive >>>>>>>
2025-10-10 08:14:25,298 : INFO : SwitchController : <<<<<<< 's_bumper2' active >>>>>>>
2025-10-10 08:14:25,298 : INFO : EventManager : Event: ======'s_bumper2_active'====== Args={}
2025-10-10 08:14:25,298 : INFO : EventManager : Event: ======'machine_var_audits_switches_s_bumper2'====== Args={'value': 105, 'prev_value': 104, 'change': 1}
2025-10-10 08:14:25,299 : INFO : EventManager : Event: ======'machine_var_audits_shots_jets'====== Args={'value': 94, 'prev_value': 93, 'change': 1}
2025-10-10 08:14:25,300 : INFO : EventManager : Event: ======'jets_hit'====== Args={'profile': 'default', 'state': 'lit', 'advancing': False}
2025-10-10 08:14:25,300 : INFO : EventManager : Event: ======'jets_default_hit'====== Args={'profile': 'default', 'state': 'lit', 'advancing': False}
2025-10-10 08:14:25,300 : INFO : EventManager : Event: ======'jets_default_lit_hit'====== Args={'profile': 'default', 'state': 'lit', 'advancing': False}
2025-10-10 08:14:25,300 : INFO : EventManager : Event: ======'jets_lit_hit'====== Args={'profile': 'default', 'state': 'lit', 'advancing': False}
2025-10-10 08:14:25,301 : INFO : EventManager : Event: ======'player_score'====== Args={'value': 812825, 'prev_value': 712325, 'change': 100500, 'player_num': 1, 'source': 'super_jets_setup'}
2025-10-10 08:14:25,301 : INFO : EventManager : Event: ======'machine_var_audits_shots_bumper2_shot'====== Args={'value': 102, 'prev_value': 101, 'change': 1}
2025-10-10 08:14:25,302 : INFO : EventManager : Event: ======'bumper2_shot_hit'====== Args={'profile': 'default', 'state': 'lit', 'advancing': False}
2025-10-10 08:14:25,302 : INFO : EventManager : Event: ======'bumper2_shot_default_hit'====== Args={'profile': 'default', 'state': 'lit', 'advancing': False}
2025-10-10 08:14:25,302 : INFO : EventManager : Event: ======'bumper2_shot_default_lit_hit'====== Args={'profile': 'default', 'state': 'lit', 'advancing': False}
2025-10-10 08:14:25,302 : INFO : EventManager : Event: ======'bumper2_shot_lit_hit'====== Args={'profile': 'default', 'state': 'lit', 'advancing': False}
2025-10-10 08:14:25,302 : INFO : EventManager : Event: ======'logicblock_lb_jets_count_updated'====== Args={'value': 8, 'enabled': True}
2025-10-10 08:14:25,303 : INFO : EventManager : Event: ======'counter_lb_jets_count_hit'====== Args={'count': 8, 'hits': 8, 'remaining': 2}
2025-10-10 08:14:25,303 : INFO : EventManager : Event: ======'logicblock_lb_jets_count_hit'====== Args={'count': 8, 'hits': 8, 'remaining': 2}
2025-10-10 08:14:25,304 : INFO : EventManager : Event: ======'player_score'====== Args={'value': 813000, 'prev_value': 812825, 'change': 175, 'player_num': 1, 'source': 'base'}
2025-10-10 08:14:25,489 : INFO : SwitchController : <<<<<<< 's_bumper2' inactive >>>>>>>
2025-10-10 08:14:26,090 : INFO : SwitchController : <<<<<<< 's_bumper2' active >>>>>>>
2025-10-10 08:14:26,090 : INFO : EventManager : Event: ======'s_bumper2_active'====== Args={}
2025-10-10 08:14:26,091 : INFO : EventManager : Event: ======'machine_var_audits_switches_s_bumper2'====== Args={'value': 106, 'prev_value': 105, 'change': 1}
2025-10-10 08:14:26,092 : INFO : EventManager : Event: ======'machine_var_audits_shots_jets'====== Args={'value': 95, 'prev_value': 94, 'change': 1}
2025-10-10 08:14:26,093 : INFO : EventManager : Event: ======'jets_hit'====== Args={'profile': 'default', 'state': 'lit', 'advancing': False}
2025-10-10 08:14:26,094 : INFO : EventManager : Event: ======'jets_default_hit'====== Args={'profile': 'default', 'state': 'lit', 'advancing': False}
2025-10-10 08:14:26,094 : INFO : EventManager : Event: ======'jets_default_lit_hit'====== Args={'profile': 'default', 'state': 'lit', 'advancing': False}
2025-10-10 08:14:26,094 : INFO : EventManager : Event: ======'jets_lit_hit'====== Args={'profile': 'default', 'state': 'lit', 'advancing': False}
2025-10-10 08:14:26,094 : INFO : EventManager : Event: ======'player_score'====== Args={'value': 913500, 'prev_value': 813000, 'change': 100500, 'player_num': 1, 'source': 'super_jets_setup'}
2025-10-10 08:14:26,095 : INFO : EventManager : Event: ======'machine_var_audits_shots_bumper2_shot'====== Args={'value': 103, 'prev_value': 102, 'change': 1}
2025-10-10 08:14:26,096 : INFO : EventManager : Event: ======'bumper2_shot_hit'====== Args={'profile': 'default', 'state': 'lit', 'advancing': False}
2025-10-10 08:14:26,096 : INFO : EventManager : Event: ======'bumper2_shot_default_hit'====== Args={'profile': 'default', 'state': 'lit', 'advancing': False}
2025-10-10 08:14:26,096 : INFO : EventManager : Event: ======'bumper2_shot_default_lit_hit'====== Args={'profile': 'default', 'state': 'lit', 'advancing': False}
2025-10-10 08:14:26,096 : INFO : EventManager : Event: ======'bumper2_shot_lit_hit'====== Args={'profile': 'default', 'state': 'lit', 'advancing': False}
2025-10-10 08:14:26,097 : INFO : EventManager : Event: ======'logicblock_lb_jets_count_updated'====== Args={'value': 9, 'enabled': True}
2025-10-10 08:14:26,097 : INFO : EventManager : Event: ======'counter_lb_jets_count_hit'====== Args={'count': 9, 'hits': 9, 'remaining': 1}
2025-10-10 08:14:26,097 : INFO : EventManager : Event: ======'logicblock_lb_jets_count_hit'====== Args={'count': 9, 'hits': 9, 'remaining': 1}
2025-10-10 08:14:26,100 : INFO : EventManager : Event: ======'player_score'====== Args={'value': 913675, 'prev_value': 913500, 'change': 175, 'player_num': 1, 'source': 'base'}
2025-10-10 08:14:26,211 : INFO : SwitchController : <<<<<<< 's_bumper2' inactive >>>>>>>
2025-10-10 08:14:28,172 : INFO : SwitchController : <<<<<<< 's_bumper2' active >>>>>>>
2025-10-10 08:14:28,172 : INFO : EventManager : Event: ======'s_bumper2_active'====== Args={}
2025-10-10 08:14:28,173 : INFO : EventManager : Event: ======'machine_var_audits_switches_s_bumper2'====== Args={'value': 107, 'prev_value': 106, 'change': 1}
2025-10-10 08:14:28,177 : INFO : EventManager : Event: ======'machine_var_audits_shots_jets'====== Args={'value': 96, 'prev_value': 95, 'change': 1}
2025-10-10 08:14:28,178 : INFO : EventManager : Event: ======'jets_hit'====== Args={'profile': 'default', 'state': 'lit', 'advancing': False}
2025-10-10 08:14:28,179 : INFO : EventManager : Event: ======'jets_default_hit'====== Args={'profile': 'default', 'state': 'lit', 'advancing': False}
2025-10-10 08:14:28,179 : INFO : EventManager : Event: ======'jets_default_lit_hit'====== Args={'profile': 'default', 'state': 'lit', 'advancing': False}
2025-10-10 08:14:28,179 : INFO : EventManager : Event: ======'jets_lit_hit'====== Args={'profile': 'default', 'state': 'lit', 'advancing': False}
2025-10-10 08:14:28,179 : INFO : EventManager : Event: ======'player_score'====== Args={'value': 1014175, 'prev_value': 913675, 'change': 100500, 'player_num': 1, 'source': 'super_jets_setup'}
2025-10-10 08:14:28,180 : INFO : EventManager : Event: ======'machine_var_audits_shots_bumper2_shot'====== Args={'value': 104, 'prev_value': 103, 'change': 1}
2025-10-10 08:14:28,181 : INFO : EventManager : Event: ======'bumper2_shot_hit'====== Args={'profile': 'default', 'state': 'lit', 'advancing': False}
2025-10-10 08:14:28,181 : INFO : EventManager : Event: ======'bumper2_shot_default_hit'====== Args={'profile': 'default', 'state': 'lit', 'advancing': False}
2025-10-10 08:14:28,181 : INFO : EventManager : Event: ======'bumper2_shot_default_lit_hit'====== Args={'profile': 'default', 'state': 'lit', 'advancing': False}
2025-10-10 08:14:28,181 : INFO : EventManager : Event: ======'bumper2_shot_lit_hit'====== Args={'profile': 'default', 'state': 'lit', 'advancing': False}
2025-10-10 08:14:28,181 : INFO : EventManager : Event: ======'logicblock_lb_jets_count_updated'====== Args={'value': 10, 'enabled': True}
2025-10-10 08:14:28,182 : INFO : EventManager : Event: ======'counter_lb_jets_count_hit'====== Args={'count': 10, 'hits': 10, 'remaining': 0}
2025-10-10 08:14:28,182 : INFO : EventManager : Event: ======'logicblock_lb_jets_count_hit'====== Args={'count': 10, 'hits': 10, 'remaining': 0}
2025-10-10 08:14:28,183 : INFO : EventManager : Event: ======'Super_Jets_Go'====== Args={}
2025-10-10 08:14:28,183 : INFO : EventManager : Event: ======'logicblock_lb_jets_count_updated'====== Args={'value': 0, 'enabled': True}
2025-10-10 08:14:28,183 : INFO : EventManager : Event: ======'logicblock_lb_jets_count_updated'====== Args={'value': 0, 'enabled': False}
2025-10-10 08:14:28,183 : INFO : EventManager : Event: ======'mode_super_jets_will_start'====== Args={}
2025-10-10 08:14:28,184 : INFO : EventManager : Event: ======'mode_super_jets_starting'====== Args={}
2025-10-10 08:14:28,184 : INFO : EventManager : Event: ======'start_mode_super_jets'====== Args={'priority': 0}
2025-10-10 08:14:28,187 : INFO : EventManager : Event: ======'player_score'====== Args={'value': 1014350, 'prev_value': 1014175, 'change': 175, 'player_num': 1, 'source': 'base'}
2025-10-10 08:14:28,198 : INFO : Mode.super_jets : Started. Priority: 300
2025-10-10 08:14:28,198 : INFO : EventManager : Event: ======'modes_active_modes_changed'====== Args={}
2025-10-10 08:14:28,198 : INFO : EventManager : Event: ======'mode_super_jets_started'====== Args={}
2025-10-10 08:14:28,199 : ERROR : asyncio : Exception in callback EventManager.process_event_queue()
handle: <Handle EventManager.process_event_queue()>
Traceback (most recent call last):
  File "C:\Users\richa\mpfvirtual4\lib\site-packages\mpf\core\show_controller.py", line 130, in replace_or_advance_show
    show_obj = self.machine.shows[config.name]
KeyError: 'super_jets_startup'

During handling of the above exception, another exception occurred:

Traceback (most recent call last):
  File "C:\Users\richa\mpfvirtual4\lib\site-packages\mpf\core\events.py", line 751, in _run_handlers
    result = handler.callback(**merged_kwargs)
  File "C:\Users\richa\mpfvirtual4\lib\site-packages\mpf\core\config_player.py", line 349, in config_play_callback
    return self.play(settings=settings, context=context, calling_context=calling_context, priority=priority,
  File "C:\Users\richa\mpfvirtual4\lib\site-packages\mpf\config_players\show_player.py", line 60, in play
    self._update_show(show.name, show_settings, context, queue, start_time, show_tokens)
  File "C:\Users\richa\mpfvirtual4\lib\site-packages\mpf\config_players\show_player.py", line 225, in _update_show
    action(key, instance_dict, show_name, show_settings, queue, start_time, placeholder_args)
  File "C:\Users\richa\mpfvirtual4\lib\site-packages\mpf\config_players\show_player.py", line 117, in _play
    instance_dict[key] = self.machine.show_controller.replace_or_advance_show(previous_show, show_config,
  File "C:\Users\richa\mpfvirtual4\lib\site-packages\mpf\core\show_controller.py", line 132, in replace_or_advance_show
    raise KeyError("Cannot play show '{}'. No show with that "
KeyError: "Cannot play show 'super_jets_startup'. No show with that name."

The above exception was the direct cause of the following exception:

Traceback (most recent call last):
  File "C:\Users\richa\AppData\Local\Programs\Python\Python39\lib\asyncio\events.py", line 80, in _run
    self._context.run(self._callback, *self._args)
  File "C:\Users\richa\mpfvirtual4\lib\site-packages\mpf\core\events.py", line 842, in process_event_queue
    self._process_event(event=event[0],
  File "C:\Users\richa\mpfvirtual4\lib\site-packages\mpf\core\events.py", line 804, in _process_event
    result = self._run_handlers(event, ev_type, kwargs)
  File "C:\Users\richa\mpfvirtual4\lib\site-packages\mpf\core\events.py", line 753, in _run_handlers
    raise EventHandlerException(
mpf.core.events.EventHandlerException: Exception while processing RegisteredHandler(callback=<bound method ConfigPlayer.config_play_callback of ConfigPlayer.show_player/shows>, priority=300, kwargs={'calling_context': 'mode_super_jets_started', 'mode': <Mode.super_jets>, 'settings': {super_jets_startup-None-None: {'loops': 0, 'priority': 0, 'action': 'play', 'show': None, 'speed': <NativeTemplate 1.0>, 'block_queue': False, 'start_step': <NativeTemplate 1>, 'start_running': <Template True>, 'sync_ms': None, 'manual_advance': False, 'show_queue': None, 'key': None, 'show_tokens': {}, 'events_when_played': [], 'events_when_stopped': [], 'events_when_looped': [], 'events_when_paused': [], 'events_when_resumed': [], 'events_when_advanced': [], 'events_when_stepped_back': [], 'events_when_updated': [], 'events_when_completed': []}, Super_Jets_on-None-None: {'show_tokens': {'lights': <NativeTemplate l_super_jets>}, 'priority': 0, 'action': 'play', 'show': None, 'speed': <NativeTemplate 1.0>, 'block_queue': False, 'start_step': <NativeTemplate 1>, 'start_running': <Template True>, 'loops': -1, 'sync_ms': None, 'manual_advance': False, 'show_queue': None, 'key': None, 'events_when_played': [], 'events_when_stopped': [], 'events_when_looped': [], 'events_when_paused': [], 'events_when_resumed': [], 'events_when_advanced': [], 'events_when_stepped_back': [], 'events_when_updated': [], 'events_when_completed': []}}}, key=UUID('7eca4e72-b40d-4c04-8822-8adc087e52e0'), condition=None, blocking_facility=None) for event mode_super_jets_started. "Cannot play show 'super_jets_startup'. No show with that name."
2025-10-10 08:14:28,221 : INFO : Machine : Shutting down...
2025-10-10 08:14:28,221 : INFO : EventManager : Event: ======'shutdown'====== Args={}
2025-10-10 08:14:28,222 : INFO : EventManager : Event: ======'mode_game_will_stop'====== Args={}
2025-10-10 08:14:28,222 : INFO : EventManager : Event: ======'mode_game_stopping'====== Args={}
2025-10-10 08:14:28,223 : INFO : EventManager : Event: ======'mode_super_jets_will_stop'====== Args={}
2025-10-10 08:14:28,223 : INFO : EventManager : Event: ======'mode_super_jets_stopping'====== Args={}
2025-10-10 08:14:28,223 : INFO : EventManager : Event: ======'mode_super_jets_setup_will_stop'====== Args={}
2025-10-10 08:14:28,224 : INFO : EventManager : Event: ======'mode_super_jets_setup_stopping'====== Args={}
2025-10-10 08:14:28,224 : INFO : EventManager : Event: ======'mode_base_will_stop'====== Args={}
2025-10-10 08:14:28,224 : INFO : EventManager : Event: ======'mode_base_stopping'====== Args={}
2025-10-10 08:14:28,224 : INFO : Mode.base : Stopped.
2025-10-10 08:14:28,224 : INFO : EventManager : Event: ======'modes_active_modes_changed'====== Args={}
2025-10-10 08:14:28,230 : INFO : EventManager : Event: ======'mode_base_stopped'====== Args={}
2025-10-10 08:14:28,231 : INFO : EventManager : Event: ======'clear'====== Args={'key': 'base'}
2025-10-10 08:14:28,232 : INFO : Mode.super_jets_setup : Stopped.
2025-10-10 08:14:28,232 : INFO : EventManager : Event: ======'modes_active_modes_changed'====== Args={}
2025-10-10 08:14:28,232 : INFO : EventManager : Event: ======'mode_super_jets_setup_stopped'====== Args={}
2025-10-10 08:14:28,232 : INFO : EventManager : Event: ======'clear'====== Args={'key': 'super_jets_setup'}
2025-10-10 08:14:28,233 : INFO : Mode.super_jets : Stopped.
2025-10-10 08:14:28,233 : INFO : EventManager : Event: ======'modes_active_modes_changed'====== Args={}
2025-10-10 08:14:28,234 : INFO : EventManager : Event: ======'mode_super_jets_stopped'====== Args={}
2025-10-10 08:14:28,234 : INFO : EventManager : Event: ======'clear'====== Args={'key': 'super_jets'}
2025-10-10 08:14:28,234 : INFO : Mode.game : Stopped.
2025-10-10 08:14:28,234 : INFO : EventManager : Event: ======'modes_active_modes_changed'====== Args={}
2025-10-10 08:14:28,235 : INFO : EventManager : Event: ======'mode_game_stopped'====== Args={}
2025-10-10 08:14:28,235 : INFO : EventManager : Event: ======'clear'====== Args={'key': 'game'}
2025-10-10 08:14:28,237 : ERROR : Machine : Runtime Exception
Traceback (most recent call last):
  File "C:\Users\richa\mpfvirtual4\lib\site-packages\mpf\core\show_controller.py", line 130, in replace_or_advance_show
    show_obj = self.machine.shows[config.name]
KeyError: 'super_jets_startup'

During handling of the above exception, another exception occurred:

Traceback (most recent call last):
  File "C:\Users\richa\mpfvirtual4\lib\site-packages\mpf\core\events.py", line 751, in _run_handlers
    result = handler.callback(**merged_kwargs)
  File "C:\Users\richa\mpfvirtual4\lib\site-packages\mpf\core\config_player.py", line 349, in config_play_callback
    return self.play(settings=settings, context=context, calling_context=calling_context, priority=priority,
  File "C:\Users\richa\mpfvirtual4\lib\site-packages\mpf\config_players\show_player.py", line 60, in play
    self._update_show(show.name, show_settings, context, queue, start_time, show_tokens)
  File "C:\Users\richa\mpfvirtual4\lib\site-packages\mpf\config_players\show_player.py", line 225, in _update_show
    action(key, instance_dict, show_name, show_settings, queue, start_time, placeholder_args)
  File "C:\Users\richa\mpfvirtual4\lib\site-packages\mpf\config_players\show_player.py", line 117, in _play
    instance_dict[key] = self.machine.show_controller.replace_or_advance_show(previous_show, show_config,
  File "C:\Users\richa\mpfvirtual4\lib\site-packages\mpf\core\show_controller.py", line 132, in replace_or_advance_show
    raise KeyError("Cannot play show '{}'. No show with that "
KeyError: "Cannot play show 'super_jets_startup'. No show with that name."

The above exception was the direct cause of the following exception:

Traceback (most recent call last):
  File "C:\Users\richa\mpfvirtual4\lib\site-packages\mpf\core\machine.py", line 788, in _run_loop
    raise self._exception['exception']
  File "C:\Users\richa\AppData\Local\Programs\Python\Python39\lib\asyncio\events.py", line 80, in _run
    self._context.run(self._callback, *self._args)
  File "C:\Users\richa\mpfvirtual4\lib\site-packages\mpf\core\events.py", line 842, in process_event_queue
    self._process_event(event=event[0],
  File "C:\Users\richa\mpfvirtual4\lib\site-packages\mpf\core\events.py", line 804, in _process_event
    result = self._run_handlers(event, ev_type, kwargs)
  File "C:\Users\richa\mpfvirtual4\lib\site-packages\mpf\core\events.py", line 753, in _run_handlers
    raise EventHandlerException(
mpf.core.events.EventHandlerException: Exception while processing RegisteredHandler(callback=<bound method ConfigPlayer.config_play_callback of ConfigPlayer.show_player/shows>, priority=300, kwargs={'calling_context': 'mode_super_jets_started', 'mode': <Mode.super_jets>, 'settings': {super_jets_startup-None-None: {'loops': 0, 'priority': 0, 'action': 'play', 'show': None, 'speed': <NativeTemplate 1.0>, 'block_queue': False, 'start_step': <NativeTemplate 1>, 'start_running': <Template True>, 'sync_ms': None, 'manual_advance': False, 'show_queue': None, 'key': None, 'show_tokens': {}, 'events_when_played': [], 'events_when_stopped': [], 'events_when_looped': [], 'events_when_paused': [], 'events_when_resumed': [], 'events_when_advanced': [], 'events_when_stepped_back': [], 'events_when_updated': [], 'events_when_completed': []}, Super_Jets_on-None-None: {'show_tokens': {'lights': <NativeTemplate l_super_jets>}, 'priority': 0, 'action': 'play', 'show': None, 'speed': <NativeTemplate 1.0>, 'block_queue': False, 'start_step': <NativeTemplate 1>, 'start_running': <Template True>, 'loops': -1, 'sync_ms': None, 'manual_advance': False, 'show_queue': None, 'key': None, 'events_when_played': [], 'events_when_stopped': [], 'events_when_looped': [], 'events_when_paused': [], 'events_when_resumed': [], 'events_when_advanced': [], 'events_when_stepped_back': [], 'events_when_updated': [], 'events_when_completed': []}}}, key=UUID('7eca4e72-b40d-4c04-8822-8adc087e52e0'), condition=None, blocking_facility=None) for event mode_super_jets_started. "Cannot play show 'super_jets_startup'. No show with that name."
2025-10-10 08:14:33,963 : ERROR : root : 
Traceback (most recent call last):
  File "C:\Users\richa\mpfvirtual4\lib\site-packages\mpf\core\show_controller.py", line 130, in replace_or_advance_show
    show_obj = self.machine.shows[config.name]
KeyError: 'super_jets_startup'

During handling of the above exception, another exception occurred:

Traceback (most recent call last):
  File "C:\Users\richa\mpfvirtual4\lib\site-packages\mpf\core\events.py", line 751, in _run_handlers
    result = handler.callback(**merged_kwargs)
  File "C:\Users\richa\mpfvirtual4\lib\site-packages\mpf\core\config_player.py", line 349, in config_play_callback
    return self.play(settings=settings, context=context, calling_context=calling_context, priority=priority,
  File "C:\Users\richa\mpfvirtual4\lib\site-packages\mpf\config_players\show_player.py", line 60, in play
    self._update_show(show.name, show_settings, context, queue, start_time, show_tokens)
  File "C:\Users\richa\mpfvirtual4\lib\site-packages\mpf\config_players\show_player.py", line 225, in _update_show
    action(key, instance_dict, show_name, show_settings, queue, start_time, placeholder_args)
  File "C:\Users\richa\mpfvirtual4\lib\site-packages\mpf\config_players\show_player.py", line 117, in _play
    instance_dict[key] = self.machine.show_controller.replace_or_advance_show(previous_show, show_config,
  File "C:\Users\richa\mpfvirtual4\lib\site-packages\mpf\core\show_controller.py", line 132, in replace_or_advance_show
    raise KeyError("Cannot play show '{}'. No show with that "
KeyError: "Cannot play show 'super_jets_startup'. No show with that name."

The above exception was the direct cause of the following exception:

Traceback (most recent call last):
  File "C:\Users\richa\mpfvirtual4\lib\site-packages\mpf\core\machine.py", line 788, in _run_loop
    raise self._exception['exception']
  File "C:\Users\richa\AppData\Local\Programs\Python\Python39\lib\asyncio\events.py", line 80, in _run
    self._context.run(self._callback, *self._args)
  File "C:\Users\richa\mpfvirtual4\lib\site-packages\mpf\core\events.py", line 842, in process_event_queue
    self._process_event(event=event[0],
  File "C:\Users\richa\mpfvirtual4\lib\site-packages\mpf\core\events.py", line 804, in _process_event
    result = self._run_handlers(event, ev_type, kwargs)
  File "C:\Users\richa\mpfvirtual4\lib\site-packages\mpf\core\events.py", line 753, in _run_handlers
    raise EventHandlerException(
mpf.core.events.EventHandlerException: Exception while processing RegisteredHandler(callback=<bound method ConfigPlayer.config_play_callback of ConfigPlayer.show_player/shows>, priority=300, kwargs={'calling_context': 'mode_super_jets_started', 'mode': <Mode.super_jets>, 'settings': {super_jets_startup-None-None: {'loops': 0, 'priority': 0, 'action': 'play', 'show': None, 'speed': <NativeTemplate 1.0>, 'block_queue': False, 'start_step': <NativeTemplate 1>, 'start_running': <Template True>, 'sync_ms': None, 'manual_advance': False, 'show_queue': None, 'key': None, 'show_tokens': {}, 'events_when_played': [], 'events_when_stopped': [], 'events_when_looped': [], 'events_when_paused': [], 'events_when_resumed': [], 'events_when_advanced': [], 'events_when_stepped_back': [], 'events_when_updated': [], 'events_when_completed': []}, Super_Jets_on-None-None: {'show_tokens': {'lights': <NativeTemplate l_super_jets>}, 'priority': 0, 'action': 'play', 'show': None, 'speed': <NativeTemplate 1.0>, 'block_queue': False, 'start_step': <NativeTemplate 1>, 'start_running': <Template True>, 'loops': -1, 'sync_ms': None, 'manual_advance': False, 'show_queue': None, 'key': None, 'events_when_played': [], 'events_when_stopped': [], 'events_when_looped': [], 'events_when_paused': [], 'events_when_resumed': [], 'events_when_advanced': [], 'events_when_stepped_back': [], 'events_when_updated': [], 'events_when_completed': []}}}, key=UUID('7eca4e72-b40d-4c04-8822-8adc087e52e0'), condition=None, blocking_facility=None) for event mode_super_jets_started. "Cannot play show 'super_jets_startup'. No show with that name."

During handling of the above exception, another exception occurred:

Traceback (most recent call last):
  File "C:\Users\richa\mpfvirtual4\lib\site-packages\mpf\commands\game.py", line 236, in __init__
    self.machine.run()
  File "C:\Users\richa\mpfvirtual4\lib\site-packages\mpf\core\machine.py", line 684, in run
    self._run_loop()
  File "C:\Users\richa\mpfvirtual4\lib\site-packages\mpf\core\machine.py", line 791, in _run_loop
    report_crash(self._exception['exception'], "exception_during_run", self.config)
  File "C:\Users\richa\mpfvirtual4\lib\site-packages\mpf\core\crash_reporter.py", line 236, in report_crash
    response = input("Do you want to report the crash to the MPF team (yes/no/show)? ")
EOFError
