2025-10-10 07:56:29,611 : INFO : root : Loading config.
2025-10-10 07:56:29,615 : INFO : YamlMultifileConfigLoader : Machine config file #1: config.yaml
2025-10-10 07:56:29,615 : INFO : ConfigProcessor : Loading config from cache: C:\Users\richa\AppData\Local\Temp\f7776651e259183bd84a8c8d686bf868.mpf_cache
2025-10-10 07:56:29,698 : INFO : ConfigProcessor : Loading config from cache: C:\Users\richa\AppData\Local\Temp\70233839fc0b792ce11a62f3c18c1950.mpf_cache
2025-10-10 07:56:29,699 : INFO : ConfigProcessor : Loading config from cache: C:\Users\richa\AppData\Local\Temp\9c8dea79ca4d15ee886340e992e8cb9d.mpf_cache
2025-10-10 07:56:29,700 : INFO : ConfigProcessor : Loading config from cache: C:\Users\richa\AppData\Local\Temp\67a19b095f918111543419ac0271bfb1.mpf_cache
2025-10-10 07:56:29,701 : INFO : ConfigProcessor : Loading config from cache: C:\Users\richa\AppData\Local\Temp\be387b0e8ed00556ec738d83cd6947d1.mpf_cache
2025-10-10 07:56:29,701 : WARNING : ConfigProcessor : Config file in cache changed: C:\Users\richa\ttp7\modes\super_jets_setup\config\super_jets_setup.yaml
2025-10-10 07:56:29,701 : INFO : ConfigProcessor : Loading config from file C:\Users\richa\ttp7\modes\super_jets_setup\config\super_jets_setup.yaml.
2025-10-10 07:56:29,714 : INFO : ConfigProcessor : Loading config: C:\Users\richa\ttp7\modes\super_jets_setup\config\super_jets_setup.yaml
2025-10-10 07:56:29,714 : INFO : ConfigProcessor : Config file cache created: C:\Users\richa\AppData\Local\Temp\5a8efabd9666d8c71fa755fc28a9bf1e.mpf_cache
2025-10-10 07:56:29,715 : INFO : ConfigProcessor : Loading config from cache: C:\Users\richa\AppData\Local\Temp\fb58745e58584e219ff53db445e8e9f2.mpf_cache
2025-10-10 07:56:29,716 : INFO : ConfigProcessor : Loading config from cache: C:\Users\richa\AppData\Local\Temp\b710dc01437f1dfd05f3b5275f67493b.mpf_cache
2025-10-10 07:56:29,717 : INFO : ConfigProcessor : Loading config from cache: C:\Users\richa\AppData\Local\Temp\0a23590f4081187a3ecee75c7657616e.mpf_cache
2025-10-10 07:56:29,718 : INFO : ConfigProcessor : Loading config from cache: C:\Users\richa\AppData\Local\Temp\374a5edaf0766cb9005f368df852c09d.mpf_cache
2025-10-10 07:56:29,719 : INFO : Machine : Mission Pinball Framework Core Engine v0.57.0.dev39
2025-10-10 07:56:29,719 : INFO : Machine : Command line arguments: {'no_load_cache': False, 'create_config_cache': True, 'bcp': True, 'configfile': ['config.yaml'], 'force_assets_load': False, 'jsonlogging': False, 'logfile': 'logs\\2025-10-10-07-56-29-mpf-DESKTOP-RK7BE5M.log', 'pause': False, 'production': False, 'text_ui': True, 'loglevel': 15, 'consoleloglevel': 20, 'force_platform': None, 'syslog_address': None, 'mc_file_name': None, 'no_sound': False}
2025-10-10 07:56:29,719 : INFO : Machine : MPF path: C:\Users\richa\mpfvirtual4\lib\site-packages\mpf
2025-10-10 07:56:29,719 : INFO : Machine : Machine path: C:\Users\richa\ttp7
2025-10-10 07:56:29,719 : INFO : Machine : Platform: win32
2025-10-10 07:56:29,719 : INFO : Machine : Python executable location: C:\Users\richa\mpfvirtual4\Scripts\python.exe
2025-10-10 07:56:29,719 : INFO : Machine : Python version: 3.9.13 (64-bit)
2025-10-10 07:56:29,721 : INFO : Machine : Initializing MPF...
2025-10-10 07:56:30,185 : INFO : EventManager : Event: ======'machine_var_credits_string'====== Args={'value': 'FREE PLAY', 'prev_value': None, 'change': True}
2025-10-10 07:56:30,241 : INFO : EventManager : Event: ======'machine_var_master_volume'====== Args={'value': 0.5, 'prev_value': None, 'change': True}
2025-10-10 07:56:30,241 : INFO : EventManager : Event: ======'machine_var_player1_score'====== Args={'value': 1024400, 'prev_value': None, 'change': True}
2025-10-10 07:56:30,241 : INFO : EventManager : Event: ======'machine_var_mpf_version'====== Args={'value': 'Mission Pinball Framework v0.57.0.dev39', 'prev_value': None, 'change': True}
2025-10-10 07:56:30,241 : INFO : EventManager : Event: ======'machine_var_mpf_extended_version'====== Args={'value': 'Mission Pinball Framework v0.57.0.dev39, Config version:6, Show version: 6, BCP version:1.1', 'prev_value': None, 'change': True}
2025-10-10 07:56:30,241 : INFO : EventManager : Event: ======'machine_var_python_version'====== Args={'value': '3.9.13', 'prev_value': None, 'change': True}
2025-10-10 07:56:30,251 : INFO : EventManager : Event: ======'machine_var_platform'====== Args={'value': 'Windows-10-10.0.19045-SP0', 'prev_value': None, 'change': True}
2025-10-10 07:56:30,251 : INFO : EventManager : Event: ======'machine_var_platform_system'====== Args={'value': 'Windows', 'prev_value': None, 'change': True}
2025-10-10 07:56:30,251 : INFO : EventManager : Event: ======'machine_var_platform_release'====== Args={'value': '10', 'prev_value': None, 'change': True}
2025-10-10 07:56:30,251 : INFO : EventManager : Event: ======'machine_var_platform_version'====== Args={'value': '10.0.19045', 'prev_value': None, 'change': True}
2025-10-10 07:56:30,252 : INFO : EventManager : Event: ======'machine_var_platform_machine'====== Args={'value': 'AMD64', 'prev_value': None, 'change': True}
2025-10-10 07:56:30,252 : INFO : EventManager : Event: ======'init_phase_1'====== Args={}
2025-10-10 07:56:30,287 : INFO : EventManager : Event: ======'init_phase_2'====== Args={}
2025-10-10 07:56:30,288 : INFO : SwitchController : Found active switch: ('2', <Platform.SmartVirtual>) <switch.s_trough1>
2025-10-10 07:56:30,288 : INFO : SwitchController : Found active switch: ('3', <Platform.SmartVirtual>) <switch.s_trough2>
2025-10-10 07:56:30,288 : INFO : SwitchController : Found active switch: ('4', <Platform.SmartVirtual>) <switch.s_trough3>
2025-10-10 07:56:30,288 : INFO : SwitchController : Found active switch: ('5', <Platform.SmartVirtual>) <switch.s_trough4>
2025-10-10 07:56:30,288 : INFO : SwitchController : Found active switch: ('6', <Platform.SmartVirtual>) <switch.s_trough5>
2025-10-10 07:56:30,288 : INFO : SwitchController : Found active switch: ('7', <Platform.SmartVirtual>) <switch.s_trough6>
2025-10-10 07:56:30,295 : INFO : EventManager : Event: ======'bcp_connection_attempt'====== Args={'name': 'local_display', 'host': 'localhost', 'port': 5050}
2025-10-10 07:56:30,296 : INFO : BCPClientSocket : Connecting BCP to 'local_display' at localhost:5050...
2025-10-10 07:56:32,316 : INFO : BCPClientSocket : Connected BCP to 'local_display' localhost:5050
2025-10-10 07:56:32,318 : INFO : EventManager : Event: ======'bcp_clients_connected'====== Args={}
2025-10-10 07:56:32,743 : INFO : EventManager : Event: ======'machine_var_mc_version'====== Args={'value': 'MPF-MC v0.57.0.dev10', 'prev_value': None, 'change': True}
2025-10-10 07:56:32,743 : INFO : EventManager : Event: ======'machine_var_mc_extended_version'====== Args={'value': 'MPF-MC v0.57.0.dev10 (config_version=6, BCP v1.1,                      Requires MPF API compatibility v0.57.0.dev19 or newer)', 'prev_value': None, 'change': True}
2025-10-10 07:56:32,745 : INFO : ball_device.bd_trough : BCH: Initial count: 6
2025-10-10 07:56:32,825 : INFO : ball_device.bd_trough : State: idle
2025-10-10 07:56:32,848 : INFO : ball_device.bd_plunger : BCH: Initial count: 0
2025-10-10 07:56:32,849 : INFO : ball_device.bd_plunger : State: idle
2025-10-10 07:56:32,849 : INFO : ball_device.bd_left_scoop : BCH: Initial count: 0
2025-10-10 07:56:32,849 : INFO : ball_device.bd_left_scoop : State: idle
2025-10-10 07:56:32,849 : INFO : ball_device.bd_right_scoop : BCH: Initial count: 0
2025-10-10 07:56:32,850 : INFO : ball_device.bd_right_scoop : State: idle
2025-10-10 07:56:32,869 : INFO : EventManager : Event: ======'init_phase_3'====== Args={}
2025-10-10 07:56:32,874 : INFO : EventManager : Event: ======'init_phase_4'====== Args={}
2025-10-10 07:56:32,874 : INFO : BallController : Initial balls found: 6
2025-10-10 07:56:32,875 : INFO : EventManager : Event: ======'machine_var_audits_events_game_ended'====== Args={'value': 44, 'prev_value': None, 'change': True}
2025-10-10 07:56:32,875 : INFO : EventManager : Event: ======'machine_var_audits_events_game_started'====== Args={'value': 172, 'prev_value': None, 'change': True}
2025-10-10 07:56:32,875 : INFO : EventManager : Event: ======'machine_var_audits_missing_switches_s_A'====== Args={'value': 67, 'prev_value': None, 'change': True}
2025-10-10 07:56:32,876 : INFO : EventManager : Event: ======'machine_var_audits_missing_switches_s_E'====== Args={'value': 100, 'prev_value': None, 'change': True}
2025-10-10 07:56:32,876 : INFO : EventManager : Event: ======'machine_var_audits_missing_switches_s_Eb'====== Args={'value': 67, 'prev_value': None, 'change': True}
2025-10-10 07:56:32,876 : INFO : EventManager : Event: ======'machine_var_audits_missing_switches_s_I'====== Args={'value': 100, 'prev_value': None, 'change': True}
2025-10-10 07:56:32,876 : INFO : EventManager : Event: ======'machine_var_audits_missing_switches_s_L'====== Args={'value': 67, 'prev_value': None, 'change': True}
2025-10-10 07:56:32,876 : INFO : EventManager : Event: ======'machine_var_audits_missing_switches_s_M'====== Args={'value': 100, 'prev_value': None, 'change': True}
2025-10-10 07:56:32,876 : INFO : EventManager : Event: ======'machine_var_audits_missing_switches_s_R'====== Args={'value': 67, 'prev_value': None, 'change': True}
2025-10-10 07:56:32,876 : INFO : EventManager : Event: ======'machine_var_audits_missing_switches_s_T'====== Args={'value': 100, 'prev_value': None, 'change': True}
2025-10-10 07:56:32,876 : INFO : EventManager : Event: ======'machine_var_audits_missing_switches_s_Tb'====== Args={'value': 67, 'prev_value': None, 'change': True}
2025-10-10 07:56:32,877 : INFO : EventManager : Event: ======'machine_var_audits_missing_switches_s_V'====== Args={'value': 67, 'prev_value': None, 'change': True}
2025-10-10 07:56:32,877 : INFO : EventManager : Event: ======'machine_var_audits_missing_switches_s_bumper1'====== Args={'value': 4, 'prev_value': None, 'change': True}
2025-10-10 07:56:32,877 : INFO : EventManager : Event: ======'machine_var_audits_missing_switches_s_bumper_1'====== Args={'value': 28, 'prev_value': None, 'change': True}
2025-10-10 07:56:32,877 : INFO : EventManager : Event: ======'machine_var_audits_missing_switches_s_bumper_2'====== Args={'value': 28, 'prev_value': None, 'change': True}
2025-10-10 07:56:32,877 : INFO : EventManager : Event: ======'machine_var_audits_missing_switches_s_center_center_target'====== Args={'value': 36, 'prev_value': None, 'change': True}
2025-10-10 07:56:32,877 : INFO : EventManager : Event: ======'machine_var_audits_missing_switches_s_launcher_lane_spinner'====== Args={'value': 98, 'prev_value': None, 'change': True}
2025-10-10 07:56:32,877 : INFO : EventManager : Event: ======'machine_var_audits_missing_switches_s_left_center_target'====== Args={'value': 36, 'prev_value': None, 'change': True}
2025-10-10 07:56:32,878 : INFO : EventManager : Event: ======'machine_var_audits_missing_switches_s_left_corridor_spinner'====== Args={'value': 98, 'prev_value': None, 'change': True}
2025-10-10 07:56:32,878 : INFO : EventManager : Event: ======'machine_var_audits_missing_switches_s_left_corridor_spinner2'====== Args={'value': 98, 'prev_value': None, 'change': True}
2025-10-10 07:56:32,878 : INFO : EventManager : Event: ======'machine_var_audits_missing_switches_s_left_flipper'====== Args={'value': 21, 'prev_value': None, 'change': True}
2025-10-10 07:56:32,878 : INFO : EventManager : Event: ======'machine_var_audits_missing_switches_s_left_inlane'====== Args={'value': 125, 'prev_value': None, 'change': True}
2025-10-10 07:56:32,878 : INFO : EventManager : Event: ======'machine_var_audits_missing_switches_s_left_outlane'====== Args={'value': 135, 'prev_value': None, 'change': True}
2025-10-10 07:56:32,878 : INFO : EventManager : Event: ======'machine_var_audits_missing_switches_s_left_scoop'====== Args={'value': 6, 'prev_value': None, 'change': True}
2025-10-10 07:56:32,878 : INFO : EventManager : Event: ======'machine_var_audits_missing_switches_s_left_standup'====== Args={'value': 97, 'prev_value': None, 'change': True}
2025-10-10 07:56:32,879 : INFO : EventManager : Event: ======'machine_var_audits_missing_switches_s_right_center_target'====== Args={'value': 36, 'prev_value': None, 'change': True}
2025-10-10 07:56:32,879 : INFO : EventManager : Event: ======'machine_var_audits_missing_switches_s_right_corridor_spinner'====== Args={'value': 98, 'prev_value': None, 'change': True}
2025-10-10 07:56:32,879 : INFO : EventManager : Event: ======'machine_var_audits_missing_switches_s_right_flipper'====== Args={'value': 21, 'prev_value': None, 'change': True}
2025-10-10 07:56:32,879 : INFO : EventManager : Event: ======'machine_var_audits_missing_switches_s_right_inlane'====== Args={'value': 37, 'prev_value': None, 'change': True}
2025-10-10 07:56:32,879 : INFO : EventManager : Event: ======'machine_var_audits_missing_switches_s_right_outlane'====== Args={'value': 135, 'prev_value': None, 'change': True}
2025-10-10 07:56:32,879 : INFO : EventManager : Event: ======'machine_var_audits_missing_switches_s_right_scoop'====== Args={'value': 6, 'prev_value': None, 'change': True}
2025-10-10 07:56:32,880 : INFO : EventManager : Event: ======'machine_var_audits_missing_switches_s_right_standup'====== Args={'value': 6, 'prev_value': None, 'change': True}
2025-10-10 07:56:32,880 : INFO : EventManager : Event: ======'machine_var_audits_missing_switches_s_sling_left'====== Args={'value': 125, 'prev_value': None, 'change': True}
2025-10-10 07:56:32,880 : INFO : EventManager : Event: ======'machine_var_audits_missing_switches_s_sling_right'====== Args={'value': 21, 'prev_value': None, 'change': True}
2025-10-10 07:56:32,880 : INFO : EventManager : Event: ======'machine_var_audits_missing_switches_s_standup_1'====== Args={'value': 6, 'prev_value': None, 'change': True}
2025-10-10 07:56:32,881 : INFO : EventManager : Event: ======'machine_var_audits_missing_switches_s_standup_2'====== Args={'value': 6, 'prev_value': None, 'change': True}
2025-10-10 07:56:32,881 : INFO : EventManager : Event: ======'machine_var_audits_missing_switches_s_standup_3'====== Args={'value': 6, 'prev_value': None, 'change': True}
2025-10-10 07:56:32,881 : INFO : EventManager : Event: ======'machine_var_audits_missing_switches_s_standup_4'====== Args={'value': 6, 'prev_value': None, 'change': True}
2025-10-10 07:56:32,881 : INFO : EventManager : Event: ======'machine_var_audits_missing_switches_s_standup_5'====== Args={'value': 6, 'prev_value': None, 'change': True}
2025-10-10 07:56:32,881 : INFO : EventManager : Event: ======'machine_var_audits_missing_switches_s_standup_6'====== Args={'value': 6, 'prev_value': None, 'change': True}
2025-10-10 07:56:32,881 : INFO : EventManager : Event: ======'machine_var_audits_missing_switches_s_start'====== Args={'value': 20, 'prev_value': None, 'change': True}
2025-10-10 07:56:32,882 : INFO : EventManager : Event: ======'machine_var_audits_missing_switches_s_top_left_standup'====== Args={'value': 97, 'prev_value': None, 'change': True}
2025-10-10 07:56:32,882 : INFO : EventManager : Event: ======'machine_var_audits_missing_switches_s_top_left_standup2'====== Args={'value': 38, 'prev_value': None, 'change': True}
2025-10-10 07:56:32,882 : INFO : EventManager : Event: ======'machine_var_audits_missing_switches_s_trough1'====== Args={'value': 6, 'prev_value': None, 'change': True}
2025-10-10 07:56:32,882 : INFO : EventManager : Event: ======'machine_var_audits_missing_switches_s_trough2'====== Args={'value': 172, 'prev_value': None, 'change': True}
2025-10-10 07:56:32,882 : INFO : EventManager : Event: ======'machine_var_audits_missing_switches_s_trough3'====== Args={'value': 172, 'prev_value': None, 'change': True}
2025-10-10 07:56:32,883 : INFO : EventManager : Event: ======'machine_var_audits_missing_switches_s_trough4'====== Args={'value': 172, 'prev_value': None, 'change': True}
2025-10-10 07:56:32,883 : INFO : EventManager : Event: ======'machine_var_audits_missing_switches_s_trough5'====== Args={'value': 172, 'prev_value': None, 'change': True}
2025-10-10 07:56:32,883 : INFO : EventManager : Event: ======'machine_var_audits_missing_switches_s_trough6'====== Args={'value': 172, 'prev_value': None, 'change': True}
2025-10-10 07:56:32,883 : INFO : EventManager : Event: ======'machine_var_audits_missing_switches_s_trough_jam'====== Args={'value': 172, 'prev_value': None, 'change': True}
2025-10-10 07:56:32,883 : INFO : EventManager : Event: ======'machine_var_audits_player_score'====== Args={'value': {'average': 147386, 'top': [2008600, 1234200, 1027900, 1024400, 606200, 211200, 205900, 34750, 28284, 28200], 'total': 46}, 'prev_value': None, 'change': True}
2025-10-10 07:56:32,884 : INFO : EventManager : Event: ======'machine_var_audits_shots_bumper1_shot'====== Args={'value': 45, 'prev_value': None, 'change': True}
2025-10-10 07:56:32,884 : INFO : EventManager : Event: ======'machine_var_audits_shots_bumper2_shot'====== Args={'value': 75, 'prev_value': None, 'change': True}
2025-10-10 07:56:32,884 : INFO : EventManager : Event: ======'machine_var_audits_shots_center_rollover'====== Args={'value': 7, 'prev_value': None, 'change': True}
2025-10-10 07:56:32,884 : INFO : EventManager : Event: ======'machine_var_audits_shots_center_rollover_shot'====== Args={'value': 234, 'prev_value': None, 'change': True}
2025-10-10 07:56:32,884 : INFO : EventManager : Event: ======'machine_var_audits_shots_jets'====== Args={'value': 61, 'prev_value': None, 'change': True}
2025-10-10 07:56:32,885 : INFO : EventManager : Event: ======'machine_var_audits_shots_left_rollover'====== Args={'value': 9, 'prev_value': None, 'change': True}
2025-10-10 07:56:32,885 : INFO : EventManager : Event: ======'machine_var_audits_shots_left_rollover_shot'====== Args={'value': 176, 'prev_value': None, 'change': True}
2025-10-10 07:56:32,885 : INFO : EventManager : Event: ======'machine_var_audits_shots_left_scoop_shot'====== Args={'value': 28, 'prev_value': None, 'change': True}
2025-10-10 07:56:32,885 : INFO : EventManager : Event: ======'machine_var_audits_shots_middle_inlane_shot'====== Args={'value': 20, 'prev_value': None, 'change': True}
2025-10-10 07:56:32,885 : INFO : EventManager : Event: ======'machine_var_audits_shots_my_first_shot'====== Args={'value': 95, 'prev_value': None, 'change': True}
2025-10-10 07:56:32,887 : INFO : EventManager : Event: ======'machine_var_audits_shots_right_inlane_shot'====== Args={'value': 53, 'prev_value': None, 'change': True}
2025-10-10 07:56:32,887 : INFO : EventManager : Event: ======'machine_var_audits_shots_right_rollover'====== Args={'value': 12, 'prev_value': None, 'change': True}
2025-10-10 07:56:32,888 : INFO : EventManager : Event: ======'machine_var_audits_shots_right_rollover_shot'====== Args={'value': 238, 'prev_value': None, 'change': True}
2025-10-10 07:56:32,888 : INFO : EventManager : Event: ======'machine_var_audits_shots_right_scoop_shot'====== Args={'value': 35, 'prev_value': None, 'change': True}
2025-10-10 07:56:32,889 : INFO : EventManager : Event: ======'machine_var_audits_shots_standup_1_skill'====== Args={'value': 27, 'prev_value': None, 'change': True}
2025-10-10 07:56:32,889 : INFO : EventManager : Event: ======'machine_var_audits_shots_standup_2_skill'====== Args={'value': 8, 'prev_value': None, 'change': True}
2025-10-10 07:56:32,890 : INFO : EventManager : Event: ======'machine_var_audits_shots_standup_3_skill'====== Args={'value': 6, 'prev_value': None, 'change': True}
2025-10-10 07:56:32,890 : INFO : EventManager : Event: ======'machine_var_audits_shots_standup_4_skill'====== Args={'value': 8, 'prev_value': None, 'change': True}
2025-10-10 07:56:32,891 : INFO : EventManager : Event: ======'machine_var_audits_shots_standup_5_skill'====== Args={'value': 4, 'prev_value': None, 'change': True}
2025-10-10 07:56:32,891 : INFO : EventManager : Event: ======'machine_var_audits_shots_standup_6_skill'====== Args={'value': 2, 'prev_value': None, 'change': True}
2025-10-10 07:56:32,892 : INFO : EventManager : Event: ======'machine_var_audits_shots_top_middle_inlane_shot'====== Args={'value': 41, 'prev_value': None, 'change': True}
2025-10-10 07:56:32,893 : INFO : EventManager : Event: ======'machine_var_audits_switches_s_A'====== Args={'value': 0, 'prev_value': None, 'change': True}
2025-10-10 07:56:32,893 : INFO : EventManager : Event: ======'machine_var_audits_switches_s_E'====== Args={'value': 0, 'prev_value': None, 'change': True}
2025-10-10 07:56:32,894 : INFO : EventManager : Event: ======'machine_var_audits_switches_s_Eb'====== Args={'value': 0, 'prev_value': None, 'change': True}
2025-10-10 07:56:32,894 : INFO : EventManager : Event: ======'machine_var_audits_switches_s_I'====== Args={'value': 0, 'prev_value': None, 'change': True}
2025-10-10 07:56:32,895 : INFO : EventManager : Event: ======'machine_var_audits_switches_s_L'====== Args={'value': 0, 'prev_value': None, 'change': True}
2025-10-10 07:56:32,895 : INFO : EventManager : Event: ======'machine_var_audits_switches_s_M'====== Args={'value': 0, 'prev_value': None, 'change': True}
2025-10-10 07:56:32,896 : INFO : EventManager : Event: ======'machine_var_audits_switches_s_R'====== Args={'value': 0, 'prev_value': None, 'change': True}
2025-10-10 07:56:32,896 : INFO : EventManager : Event: ======'machine_var_audits_switches_s_T'====== Args={'value': 0, 'prev_value': None, 'change': True}
2025-10-10 07:56:32,897 : INFO : EventManager : Event: ======'machine_var_audits_switches_s_Tb'====== Args={'value': 0, 'prev_value': None, 'change': True}
2025-10-10 07:56:32,897 : INFO : EventManager : Event: ======'machine_var_audits_switches_s_V'====== Args={'value': 0, 'prev_value': None, 'change': True}
2025-10-10 07:56:32,899 : INFO : EventManager : Event: ======'machine_var_audits_switches_s_bumper1'====== Args={'value': 45, 'prev_value': None, 'change': True}
2025-10-10 07:56:32,900 : INFO : EventManager : Event: ======'machine_var_audits_switches_s_bumper2'====== Args={'value': 78, 'prev_value': None, 'change': True}
2025-10-10 07:56:32,900 : INFO : EventManager : Event: ======'machine_var_audits_switches_s_bumper_1'====== Args={'value': 0, 'prev_value': None, 'change': True}
2025-10-10 07:56:32,901 : INFO : EventManager : Event: ======'machine_var_audits_switches_s_bumper_2'====== Args={'value': 0, 'prev_value': None, 'change': True}
2025-10-10 07:56:32,901 : INFO : EventManager : Event: ======'machine_var_audits_switches_s_center_center_target'====== Args={'value': 1, 'prev_value': None, 'change': True}
2025-10-10 07:56:32,902 : INFO : EventManager : Event: ======'machine_var_audits_switches_s_center_rollover'====== Args={'value': 243, 'prev_value': None, 'change': True}
2025-10-10 07:56:32,902 : INFO : EventManager : Event: ======'machine_var_audits_switches_s_launcher_lane_spinner'====== Args={'value': 0, 'prev_value': None, 'change': True}
2025-10-10 07:56:32,903 : INFO : EventManager : Event: ======'machine_var_audits_switches_s_left_center_target'====== Args={'value': 2, 'prev_value': None, 'change': True}
2025-10-10 07:56:32,903 : INFO : EventManager : Event: ======'machine_var_audits_switches_s_left_corridor_spinner'====== Args={'value': 0, 'prev_value': None, 'change': True}
2025-10-10 07:56:32,905 : INFO : EventManager : Event: ======'machine_var_audits_switches_s_left_corridor_spinner2'====== Args={'value': 0, 'prev_value': None, 'change': True}
2025-10-10 07:56:32,906 : INFO : EventManager : Event: ======'machine_var_audits_switches_s_left_flipper'====== Args={'value': 330, 'prev_value': None, 'change': True}
2025-10-10 07:56:32,906 : INFO : EventManager : Event: ======'machine_var_audits_switches_s_left_inlane'====== Args={'value': 8, 'prev_value': None, 'change': True}
2025-10-10 07:56:32,907 : INFO : EventManager : Event: ======'machine_var_audits_switches_s_left_outlane'====== Args={'value': 3, 'prev_value': None, 'change': True}
2025-10-10 07:56:32,907 : INFO : EventManager : Event: ======'machine_var_audits_switches_s_left_rollover'====== Args={'value': 184, 'prev_value': None, 'change': True}
2025-10-10 07:56:32,908 : INFO : EventManager : Event: ======'machine_var_audits_switches_s_left_scoop'====== Args={'value': 217, 'prev_value': None, 'change': True}
2025-10-10 07:56:32,909 : INFO : EventManager : Event: ======'machine_var_audits_switches_s_left_standup'====== Args={'value': 0, 'prev_value': None, 'change': True}
2025-10-10 07:56:32,909 : INFO : EventManager : Event: ======'machine_var_audits_switches_s_middle_inlane'====== Args={'value': 20, 'prev_value': None, 'change': True}
2025-10-10 07:56:32,911 : INFO : EventManager : Event: ======'machine_var_audits_switches_s_plunger'====== Args={'value': 322, 'prev_value': None, 'change': True}
2025-10-10 07:56:32,911 : INFO : EventManager : Event: ======'machine_var_audits_switches_s_right_center_target'====== Args={'value': 1, 'prev_value': None, 'change': True}
2025-10-10 07:56:32,912 : INFO : EventManager : Event: ======'machine_var_audits_switches_s_right_corridor_spinner'====== Args={'value': 0, 'prev_value': None, 'change': True}
2025-10-10 07:56:32,913 : INFO : EventManager : Event: ======'machine_var_audits_switches_s_right_flipper'====== Args={'value': 146, 'prev_value': None, 'change': True}
2025-10-10 07:56:32,913 : INFO : EventManager : Event: ======'machine_var_audits_switches_s_right_inlane'====== Args={'value': 180, 'prev_value': None, 'change': True}
2025-10-10 07:56:32,914 : INFO : EventManager : Event: ======'machine_var_audits_switches_s_right_outlane'====== Args={'value': 3, 'prev_value': None, 'change': True}
2025-10-10 07:56:32,914 : INFO : EventManager : Event: ======'machine_var_audits_switches_s_right_rollover'====== Args={'value': 247, 'prev_value': None, 'change': True}
2025-10-10 07:56:32,915 : INFO : EventManager : Event: ======'machine_var_audits_switches_s_right_scoop'====== Args={'value': 52, 'prev_value': None, 'change': True}
2025-10-10 07:56:32,916 : INFO : EventManager : Event: ======'machine_var_audits_switches_s_right_standup'====== Args={'value': 1, 'prev_value': None, 'change': True}
2025-10-10 07:56:32,916 : INFO : EventManager : Event: ======'machine_var_audits_switches_s_sling_left'====== Args={'value': 3, 'prev_value': None, 'change': True}
2025-10-10 07:56:32,917 : INFO : EventManager : Event: ======'machine_var_audits_switches_s_sling_right'====== Args={'value': 8, 'prev_value': None, 'change': True}
2025-10-10 07:56:32,917 : INFO : EventManager : Event: ======'machine_var_audits_switches_s_standup_1'====== Args={'value': 57, 'prev_value': None, 'change': True}
2025-10-10 07:56:32,917 : INFO : EventManager : Event: ======'machine_var_audits_switches_s_standup_2'====== Args={'value': 21, 'prev_value': None, 'change': True}
2025-10-10 07:56:32,917 : INFO : EventManager : Event: ======'machine_var_audits_switches_s_standup_3'====== Args={'value': 24, 'prev_value': None, 'change': True}
2025-10-10 07:56:32,918 : INFO : EventManager : Event: ======'machine_var_audits_switches_s_standup_4'====== Args={'value': 19, 'prev_value': None, 'change': True}
2025-10-10 07:56:32,918 : INFO : EventManager : Event: ======'machine_var_audits_switches_s_standup_5'====== Args={'value': 19, 'prev_value': None, 'change': True}
2025-10-10 07:56:32,918 : INFO : EventManager : Event: ======'machine_var_audits_switches_s_standup_6'====== Args={'value': 9, 'prev_value': None, 'change': True}
2025-10-10 07:56:32,919 : INFO : EventManager : Event: ======'machine_var_audits_switches_s_start'====== Args={'value': 15, 'prev_value': None, 'change': True}
2025-10-10 07:56:32,919 : INFO : EventManager : Event: ======'machine_var_audits_switches_s_top_left_standup'====== Args={'value': 0, 'prev_value': None, 'change': True}
2025-10-10 07:56:32,919 : INFO : EventManager : Event: ======'machine_var_audits_switches_s_top_left_standup2'====== Args={'value': 15, 'prev_value': None, 'change': True}
2025-10-10 07:56:32,920 : INFO : EventManager : Event: ======'machine_var_audits_switches_s_top_middle_inlane'====== Args={'value': 41, 'prev_value': None, 'change': True}
2025-10-10 07:56:32,920 : INFO : EventManager : Event: ======'machine_var_audits_switches_s_trough1'====== Args={'value': 211, 'prev_value': None, 'change': True}
2025-10-10 07:56:32,920 : INFO : EventManager : Event: ======'machine_var_audits_switches_s_trough2'====== Args={'value': 0, 'prev_value': None, 'change': True}
2025-10-10 07:56:32,921 : INFO : EventManager : Event: ======'machine_var_audits_switches_s_trough3'====== Args={'value': 0, 'prev_value': None, 'change': True}
2025-10-10 07:56:32,921 : INFO : EventManager : Event: ======'machine_var_audits_switches_s_trough4'====== Args={'value': 0, 'prev_value': None, 'change': True}
2025-10-10 07:56:32,921 : INFO : EventManager : Event: ======'machine_var_audits_switches_s_trough5'====== Args={'value': 0, 'prev_value': None, 'change': True}
2025-10-10 07:56:32,922 : INFO : EventManager : Event: ======'machine_var_audits_switches_s_trough6'====== Args={'value': 0, 'prev_value': None, 'change': True}
2025-10-10 07:56:32,922 : INFO : EventManager : Event: ======'machine_var_audits_switches_s_trough_jam'====== Args={'value': 0, 'prev_value': None, 'change': True}
2025-10-10 07:56:32,923 : INFO : EventManager : Event: ======'init_phase_5'====== Args={}
2025-10-10 07:56:32,987 : INFO : EventManager : Event: ======'init_done'====== Args={}
2025-10-10 07:56:32,987 : INFO : EventManager : Event: ======'machine_reset_phase_1'====== Args={}
2025-10-10 07:56:32,990 : INFO : EventManager : Event: ======'machine_reset_phase_2'====== Args={}
2025-10-10 07:56:32,990 : INFO : EventManager : Event: ======'machine_reset_phase_3'====== Args={}
2025-10-10 07:56:32,990 : INFO : EventManager : Event: ======'reset_complete'====== Args={}
2025-10-10 07:56:32,991 : INFO : EventManager : Event: ======'mode_attract_will_start'====== Args={}
2025-10-10 07:56:32,991 : INFO : EventManager : Event: ======'mode_attract_starting'====== Args={}
2025-10-10 07:56:32,991 : INFO : Mode.attract : Started. Priority: 10
2025-10-10 07:56:32,991 : INFO : EventManager : Event: ======'modes_active_modes_changed'====== Args={}
2025-10-10 07:56:32,991 : INFO : EventManager : Event: ======'mode_attract_started'====== Args={}
2025-10-10 07:56:32,992 : INFO : EventManager : Event: ======'collecting_balls_complete'====== Args={}
2025-10-10 07:56:33,040 : INFO : EventManager : Event: ======'slide_awesome_slide_created'====== Args={'_from_bcp': True}
2025-10-10 07:56:33,040 : INFO : EventManager : Event: ======'slide_awesome_slide_active'====== Args={'_from_bcp': True}
2025-10-10 07:56:33,040 : INFO : Machine : Starting the main run loop.
2025-10-10 07:56:33,312 : INFO : BcpServer : New client connected.
2025-10-10 07:56:36,012 : INFO : EventManager : Event: ======'slide_press_start_created'====== Args={'_from_bcp': True}
2025-10-10 07:56:36,013 : INFO : EventManager : Event: ======'slide_press_start_active'====== Args={'_from_bcp': True}
2025-10-10 07:56:38,709 : INFO : SwitchController : <<<<<<< 's_start' active >>>>>>>
2025-10-10 07:56:38,802 : INFO : SwitchController : <<<<<<< 's_start' inactive >>>>>>>
2025-10-10 07:56:38,802 : INFO : EventManager : Event: ======'request_to_start_game'====== Args={}
2025-10-10 07:56:38,805 : INFO : EventManager : Event: ======'game_start'====== Args={'buttons': [], 'hold_time': 0.09299999999348074}
2025-10-10 07:56:38,806 : INFO : EventManager : Event: ======'mode_game_will_start'====== Args={'buttons': [], 'hold_time': 0.09299999999348074}
2025-10-10 07:56:38,809 : INFO : EventManager : Event: ======'mode_game_starting'====== Args={'buttons': [], 'hold_time': 0.09299999999348074}
2025-10-10 07:56:38,809 : INFO : EventManager : Event: ======'mode_attract_will_stop'====== Args={}
2025-10-10 07:56:38,810 : INFO : EventManager : Event: ======'mode_attract_stopping'====== Args={}
2025-10-10 07:56:38,810 : INFO : Mode.attract : Stopped.
2025-10-10 07:56:38,811 : INFO : EventManager : Event: ======'modes_active_modes_changed'====== Args={}
2025-10-10 07:56:38,812 : INFO : EventManager : Event: ======'mode_attract_stopped'====== Args={}
2025-10-10 07:56:38,813 : INFO : EventManager : Event: ======'clear'====== Args={'key': 'attract'}
2025-10-10 07:56:38,815 : INFO : Mode.game : Started. Priority: 20
2025-10-10 07:56:38,815 : INFO : EventManager : Event: ======'modes_active_modes_changed'====== Args={}
2025-10-10 07:56:38,815 : INFO : EventManager : Event: ======'mode_game_started'====== Args={'buttons': [], 'hold_time': 0.09299999999348074}
2025-10-10 07:56:38,848 : INFO : EventManager : Event: ======'game_will_start'====== Args={}
2025-10-10 07:56:38,850 : INFO : EventManager : Event: ======'game_starting'====== Args={'game': <Mode.game>}
2025-10-10 07:56:38,852 : INFO : EventManager : Unordered handler for class <Auditor> on event game_ended with priority 1. Handlers: [RegisteredHandler(callback=<bound method Auditor.disable of <Auditor>>, priority=1, kwargs={}, key=UUID('6bcbceb7-0b11-4cd9-8a68-45a9a6049625'), condition=None, blocking_facility=None), RegisteredHandler(callback=<bound method Auditor._save_audits of <Auditor>>, priority=1, kwargs={}, key=UUID('97eaf3ef-d92b-407d-a8b4-faf3a01f6287'), condition=None, blocking_facility=None)]. The order of those handlers is not defined and they will be executed in random order. This might lead to race conditions and potential bugs.
2025-10-10 07:56:38,852 : INFO : EventManager : Event: ======'player_add_request'====== Args={}
2025-10-10 07:56:38,853 : INFO : EventManager : Event: ======'player_will_add'====== Args={'number': 1}
2025-10-10 07:56:38,853 : INFO : EventManager : Event: ======'player_adding'====== Args={'player': <Player 1>, 'number': 1}
2025-10-10 07:56:38,854 : INFO : EventManager : Event: ======'player_added'====== Args={'player': <Player 1>, 'num': 1}
2025-10-10 07:56:38,854 : INFO : Mode.game : Player added successfully. Total players: 1
2025-10-10 07:56:38,854 : INFO : EventManager : Event: ======'player_index'====== Args={'value': 0, 'prev_value': 0, 'change': 0, 'player_num': 1}
2025-10-10 07:56:38,855 : INFO : EventManager : Event: ======'player_number'====== Args={'value': 1, 'prev_value': 1, 'change': 0, 'player_num': 1}
2025-10-10 07:56:38,855 : INFO : EventManager : Event: ======'player_sj_active'====== Args={'value': 0, 'prev_value': 0, 'change': 0, 'player_num': 1}
2025-10-10 07:56:38,855 : INFO : EventManager : Event: ======'player_score'====== Args={'value': 0, 'prev_value': 0, 'change': 0, 'player_num': 1}
2025-10-10 07:56:38,857 : INFO : EventManager : Event: ======'game_started'====== Args={}
2025-10-10 07:56:38,872 : INFO : EventManager : Event: ======'player_turn_will_start'====== Args={'player': <Player 1>, 'number': 1}
2025-10-10 07:56:38,878 : INFO : EventManager : Event: ======'slide_awesome_slide_removed'====== Args={'_from_bcp': True}
2025-10-10 07:56:38,881 : INFO : EventManager : Event: ======'slide_press_start_removed'====== Args={'_from_bcp': True}
2025-10-10 07:56:38,881 : INFO : EventManager : Event: ======'slide_window_blank_active'====== Args={'_from_bcp': True}
2025-10-10 07:56:38,881 : INFO : EventManager : Event: ======'player_turn_starting'====== Args={'player': <Player 1>, 'number': 1}
2025-10-10 07:56:38,882 : INFO : EventManager : Event: ======'player_ball'====== Args={'value': 1, 'prev_value': 0, 'change': 1, 'player_num': 1}
2025-10-10 07:56:38,882 : INFO : EventManager : Event: ======'player_turn_started'====== Args={'player': <Player 1>, 'number': 1}
2025-10-10 07:56:38,883 : INFO : EventManager : Event: ======'ball_will_start'====== Args={'player': 1, 'ball': 1, 'balls_remaining': 2, 'is_extra_ball': False}
2025-10-10 07:56:38,888 : INFO : EventManager : Event: ======'ball_starting'====== Args={'player': 1, 'ball': 1, 'balls_remaining': 2, 'is_extra_ball': False}
2025-10-10 07:56:38,889 : INFO : EventManager : Event: ======'mode_super_jets_setup_will_start'====== Args={'queue': <QueuedEvent>, 'player': 1, 'ball': 1, 'balls_remaining': 2, 'is_extra_ball': False}
2025-10-10 07:56:38,889 : INFO : EventManager : Event: ======'player_shot_jets_enabled'====== Args={'value': True, 'prev_value': 0, 'change': 1, 'player_num': 1}
2025-10-10 07:56:38,890 : INFO : EventManager : Event: ======'player_shot_right_rollover_enabled'====== Args={'value': True, 'prev_value': 0, 'change': 1, 'player_num': 1}
2025-10-10 07:56:38,891 : INFO : EventManager : Event: ======'player_shot_left_rollover_enabled'====== Args={'value': True, 'prev_value': 0, 'change': 1, 'player_num': 1}
2025-10-10 07:56:38,891 : INFO : EventManager : Event: ======'rollover_lanes2_complete'====== Args={'state': 'unlit'}
2025-10-10 07:56:38,891 : INFO : EventManager : Event: ======'rollover_lanes2_unlit_complete'====== Args={}
2025-10-10 07:56:38,893 : INFO : EventManager : Event: ======'mode_super_jets_setup_starting'====== Args={'queue': <QueuedEvent>, 'player': 1, 'ball': 1, 'balls_remaining': 2, 'is_extra_ball': False}
2025-10-10 07:56:38,894 : INFO : EventManager : Event: ======'balls_in_play'====== Args={'balls': 1}
2025-10-10 07:56:38,894 : INFO : EventManager : Event: ======'ball_started'====== Args={'player': 1, 'ball': 1, 'balls_remaining': 2, 'is_extra_ball': False}
2025-10-10 07:56:38,894 : INFO : EventManager : Event: ======'logicblock_lb_jets_count_updated'====== Args={'value': 0, 'enabled': True}
2025-10-10 07:56:38,894 : INFO : EventManager : Event: ======'logicblock_lb_rollover_complete_count_updated'====== Args={'value': 0, 'enabled': True}
2025-10-10 07:56:38,894 : INFO : EventManager : Event: ======'logicblock_lb_jets_count_updated'====== Args={'value': 0, 'enabled': True}
2025-10-10 07:56:38,894 : INFO : EventManager : Event: ======'logicblock_lb_jets_resume_updated'====== Args={'value': 0, 'enabled': False}
2025-10-10 07:56:38,895 : INFO : EventManager : Event: ======'logicblock_lb_rollover_complete_count_updated'====== Args={'value': 0, 'enabled': True}
2025-10-10 07:56:38,895 : INFO : Mode.super_jets_setup : Started. Priority: 200
2025-10-10 07:56:38,895 : INFO : EventManager : Event: ======'modes_active_modes_changed'====== Args={}
2025-10-10 07:56:38,895 : INFO : EventManager : Event: ======'mode_super_jets_setup_started'====== Args={'queue': <QueuedEvent>, 'player': 1, 'ball': 1, 'balls_remaining': 2, 'is_extra_ball': False}
2025-10-10 07:56:38,895 : INFO : EventManager : Event: ======'mode_base_will_start'====== Args={'player': 1, 'ball': 1, 'balls_remaining': 2, 'is_extra_ball': False}
2025-10-10 07:56:38,896 : INFO : EventManager : Event: ======'player_shot_left_rollover_shot_enabled'====== Args={'value': True, 'prev_value': 0, 'change': 1, 'player_num': 1}
2025-10-10 07:56:38,896 : INFO : EventManager : Event: ======'player_shot_center_rollover_shot_enabled'====== Args={'value': True, 'prev_value': 0, 'change': 1, 'player_num': 1}
2025-10-10 07:56:38,897 : INFO : EventManager : Event: ======'player_shot_right_rollover_shot_enabled'====== Args={'value': True, 'prev_value': 0, 'change': 1, 'player_num': 1}
2025-10-10 07:56:38,897 : INFO : EventManager : Event: ======'player_shot_right_scoop_shot_enabled'====== Args={'value': True, 'prev_value': 0, 'change': 1, 'player_num': 1}
2025-10-10 07:56:38,898 : INFO : EventManager : Event: ======'player_shot_bumper1_shot_enabled'====== Args={'value': True, 'prev_value': 0, 'change': 1, 'player_num': 1}
2025-10-10 07:56:38,898 : INFO : EventManager : Event: ======'player_shot_bumper2_shot_enabled'====== Args={'value': True, 'prev_value': 0, 'change': 1, 'player_num': 1}
2025-10-10 07:56:38,898 : INFO : EventManager : Event: ======'player_shot_right_inlane_shot_enabled'====== Args={'value': True, 'prev_value': 0, 'change': 1, 'player_num': 1}
2025-10-10 07:56:38,898 : INFO : EventManager : Event: ======'rollover_lanes_complete'====== Args={'state': 'unlit'}
2025-10-10 07:56:38,898 : INFO : EventManager : Event: ======'rollover_lanes_unlit_complete'====== Args={}
2025-10-10 07:56:38,900 : INFO : EventManager : Event: ======'mode_base_starting'====== Args={'player': 1, 'ball': 1, 'balls_remaining': 2, 'is_extra_ball': False}
2025-10-10 07:56:38,901 : INFO : EventManager : Event: ======'logicblock_my_counter_updated'====== Args={'value': 0, 'enabled': True}
2025-10-10 07:56:38,902 : INFO : EventManager : Event: ======'logicblock_right_scoop_updated'====== Args={'value': [False, False, False], 'enabled': True}
2025-10-10 07:56:38,902 : INFO : EventManager : Event: ======'logicblock_my_counter_updated'====== Args={'value': 0, 'enabled': True}
2025-10-10 07:56:38,902 : INFO : EventManager : Event: ======'logicblock_right_scoop_updated'====== Args={'value': [False, False, False], 'enabled': True}
2025-10-10 07:56:38,902 : INFO : Mode.base : Started. Priority: 100
2025-10-10 07:56:38,902 : INFO : EventManager : Event: ======'modes_active_modes_changed'====== Args={}
2025-10-10 07:56:38,902 : INFO : EventManager : Event: ======'mode_base_started'====== Args={'player': 1, 'ball': 1, 'balls_remaining': 2, 'is_extra_ball': False}
2025-10-10 07:56:38,902 : INFO : EventManager : Event: ======'single_player_ball_started'====== Args={}
2025-10-10 07:56:38,941 : INFO : EventManager : Event: ======'ball_start_target'====== Args={'target': 'playfield'}
2025-10-10 07:56:38,980 : INFO : ball_device.bd_plunger : Setting up player-controlled eject. Balls: 1, Target: <playfield.playfield>, player_controlled_eject_event: None
2025-10-10 07:56:38,981 : INFO : EventManager : Event: ======'balldevice_balls_available'====== Args={}
2025-10-10 07:56:38,981 : INFO : EventManager : Event: ======'slide_base.slide_player-mode_base_started_created'====== Args={'_from_bcp': True}
2025-10-10 07:56:38,982 : INFO : ball_device.bd_trough : State: waiting_for_target_ready
2025-10-10 07:56:38,982 : INFO : EventManager : Event: ======'balldevice_bd_trough_ball_eject_attempt'====== Args={'balls': 1, 'target': <ball_device.bd_plunger>, 'source': <ball_device.bd_trough>, 'mechanical_eject': True, 'num_attempts': 0}
2025-10-10 07:56:38,982 : INFO : ball_device.bd_plunger : State: waiting_for_ball
2025-10-10 07:56:38,983 : INFO : ball_device.bd_trough : State: ejecting
2025-10-10 07:56:38,983 : INFO : ball_device.bd_trough : Ejecting ball to <ball_device.bd_plunger>
2025-10-10 07:56:38,983 : INFO : EventManager : Event: ======'balldevice_bd_trough_ejecting_ball'====== Args={'balls': 1, 'target': <ball_device.bd_plunger>, 'source': <ball_device.bd_trough>, 'mechanical_eject': True, 'num_attempts': 0}
2025-10-10 07:56:38,984 : INFO : ball_device.bd_trough : Wait for ball to leave device
2025-10-10 07:56:38,984 : INFO : coil.c_trough_eject : Pulsing Driver for 20ms (1.0 pulse_power)
2025-10-10 07:56:38,984 : INFO : SwitchController : <<<<<<< 's_trough1' inactive >>>>>>>
2025-10-10 07:56:38,992 : INFO : ball_device.bd_trough : State: ball_left
2025-10-10 07:56:38,992 : INFO : ball_device.bd_trough : Ball left
2025-10-10 07:56:38,992 : INFO : ball_device.bd_trough : Wait for confirm with timeout 3.0
2025-10-10 07:56:39,036 : INFO : EventManager : Event: ======'slide_base.slide_player-mode_base_started_active'====== Args={'_from_bcp': True}
2025-10-10 07:56:39,081 : INFO : SwitchController : <<<<<<< 's_plunger' active >>>>>>>
2025-10-10 07:56:39,081 : INFO : EventManager : Event: ======'machine_var_audits_switches_s_plunger'====== Args={'value': 323, 'prev_value': 322, 'change': 1}
2025-10-10 07:56:39,586 : INFO : ball_device.bd_plunger : Received ball from <ball_device.bd_trough>
2025-10-10 07:56:39,586 : INFO : EventManager : Event: ======'balldevice_bd_plunger_ball_enter'====== Args={'new_balls': 1, 'unclaimed_balls': 0, 'new_available_balls': 0, 'device': <ball_device.bd_plunger>}
2025-10-10 07:56:39,589 : INFO : EventManager : Event: ======'balldevice_bd_plunger_ball_entered'====== Args={'new_balls': 0, 'device': <ball_device.bd_plunger>}
2025-10-10 07:56:39,591 : INFO : EventManager : Event: ======'balldevice_bd_plunger_ball_count_changed'====== Args={'balls': 1}
2025-10-10 07:56:39,591 : INFO : ball_device.bd_trough : Got eject confirm
2025-10-10 07:56:39,592 : INFO : ball_device.bd_trough : Eject successful
2025-10-10 07:56:39,592 : INFO : EventManager : Event: ======'balldevice_bd_trough_ball_eject_success'====== Args={'balls': 1, 'target': <ball_device.bd_plunger>}
2025-10-10 07:56:39,594 : INFO : EventManager : Event: ======'balldevice_bd_trough_ball_count_changed'====== Args={'balls': 5}
2025-10-10 07:56:39,594 : INFO : ball_device.bd_trough : State: idle
2025-10-10 07:56:39,596 : INFO : ball_device.bd_plunger : State: waiting_for_target_ready
2025-10-10 07:56:39,596 : INFO : EventManager : Event: ======'balldevice_bd_plunger_ball_eject_attempt'====== Args={'balls': 1, 'target': <playfield.playfield>, 'source': <ball_device.bd_plunger>, 'mechanical_eject': True, 'num_attempts': 0}
2025-10-10 07:56:39,598 : INFO : ball_device.bd_plunger : State: ejecting
2025-10-10 07:56:39,599 : INFO : ball_device.bd_plunger : Ejecting ball to <playfield.playfield>
2025-10-10 07:56:39,599 : INFO : EventManager : Event: ======'balldevice_bd_plunger_ejecting_ball'====== Args={'balls': 1, 'target': <playfield.playfield>, 'source': <ball_device.bd_plunger>, 'mechanical_eject': True, 'num_attempts': 0}
2025-10-10 07:56:39,603 : INFO : ball_device.bd_plunger : Wait for ball to leave device
2025-10-10 07:56:41,143 : WARNING : SwitchController : Received duplicate switch state 1 for switch s_plunger from the platform interface. Log Code: Log-SwitchController-1 (https://missionpinball.org/logs)
2025-10-10 07:56:41,220 : INFO : SwitchController : <<<<<<< 's_plunger' inactive >>>>>>>
2025-10-10 07:56:41,252 : INFO : ball_device.bd_plunger : State: ball_left
2025-10-10 07:56:41,254 : INFO : ball_device.bd_plunger : Ball left
2025-10-10 07:56:41,254 : INFO : ball_device.bd_plunger : Wait for confirm with timeout 5.0
2025-10-10 07:56:43,269 : INFO : SwitchController : <<<<<<< 's_right_rollover' active >>>>>>>
2025-10-10 07:56:43,269 : INFO : EventManager : Event: ======'playfield_active'====== Args={}
2025-10-10 07:56:43,270 : INFO : EventManager : Event: ======'playfield_active'====== Args={}
2025-10-10 07:56:43,270 : INFO : EventManager : Event: ======'s_right_rollover_active'====== Args={}
2025-10-10 07:56:43,271 : INFO : EventManager : Event: ======'machine_var_audits_switches_s_right_rollover'====== Args={'value': 248, 'prev_value': 247, 'change': 1}
2025-10-10 07:56:43,275 : INFO : EventManager : Event: ======'player_shot_right_rollover'====== Args={'value': 1, 'prev_value': 0, 'change': 1, 'player_num': 1}
2025-10-10 07:56:43,276 : INFO : EventManager : Event: ======'machine_var_audits_shots_right_rollover'====== Args={'value': 13, 'prev_value': 12, 'change': 1}
2025-10-10 07:56:43,277 : INFO : EventManager : Event: ======'right_rollover_hit'====== Args={'profile': 'default', 'state': 'unlit', 'advancing': True}
2025-10-10 07:56:43,278 : INFO : EventManager : Event: ======'right_rollover_default_hit'====== Args={'profile': 'default', 'state': 'unlit', 'advancing': True}
2025-10-10 07:56:43,278 : INFO : EventManager : Event: ======'right_rollover_default_unlit_hit'====== Args={'profile': 'default', 'state': 'unlit', 'advancing': True}
2025-10-10 07:56:43,278 : INFO : EventManager : Event: ======'right_rollover_unlit_hit'====== Args={'profile': 'default', 'state': 'unlit', 'advancing': True}
2025-10-10 07:56:43,278 : INFO : EventManager : Event: ======'player_shot_right_rollover_shot'====== Args={'value': 1, 'prev_value': 0, 'change': 1, 'player_num': 1}
2025-10-10 07:56:43,279 : INFO : EventManager : Event: ======'machine_var_audits_shots_right_rollover_shot'====== Args={'value': 239, 'prev_value': 238, 'change': 1}
2025-10-10 07:56:43,280 : INFO : EventManager : Event: ======'right_rollover_shot_hit'====== Args={'profile': 'default', 'state': 'unlit', 'advancing': True}
2025-10-10 07:56:43,281 : INFO : EventManager : Event: ======'right_rollover_shot_default_hit'====== Args={'profile': 'default', 'state': 'unlit', 'advancing': True}
2025-10-10 07:56:43,281 : INFO : EventManager : Event: ======'right_rollover_shot_default_unlit_hit'====== Args={'profile': 'default', 'state': 'unlit', 'advancing': True}
2025-10-10 07:56:43,281 : INFO : EventManager : Event: ======'right_rollover_shot_unlit_hit'====== Args={'profile': 'default', 'state': 'unlit', 'advancing': True}
2025-10-10 07:56:43,282 : INFO : EventManager : Event: ======'rollover_lanes2_hit'====== Args={}
2025-10-10 07:56:43,282 : INFO : EventManager : Event: ======'rollover_lanes2_unlit_hit'====== Args={}
2025-10-10 07:56:43,283 : INFO : EventManager : Event: ======'player_score'====== Args={'value': 300, 'prev_value': 0, 'change': 300, 'player_num': 1, 'source': 'base'}
2025-10-10 07:56:43,283 : INFO : EventManager : Event: ======'logicblock_right_scoop_updated'====== Args={'value': [False, False, True], 'enabled': True}
2025-10-10 07:56:43,283 : INFO : EventManager : Event: ======'logicblock_right_scoop_hit'====== Args={'step': 2}
2025-10-10 07:56:43,283 : INFO : EventManager : Event: ======'rollover_lanes_hit'====== Args={}
2025-10-10 07:56:43,283 : INFO : EventManager : Event: ======'rollover_lanes_unlit_hit'====== Args={}
2025-10-10 07:56:43,333 : INFO : ball_device.bd_plunger : Got eject confirm
2025-10-10 07:56:43,333 : INFO : ball_device.bd_plunger : Eject successful
2025-10-10 07:56:43,333 : INFO : EventManager : Event: ======'balldevice_bd_plunger_ball_eject_success'====== Args={'balls': 1, 'target': <playfield.playfield>}
2025-10-10 07:56:43,334 : INFO : SwitchController : <<<<<<< 's_right_rollover' inactive >>>>>>>
2025-10-10 07:56:43,334 : INFO : EventManager : Event: ======'balldevice_playfield_ball_enter'====== Args={'new_balls': 1, 'unclaimed_balls': 1, 'device': <playfield.playfield>}
2025-10-10 07:56:43,334 : INFO : EventManager : Event: ======'playfield_ball_count_change'====== Args={'balls': 1, 'change': 1}
2025-10-10 07:56:43,340 : INFO : EventManager : Event: ======'balldevice_bd_plunger_ball_count_changed'====== Args={'balls': 0}
2025-10-10 07:56:43,340 : INFO : ball_device.bd_plunger : State: idle
2025-10-10 07:56:45,700 : INFO : SwitchController : <<<<<<< 's_center_rollover' active >>>>>>>
2025-10-10 07:56:45,700 : INFO : EventManager : Event: ======'s_center_rollover_active'====== Args={}
2025-10-10 07:56:45,701 : INFO : EventManager : Event: ======'machine_var_audits_switches_s_center_rollover'====== Args={'value': 244, 'prev_value': 243, 'change': 1}
2025-10-10 07:56:45,705 : INFO : EventManager : Event: ======'player_shot_center_rollover_shot'====== Args={'value': 1, 'prev_value': 0, 'change': 1, 'player_num': 1}
2025-10-10 07:56:45,706 : INFO : EventManager : Event: ======'machine_var_audits_shots_center_rollover_shot'====== Args={'value': 235, 'prev_value': 234, 'change': 1}
2025-10-10 07:56:45,708 : INFO : EventManager : Event: ======'center_rollover_shot_hit'====== Args={'profile': 'default', 'state': 'unlit', 'advancing': True}
2025-10-10 07:56:45,709 : INFO : EventManager : Event: ======'center_rollover_shot_default_hit'====== Args={'profile': 'default', 'state': 'unlit', 'advancing': True}
2025-10-10 07:56:45,709 : INFO : EventManager : Event: ======'center_rollover_shot_default_unlit_hit'====== Args={'profile': 'default', 'state': 'unlit', 'advancing': True}
2025-10-10 07:56:45,710 : INFO : EventManager : Event: ======'center_rollover_shot_unlit_hit'====== Args={'profile': 'default', 'state': 'unlit', 'advancing': True}
2025-10-10 07:56:45,711 : INFO : EventManager : Event: ======'player_score'====== Args={'value': 500, 'prev_value': 300, 'change': 200, 'player_num': 1, 'source': 'base'}
2025-10-10 07:56:45,712 : INFO : EventManager : Event: ======'logicblock_right_scoop_updated'====== Args={'value': [False, True, True], 'enabled': True}
2025-10-10 07:56:45,713 : INFO : EventManager : Event: ======'logicblock_right_scoop_hit'====== Args={'step': 1}
2025-10-10 07:56:45,713 : INFO : EventManager : Event: ======'rollover_lanes_hit'====== Args={}
2025-10-10 07:56:45,714 : INFO : EventManager : Event: ======'rollover_lanes_unlit_hit'====== Args={}
2025-10-10 07:56:45,801 : INFO : SwitchController : <<<<<<< 's_center_rollover' inactive >>>>>>>
2025-10-10 07:56:51,565 : INFO : SwitchController : <<<<<<< 's_left_rollover' active >>>>>>>
2025-10-10 07:56:51,565 : INFO : EventManager : Event: ======'s_left_rollover_active'====== Args={}
2025-10-10 07:56:51,565 : INFO : EventManager : Event: ======'machine_var_audits_switches_s_left_rollover'====== Args={'value': 185, 'prev_value': 184, 'change': 1}
2025-10-10 07:56:51,567 : INFO : EventManager : Event: ======'player_shot_left_rollover'====== Args={'value': 1, 'prev_value': 0, 'change': 1, 'player_num': 1}
2025-10-10 07:56:51,567 : INFO : EventManager : Event: ======'machine_var_audits_shots_left_rollover'====== Args={'value': 10, 'prev_value': 9, 'change': 1}
2025-10-10 07:56:51,568 : INFO : EventManager : Event: ======'left_rollover_hit'====== Args={'profile': 'default', 'state': 'unlit', 'advancing': True}
2025-10-10 07:56:51,568 : INFO : EventManager : Event: ======'left_rollover_default_hit'====== Args={'profile': 'default', 'state': 'unlit', 'advancing': True}
2025-10-10 07:56:51,568 : INFO : EventManager : Event: ======'left_rollover_default_unlit_hit'====== Args={'profile': 'default', 'state': 'unlit', 'advancing': True}
2025-10-10 07:56:51,568 : INFO : EventManager : Event: ======'left_rollover_unlit_hit'====== Args={'profile': 'default', 'state': 'unlit', 'advancing': True}
2025-10-10 07:56:51,568 : INFO : EventManager : Event: ======'player_shot_left_rollover_shot'====== Args={'value': 1, 'prev_value': 0, 'change': 1, 'player_num': 1}
2025-10-10 07:56:51,569 : INFO : EventManager : Event: ======'machine_var_audits_shots_left_rollover_shot'====== Args={'value': 177, 'prev_value': 176, 'change': 1}
2025-10-10 07:56:51,569 : INFO : EventManager : Event: ======'left_rollover_shot_hit'====== Args={'profile': 'default', 'state': 'unlit', 'advancing': True}
2025-10-10 07:56:51,569 : INFO : EventManager : Event: ======'left_rollover_shot_default_hit'====== Args={'profile': 'default', 'state': 'unlit', 'advancing': True}
2025-10-10 07:56:51,570 : INFO : EventManager : Event: ======'left_rollover_shot_default_unlit_hit'====== Args={'profile': 'default', 'state': 'unlit', 'advancing': True}
2025-10-10 07:56:51,570 : INFO : EventManager : Event: ======'left_rollover_shot_unlit_hit'====== Args={'profile': 'default', 'state': 'unlit', 'advancing': True}
2025-10-10 07:56:51,570 : INFO : EventManager : Event: ======'rollover_lanes2_complete'====== Args={'state': 'lit'}
2025-10-10 07:56:51,570 : INFO : EventManager : Event: ======'rollover_lanes2_lit_complete'====== Args={}
2025-10-10 07:56:51,570 : INFO : EventManager : Event: ======'logicblock_lb_rollover_complete_count_updated'====== Args={'value': 1, 'enabled': True}
2025-10-10 07:56:51,570 : INFO : EventManager : Event: ======'rollover_lanes2_done'====== Args={'count': 1, 'hits': 1, 'remaining': 39}
2025-10-10 07:56:51,570 : INFO : EventManager : Event: ======'rollover_lanes2_hit'====== Args={}
2025-10-10 07:56:51,570 : INFO : EventManager : Event: ======'rollover_lanes2_unlit_hit'====== Args={}
2025-10-10 07:56:51,571 : INFO : EventManager : Event: ======'rollover_lanes_complete'====== Args={'state': 'lit'}
2025-10-10 07:56:51,571 : INFO : EventManager : Event: ======'rollover_lanes_lit_complete'====== Args={}
2025-10-10 07:56:51,571 : INFO : EventManager : Event: ======'mode_skillshot_will_start'====== Args={}
2025-10-10 07:56:51,571 : INFO : EventManager : Event: ======'player_skillshot_mode_timer_tick'====== Args={'value': 5, 'prev_value': 0, 'change': 5, 'player_num': 1}
2025-10-10 07:56:51,572 : INFO : Timer.mode_timer : Starting Timer.
2025-10-10 07:56:51,572 : INFO : EventManager : Event: ======'timer_mode_timer_started'====== Args={'ticks': 5, 'ticks_remaining': 5}
2025-10-10 07:56:51,572 : INFO : EventManager : Event: ======'timer_mode_timer_tick'====== Args={'ticks': 5, 'ticks_remaining': 5}
2025-10-10 07:56:51,572 : INFO : EventManager : Event: ======'player_skillshot_target_rotator_tick'====== Args={'value': 0, 'prev_value': 0, 'change': 0, 'player_num': 1}
2025-10-10 07:56:51,573 : INFO : Timer.target_rotator : Starting Timer.
2025-10-10 07:56:51,573 : INFO : EventManager : Event: ======'timer_target_rotator_started'====== Args={'ticks': 0, 'ticks_remaining': 0}
2025-10-10 07:56:51,573 : INFO : EventManager : Event: ======'timer_target_rotator_tick'====== Args={'ticks': 0, 'ticks_remaining': 0}
2025-10-10 07:56:51,573 : INFO : EventManager : Event: ======'standups_skill_complete'====== Args={'state': 'None'}
2025-10-10 07:56:51,573 : INFO : EventManager : Event: ======'standups_skill_None_complete'====== Args={}
2025-10-10 07:56:51,573 : INFO : EventManager : Event: ======'player_shot_standup_1_skill_enabled'====== Args={'value': True, 'prev_value': 0, 'change': 1, 'player_num': 1}
2025-10-10 07:56:51,574 : INFO : EventManager : Event: ======'player_shot_standup_2_skill_enabled'====== Args={'value': True, 'prev_value': 0, 'change': 1, 'player_num': 1}
2025-10-10 07:56:51,574 : INFO : EventManager : Event: ======'player_shot_standup_3_skill_enabled'====== Args={'value': True, 'prev_value': 0, 'change': 1, 'player_num': 1}
2025-10-10 07:56:51,575 : INFO : EventManager : Event: ======'player_shot_standup_4_skill_enabled'====== Args={'value': True, 'prev_value': 0, 'change': 1, 'player_num': 1}
2025-10-10 07:56:51,575 : INFO : EventManager : Event: ======'player_shot_standup_5_skill_enabled'====== Args={'value': True, 'prev_value': 0, 'change': 1, 'player_num': 1}
2025-10-10 07:56:51,575 : INFO : EventManager : Event: ======'player_shot_standup_6_skill_enabled'====== Args={'value': True, 'prev_value': 0, 'change': 1, 'player_num': 1}
2025-10-10 07:56:51,576 : INFO : EventManager : Event: ======'mode_skillshot_starting'====== Args={}
2025-10-10 07:56:51,576 : INFO : EventManager : Event: ======'player_shot_left_rollover_shot'====== Args={'value': 0, 'prev_value': 1, 'change': -1, 'player_num': 1}
2025-10-10 07:56:51,577 : INFO : EventManager : Event: ======'player_shot_center_rollover_shot'====== Args={'value': 0, 'prev_value': 1, 'change': -1, 'player_num': 1}
2025-10-10 07:56:51,577 : INFO : EventManager : Event: ======'player_shot_right_rollover_shot'====== Args={'value': 0, 'prev_value': 1, 'change': -1, 'player_num': 1}
2025-10-10 07:56:51,578 : INFO : EventManager : Event: ======'player_score'====== Args={'value': 5500, 'prev_value': 500, 'change': 5000, 'player_num': 1, 'source': 'base'}
2025-10-10 07:56:51,578 : INFO : EventManager : Event: ======'rollover_lanes_complete'====== Args={'state': 'unlit'}
2025-10-10 07:56:51,579 : INFO : EventManager : Event: ======'rollover_lanes_unlit_complete'====== Args={}
2025-10-10 07:56:51,581 : INFO : EventManager : Event: ======'player_score'====== Args={'value': 5600, 'prev_value': 5500, 'change': 100, 'player_num': 1, 'source': 'base'}
2025-10-10 07:56:51,582 : INFO : EventManager : Event: ======'logicblock_right_scoop_updated'====== Args={'value': [True, True, True], 'enabled': True}
2025-10-10 07:56:51,582 : INFO : EventManager : Event: ======'logicblock_right_scoop_hit'====== Args={'step': 0}
2025-10-10 07:56:51,582 : INFO : EventManager : Event: ======'enable_right_scoop_shot'====== Args={}
2025-10-10 07:56:51,582 : INFO : EventManager : Event: ======'logicblock_right_scoop_updated'====== Args={'value': [False, False, False], 'enabled': True}
2025-10-10 07:56:51,582 : INFO : EventManager : Event: ======'logicblock_right_scoop_updated'====== Args={'value': [False, False, False], 'enabled': False}
2025-10-10 07:56:51,582 : INFO : EventManager : Event: ======'rollover_lanes_hit'====== Args={}
2025-10-10 07:56:51,582 : INFO : EventManager : Event: ======'rollover_lanes_unlit_hit'====== Args={}
2025-10-10 07:56:51,583 : INFO : Mode.skillshot : Started. Priority: 250
2025-10-10 07:56:51,583 : INFO : EventManager : Event: ======'modes_active_modes_changed'====== Args={}
2025-10-10 07:56:51,590 : INFO : EventManager : Event: ======'mode_skillshot_started'====== Args={}
2025-10-10 07:56:51,590 : INFO : EventManager : Event: ======'player_shot_standup_1_skill'====== Args={'value': 1, 'prev_value': 0, 'change': 1, 'player_num': 1}
2025-10-10 07:56:51,653 : INFO : EventManager : Event: ======'slide_skillshot.slide_player-mode_skillshot_started_created'====== Args={'_from_bcp': True}
2025-10-10 07:56:51,654 : INFO : EventManager : Event: ======'slide_skillshot.slide_player-mode_skillshot_started_active'====== Args={'_from_bcp': True}
2025-10-10 07:56:51,705 : INFO : SwitchController : <<<<<<< 's_left_rollover' inactive >>>>>>>
2025-10-10 07:56:52,567 : INFO : EventManager : Event: ======'player_skillshot_target_rotator_tick'====== Args={'value': 1, 'prev_value': 0, 'change': 1, 'player_num': 1}
2025-10-10 07:56:52,568 : INFO : EventManager : Event: ======'timer_target_rotator_tick'====== Args={'ticks': 1, 'ticks_remaining': 0}
2025-10-10 07:56:52,568 : INFO : EventManager : Event: ======'player_shot_right_rollover'====== Args={'value': 0, 'prev_value': 1, 'change': -1, 'player_num': 1}
2025-10-10 07:56:52,569 : INFO : EventManager : Event: ======'player_shot_left_rollover'====== Args={'value': 0, 'prev_value': 1, 'change': -1, 'player_num': 1}
2025-10-10 07:56:52,572 : INFO : EventManager : Event: ======'player_shot_standup_1_skill'====== Args={'value': 0, 'prev_value': 1, 'change': -1, 'player_num': 1}
2025-10-10 07:56:52,573 : INFO : EventManager : Event: ======'player_shot_standup_2_skill'====== Args={'value': 1, 'prev_value': 0, 'change': 1, 'player_num': 1}
2025-10-10 07:56:52,577 : INFO : EventManager : Event: ======'rollover_lanes2_complete'====== Args={'state': 'unlit'}
2025-10-10 07:56:52,577 : INFO : EventManager : Event: ======'rollover_lanes2_unlit_complete'====== Args={}
2025-10-10 07:56:52,579 : INFO : EventManager : Event: ======'logicblock_lb_rollover_complete_count_updated'====== Args={'value': 2, 'enabled': True}
2025-10-10 07:56:52,579 : INFO : EventManager : Event: ======'rollover_lanes2_done'====== Args={'count': 2, 'hits': 2, 'remaining': 38}
2025-10-10 07:56:52,580 : INFO : EventManager : Event: ======'player_skillshot_mode_timer_tick'====== Args={'value': 4, 'prev_value': 5, 'change': -1, 'player_num': 1}
2025-10-10 07:56:52,581 : INFO : EventManager : Event: ======'timer_mode_timer_tick'====== Args={'ticks': 4, 'ticks_remaining': 4}
2025-10-10 07:56:53,568 : INFO : EventManager : Event: ======'player_skillshot_target_rotator_tick'====== Args={'value': 2, 'prev_value': 1, 'change': 1, 'player_num': 1}
2025-10-10 07:56:53,570 : INFO : EventManager : Event: ======'timer_target_rotator_tick'====== Args={'ticks': 2, 'ticks_remaining': 0}
2025-10-10 07:56:53,571 : INFO : EventManager : Event: ======'player_skillshot_mode_timer_tick'====== Args={'value': 3, 'prev_value': 4, 'change': -1, 'player_num': 1}
2025-10-10 07:56:53,572 : INFO : EventManager : Event: ======'timer_mode_timer_tick'====== Args={'ticks': 3, 'ticks_remaining': 3}
2025-10-10 07:56:53,577 : INFO : EventManager : Event: ======'player_shot_standup_2_skill'====== Args={'value': 0, 'prev_value': 1, 'change': -1, 'player_num': 1}
2025-10-10 07:56:53,580 : INFO : EventManager : Event: ======'player_shot_standup_3_skill'====== Args={'value': 1, 'prev_value': 0, 'change': 1, 'player_num': 1}
2025-10-10 07:56:54,568 : INFO : EventManager : Event: ======'player_skillshot_mode_timer_tick'====== Args={'value': 2, 'prev_value': 3, 'change': -1, 'player_num': 1}
2025-10-10 07:56:54,570 : INFO : EventManager : Event: ======'timer_mode_timer_tick'====== Args={'ticks': 2, 'ticks_remaining': 2}
2025-10-10 07:56:54,571 : INFO : EventManager : Event: ======'player_skillshot_target_rotator_tick'====== Args={'value': 3, 'prev_value': 2, 'change': 1, 'player_num': 1}
2025-10-10 07:56:54,572 : INFO : EventManager : Event: ======'timer_target_rotator_tick'====== Args={'ticks': 3, 'ticks_remaining': 0}
2025-10-10 07:56:54,584 : INFO : EventManager : Event: ======'player_shot_standup_3_skill'====== Args={'value': 0, 'prev_value': 1, 'change': -1, 'player_num': 1}
2025-10-10 07:56:54,586 : INFO : EventManager : Event: ======'player_shot_standup_4_skill'====== Args={'value': 1, 'prev_value': 0, 'change': 1, 'player_num': 1}
2025-10-10 07:56:55,567 : INFO : EventManager : Event: ======'player_skillshot_target_rotator_tick'====== Args={'value': 4, 'prev_value': 3, 'change': 1, 'player_num': 1}
2025-10-10 07:56:55,569 : INFO : EventManager : Event: ======'timer_target_rotator_tick'====== Args={'ticks': 4, 'ticks_remaining': 0}
2025-10-10 07:56:55,570 : INFO : EventManager : Event: ======'player_skillshot_mode_timer_tick'====== Args={'value': 1, 'prev_value': 2, 'change': -1, 'player_num': 1}
2025-10-10 07:56:55,571 : INFO : EventManager : Event: ======'timer_mode_timer_tick'====== Args={'ticks': 1, 'ticks_remaining': 1}
2025-10-10 07:56:55,577 : INFO : EventManager : Event: ======'player_shot_standup_3_skill'====== Args={'value': 1, 'prev_value': 0, 'change': 1, 'player_num': 1}
2025-10-10 07:56:55,580 : INFO : EventManager : Event: ======'player_shot_standup_4_skill'====== Args={'value': 0, 'prev_value': 1, 'change': -1, 'player_num': 1}
2025-10-10 07:56:56,573 : INFO : EventManager : Event: ======'player_skillshot_mode_timer_tick'====== Args={'value': 0, 'prev_value': 1, 'change': -1, 'player_num': 1}
2025-10-10 07:56:56,575 : INFO : Timer.mode_timer : Timer Complete
2025-10-10 07:56:56,576 : INFO : Timer.mode_timer : Stopping Timer
2025-10-10 07:56:56,576 : INFO : EventManager : Event: ======'timer_mode_timer_stopped'====== Args={'ticks': 0, 'ticks_remaining': 1}
2025-10-10 07:56:56,577 : INFO : EventManager : Event: ======'timer_mode_timer_complete'====== Args={'ticks': 0, 'ticks_remaining': 1}
2025-10-10 07:56:56,577 : INFO : EventManager : Event: ======'player_skillshot_target_rotator_tick'====== Args={'value': 5, 'prev_value': 4, 'change': 1, 'player_num': 1}
2025-10-10 07:56:56,578 : INFO : EventManager : Event: ======'timer_target_rotator_tick'====== Args={'ticks': 5, 'ticks_remaining': 0}
2025-10-10 07:56:56,585 : INFO : EventManager : Event: ======'mode_skillshot_will_stop'====== Args={}
2025-10-10 07:56:56,586 : INFO : EventManager : Event: ======'mode_skillshot_stopping'====== Args={}
2025-10-10 07:56:56,592 : INFO : EventManager : Event: ======'player_shot_standup_2_skill'====== Args={'value': 1, 'prev_value': 0, 'change': 1, 'player_num': 1}
2025-10-10 07:56:56,594 : INFO : EventManager : Event: ======'player_shot_standup_3_skill'====== Args={'value': 0, 'prev_value': 1, 'change': -1, 'player_num': 1}
2025-10-10 07:56:56,609 : INFO : Mode.skillshot : Stopped.
2025-10-10 07:56:56,609 : INFO : EventManager : Event: ======'modes_active_modes_changed'====== Args={}
2025-10-10 07:56:56,610 : INFO : EventManager : Event: ======'mode_skillshot_stopped'====== Args={}
2025-10-10 07:56:56,611 : INFO : EventManager : Event: ======'clear'====== Args={'key': 'skillshot'}
2025-10-10 07:56:56,615 : INFO : Timer.mode_timer : Stopping Timer
2025-10-10 07:56:56,615 : INFO : EventManager : Event: ======'timer_mode_timer_stopped'====== Args={'ticks': 0, 'ticks_remaining': 1}
2025-10-10 07:56:56,616 : INFO : Timer.target_rotator : Stopping Timer
2025-10-10 07:56:56,616 : INFO : EventManager : Event: ======'timer_target_rotator_stopped'====== Args={'ticks': 5, 'ticks_remaining': 0}
2025-10-10 07:56:56,673 : INFO : EventManager : Event: ======'slide_skillshot.slide_player-mode_skillshot_started_removed'====== Args={'_from_bcp': True}
2025-10-10 07:56:56,674 : INFO : EventManager : Event: ======'slide_base.slide_player-mode_base_started_active'====== Args={'_from_bcp': True}
2025-10-10 07:57:02,498 : INFO : SwitchController : <<<<<<< 's_right_rollover' active >>>>>>>
2025-10-10 07:57:02,499 : INFO : EventManager : Event: ======'s_right_rollover_active'====== Args={}
2025-10-10 07:57:02,500 : INFO : EventManager : Event: ======'machine_var_audits_switches_s_right_rollover'====== Args={'value': 249, 'prev_value': 248, 'change': 1}
2025-10-10 07:57:02,504 : INFO : EventManager : Event: ======'player_shot_right_rollover'====== Args={'value': 1, 'prev_value': 0, 'change': 1, 'player_num': 1}
2025-10-10 07:57:02,506 : INFO : EventManager : Event: ======'machine_var_audits_shots_right_rollover'====== Args={'value': 14, 'prev_value': 13, 'change': 1}
2025-10-10 07:57:02,509 : INFO : EventManager : Event: ======'right_rollover_hit'====== Args={'profile': 'default', 'state': 'unlit', 'advancing': True}
2025-10-10 07:57:02,509 : INFO : EventManager : Event: ======'right_rollover_default_hit'====== Args={'profile': 'default', 'state': 'unlit', 'advancing': True}
2025-10-10 07:57:02,510 : INFO : EventManager : Event: ======'right_rollover_default_unlit_hit'====== Args={'profile': 'default', 'state': 'unlit', 'advancing': True}
2025-10-10 07:57:02,511 : INFO : EventManager : Event: ======'right_rollover_unlit_hit'====== Args={'profile': 'default', 'state': 'unlit', 'advancing': True}
2025-10-10 07:57:02,511 : INFO : EventManager : Event: ======'player_shot_right_rollover_shot'====== Args={'value': 1, 'prev_value': 0, 'change': 1, 'player_num': 1}
2025-10-10 07:57:02,513 : INFO : EventManager : Event: ======'machine_var_audits_shots_right_rollover_shot'====== Args={'value': 240, 'prev_value': 239, 'change': 1}
2025-10-10 07:57:02,515 : INFO : EventManager : Event: ======'right_rollover_shot_hit'====== Args={'profile': 'default', 'state': 'unlit', 'advancing': True}
2025-10-10 07:57:02,517 : INFO : EventManager : Event: ======'right_rollover_shot_default_hit'====== Args={'profile': 'default', 'state': 'unlit', 'advancing': True}
2025-10-10 07:57:02,517 : INFO : EventManager : Event: ======'right_rollover_shot_default_unlit_hit'====== Args={'profile': 'default', 'state': 'unlit', 'advancing': True}
2025-10-10 07:57:02,518 : INFO : EventManager : Event: ======'right_rollover_shot_unlit_hit'====== Args={'profile': 'default', 'state': 'unlit', 'advancing': True}
2025-10-10 07:57:02,528 : INFO : EventManager : Event: ======'rollover_lanes2_hit'====== Args={}
2025-10-10 07:57:02,529 : INFO : EventManager : Event: ======'rollover_lanes2_unlit_hit'====== Args={}
2025-10-10 07:57:02,531 : INFO : EventManager : Event: ======'player_score'====== Args={'value': 5900, 'prev_value': 5600, 'change': 300, 'player_num': 1, 'source': 'base'}
2025-10-10 07:57:02,532 : INFO : EventManager : Event: ======'rollover_lanes_hit'====== Args={}
2025-10-10 07:57:02,532 : INFO : EventManager : Event: ======'rollover_lanes_unlit_hit'====== Args={}
2025-10-10 07:57:02,606 : INFO : SwitchController : <<<<<<< 's_right_rollover' inactive >>>>>>>
2025-10-10 07:57:03,398 : INFO : SwitchController : <<<<<<< 's_center_rollover' active >>>>>>>
2025-10-10 07:57:03,399 : INFO : EventManager : Event: ======'s_center_rollover_active'====== Args={}
2025-10-10 07:57:03,399 : INFO : EventManager : Event: ======'machine_var_audits_switches_s_center_rollover'====== Args={'value': 245, 'prev_value': 244, 'change': 1}
2025-10-10 07:57:03,402 : INFO : EventManager : Event: ======'player_shot_center_rollover_shot'====== Args={'value': 1, 'prev_value': 0, 'change': 1, 'player_num': 1}
2025-10-10 07:57:03,403 : INFO : EventManager : Event: ======'machine_var_audits_shots_center_rollover_shot'====== Args={'value': 236, 'prev_value': 235, 'change': 1}
2025-10-10 07:57:03,404 : INFO : EventManager : Event: ======'center_rollover_shot_hit'====== Args={'profile': 'default', 'state': 'unlit', 'advancing': True}
2025-10-10 07:57:03,404 : INFO : EventManager : Event: ======'center_rollover_shot_default_hit'====== Args={'profile': 'default', 'state': 'unlit', 'advancing': True}
2025-10-10 07:57:03,405 : INFO : EventManager : Event: ======'center_rollover_shot_default_unlit_hit'====== Args={'profile': 'default', 'state': 'unlit', 'advancing': True}
2025-10-10 07:57:03,405 : INFO : EventManager : Event: ======'center_rollover_shot_unlit_hit'====== Args={'profile': 'default', 'state': 'unlit', 'advancing': True}
2025-10-10 07:57:03,409 : INFO : EventManager : Event: ======'player_score'====== Args={'value': 6100, 'prev_value': 5900, 'change': 200, 'player_num': 1, 'source': 'base'}
2025-10-10 07:57:03,409 : INFO : EventManager : Event: ======'rollover_lanes_hit'====== Args={}
2025-10-10 07:57:03,409 : INFO : EventManager : Event: ======'rollover_lanes_unlit_hit'====== Args={}
2025-10-10 07:57:03,498 : INFO : SwitchController : <<<<<<< 's_center_rollover' inactive >>>>>>>
2025-10-10 07:57:04,350 : INFO : SwitchController : <<<<<<< 's_left_rollover' active >>>>>>>
2025-10-10 07:57:04,351 : INFO : EventManager : Event: ======'s_left_rollover_active'====== Args={}
2025-10-10 07:57:04,352 : INFO : EventManager : Event: ======'machine_var_audits_switches_s_left_rollover'====== Args={'value': 186, 'prev_value': 185, 'change': 1}
2025-10-10 07:57:04,355 : INFO : EventManager : Event: ======'player_shot_left_rollover'====== Args={'value': 1, 'prev_value': 0, 'change': 1, 'player_num': 1}
2025-10-10 07:57:04,357 : INFO : EventManager : Event: ======'machine_var_audits_shots_left_rollover'====== Args={'value': 11, 'prev_value': 10, 'change': 1}
2025-10-10 07:57:04,359 : INFO : EventManager : Event: ======'left_rollover_hit'====== Args={'profile': 'default', 'state': 'unlit', 'advancing': True}
2025-10-10 07:57:04,360 : INFO : EventManager : Event: ======'left_rollover_default_hit'====== Args={'profile': 'default', 'state': 'unlit', 'advancing': True}
2025-10-10 07:57:04,360 : INFO : EventManager : Event: ======'left_rollover_default_unlit_hit'====== Args={'profile': 'default', 'state': 'unlit', 'advancing': True}
2025-10-10 07:57:04,361 : INFO : EventManager : Event: ======'left_rollover_unlit_hit'====== Args={'profile': 'default', 'state': 'unlit', 'advancing': True}
2025-10-10 07:57:04,362 : INFO : EventManager : Event: ======'player_shot_left_rollover_shot'====== Args={'value': 1, 'prev_value': 0, 'change': 1, 'player_num': 1}
2025-10-10 07:57:04,363 : INFO : EventManager : Event: ======'machine_var_audits_shots_left_rollover_shot'====== Args={'value': 178, 'prev_value': 177, 'change': 1}
2025-10-10 07:57:04,365 : INFO : EventManager : Event: ======'left_rollover_shot_hit'====== Args={'profile': 'default', 'state': 'unlit', 'advancing': True}
2025-10-10 07:57:04,366 : INFO : EventManager : Event: ======'left_rollover_shot_default_hit'====== Args={'profile': 'default', 'state': 'unlit', 'advancing': True}
2025-10-10 07:57:04,366 : INFO : EventManager : Event: ======'left_rollover_shot_default_unlit_hit'====== Args={'profile': 'default', 'state': 'unlit', 'advancing': True}
2025-10-10 07:57:04,367 : INFO : EventManager : Event: ======'left_rollover_shot_unlit_hit'====== Args={'profile': 'default', 'state': 'unlit', 'advancing': True}
2025-10-10 07:57:04,368 : INFO : EventManager : Event: ======'rollover_lanes2_complete'====== Args={'state': 'lit'}
2025-10-10 07:57:04,369 : INFO : EventManager : Event: ======'rollover_lanes2_lit_complete'====== Args={}
2025-10-10 07:57:04,375 : INFO : EventManager : Event: ======'logicblock_lb_rollover_complete_count_updated'====== Args={'value': 3, 'enabled': True}
2025-10-10 07:57:04,375 : INFO : EventManager : Event: ======'rollover_lanes2_done'====== Args={'count': 3, 'hits': 3, 'remaining': 37}
2025-10-10 07:57:04,376 : INFO : EventManager : Event: ======'rollover_lanes2_hit'====== Args={}
2025-10-10 07:57:04,376 : INFO : EventManager : Event: ======'rollover_lanes2_unlit_hit'====== Args={}
2025-10-10 07:57:04,377 : INFO : EventManager : Event: ======'rollover_lanes_complete'====== Args={'state': 'lit'}
2025-10-10 07:57:04,378 : INFO : EventManager : Event: ======'rollover_lanes_lit_complete'====== Args={}
2025-10-10 07:57:04,385 : INFO : EventManager : Event: ======'mode_skillshot_will_start'====== Args={}
2025-10-10 07:57:04,386 : INFO : EventManager : Event: ======'player_skillshot_mode_timer_tick'====== Args={'value': 5, 'prev_value': 0, 'change': 5, 'player_num': 1}
2025-10-10 07:57:04,386 : INFO : Timer.mode_timer : Starting Timer.
2025-10-10 07:57:04,387 : INFO : EventManager : Event: ======'timer_mode_timer_started'====== Args={'ticks': 5, 'ticks_remaining': 5}
2025-10-10 07:57:04,387 : INFO : EventManager : Event: ======'timer_mode_timer_tick'====== Args={'ticks': 5, 'ticks_remaining': 5}
2025-10-10 07:57:04,387 : INFO : EventManager : Event: ======'player_skillshot_target_rotator_tick'====== Args={'value': 0, 'prev_value': 5, 'change': -5, 'player_num': 1}
2025-10-10 07:57:04,388 : INFO : Timer.target_rotator : Starting Timer.
2025-10-10 07:57:04,388 : INFO : EventManager : Event: ======'timer_target_rotator_started'====== Args={'ticks': 0, 'ticks_remaining': 0}
2025-10-10 07:57:04,388 : INFO : EventManager : Event: ======'timer_target_rotator_tick'====== Args={'ticks': 0, 'ticks_remaining': 0}
2025-10-10 07:57:04,388 : INFO : EventManager : Event: ======'standups_skill_complete'====== Args={'state': 'None'}
2025-10-10 07:57:04,389 : INFO : EventManager : Event: ======'standups_skill_None_complete'====== Args={}
2025-10-10 07:57:04,393 : INFO : EventManager : Event: ======'mode_skillshot_starting'====== Args={}
2025-10-10 07:57:04,393 : INFO : EventManager : Event: ======'player_shot_left_rollover_shot'====== Args={'value': 0, 'prev_value': 1, 'change': -1, 'player_num': 1}
2025-10-10 07:57:04,394 : INFO : EventManager : Event: ======'player_shot_center_rollover_shot'====== Args={'value': 0, 'prev_value': 1, 'change': -1, 'player_num': 1}
2025-10-10 07:57:04,394 : INFO : EventManager : Event: ======'player_shot_right_rollover_shot'====== Args={'value': 0, 'prev_value': 1, 'change': -1, 'player_num': 1}
2025-10-10 07:57:04,395 : INFO : EventManager : Event: ======'player_score'====== Args={'value': 11100, 'prev_value': 6100, 'change': 5000, 'player_num': 1, 'source': 'base'}
2025-10-10 07:57:04,402 : INFO : EventManager : Event: ======'player_shot_standup_2_skill'====== Args={'value': 0, 'prev_value': 1, 'change': -1, 'player_num': 1}
2025-10-10 07:57:04,403 : INFO : EventManager : Event: ======'player_shot_standup_3_skill'====== Args={'value': 1, 'prev_value': 0, 'change': 1, 'player_num': 1}
2025-10-10 07:57:04,410 : INFO : EventManager : Event: ======'player_shot_standup_3_skill'====== Args={'value': 0, 'prev_value': 1, 'change': -1, 'player_num': 1}
2025-10-10 07:57:04,411 : INFO : EventManager : Event: ======'standups_skill_complete'====== Args={'state': 'unlit'}
2025-10-10 07:57:04,411 : INFO : EventManager : Event: ======'standups_skill_unlit_complete'====== Args={}
2025-10-10 07:57:04,415 : INFO : EventManager : Event: ======'rollover_lanes_complete'====== Args={'state': 'unlit'}
2025-10-10 07:57:04,415 : INFO : EventManager : Event: ======'rollover_lanes_unlit_complete'====== Args={}
2025-10-10 07:57:04,420 : INFO : EventManager : Event: ======'player_score'====== Args={'value': 11200, 'prev_value': 11100, 'change': 100, 'player_num': 1, 'source': 'base'}
2025-10-10 07:57:04,420 : INFO : EventManager : Event: ======'rollover_lanes_hit'====== Args={}
2025-10-10 07:57:04,421 : INFO : EventManager : Event: ======'rollover_lanes_unlit_hit'====== Args={}
2025-10-10 07:57:04,422 : INFO : Mode.skillshot : Started. Priority: 250
2025-10-10 07:57:04,422 : INFO : EventManager : Event: ======'modes_active_modes_changed'====== Args={}
2025-10-10 07:57:04,422 : INFO : EventManager : Event: ======'mode_skillshot_started'====== Args={}
2025-10-10 07:57:04,422 : INFO : EventManager : Event: ======'player_shot_standup_1_skill'====== Args={'value': 1, 'prev_value': 0, 'change': 1, 'player_num': 1}
2025-10-10 07:57:04,473 : INFO : EventManager : Event: ======'slide_skillshot.slide_player-mode_skillshot_started_created'====== Args={'_from_bcp': True}
2025-10-10 07:57:04,474 : INFO : EventManager : Event: ======'slide_skillshot.slide_player-mode_skillshot_started_active'====== Args={'_from_bcp': True}
2025-10-10 07:57:04,474 : INFO : SwitchController : <<<<<<< 's_left_rollover' inactive >>>>>>>
2025-10-10 07:57:05,370 : INFO : EventManager : Event: ======'player_shot_right_rollover'====== Args={'value': 0, 'prev_value': 1, 'change': -1, 'player_num': 1}
2025-10-10 07:57:05,371 : INFO : EventManager : Event: ======'player_shot_left_rollover'====== Args={'value': 0, 'prev_value': 1, 'change': -1, 'player_num': 1}
2025-10-10 07:57:05,373 : INFO : EventManager : Event: ======'rollover_lanes2_complete'====== Args={'state': 'unlit'}
2025-10-10 07:57:05,373 : INFO : EventManager : Event: ======'rollover_lanes2_unlit_complete'====== Args={}
2025-10-10 07:57:05,376 : INFO : EventManager : Event: ======'logicblock_lb_rollover_complete_count_updated'====== Args={'value': 4, 'enabled': True}
2025-10-10 07:57:05,376 : INFO : EventManager : Event: ======'rollover_lanes2_done'====== Args={'count': 4, 'hits': 4, 'remaining': 36}
2025-10-10 07:57:05,380 : INFO : EventManager : Event: ======'player_skillshot_mode_timer_tick'====== Args={'value': 4, 'prev_value': 5, 'change': -1, 'player_num': 1}
2025-10-10 07:57:05,380 : INFO : EventManager : Event: ======'timer_mode_timer_tick'====== Args={'ticks': 4, 'ticks_remaining': 4}
2025-10-10 07:57:05,381 : INFO : EventManager : Event: ======'player_skillshot_target_rotator_tick'====== Args={'value': 1, 'prev_value': 0, 'change': 1, 'player_num': 1}
2025-10-10 07:57:05,381 : INFO : EventManager : Event: ======'timer_target_rotator_tick'====== Args={'ticks': 1, 'ticks_remaining': 0}
2025-10-10 07:57:05,386 : INFO : EventManager : Event: ======'player_shot_standup_1_skill'====== Args={'value': 0, 'prev_value': 1, 'change': -1, 'player_num': 1}
2025-10-10 07:57:05,387 : INFO : EventManager : Event: ======'player_shot_standup_2_skill'====== Args={'value': 1, 'prev_value': 0, 'change': 1, 'player_num': 1}
2025-10-10 07:57:06,358 : INFO : SwitchController : <<<<<<< 's_standup_1' active >>>>>>>
2025-10-10 07:57:06,359 : INFO : EventManager : Event: ======'s_standup_1_active'====== Args={}
2025-10-10 07:57:06,359 : INFO : EventManager : Event: ======'machine_var_audits_switches_s_standup_1'====== Args={'value': 58, 'prev_value': 57, 'change': 1}
2025-10-10 07:57:06,364 : INFO : EventManager : Event: ======'player_shot_standup_1_skill'====== Args={'value': 1, 'prev_value': 0, 'change': 1, 'player_num': 1}
2025-10-10 07:57:06,366 : INFO : EventManager : Event: ======'machine_var_audits_shots_standup_1_skill'====== Args={'value': 28, 'prev_value': 27, 'change': 1}
2025-10-10 07:57:06,369 : INFO : EventManager : Event: ======'standup_1_skill_hit'====== Args={'profile': 'skill', 'state': 'unlit', 'advancing': True}
2025-10-10 07:57:06,369 : INFO : EventManager : Event: ======'standup_1_skill_skill_hit'====== Args={'profile': 'skill', 'state': 'unlit', 'advancing': True}
2025-10-10 07:57:06,371 : INFO : EventManager : Event: ======'standup_1_skill_skill_unlit_hit'====== Args={'profile': 'skill', 'state': 'unlit', 'advancing': True}
2025-10-10 07:57:06,372 : INFO : EventManager : Event: ======'standup_1_skill_unlit_hit'====== Args={'profile': 'skill', 'state': 'unlit', 'advancing': True}
2025-10-10 07:57:06,377 : INFO : EventManager : Event: ======'standups_skill_hit'====== Args={}
2025-10-10 07:57:06,378 : INFO : EventManager : Event: ======'standups_skill_unlit_hit'====== Args={}
2025-10-10 07:57:06,379 : INFO : EventManager : Event: ======'mode_skillshot_will_stop'====== Args={}
2025-10-10 07:57:06,379 : INFO : EventManager : Event: ======'mode_skillshot_stopping'====== Args={}
2025-10-10 07:57:06,380 : INFO : EventManager : Event: ======'player_score'====== Args={'value': 511200, 'prev_value': 11200, 'change': 500000, 'player_num': 1, 'source': 'skillshot'}
2025-10-10 07:57:06,391 : INFO : Mode.skillshot : Stopped.
2025-10-10 07:57:06,392 : INFO : EventManager : Event: ======'modes_active_modes_changed'====== Args={}
2025-10-10 07:57:06,393 : INFO : EventManager : Event: ======'mode_skillshot_stopped'====== Args={}
2025-10-10 07:57:06,393 : INFO : EventManager : Event: ======'clear'====== Args={'key': 'skillshot'}
2025-10-10 07:57:06,401 : INFO : Timer.mode_timer : Stopping Timer
2025-10-10 07:57:06,401 : INFO : EventManager : Event: ======'timer_mode_timer_stopped'====== Args={'ticks': 4, 'ticks_remaining': 4}
2025-10-10 07:57:06,401 : INFO : Timer.target_rotator : Stopping Timer
2025-10-10 07:57:06,401 : INFO : EventManager : Event: ======'timer_target_rotator_stopped'====== Args={'ticks': 1, 'ticks_remaining': 0}
2025-10-10 07:57:06,461 : INFO : EventManager : Event: ======'slide_skillshot.slide_player-mode_skillshot_started_removed'====== Args={'_from_bcp': True}
2025-10-10 07:57:06,462 : INFO : EventManager : Event: ======'slide_base.slide_player-mode_base_started_active'====== Args={'_from_bcp': True}
2025-10-10 07:57:06,508 : INFO : SwitchController : <<<<<<< 's_standup_1' inactive >>>>>>>
2025-10-10 07:57:10,647 : INFO : SwitchController : <<<<<<< 's_standup_1' active >>>>>>>
2025-10-10 07:57:10,647 : INFO : EventManager : Event: ======'machine_var_audits_switches_s_standup_1'====== Args={'value': 59, 'prev_value': 58, 'change': 1}
2025-10-10 07:57:10,763 : INFO : SwitchController : <<<<<<< 's_standup_1' inactive >>>>>>>
2025-10-10 07:57:11,189 : INFO : SwitchController : <<<<<<< 's_standup_1' active >>>>>>>
2025-10-10 07:57:11,189 : INFO : EventManager : Event: ======'machine_var_audits_switches_s_standup_1'====== Args={'value': 60, 'prev_value': 59, 'change': 1}
2025-10-10 07:57:11,291 : INFO : SwitchController : <<<<<<< 's_standup_1' inactive >>>>>>>
2025-10-10 07:57:12,563 : INFO : SwitchController : <<<<<<< 's_right_rollover' active >>>>>>>
2025-10-10 07:57:12,564 : INFO : EventManager : Event: ======'s_right_rollover_active'====== Args={}
2025-10-10 07:57:12,564 : INFO : EventManager : Event: ======'machine_var_audits_switches_s_right_rollover'====== Args={'value': 250, 'prev_value': 249, 'change': 1}
2025-10-10 07:57:12,565 : INFO : EventManager : Event: ======'player_shot_right_rollover'====== Args={'value': 1, 'prev_value': 0, 'change': 1, 'player_num': 1}
2025-10-10 07:57:12,565 : INFO : EventManager : Event: ======'machine_var_audits_shots_right_rollover'====== Args={'value': 15, 'prev_value': 14, 'change': 1}
2025-10-10 07:57:12,566 : INFO : EventManager : Event: ======'right_rollover_hit'====== Args={'profile': 'default', 'state': 'unlit', 'advancing': True}
2025-10-10 07:57:12,566 : INFO : EventManager : Event: ======'right_rollover_default_hit'====== Args={'profile': 'default', 'state': 'unlit', 'advancing': True}
2025-10-10 07:57:12,566 : INFO : EventManager : Event: ======'right_rollover_default_unlit_hit'====== Args={'profile': 'default', 'state': 'unlit', 'advancing': True}
2025-10-10 07:57:12,566 : INFO : EventManager : Event: ======'right_rollover_unlit_hit'====== Args={'profile': 'default', 'state': 'unlit', 'advancing': True}
2025-10-10 07:57:12,566 : INFO : EventManager : Event: ======'player_shot_right_rollover_shot'====== Args={'value': 1, 'prev_value': 0, 'change': 1, 'player_num': 1}
2025-10-10 07:57:12,566 : INFO : EventManager : Event: ======'machine_var_audits_shots_right_rollover_shot'====== Args={'value': 241, 'prev_value': 240, 'change': 1}
2025-10-10 07:57:12,567 : INFO : EventManager : Event: ======'right_rollover_shot_hit'====== Args={'profile': 'default', 'state': 'unlit', 'advancing': True}
2025-10-10 07:57:12,567 : INFO : EventManager : Event: ======'right_rollover_shot_default_hit'====== Args={'profile': 'default', 'state': 'unlit', 'advancing': True}
2025-10-10 07:57:12,567 : INFO : EventManager : Event: ======'right_rollover_shot_default_unlit_hit'====== Args={'profile': 'default', 'state': 'unlit', 'advancing': True}
2025-10-10 07:57:12,567 : INFO : EventManager : Event: ======'right_rollover_shot_unlit_hit'====== Args={'profile': 'default', 'state': 'unlit', 'advancing': True}
2025-10-10 07:57:12,569 : INFO : EventManager : Event: ======'rollover_lanes2_hit'====== Args={}
2025-10-10 07:57:12,569 : INFO : EventManager : Event: ======'rollover_lanes2_unlit_hit'====== Args={}
2025-10-10 07:57:12,570 : INFO : EventManager : Event: ======'player_score'====== Args={'value': 511500, 'prev_value': 511200, 'change': 300, 'player_num': 1, 'source': 'base'}
2025-10-10 07:57:12,570 : INFO : EventManager : Event: ======'rollover_lanes_hit'====== Args={}
2025-10-10 07:57:12,570 : INFO : EventManager : Event: ======'rollover_lanes_unlit_hit'====== Args={}
2025-10-10 07:57:12,659 : INFO : SwitchController : <<<<<<< 's_right_rollover' inactive >>>>>>>
2025-10-10 07:57:13,342 : INFO : SwitchController : <<<<<<< 's_center_rollover' active >>>>>>>
2025-10-10 07:57:13,343 : INFO : EventManager : Event: ======'s_center_rollover_active'====== Args={}
2025-10-10 07:57:13,344 : INFO : EventManager : Event: ======'machine_var_audits_switches_s_center_rollover'====== Args={'value': 246, 'prev_value': 245, 'change': 1}
2025-10-10 07:57:13,347 : INFO : EventManager : Event: ======'player_shot_center_rollover_shot'====== Args={'value': 1, 'prev_value': 0, 'change': 1, 'player_num': 1}
2025-10-10 07:57:13,350 : INFO : EventManager : Event: ======'machine_var_audits_shots_center_rollover_shot'====== Args={'value': 237, 'prev_value': 236, 'change': 1}
2025-10-10 07:57:13,353 : INFO : EventManager : Event: ======'center_rollover_shot_hit'====== Args={'profile': 'default', 'state': 'unlit', 'advancing': True}
2025-10-10 07:57:13,354 : INFO : EventManager : Event: ======'center_rollover_shot_default_hit'====== Args={'profile': 'default', 'state': 'unlit', 'advancing': True}
2025-10-10 07:57:13,355 : INFO : EventManager : Event: ======'center_rollover_shot_default_unlit_hit'====== Args={'profile': 'default', 'state': 'unlit', 'advancing': True}
2025-10-10 07:57:13,355 : INFO : EventManager : Event: ======'center_rollover_shot_unlit_hit'====== Args={'profile': 'default', 'state': 'unlit', 'advancing': True}
2025-10-10 07:57:13,362 : INFO : EventManager : Event: ======'player_score'====== Args={'value': 511700, 'prev_value': 511500, 'change': 200, 'player_num': 1, 'source': 'base'}
2025-10-10 07:57:13,363 : INFO : EventManager : Event: ======'rollover_lanes_hit'====== Args={}
2025-10-10 07:57:13,364 : INFO : EventManager : Event: ======'rollover_lanes_unlit_hit'====== Args={}
2025-10-10 07:57:13,469 : INFO : SwitchController : <<<<<<< 's_center_rollover' inactive >>>>>>>
2025-10-10 07:57:14,191 : INFO : SwitchController : <<<<<<< 's_left_rollover' active >>>>>>>
2025-10-10 07:57:14,191 : INFO : EventManager : Event: ======'s_left_rollover_active'====== Args={}
2025-10-10 07:57:14,192 : INFO : EventManager : Event: ======'machine_var_audits_switches_s_left_rollover'====== Args={'value': 187, 'prev_value': 186, 'change': 1}
2025-10-10 07:57:14,195 : INFO : EventManager : Event: ======'player_shot_left_rollover'====== Args={'value': 1, 'prev_value': 0, 'change': 1, 'player_num': 1}
2025-10-10 07:57:14,197 : INFO : EventManager : Event: ======'machine_var_audits_shots_left_rollover'====== Args={'value': 12, 'prev_value': 11, 'change': 1}
2025-10-10 07:57:14,199 : INFO : EventManager : Event: ======'left_rollover_hit'====== Args={'profile': 'default', 'state': 'unlit', 'advancing': True}
2025-10-10 07:57:14,199 : INFO : EventManager : Event: ======'left_rollover_default_hit'====== Args={'profile': 'default', 'state': 'unlit', 'advancing': True}
2025-10-10 07:57:14,200 : INFO : EventManager : Event: ======'left_rollover_default_unlit_hit'====== Args={'profile': 'default', 'state': 'unlit', 'advancing': True}
2025-10-10 07:57:14,201 : INFO : EventManager : Event: ======'left_rollover_unlit_hit'====== Args={'profile': 'default', 'state': 'unlit', 'advancing': True}
2025-10-10 07:57:14,201 : INFO : EventManager : Event: ======'player_shot_left_rollover_shot'====== Args={'value': 1, 'prev_value': 0, 'change': 1, 'player_num': 1}
2025-10-10 07:57:14,201 : INFO : EventManager : Event: ======'machine_var_audits_shots_left_rollover_shot'====== Args={'value': 179, 'prev_value': 178, 'change': 1}
2025-10-10 07:57:14,203 : INFO : EventManager : Event: ======'left_rollover_shot_hit'====== Args={'profile': 'default', 'state': 'unlit', 'advancing': True}
2025-10-10 07:57:14,204 : INFO : EventManager : Event: ======'left_rollover_shot_default_hit'====== Args={'profile': 'default', 'state': 'unlit', 'advancing': True}
2025-10-10 07:57:14,204 : INFO : EventManager : Event: ======'left_rollover_shot_default_unlit_hit'====== Args={'profile': 'default', 'state': 'unlit', 'advancing': True}
2025-10-10 07:57:14,205 : INFO : EventManager : Event: ======'left_rollover_shot_unlit_hit'====== Args={'profile': 'default', 'state': 'unlit', 'advancing': True}
2025-10-10 07:57:14,207 : INFO : EventManager : Event: ======'rollover_lanes2_complete'====== Args={'state': 'lit'}
2025-10-10 07:57:14,207 : INFO : EventManager : Event: ======'rollover_lanes2_lit_complete'====== Args={}
2025-10-10 07:57:14,212 : INFO : EventManager : Event: ======'logicblock_lb_rollover_complete_count_updated'====== Args={'value': 5, 'enabled': True}
2025-10-10 07:57:14,213 : INFO : EventManager : Event: ======'rollover_lanes2_done'====== Args={'count': 5, 'hits': 5, 'remaining': 35}
2025-10-10 07:57:14,214 : INFO : EventManager : Event: ======'rollover_lanes2_hit'====== Args={}
2025-10-10 07:57:14,214 : INFO : EventManager : Event: ======'rollover_lanes2_unlit_hit'====== Args={}
2025-10-10 07:57:14,215 : INFO : EventManager : Event: ======'rollover_lanes_complete'====== Args={'state': 'lit'}
2025-10-10 07:57:14,215 : INFO : EventManager : Event: ======'rollover_lanes_lit_complete'====== Args={}
2025-10-10 07:57:14,222 : INFO : EventManager : Event: ======'mode_skillshot_will_start'====== Args={}
2025-10-10 07:57:14,222 : INFO : EventManager : Event: ======'player_skillshot_mode_timer_tick'====== Args={'value': 5, 'prev_value': 4, 'change': 1, 'player_num': 1}
2025-10-10 07:57:14,224 : INFO : Timer.mode_timer : Starting Timer.
2025-10-10 07:57:14,224 : INFO : EventManager : Event: ======'timer_mode_timer_started'====== Args={'ticks': 5, 'ticks_remaining': 5}
2025-10-10 07:57:14,225 : INFO : EventManager : Event: ======'timer_mode_timer_tick'====== Args={'ticks': 5, 'ticks_remaining': 5}
2025-10-10 07:57:14,225 : INFO : EventManager : Event: ======'player_skillshot_target_rotator_tick'====== Args={'value': 0, 'prev_value': 1, 'change': -1, 'player_num': 1}
2025-10-10 07:57:14,226 : INFO : Timer.target_rotator : Starting Timer.
2025-10-10 07:57:14,226 : INFO : EventManager : Event: ======'timer_target_rotator_started'====== Args={'ticks': 0, 'ticks_remaining': 0}
2025-10-10 07:57:14,226 : INFO : EventManager : Event: ======'timer_target_rotator_tick'====== Args={'ticks': 0, 'ticks_remaining': 0}
2025-10-10 07:57:14,226 : INFO : EventManager : Event: ======'standups_skill_complete'====== Args={'state': 'None'}
2025-10-10 07:57:14,227 : INFO : EventManager : Event: ======'standups_skill_None_complete'====== Args={}
2025-10-10 07:57:14,230 : INFO : EventManager : Event: ======'mode_skillshot_starting'====== Args={}
2025-10-10 07:57:14,231 : INFO : EventManager : Event: ======'player_shot_left_rollover_shot'====== Args={'value': 0, 'prev_value': 1, 'change': -1, 'player_num': 1}
2025-10-10 07:57:14,231 : INFO : EventManager : Event: ======'player_shot_center_rollover_shot'====== Args={'value': 0, 'prev_value': 1, 'change': -1, 'player_num': 1}
2025-10-10 07:57:14,232 : INFO : EventManager : Event: ======'player_shot_right_rollover_shot'====== Args={'value': 0, 'prev_value': 1, 'change': -1, 'player_num': 1}
2025-10-10 07:57:14,233 : INFO : EventManager : Event: ======'player_score'====== Args={'value': 516700, 'prev_value': 511700, 'change': 5000, 'player_num': 1, 'source': 'base'}
2025-10-10 07:57:14,237 : INFO : EventManager : Event: ======'player_shot_standup_1_skill'====== Args={'value': 0, 'prev_value': 1, 'change': -1, 'player_num': 1}
2025-10-10 07:57:14,238 : INFO : EventManager : Event: ======'player_shot_standup_3_skill'====== Args={'value': 1, 'prev_value': 0, 'change': 1, 'player_num': 1}
2025-10-10 07:57:14,243 : INFO : EventManager : Event: ======'player_shot_standup_2_skill'====== Args={'value': 0, 'prev_value': 1, 'change': -1, 'player_num': 1}
2025-10-10 07:57:14,244 : INFO : EventManager : Event: ======'player_shot_standup_3_skill'====== Args={'value': 0, 'prev_value': 1, 'change': -1, 'player_num': 1}
2025-10-10 07:57:14,244 : INFO : EventManager : Event: ======'standups_skill_complete'====== Args={'state': 'unlit'}
2025-10-10 07:57:14,245 : INFO : EventManager : Event: ======'standups_skill_unlit_complete'====== Args={}
2025-10-10 07:57:14,250 : INFO : EventManager : Event: ======'rollover_lanes_complete'====== Args={'state': 'unlit'}
2025-10-10 07:57:14,250 : INFO : EventManager : Event: ======'rollover_lanes_unlit_complete'====== Args={}
2025-10-10 07:57:14,257 : INFO : EventManager : Event: ======'player_score'====== Args={'value': 516800, 'prev_value': 516700, 'change': 100, 'player_num': 1, 'source': 'base'}
2025-10-10 07:57:14,257 : INFO : EventManager : Event: ======'rollover_lanes_hit'====== Args={}
2025-10-10 07:57:14,257 : INFO : EventManager : Event: ======'rollover_lanes_unlit_hit'====== Args={}
2025-10-10 07:57:14,258 : INFO : Mode.skillshot : Started. Priority: 250
2025-10-10 07:57:14,259 : INFO : EventManager : Event: ======'modes_active_modes_changed'====== Args={}
2025-10-10 07:57:14,259 : INFO : EventManager : Event: ======'mode_skillshot_started'====== Args={}
2025-10-10 07:57:14,259 : INFO : EventManager : Event: ======'player_shot_standup_1_skill'====== Args={'value': 1, 'prev_value': 0, 'change': 1, 'player_num': 1}
2025-10-10 07:57:14,310 : INFO : EventManager : Event: ======'slide_skillshot.slide_player-mode_skillshot_started_created'====== Args={'_from_bcp': True}
2025-10-10 07:57:14,311 : INFO : EventManager : Event: ======'slide_skillshot.slide_player-mode_skillshot_started_active'====== Args={'_from_bcp': True}
2025-10-10 07:57:14,311 : INFO : SwitchController : <<<<<<< 's_left_rollover' inactive >>>>>>>
2025-10-10 07:57:15,206 : INFO : EventManager : Event: ======'player_shot_right_rollover'====== Args={'value': 0, 'prev_value': 1, 'change': -1, 'player_num': 1}
2025-10-10 07:57:15,208 : INFO : EventManager : Event: ======'player_shot_left_rollover'====== Args={'value': 0, 'prev_value': 1, 'change': -1, 'player_num': 1}
2025-10-10 07:57:15,209 : INFO : EventManager : Event: ======'rollover_lanes2_complete'====== Args={'state': 'unlit'}
2025-10-10 07:57:15,209 : INFO : EventManager : Event: ======'rollover_lanes2_unlit_complete'====== Args={}
2025-10-10 07:57:15,213 : INFO : EventManager : Event: ======'logicblock_lb_rollover_complete_count_updated'====== Args={'value': 6, 'enabled': True}
2025-10-10 07:57:15,213 : INFO : EventManager : Event: ======'rollover_lanes2_done'====== Args={'count': 6, 'hits': 6, 'remaining': 34}
2025-10-10 07:57:15,216 : INFO : EventManager : Event: ======'player_skillshot_mode_timer_tick'====== Args={'value': 4, 'prev_value': 5, 'change': -1, 'player_num': 1}
2025-10-10 07:57:15,217 : INFO : EventManager : Event: ======'timer_mode_timer_tick'====== Args={'ticks': 4, 'ticks_remaining': 4}
2025-10-10 07:57:15,217 : INFO : EventManager : Event: ======'player_skillshot_target_rotator_tick'====== Args={'value': 1, 'prev_value': 0, 'change': 1, 'player_num': 1}
2025-10-10 07:57:15,217 : INFO : EventManager : Event: ======'timer_target_rotator_tick'====== Args={'ticks': 1, 'ticks_remaining': 0}
2025-10-10 07:57:15,221 : INFO : EventManager : Event: ======'player_shot_standup_1_skill'====== Args={'value': 0, 'prev_value': 1, 'change': -1, 'player_num': 1}
2025-10-10 07:57:15,222 : INFO : EventManager : Event: ======'player_shot_standup_2_skill'====== Args={'value': 1, 'prev_value': 0, 'change': 1, 'player_num': 1}
2025-10-10 07:57:15,982 : INFO : SwitchController : <<<<<<< 's_standup_1' active >>>>>>>
2025-10-10 07:57:15,983 : INFO : EventManager : Event: ======'s_standup_1_active'====== Args={}
2025-10-10 07:57:15,983 : INFO : EventManager : Event: ======'machine_var_audits_switches_s_standup_1'====== Args={'value': 61, 'prev_value': 60, 'change': 1}
2025-10-10 07:57:15,989 : INFO : EventManager : Event: ======'player_shot_standup_1_skill'====== Args={'value': 1, 'prev_value': 0, 'change': 1, 'player_num': 1}
2025-10-10 07:57:15,991 : INFO : EventManager : Event: ======'machine_var_audits_shots_standup_1_skill'====== Args={'value': 29, 'prev_value': 28, 'change': 1}
2025-10-10 07:57:15,994 : INFO : EventManager : Event: ======'standup_1_skill_hit'====== Args={'profile': 'skill', 'state': 'unlit', 'advancing': True}
2025-10-10 07:57:15,994 : INFO : EventManager : Event: ======'standup_1_skill_skill_hit'====== Args={'profile': 'skill', 'state': 'unlit', 'advancing': True}
2025-10-10 07:57:15,996 : INFO : EventManager : Event: ======'standup_1_skill_skill_unlit_hit'====== Args={'profile': 'skill', 'state': 'unlit', 'advancing': True}
2025-10-10 07:57:15,996 : INFO : EventManager : Event: ======'standup_1_skill_unlit_hit'====== Args={'profile': 'skill', 'state': 'unlit', 'advancing': True}
2025-10-10 07:57:16,002 : INFO : EventManager : Event: ======'standups_skill_hit'====== Args={}
2025-10-10 07:57:16,003 : INFO : EventManager : Event: ======'standups_skill_unlit_hit'====== Args={}
2025-10-10 07:57:16,003 : INFO : EventManager : Event: ======'mode_skillshot_will_stop'====== Args={}
2025-10-10 07:57:16,004 : INFO : EventManager : Event: ======'mode_skillshot_stopping'====== Args={}
2025-10-10 07:57:16,004 : INFO : EventManager : Event: ======'player_score'====== Args={'value': 1016800, 'prev_value': 516800, 'change': 500000, 'player_num': 1, 'source': 'skillshot'}
2025-10-10 07:57:16,016 : INFO : Mode.skillshot : Stopped.
2025-10-10 07:57:16,017 : INFO : EventManager : Event: ======'modes_active_modes_changed'====== Args={}
2025-10-10 07:57:16,018 : INFO : EventManager : Event: ======'mode_skillshot_stopped'====== Args={}
2025-10-10 07:57:16,019 : INFO : EventManager : Event: ======'clear'====== Args={'key': 'skillshot'}
2025-10-10 07:57:16,027 : INFO : Timer.mode_timer : Stopping Timer
2025-10-10 07:57:16,027 : INFO : EventManager : Event: ======'timer_mode_timer_stopped'====== Args={'ticks': 4, 'ticks_remaining': 4}
2025-10-10 07:57:16,028 : INFO : Timer.target_rotator : Stopping Timer
2025-10-10 07:57:16,028 : INFO : EventManager : Event: ======'timer_target_rotator_stopped'====== Args={'ticks': 1, 'ticks_remaining': 0}
2025-10-10 07:57:16,097 : INFO : EventManager : Event: ======'slide_skillshot.slide_player-mode_skillshot_started_removed'====== Args={'_from_bcp': True}
2025-10-10 07:57:16,097 : INFO : EventManager : Event: ======'slide_base.slide_player-mode_base_started_active'====== Args={'_from_bcp': True}
2025-10-10 07:57:16,098 : INFO : SwitchController : <<<<<<< 's_standup_1' inactive >>>>>>>
2025-10-10 07:57:28,417 : INFO : SwitchController : <<<<<<< 's_right_rollover' active >>>>>>>
2025-10-10 07:57:28,418 : INFO : EventManager : Event: ======'s_right_rollover_active'====== Args={}
2025-10-10 07:57:28,418 : INFO : EventManager : Event: ======'machine_var_audits_switches_s_right_rollover'====== Args={'value': 251, 'prev_value': 250, 'change': 1}
2025-10-10 07:57:28,421 : INFO : EventManager : Event: ======'player_shot_right_rollover'====== Args={'value': 1, 'prev_value': 0, 'change': 1, 'player_num': 1}
2025-10-10 07:57:28,423 : INFO : EventManager : Event: ======'machine_var_audits_shots_right_rollover'====== Args={'value': 16, 'prev_value': 15, 'change': 1}
2025-10-10 07:57:28,425 : INFO : EventManager : Event: ======'right_rollover_hit'====== Args={'profile': 'default', 'state': 'unlit', 'advancing': True}
2025-10-10 07:57:28,426 : INFO : EventManager : Event: ======'right_rollover_default_hit'====== Args={'profile': 'default', 'state': 'unlit', 'advancing': True}
2025-10-10 07:57:28,428 : INFO : EventManager : Event: ======'right_rollover_default_unlit_hit'====== Args={'profile': 'default', 'state': 'unlit', 'advancing': True}
2025-10-10 07:57:28,428 : INFO : EventManager : Event: ======'right_rollover_unlit_hit'====== Args={'profile': 'default', 'state': 'unlit', 'advancing': True}
2025-10-10 07:57:28,429 : INFO : EventManager : Event: ======'player_shot_right_rollover_shot'====== Args={'value': 1, 'prev_value': 0, 'change': 1, 'player_num': 1}
2025-10-10 07:57:28,430 : INFO : EventManager : Event: ======'machine_var_audits_shots_right_rollover_shot'====== Args={'value': 242, 'prev_value': 241, 'change': 1}
2025-10-10 07:57:28,431 : INFO : EventManager : Event: ======'right_rollover_shot_hit'====== Args={'profile': 'default', 'state': 'unlit', 'advancing': True}
2025-10-10 07:57:28,432 : INFO : EventManager : Event: ======'right_rollover_shot_default_hit'====== Args={'profile': 'default', 'state': 'unlit', 'advancing': True}
2025-10-10 07:57:28,432 : INFO : EventManager : Event: ======'right_rollover_shot_default_unlit_hit'====== Args={'profile': 'default', 'state': 'unlit', 'advancing': True}
2025-10-10 07:57:28,433 : INFO : EventManager : Event: ======'right_rollover_shot_unlit_hit'====== Args={'profile': 'default', 'state': 'unlit', 'advancing': True}
2025-10-10 07:57:28,437 : INFO : EventManager : Event: ======'rollover_lanes2_hit'====== Args={}
2025-10-10 07:57:28,437 : INFO : EventManager : Event: ======'rollover_lanes2_unlit_hit'====== Args={}
2025-10-10 07:57:28,443 : INFO : EventManager : Event: ======'player_score'====== Args={'value': 1017100, 'prev_value': 1016800, 'change': 300, 'player_num': 1, 'source': 'base'}
2025-10-10 07:57:28,444 : INFO : EventManager : Event: ======'rollover_lanes_hit'====== Args={}
2025-10-10 07:57:28,444 : INFO : EventManager : Event: ======'rollover_lanes_unlit_hit'====== Args={}
2025-10-10 07:57:28,547 : INFO : SwitchController : <<<<<<< 's_right_rollover' inactive >>>>>>>
2025-10-10 07:57:31,485 : INFO : SwitchController : <<<<<<< 's_left_rollover' active >>>>>>>
2025-10-10 07:57:31,486 : INFO : EventManager : Event: ======'s_left_rollover_active'====== Args={}
2025-10-10 07:57:31,486 : INFO : EventManager : Event: ======'machine_var_audits_switches_s_left_rollover'====== Args={'value': 188, 'prev_value': 187, 'change': 1}
2025-10-10 07:57:31,488 : INFO : EventManager : Event: ======'player_shot_left_rollover'====== Args={'value': 1, 'prev_value': 0, 'change': 1, 'player_num': 1}
2025-10-10 07:57:31,489 : INFO : EventManager : Event: ======'machine_var_audits_shots_left_rollover'====== Args={'value': 13, 'prev_value': 12, 'change': 1}
2025-10-10 07:57:31,490 : INFO : EventManager : Event: ======'left_rollover_hit'====== Args={'profile': 'default', 'state': 'unlit', 'advancing': True}
2025-10-10 07:57:31,490 : INFO : EventManager : Event: ======'left_rollover_default_hit'====== Args={'profile': 'default', 'state': 'unlit', 'advancing': True}
2025-10-10 07:57:31,490 : INFO : EventManager : Event: ======'left_rollover_default_unlit_hit'====== Args={'profile': 'default', 'state': 'unlit', 'advancing': True}
2025-10-10 07:57:31,491 : INFO : EventManager : Event: ======'left_rollover_unlit_hit'====== Args={'profile': 'default', 'state': 'unlit', 'advancing': True}
2025-10-10 07:57:31,491 : INFO : EventManager : Event: ======'player_shot_left_rollover_shot'====== Args={'value': 1, 'prev_value': 0, 'change': 1, 'player_num': 1}
2025-10-10 07:57:31,491 : INFO : EventManager : Event: ======'machine_var_audits_shots_left_rollover_shot'====== Args={'value': 180, 'prev_value': 179, 'change': 1}
2025-10-10 07:57:31,493 : INFO : EventManager : Event: ======'left_rollover_shot_hit'====== Args={'profile': 'default', 'state': 'unlit', 'advancing': True}
2025-10-10 07:57:31,493 : INFO : EventManager : Event: ======'left_rollover_shot_default_hit'====== Args={'profile': 'default', 'state': 'unlit', 'advancing': True}
2025-10-10 07:57:31,493 : INFO : EventManager : Event: ======'left_rollover_shot_default_unlit_hit'====== Args={'profile': 'default', 'state': 'unlit', 'advancing': True}
2025-10-10 07:57:31,493 : INFO : EventManager : Event: ======'left_rollover_shot_unlit_hit'====== Args={'profile': 'default', 'state': 'unlit', 'advancing': True}
2025-10-10 07:57:31,494 : INFO : EventManager : Event: ======'rollover_lanes2_complete'====== Args={'state': 'lit'}
2025-10-10 07:57:31,494 : INFO : EventManager : Event: ======'rollover_lanes2_lit_complete'====== Args={}
2025-10-10 07:57:31,497 : INFO : EventManager : Event: ======'logicblock_lb_rollover_complete_count_updated'====== Args={'value': 7, 'enabled': True}
2025-10-10 07:57:31,497 : INFO : EventManager : Event: ======'rollover_lanes2_done'====== Args={'count': 7, 'hits': 7, 'remaining': 33}
2025-10-10 07:57:31,498 : INFO : EventManager : Event: ======'rollover_lanes2_hit'====== Args={}
2025-10-10 07:57:31,498 : INFO : EventManager : Event: ======'rollover_lanes2_unlit_hit'====== Args={}
2025-10-10 07:57:31,501 : INFO : EventManager : Event: ======'player_score'====== Args={'value': 1017200, 'prev_value': 1017100, 'change': 100, 'player_num': 1, 'source': 'base'}
2025-10-10 07:57:31,502 : INFO : EventManager : Event: ======'rollover_lanes_hit'====== Args={}
2025-10-10 07:57:31,502 : INFO : EventManager : Event: ======'rollover_lanes_unlit_hit'====== Args={}
2025-10-10 07:57:31,634 : INFO : SwitchController : <<<<<<< 's_left_rollover' inactive >>>>>>>
2025-10-10 07:57:32,499 : INFO : EventManager : Event: ======'player_shot_right_rollover'====== Args={'value': 0, 'prev_value': 1, 'change': -1, 'player_num': 1}
2025-10-10 07:57:32,502 : INFO : EventManager : Event: ======'player_shot_left_rollover'====== Args={'value': 0, 'prev_value': 1, 'change': -1, 'player_num': 1}
2025-10-10 07:57:32,504 : INFO : EventManager : Event: ======'rollover_lanes2_complete'====== Args={'state': 'unlit'}
2025-10-10 07:57:32,505 : INFO : EventManager : Event: ======'rollover_lanes2_unlit_complete'====== Args={}
2025-10-10 07:57:32,511 : INFO : EventManager : Event: ======'logicblock_lb_rollover_complete_count_updated'====== Args={'value': 8, 'enabled': True}
2025-10-10 07:57:32,512 : INFO : EventManager : Event: ======'rollover_lanes2_done'====== Args={'count': 8, 'hits': 8, 'remaining': 32}
2025-10-10 07:57:38,376 : INFO : SwitchController : <<<<<<< 's_right_rollover' active >>>>>>>
2025-10-10 07:57:38,376 : INFO : EventManager : Event: ======'s_right_rollover_active'====== Args={}
2025-10-10 07:57:38,376 : INFO : EventManager : Event: ======'machine_var_audits_switches_s_right_rollover'====== Args={'value': 252, 'prev_value': 251, 'change': 1}
2025-10-10 07:57:38,379 : INFO : EventManager : Event: ======'player_shot_right_rollover'====== Args={'value': 1, 'prev_value': 0, 'change': 1, 'player_num': 1}
2025-10-10 07:57:38,379 : INFO : EventManager : Event: ======'machine_var_audits_shots_right_rollover'====== Args={'value': 17, 'prev_value': 16, 'change': 1}
2025-10-10 07:57:38,380 : INFO : EventManager : Event: ======'right_rollover_hit'====== Args={'profile': 'default', 'state': 'unlit', 'advancing': True}
2025-10-10 07:57:38,381 : INFO : EventManager : Event: ======'right_rollover_default_hit'====== Args={'profile': 'default', 'state': 'unlit', 'advancing': True}
2025-10-10 07:57:38,381 : INFO : EventManager : Event: ======'right_rollover_default_unlit_hit'====== Args={'profile': 'default', 'state': 'unlit', 'advancing': True}
2025-10-10 07:57:38,381 : INFO : EventManager : Event: ======'right_rollover_unlit_hit'====== Args={'profile': 'default', 'state': 'unlit', 'advancing': True}
2025-10-10 07:57:38,381 : INFO : EventManager : Event: ======'machine_var_audits_shots_right_rollover_shot'====== Args={'value': 243, 'prev_value': 242, 'change': 1}
2025-10-10 07:57:38,382 : INFO : EventManager : Event: ======'right_rollover_shot_hit'====== Args={'profile': 'default', 'state': 'lit', 'advancing': False}
2025-10-10 07:57:38,382 : INFO : EventManager : Event: ======'right_rollover_shot_default_hit'====== Args={'profile': 'default', 'state': 'lit', 'advancing': False}
2025-10-10 07:57:38,382 : INFO : EventManager : Event: ======'right_rollover_shot_default_lit_hit'====== Args={'profile': 'default', 'state': 'lit', 'advancing': False}
2025-10-10 07:57:38,382 : INFO : EventManager : Event: ======'right_rollover_shot_lit_hit'====== Args={'profile': 'default', 'state': 'lit', 'advancing': False}
2025-10-10 07:57:38,385 : INFO : EventManager : Event: ======'rollover_lanes2_hit'====== Args={}
2025-10-10 07:57:38,385 : INFO : EventManager : Event: ======'rollover_lanes2_unlit_hit'====== Args={}
2025-10-10 07:57:38,385 : INFO : EventManager : Event: ======'player_score'====== Args={'value': 1017500, 'prev_value': 1017200, 'change': 300, 'player_num': 1, 'source': 'base'}
2025-10-10 07:57:38,385 : INFO : EventManager : Event: ======'rollover_lanes_hit'====== Args={}
2025-10-10 07:57:38,385 : INFO : EventManager : Event: ======'rollover_lanes_lit_hit'====== Args={}
2025-10-10 07:57:38,514 : INFO : SwitchController : <<<<<<< 's_right_rollover' inactive >>>>>>>
2025-10-10 07:57:40,012 : INFO : SwitchController : <<<<<<< 's_left_rollover' active >>>>>>>
2025-10-10 07:57:40,012 : INFO : EventManager : Event: ======'s_left_rollover_active'====== Args={}
2025-10-10 07:57:40,012 : INFO : EventManager : Event: ======'machine_var_audits_switches_s_left_rollover'====== Args={'value': 189, 'prev_value': 188, 'change': 1}
2025-10-10 07:57:40,013 : INFO : EventManager : Event: ======'player_shot_left_rollover'====== Args={'value': 1, 'prev_value': 0, 'change': 1, 'player_num': 1}
2025-10-10 07:57:40,014 : INFO : EventManager : Event: ======'machine_var_audits_shots_left_rollover'====== Args={'value': 14, 'prev_value': 13, 'change': 1}
2025-10-10 07:57:40,014 : INFO : EventManager : Event: ======'left_rollover_hit'====== Args={'profile': 'default', 'state': 'unlit', 'advancing': True}
2025-10-10 07:57:40,014 : INFO : EventManager : Event: ======'left_rollover_default_hit'====== Args={'profile': 'default', 'state': 'unlit', 'advancing': True}
2025-10-10 07:57:40,014 : INFO : EventManager : Event: ======'left_rollover_default_unlit_hit'====== Args={'profile': 'default', 'state': 'unlit', 'advancing': True}
2025-10-10 07:57:40,015 : INFO : EventManager : Event: ======'left_rollover_unlit_hit'====== Args={'profile': 'default', 'state': 'unlit', 'advancing': True}
2025-10-10 07:57:40,015 : INFO : EventManager : Event: ======'machine_var_audits_shots_left_rollover_shot'====== Args={'value': 181, 'prev_value': 180, 'change': 1}
2025-10-10 07:57:40,015 : INFO : EventManager : Event: ======'left_rollover_shot_hit'====== Args={'profile': 'default', 'state': 'lit', 'advancing': False}
2025-10-10 07:57:40,015 : INFO : EventManager : Event: ======'left_rollover_shot_default_hit'====== Args={'profile': 'default', 'state': 'lit', 'advancing': False}
2025-10-10 07:57:40,015 : INFO : EventManager : Event: ======'left_rollover_shot_default_lit_hit'====== Args={'profile': 'default', 'state': 'lit', 'advancing': False}
2025-10-10 07:57:40,015 : INFO : EventManager : Event: ======'left_rollover_shot_lit_hit'====== Args={'profile': 'default', 'state': 'lit', 'advancing': False}
2025-10-10 07:57:40,015 : INFO : EventManager : Event: ======'rollover_lanes2_complete'====== Args={'state': 'lit'}
2025-10-10 07:57:40,016 : INFO : EventManager : Event: ======'rollover_lanes2_lit_complete'====== Args={}
2025-10-10 07:57:40,017 : INFO : EventManager : Event: ======'logicblock_lb_rollover_complete_count_updated'====== Args={'value': 9, 'enabled': True}
2025-10-10 07:57:40,017 : INFO : EventManager : Event: ======'rollover_lanes2_done'====== Args={'count': 9, 'hits': 9, 'remaining': 31}
2025-10-10 07:57:40,017 : INFO : EventManager : Event: ======'rollover_lanes2_hit'====== Args={}
2025-10-10 07:57:40,017 : INFO : EventManager : Event: ======'rollover_lanes2_unlit_hit'====== Args={}
2025-10-10 07:57:40,017 : INFO : EventManager : Event: ======'player_score'====== Args={'value': 1017600, 'prev_value': 1017500, 'change': 100, 'player_num': 1, 'source': 'base'}
2025-10-10 07:57:40,017 : INFO : EventManager : Event: ======'rollover_lanes_hit'====== Args={}
2025-10-10 07:57:40,017 : INFO : EventManager : Event: ======'rollover_lanes_lit_hit'====== Args={}
2025-10-10 07:57:40,164 : INFO : SwitchController : <<<<<<< 's_left_rollover' inactive >>>>>>>
2025-10-10 07:57:40,995 : INFO : EventManager : Event: ======'player_shot_right_rollover'====== Args={'value': 0, 'prev_value': 1, 'change': -1, 'player_num': 1}
2025-10-10 07:57:40,997 : INFO : EventManager : Event: ======'player_shot_left_rollover'====== Args={'value': 0, 'prev_value': 1, 'change': -1, 'player_num': 1}
2025-10-10 07:57:40,998 : INFO : EventManager : Event: ======'rollover_lanes2_complete'====== Args={'state': 'unlit'}
2025-10-10 07:57:40,999 : INFO : EventManager : Event: ======'rollover_lanes2_unlit_complete'====== Args={}
2025-10-10 07:57:41,003 : INFO : EventManager : Event: ======'logicblock_lb_rollover_complete_count_updated'====== Args={'value': 10, 'enabled': True}
2025-10-10 07:57:41,004 : INFO : EventManager : Event: ======'rollover_lanes2_done'====== Args={'count': 10, 'hits': 10, 'remaining': 30}
2025-10-10 07:57:43,109 : INFO : SwitchController : <<<<<<< 's_right_rollover' active >>>>>>>
2025-10-10 07:57:43,110 : INFO : EventManager : Event: ======'s_right_rollover_active'====== Args={}
2025-10-10 07:57:43,110 : INFO : EventManager : Event: ======'machine_var_audits_switches_s_right_rollover'====== Args={'value': 253, 'prev_value': 252, 'change': 1}
2025-10-10 07:57:43,114 : INFO : EventManager : Event: ======'player_shot_right_rollover'====== Args={'value': 1, 'prev_value': 0, 'change': 1, 'player_num': 1}
2025-10-10 07:57:43,116 : INFO : EventManager : Event: ======'machine_var_audits_shots_right_rollover'====== Args={'value': 18, 'prev_value': 17, 'change': 1}
2025-10-10 07:57:43,117 : INFO : EventManager : Event: ======'right_rollover_hit'====== Args={'profile': 'default', 'state': 'unlit', 'advancing': True}
2025-10-10 07:57:43,118 : INFO : EventManager : Event: ======'right_rollover_default_hit'====== Args={'profile': 'default', 'state': 'unlit', 'advancing': True}
2025-10-10 07:57:43,118 : INFO : EventManager : Event: ======'right_rollover_default_unlit_hit'====== Args={'profile': 'default', 'state': 'unlit', 'advancing': True}
2025-10-10 07:57:43,118 : INFO : EventManager : Event: ======'right_rollover_unlit_hit'====== Args={'profile': 'default', 'state': 'unlit', 'advancing': True}
2025-10-10 07:57:43,118 : INFO : EventManager : Event: ======'machine_var_audits_shots_right_rollover_shot'====== Args={'value': 244, 'prev_value': 243, 'change': 1}
2025-10-10 07:57:43,119 : INFO : EventManager : Event: ======'right_rollover_shot_hit'====== Args={'profile': 'default', 'state': 'lit', 'advancing': False}
2025-10-10 07:57:43,119 : INFO : EventManager : Event: ======'right_rollover_shot_default_hit'====== Args={'profile': 'default', 'state': 'lit', 'advancing': False}
2025-10-10 07:57:43,120 : INFO : EventManager : Event: ======'right_rollover_shot_default_lit_hit'====== Args={'profile': 'default', 'state': 'lit', 'advancing': False}
2025-10-10 07:57:43,121 : INFO : EventManager : Event: ======'right_rollover_shot_lit_hit'====== Args={'profile': 'default', 'state': 'lit', 'advancing': False}
2025-10-10 07:57:43,123 : INFO : EventManager : Event: ======'rollover_lanes2_hit'====== Args={}
2025-10-10 07:57:43,123 : INFO : EventManager : Event: ======'rollover_lanes2_unlit_hit'====== Args={}
2025-10-10 07:57:43,123 : INFO : EventManager : Event: ======'player_score'====== Args={'value': 1017900, 'prev_value': 1017600, 'change': 300, 'player_num': 1, 'source': 'base'}
2025-10-10 07:57:43,123 : INFO : EventManager : Event: ======'rollover_lanes_hit'====== Args={}
2025-10-10 07:57:43,124 : INFO : EventManager : Event: ======'rollover_lanes_lit_hit'====== Args={}
2025-10-10 07:57:43,225 : INFO : SwitchController : <<<<<<< 's_right_rollover' inactive >>>>>>>
2025-10-10 07:57:46,099 : INFO : SwitchController : <<<<<<< 's_center_rollover' active >>>>>>>
2025-10-10 07:57:46,100 : INFO : EventManager : Event: ======'s_center_rollover_active'====== Args={}
2025-10-10 07:57:46,100 : INFO : EventManager : Event: ======'machine_var_audits_switches_s_center_rollover'====== Args={'value': 247, 'prev_value': 246, 'change': 1}
2025-10-10 07:57:46,105 : INFO : EventManager : Event: ======'player_shot_center_rollover_shot'====== Args={'value': 1, 'prev_value': 0, 'change': 1, 'player_num': 1}
2025-10-10 07:57:46,106 : INFO : EventManager : Event: ======'machine_var_audits_shots_center_rollover_shot'====== Args={'value': 238, 'prev_value': 237, 'change': 1}
2025-10-10 07:57:46,109 : INFO : EventManager : Event: ======'center_rollover_shot_hit'====== Args={'profile': 'default', 'state': 'unlit', 'advancing': True}
2025-10-10 07:57:46,110 : INFO : EventManager : Event: ======'center_rollover_shot_default_hit'====== Args={'profile': 'default', 'state': 'unlit', 'advancing': True}
2025-10-10 07:57:46,110 : INFO : EventManager : Event: ======'center_rollover_shot_default_unlit_hit'====== Args={'profile': 'default', 'state': 'unlit', 'advancing': True}
2025-10-10 07:57:46,111 : INFO : EventManager : Event: ======'center_rollover_shot_unlit_hit'====== Args={'profile': 'default', 'state': 'unlit', 'advancing': True}
2025-10-10 07:57:46,112 : INFO : EventManager : Event: ======'rollover_lanes_complete'====== Args={'state': 'lit'}
2025-10-10 07:57:46,113 : INFO : EventManager : Event: ======'rollover_lanes_lit_complete'====== Args={}
2025-10-10 07:57:46,122 : INFO : EventManager : Event: ======'mode_skillshot_will_start'====== Args={}
2025-10-10 07:57:46,123 : INFO : EventManager : Event: ======'player_skillshot_mode_timer_tick'====== Args={'value': 5, 'prev_value': 4, 'change': 1, 'player_num': 1}
2025-10-10 07:57:46,123 : INFO : Timer.mode_timer : Starting Timer.
2025-10-10 07:57:46,124 : INFO : EventManager : Event: ======'timer_mode_timer_started'====== Args={'ticks': 5, 'ticks_remaining': 5}
2025-10-10 07:57:46,124 : INFO : EventManager : Event: ======'timer_mode_timer_tick'====== Args={'ticks': 5, 'ticks_remaining': 5}
2025-10-10 07:57:46,124 : INFO : EventManager : Event: ======'player_skillshot_target_rotator_tick'====== Args={'value': 0, 'prev_value': 1, 'change': -1, 'player_num': 1}
2025-10-10 07:57:46,125 : INFO : Timer.target_rotator : Starting Timer.
2025-10-10 07:57:46,125 : INFO : EventManager : Event: ======'timer_target_rotator_started'====== Args={'ticks': 0, 'ticks_remaining': 0}
2025-10-10 07:57:46,125 : INFO : EventManager : Event: ======'timer_target_rotator_tick'====== Args={'ticks': 0, 'ticks_remaining': 0}
2025-10-10 07:57:46,125 : INFO : EventManager : Event: ======'standups_skill_complete'====== Args={'state': 'None'}
2025-10-10 07:57:46,126 : INFO : EventManager : Event: ======'standups_skill_None_complete'====== Args={}
2025-10-10 07:57:46,136 : INFO : EventManager : Event: ======'mode_skillshot_starting'====== Args={}
2025-10-10 07:57:46,136 : INFO : EventManager : Event: ======'player_shot_left_rollover_shot'====== Args={'value': 0, 'prev_value': 1, 'change': -1, 'player_num': 1}
2025-10-10 07:57:46,137 : INFO : EventManager : Event: ======'player_shot_center_rollover_shot'====== Args={'value': 0, 'prev_value': 1, 'change': -1, 'player_num': 1}
2025-10-10 07:57:46,138 : INFO : EventManager : Event: ======'player_shot_right_rollover_shot'====== Args={'value': 0, 'prev_value': 1, 'change': -1, 'player_num': 1}
2025-10-10 07:57:46,139 : INFO : EventManager : Event: ======'player_score'====== Args={'value': 1022900, 'prev_value': 1017900, 'change': 5000, 'player_num': 1, 'source': 'base'}
2025-10-10 07:57:46,144 : INFO : EventManager : Event: ======'player_shot_standup_1_skill'====== Args={'value': 0, 'prev_value': 1, 'change': -1, 'player_num': 1}
2025-10-10 07:57:46,145 : INFO : EventManager : Event: ======'player_shot_standup_3_skill'====== Args={'value': 1, 'prev_value': 0, 'change': 1, 'player_num': 1}
2025-10-10 07:57:46,149 : INFO : EventManager : Event: ======'player_shot_standup_2_skill'====== Args={'value': 0, 'prev_value': 1, 'change': -1, 'player_num': 1}
2025-10-10 07:57:46,149 : INFO : EventManager : Event: ======'player_shot_standup_3_skill'====== Args={'value': 0, 'prev_value': 1, 'change': -1, 'player_num': 1}
2025-10-10 07:57:46,149 : INFO : EventManager : Event: ======'standups_skill_complete'====== Args={'state': 'unlit'}
2025-10-10 07:57:46,149 : INFO : EventManager : Event: ======'standups_skill_unlit_complete'====== Args={}
2025-10-10 07:57:46,152 : INFO : EventManager : Event: ======'rollover_lanes_complete'====== Args={'state': 'unlit'}
2025-10-10 07:57:46,152 : INFO : EventManager : Event: ======'rollover_lanes_unlit_complete'====== Args={}
2025-10-10 07:57:46,156 : INFO : EventManager : Event: ======'player_score'====== Args={'value': 1023100, 'prev_value': 1022900, 'change': 200, 'player_num': 1, 'source': 'base'}
2025-10-10 07:57:46,156 : INFO : EventManager : Event: ======'rollover_lanes_hit'====== Args={}
2025-10-10 07:57:46,156 : INFO : EventManager : Event: ======'rollover_lanes_unlit_hit'====== Args={}
2025-10-10 07:57:46,157 : INFO : Mode.skillshot : Started. Priority: 250
2025-10-10 07:57:46,157 : INFO : EventManager : Event: ======'modes_active_modes_changed'====== Args={}
2025-10-10 07:57:46,158 : INFO : EventManager : Event: ======'mode_skillshot_started'====== Args={}
2025-10-10 07:57:46,158 : INFO : EventManager : Event: ======'player_shot_standup_1_skill'====== Args={'value': 1, 'prev_value': 0, 'change': 1, 'player_num': 1}
2025-10-10 07:57:46,215 : INFO : EventManager : Event: ======'slide_skillshot.slide_player-mode_skillshot_started_created'====== Args={'_from_bcp': True}
2025-10-10 07:57:46,215 : INFO : EventManager : Event: ======'slide_skillshot.slide_player-mode_skillshot_started_active'====== Args={'_from_bcp': True}
2025-10-10 07:57:46,215 : INFO : SwitchController : <<<<<<< 's_center_rollover' inactive >>>>>>>
2025-10-10 07:57:47,117 : INFO : EventManager : Event: ======'player_skillshot_mode_timer_tick'====== Args={'value': 4, 'prev_value': 5, 'change': -1, 'player_num': 1}
2025-10-10 07:57:47,118 : INFO : EventManager : Event: ======'timer_mode_timer_tick'====== Args={'ticks': 4, 'ticks_remaining': 4}
2025-10-10 07:57:47,119 : INFO : EventManager : Event: ======'player_skillshot_target_rotator_tick'====== Args={'value': 1, 'prev_value': 0, 'change': 1, 'player_num': 1}
2025-10-10 07:57:47,120 : INFO : EventManager : Event: ======'timer_target_rotator_tick'====== Args={'ticks': 1, 'ticks_remaining': 0}
2025-10-10 07:57:47,128 : INFO : EventManager : Event: ======'player_shot_standup_1_skill'====== Args={'value': 0, 'prev_value': 1, 'change': -1, 'player_num': 1}
2025-10-10 07:57:47,129 : INFO : EventManager : Event: ======'player_shot_standup_2_skill'====== Args={'value': 1, 'prev_value': 0, 'change': 1, 'player_num': 1}
2025-10-10 07:57:48,122 : INFO : EventManager : Event: ======'player_skillshot_mode_timer_tick'====== Args={'value': 3, 'prev_value': 4, 'change': -1, 'player_num': 1}
2025-10-10 07:57:48,123 : INFO : EventManager : Event: ======'timer_mode_timer_tick'====== Args={'ticks': 3, 'ticks_remaining': 3}
2025-10-10 07:57:48,124 : INFO : EventManager : Event: ======'player_skillshot_target_rotator_tick'====== Args={'value': 2, 'prev_value': 1, 'change': 1, 'player_num': 1}
2025-10-10 07:57:48,124 : INFO : EventManager : Event: ======'timer_target_rotator_tick'====== Args={'ticks': 2, 'ticks_remaining': 0}
2025-10-10 07:57:48,132 : INFO : EventManager : Event: ======'player_shot_standup_2_skill'====== Args={'value': 0, 'prev_value': 1, 'change': -1, 'player_num': 1}
2025-10-10 07:57:48,133 : INFO : EventManager : Event: ======'player_shot_standup_3_skill'====== Args={'value': 1, 'prev_value': 0, 'change': 1, 'player_num': 1}
2025-10-10 07:57:49,115 : INFO : EventManager : Event: ======'player_skillshot_mode_timer_tick'====== Args={'value': 2, 'prev_value': 3, 'change': -1, 'player_num': 1}
2025-10-10 07:57:49,119 : INFO : EventManager : Event: ======'timer_mode_timer_tick'====== Args={'ticks': 2, 'ticks_remaining': 2}
2025-10-10 07:57:49,119 : INFO : EventManager : Event: ======'player_skillshot_target_rotator_tick'====== Args={'value': 3, 'prev_value': 2, 'change': 1, 'player_num': 1}
2025-10-10 07:57:49,120 : INFO : EventManager : Event: ======'timer_target_rotator_tick'====== Args={'ticks': 3, 'ticks_remaining': 0}
2025-10-10 07:57:49,132 : INFO : EventManager : Event: ======'player_shot_standup_3_skill'====== Args={'value': 0, 'prev_value': 1, 'change': -1, 'player_num': 1}
2025-10-10 07:57:49,134 : INFO : EventManager : Event: ======'player_shot_standup_4_skill'====== Args={'value': 1, 'prev_value': 0, 'change': 1, 'player_num': 1}
2025-10-10 07:57:50,117 : INFO : EventManager : Event: ======'player_skillshot_target_rotator_tick'====== Args={'value': 4, 'prev_value': 3, 'change': 1, 'player_num': 1}
2025-10-10 07:57:50,119 : INFO : EventManager : Event: ======'timer_target_rotator_tick'====== Args={'ticks': 4, 'ticks_remaining': 0}
2025-10-10 07:57:50,120 : INFO : EventManager : Event: ======'player_skillshot_mode_timer_tick'====== Args={'value': 1, 'prev_value': 2, 'change': -1, 'player_num': 1}
2025-10-10 07:57:50,121 : INFO : EventManager : Event: ======'timer_mode_timer_tick'====== Args={'ticks': 1, 'ticks_remaining': 1}
2025-10-10 07:57:50,127 : INFO : EventManager : Event: ======'player_shot_standup_3_skill'====== Args={'value': 1, 'prev_value': 0, 'change': 1, 'player_num': 1}
2025-10-10 07:57:50,130 : INFO : EventManager : Event: ======'player_shot_standup_4_skill'====== Args={'value': 0, 'prev_value': 1, 'change': -1, 'player_num': 1}
2025-10-10 07:57:51,126 : INFO : EventManager : Event: ======'player_skillshot_target_rotator_tick'====== Args={'value': 5, 'prev_value': 4, 'change': 1, 'player_num': 1}
2025-10-10 07:57:51,127 : INFO : EventManager : Event: ======'timer_target_rotator_tick'====== Args={'ticks': 5, 'ticks_remaining': 0}
2025-10-10 07:57:51,127 : INFO : EventManager : Event: ======'player_skillshot_mode_timer_tick'====== Args={'value': 0, 'prev_value': 1, 'change': -1, 'player_num': 1}
2025-10-10 07:57:51,128 : INFO : Timer.mode_timer : Timer Complete
2025-10-10 07:57:51,128 : INFO : Timer.mode_timer : Stopping Timer
2025-10-10 07:57:51,128 : INFO : EventManager : Event: ======'timer_mode_timer_stopped'====== Args={'ticks': 0, 'ticks_remaining': 1}
2025-10-10 07:57:51,128 : INFO : EventManager : Event: ======'timer_mode_timer_complete'====== Args={'ticks': 0, 'ticks_remaining': 1}
2025-10-10 07:57:51,131 : INFO : EventManager : Event: ======'player_shot_standup_2_skill'====== Args={'value': 1, 'prev_value': 0, 'change': 1, 'player_num': 1}
2025-10-10 07:57:51,132 : INFO : EventManager : Event: ======'player_shot_standup_3_skill'====== Args={'value': 0, 'prev_value': 1, 'change': -1, 'player_num': 1}
2025-10-10 07:57:51,139 : INFO : EventManager : Event: ======'mode_skillshot_will_stop'====== Args={}
2025-10-10 07:57:51,139 : INFO : EventManager : Event: ======'mode_skillshot_stopping'====== Args={}
2025-10-10 07:57:51,140 : INFO : Mode.skillshot : Stopped.
2025-10-10 07:57:51,140 : INFO : EventManager : Event: ======'modes_active_modes_changed'====== Args={}
2025-10-10 07:57:51,140 : INFO : EventManager : Event: ======'mode_skillshot_stopped'====== Args={}
2025-10-10 07:57:51,140 : INFO : EventManager : Event: ======'clear'====== Args={'key': 'skillshot'}
2025-10-10 07:57:51,142 : INFO : Timer.mode_timer : Stopping Timer
2025-10-10 07:57:51,142 : INFO : EventManager : Event: ======'timer_mode_timer_stopped'====== Args={'ticks': 0, 'ticks_remaining': 1}
2025-10-10 07:57:51,142 : INFO : Timer.target_rotator : Stopping Timer
2025-10-10 07:57:51,142 : INFO : EventManager : Event: ======'timer_target_rotator_stopped'====== Args={'ticks': 5, 'ticks_remaining': 0}
2025-10-10 07:57:51,196 : INFO : EventManager : Event: ======'slide_skillshot.slide_player-mode_skillshot_started_removed'====== Args={'_from_bcp': True}
2025-10-10 07:57:51,197 : INFO : EventManager : Event: ======'slide_base.slide_player-mode_base_started_active'====== Args={'_from_bcp': True}
2025-10-10 07:57:52,839 : INFO : SwitchController : <<<<<<< 's_left_rollover' active >>>>>>>
2025-10-10 07:57:52,839 : INFO : EventManager : Event: ======'s_left_rollover_active'====== Args={}
2025-10-10 07:57:52,840 : INFO : EventManager : Event: ======'machine_var_audits_switches_s_left_rollover'====== Args={'value': 190, 'prev_value': 189, 'change': 1}
2025-10-10 07:57:52,843 : INFO : EventManager : Event: ======'player_shot_left_rollover'====== Args={'value': 1, 'prev_value': 0, 'change': 1, 'player_num': 1}
2025-10-10 07:57:52,844 : INFO : EventManager : Event: ======'machine_var_audits_shots_left_rollover'====== Args={'value': 15, 'prev_value': 14, 'change': 1}
2025-10-10 07:57:52,846 : INFO : EventManager : Event: ======'left_rollover_hit'====== Args={'profile': 'default', 'state': 'unlit', 'advancing': True}
2025-10-10 07:57:52,846 : INFO : EventManager : Event: ======'left_rollover_default_hit'====== Args={'profile': 'default', 'state': 'unlit', 'advancing': True}
2025-10-10 07:57:52,846 : INFO : EventManager : Event: ======'left_rollover_default_unlit_hit'====== Args={'profile': 'default', 'state': 'unlit', 'advancing': True}
2025-10-10 07:57:52,847 : INFO : EventManager : Event: ======'left_rollover_unlit_hit'====== Args={'profile': 'default', 'state': 'unlit', 'advancing': True}
2025-10-10 07:57:52,847 : INFO : EventManager : Event: ======'player_shot_left_rollover_shot'====== Args={'value': 1, 'prev_value': 0, 'change': 1, 'player_num': 1}
2025-10-10 07:57:52,848 : INFO : EventManager : Event: ======'machine_var_audits_shots_left_rollover_shot'====== Args={'value': 182, 'prev_value': 181, 'change': 1}
2025-10-10 07:57:52,850 : INFO : EventManager : Event: ======'left_rollover_shot_hit'====== Args={'profile': 'default', 'state': 'unlit', 'advancing': True}
2025-10-10 07:57:52,850 : INFO : EventManager : Event: ======'left_rollover_shot_default_hit'====== Args={'profile': 'default', 'state': 'unlit', 'advancing': True}
2025-10-10 07:57:52,851 : INFO : EventManager : Event: ======'left_rollover_shot_default_unlit_hit'====== Args={'profile': 'default', 'state': 'unlit', 'advancing': True}
2025-10-10 07:57:52,851 : INFO : EventManager : Event: ======'left_rollover_shot_unlit_hit'====== Args={'profile': 'default', 'state': 'unlit', 'advancing': True}
2025-10-10 07:57:52,851 : INFO : EventManager : Event: ======'rollover_lanes2_complete'====== Args={'state': 'lit'}
2025-10-10 07:57:52,852 : INFO : EventManager : Event: ======'rollover_lanes2_lit_complete'====== Args={}
2025-10-10 07:57:52,862 : INFO : EventManager : Event: ======'logicblock_lb_rollover_complete_count_updated'====== Args={'value': 11, 'enabled': True}
2025-10-10 07:57:52,862 : INFO : EventManager : Event: ======'rollover_lanes2_done'====== Args={'count': 11, 'hits': 11, 'remaining': 29}
2025-10-10 07:57:52,862 : INFO : EventManager : Event: ======'rollover_lanes2_hit'====== Args={}
2025-10-10 07:57:52,863 : INFO : EventManager : Event: ======'rollover_lanes2_unlit_hit'====== Args={}
2025-10-10 07:57:52,877 : INFO : EventManager : Event: ======'player_score'====== Args={'value': 1023200, 'prev_value': 1023100, 'change': 100, 'player_num': 1, 'source': 'base'}
2025-10-10 07:57:52,878 : INFO : EventManager : Event: ======'rollover_lanes_hit'====== Args={}
2025-10-10 07:57:52,878 : INFO : EventManager : Event: ======'rollover_lanes_unlit_hit'====== Args={}
2025-10-10 07:57:52,997 : INFO : SwitchController : <<<<<<< 's_left_rollover' inactive >>>>>>>
2025-10-10 07:57:53,870 : INFO : EventManager : Event: ======'player_shot_right_rollover'====== Args={'value': 0, 'prev_value': 1, 'change': -1, 'player_num': 1}
2025-10-10 07:57:53,872 : INFO : EventManager : Event: ======'player_shot_left_rollover'====== Args={'value': 0, 'prev_value': 1, 'change': -1, 'player_num': 1}
2025-10-10 07:57:53,873 : INFO : EventManager : Event: ======'rollover_lanes2_complete'====== Args={'state': 'unlit'}
2025-10-10 07:57:53,873 : INFO : EventManager : Event: ======'rollover_lanes2_unlit_complete'====== Args={}
2025-10-10 07:57:53,877 : INFO : EventManager : Event: ======'logicblock_lb_rollover_complete_count_updated'====== Args={'value': 12, 'enabled': True}
2025-10-10 07:57:53,877 : INFO : EventManager : Event: ======'rollover_lanes2_done'====== Args={'count': 12, 'hits': 12, 'remaining': 28}
2025-10-10 07:57:57,993 : INFO : SwitchController : <<<<<<< 's_bumper2' active >>>>>>>
2025-10-10 07:57:57,994 : INFO : EventManager : Event: ======'s_bumper2_active'====== Args={}
2025-10-10 07:57:57,994 : INFO : EventManager : Event: ======'machine_var_audits_switches_s_bumper2'====== Args={'value': 79, 'prev_value': 78, 'change': 1}
2025-10-10 07:57:57,998 : INFO : EventManager : Event: ======'player_shot_jets'====== Args={'value': 1, 'prev_value': 0, 'change': 1, 'player_num': 1}
2025-10-10 07:57:57,999 : INFO : EventManager : Event: ======'machine_var_audits_shots_jets'====== Args={'value': 62, 'prev_value': 61, 'change': 1}
2025-10-10 07:57:58,001 : INFO : EventManager : Event: ======'jets_hit'====== Args={'profile': 'default', 'state': 'unlit', 'advancing': True}
2025-10-10 07:57:58,001 : INFO : EventManager : Event: ======'jets_default_hit'====== Args={'profile': 'default', 'state': 'unlit', 'advancing': True}
2025-10-10 07:57:58,002 : INFO : EventManager : Event: ======'jets_default_unlit_hit'====== Args={'profile': 'default', 'state': 'unlit', 'advancing': True}
2025-10-10 07:57:58,002 : INFO : EventManager : Event: ======'jets_unlit_hit'====== Args={'profile': 'default', 'state': 'unlit', 'advancing': True}
2025-10-10 07:57:58,002 : INFO : EventManager : Event: ======'player_score'====== Args={'value': 2623200, 'prev_value': 1023200, 'change': 1600000, 'player_num': 1, 'source': 'super_jets_setup'}
2025-10-10 07:57:58,003 : INFO : EventManager : Event: ======'player_shot_bumper2_shot'====== Args={'value': 1, 'prev_value': 0, 'change': 1, 'player_num': 1}
2025-10-10 07:57:58,004 : INFO : EventManager : Event: ======'machine_var_audits_shots_bumper2_shot'====== Args={'value': 76, 'prev_value': 75, 'change': 1}
2025-10-10 07:57:58,005 : INFO : EventManager : Event: ======'bumper2_shot_hit'====== Args={'profile': 'default', 'state': 'unlit', 'advancing': True}
2025-10-10 07:57:58,006 : INFO : EventManager : Event: ======'bumper2_shot_default_hit'====== Args={'profile': 'default', 'state': 'unlit', 'advancing': True}
2025-10-10 07:57:58,006 : INFO : EventManager : Event: ======'bumper2_shot_default_unlit_hit'====== Args={'profile': 'default', 'state': 'unlit', 'advancing': True}
2025-10-10 07:57:58,007 : INFO : EventManager : Event: ======'bumper2_shot_unlit_hit'====== Args={'profile': 'default', 'state': 'unlit', 'advancing': True}
2025-10-10 07:57:58,007 : INFO : EventManager : Event: ======'logicblock_lb_jets_count_updated'====== Args={'value': 1, 'enabled': True}
2025-10-10 07:57:58,008 : INFO : EventManager : Event: ======'counter_lb_jets_count_hit'====== Args={'count': 1, 'hits': 1, 'remaining': 9}
2025-10-10 07:57:58,008 : INFO : EventManager : Event: ======'logicblock_lb_jets_count_hit'====== Args={'count': 1, 'hits': 1, 'remaining': 9}
2025-10-10 07:57:58,016 : INFO : EventManager : Event: ======'player_score'====== Args={'value': 2623375, 'prev_value': 2623200, 'change': 175, 'player_num': 1, 'source': 'base'}
2025-10-10 07:57:58,131 : INFO : SwitchController : <<<<<<< 's_bumper2' inactive >>>>>>>
2025-10-10 07:57:58,556 : INFO : SwitchController : <<<<<<< 's_bumper2' active >>>>>>>
2025-10-10 07:57:58,556 : INFO : EventManager : Event: ======'s_bumper2_active'====== Args={}
2025-10-10 07:57:58,557 : INFO : EventManager : Event: ======'machine_var_audits_switches_s_bumper2'====== Args={'value': 80, 'prev_value': 79, 'change': 1}
2025-10-10 07:57:58,561 : INFO : EventManager : Event: ======'machine_var_audits_shots_jets'====== Args={'value': 63, 'prev_value': 62, 'change': 1}
2025-10-10 07:57:58,563 : INFO : EventManager : Event: ======'jets_hit'====== Args={'profile': 'default', 'state': 'lit', 'advancing': False}
2025-10-10 07:57:58,564 : INFO : EventManager : Event: ======'jets_default_hit'====== Args={'profile': 'default', 'state': 'lit', 'advancing': False}
2025-10-10 07:57:58,564 : INFO : EventManager : Event: ======'jets_default_lit_hit'====== Args={'profile': 'default', 'state': 'lit', 'advancing': False}
2025-10-10 07:57:58,565 : INFO : EventManager : Event: ======'jets_lit_hit'====== Args={'profile': 'default', 'state': 'lit', 'advancing': False}
2025-10-10 07:57:58,565 : INFO : EventManager : Event: ======'player_score'====== Args={'value': 4223375, 'prev_value': 2623375, 'change': 1600000, 'player_num': 1, 'source': 'super_jets_setup'}
2025-10-10 07:57:58,566 : INFO : EventManager : Event: ======'machine_var_audits_shots_bumper2_shot'====== Args={'value': 77, 'prev_value': 76, 'change': 1}
2025-10-10 07:57:58,569 : INFO : EventManager : Event: ======'bumper2_shot_hit'====== Args={'profile': 'default', 'state': 'lit', 'advancing': False}
2025-10-10 07:57:58,570 : INFO : EventManager : Event: ======'bumper2_shot_default_hit'====== Args={'profile': 'default', 'state': 'lit', 'advancing': False}
2025-10-10 07:57:58,570 : INFO : EventManager : Event: ======'bumper2_shot_default_lit_hit'====== Args={'profile': 'default', 'state': 'lit', 'advancing': False}
2025-10-10 07:57:58,571 : INFO : EventManager : Event: ======'bumper2_shot_lit_hit'====== Args={'profile': 'default', 'state': 'lit', 'advancing': False}
2025-10-10 07:57:58,571 : INFO : EventManager : Event: ======'logicblock_lb_jets_count_updated'====== Args={'value': 2, 'enabled': True}
2025-10-10 07:57:58,572 : INFO : EventManager : Event: ======'counter_lb_jets_count_hit'====== Args={'count': 2, 'hits': 2, 'remaining': 8}
2025-10-10 07:57:58,572 : INFO : EventManager : Event: ======'logicblock_lb_jets_count_hit'====== Args={'count': 2, 'hits': 2, 'remaining': 8}
2025-10-10 07:57:58,579 : INFO : EventManager : Event: ======'player_score'====== Args={'value': 4223550, 'prev_value': 4223375, 'change': 175, 'player_num': 1, 'source': 'base'}
2025-10-10 07:57:58,694 : INFO : SwitchController : <<<<<<< 's_bumper2' inactive >>>>>>>
2025-10-10 07:57:58,954 : INFO : SwitchController : <<<<<<< 's_bumper2' active >>>>>>>
2025-10-10 07:57:58,954 : INFO : EventManager : Event: ======'s_bumper2_active'====== Args={}
2025-10-10 07:57:58,954 : INFO : EventManager : Event: ======'machine_var_audits_switches_s_bumper2'====== Args={'value': 81, 'prev_value': 80, 'change': 1}
2025-10-10 07:57:58,955 : INFO : EventManager : Event: ======'machine_var_audits_shots_jets'====== Args={'value': 64, 'prev_value': 63, 'change': 1}
2025-10-10 07:57:58,955 : INFO : EventManager : Event: ======'jets_hit'====== Args={'profile': 'default', 'state': 'lit', 'advancing': False}
2025-10-10 07:57:58,956 : INFO : EventManager : Event: ======'jets_default_hit'====== Args={'profile': 'default', 'state': 'lit', 'advancing': False}
2025-10-10 07:57:58,956 : INFO : EventManager : Event: ======'jets_default_lit_hit'====== Args={'profile': 'default', 'state': 'lit', 'advancing': False}
2025-10-10 07:57:58,956 : INFO : EventManager : Event: ======'jets_lit_hit'====== Args={'profile': 'default', 'state': 'lit', 'advancing': False}
2025-10-10 07:57:58,956 : INFO : EventManager : Event: ======'player_score'====== Args={'value': 5823550, 'prev_value': 4223550, 'change': 1600000, 'player_num': 1, 'source': 'super_jets_setup'}
2025-10-10 07:57:58,956 : INFO : EventManager : Event: ======'machine_var_audits_shots_bumper2_shot'====== Args={'value': 78, 'prev_value': 77, 'change': 1}
2025-10-10 07:57:58,956 : INFO : EventManager : Event: ======'bumper2_shot_hit'====== Args={'profile': 'default', 'state': 'lit', 'advancing': False}
2025-10-10 07:57:58,957 : INFO : EventManager : Event: ======'bumper2_shot_default_hit'====== Args={'profile': 'default', 'state': 'lit', 'advancing': False}
2025-10-10 07:57:58,957 : INFO : EventManager : Event: ======'bumper2_shot_default_lit_hit'====== Args={'profile': 'default', 'state': 'lit', 'advancing': False}
2025-10-10 07:57:58,957 : INFO : EventManager : Event: ======'bumper2_shot_lit_hit'====== Args={'profile': 'default', 'state': 'lit', 'advancing': False}
2025-10-10 07:57:58,957 : INFO : EventManager : Event: ======'logicblock_lb_jets_count_updated'====== Args={'value': 3, 'enabled': True}
2025-10-10 07:57:58,957 : INFO : EventManager : Event: ======'counter_lb_jets_count_hit'====== Args={'count': 3, 'hits': 3, 'remaining': 7}
2025-10-10 07:57:58,957 : INFO : EventManager : Event: ======'logicblock_lb_jets_count_hit'====== Args={'count': 3, 'hits': 3, 'remaining': 7}
2025-10-10 07:57:58,958 : INFO : EventManager : Event: ======'player_score'====== Args={'value': 5823725, 'prev_value': 5823550, 'change': 175, 'player_num': 1, 'source': 'base'}
2025-10-10 07:57:59,098 : INFO : SwitchController : <<<<<<< 's_bumper2' inactive >>>>>>>
2025-10-10 07:57:59,461 : INFO : SwitchController : <<<<<<< 's_bumper2' active >>>>>>>
2025-10-10 07:57:59,462 : INFO : EventManager : Event: ======'s_bumper2_active'====== Args={}
2025-10-10 07:57:59,462 : INFO : EventManager : Event: ======'machine_var_audits_switches_s_bumper2'====== Args={'value': 82, 'prev_value': 81, 'change': 1}
2025-10-10 07:57:59,466 : INFO : EventManager : Event: ======'machine_var_audits_shots_jets'====== Args={'value': 65, 'prev_value': 64, 'change': 1}
2025-10-10 07:57:59,469 : INFO : EventManager : Event: ======'jets_hit'====== Args={'profile': 'default', 'state': 'lit', 'advancing': False}
2025-10-10 07:57:59,470 : INFO : EventManager : Event: ======'jets_default_hit'====== Args={'profile': 'default', 'state': 'lit', 'advancing': False}
2025-10-10 07:57:59,471 : INFO : EventManager : Event: ======'jets_default_lit_hit'====== Args={'profile': 'default', 'state': 'lit', 'advancing': False}
2025-10-10 07:57:59,471 : INFO : EventManager : Event: ======'jets_lit_hit'====== Args={'profile': 'default', 'state': 'lit', 'advancing': False}
2025-10-10 07:57:59,472 : INFO : EventManager : Event: ======'player_score'====== Args={'value': 7423725, 'prev_value': 5823725, 'change': 1600000, 'player_num': 1, 'source': 'super_jets_setup'}
2025-10-10 07:57:59,473 : INFO : EventManager : Event: ======'machine_var_audits_shots_bumper2_shot'====== Args={'value': 79, 'prev_value': 78, 'change': 1}
2025-10-10 07:57:59,476 : INFO : EventManager : Event: ======'bumper2_shot_hit'====== Args={'profile': 'default', 'state': 'lit', 'advancing': False}
2025-10-10 07:57:59,477 : INFO : EventManager : Event: ======'bumper2_shot_default_hit'====== Args={'profile': 'default', 'state': 'lit', 'advancing': False}
2025-10-10 07:57:59,477 : INFO : EventManager : Event: ======'bumper2_shot_default_lit_hit'====== Args={'profile': 'default', 'state': 'lit', 'advancing': False}
2025-10-10 07:57:59,478 : INFO : EventManager : Event: ======'bumper2_shot_lit_hit'====== Args={'profile': 'default', 'state': 'lit', 'advancing': False}
2025-10-10 07:57:59,479 : INFO : EventManager : Event: ======'logicblock_lb_jets_count_updated'====== Args={'value': 4, 'enabled': True}
2025-10-10 07:57:59,480 : INFO : EventManager : Event: ======'counter_lb_jets_count_hit'====== Args={'count': 4, 'hits': 4, 'remaining': 6}
2025-10-10 07:57:59,480 : INFO : EventManager : Event: ======'logicblock_lb_jets_count_hit'====== Args={'count': 4, 'hits': 4, 'remaining': 6}
2025-10-10 07:57:59,486 : INFO : EventManager : Event: ======'player_score'====== Args={'value': 7423900, 'prev_value': 7423725, 'change': 175, 'player_num': 1, 'source': 'base'}
2025-10-10 07:57:59,594 : INFO : SwitchController : <<<<<<< 's_bumper2' inactive >>>>>>>
2025-10-10 07:57:59,917 : INFO : SwitchController : <<<<<<< 's_bumper2' active >>>>>>>
2025-10-10 07:57:59,917 : INFO : EventManager : Event: ======'s_bumper2_active'====== Args={}
2025-10-10 07:57:59,918 : INFO : EventManager : Event: ======'machine_var_audits_switches_s_bumper2'====== Args={'value': 83, 'prev_value': 82, 'change': 1}
2025-10-10 07:57:59,922 : INFO : EventManager : Event: ======'machine_var_audits_shots_jets'====== Args={'value': 66, 'prev_value': 65, 'change': 1}
2025-10-10 07:57:59,924 : INFO : EventManager : Event: ======'jets_hit'====== Args={'profile': 'default', 'state': 'lit', 'advancing': False}
2025-10-10 07:57:59,925 : INFO : EventManager : Event: ======'jets_default_hit'====== Args={'profile': 'default', 'state': 'lit', 'advancing': False}
2025-10-10 07:57:59,925 : INFO : EventManager : Event: ======'jets_default_lit_hit'====== Args={'profile': 'default', 'state': 'lit', 'advancing': False}
2025-10-10 07:57:59,926 : INFO : EventManager : Event: ======'jets_lit_hit'====== Args={'profile': 'default', 'state': 'lit', 'advancing': False}
2025-10-10 07:57:59,926 : INFO : EventManager : Event: ======'player_score'====== Args={'value': 9023900, 'prev_value': 7423900, 'change': 1600000, 'player_num': 1, 'source': 'super_jets_setup'}
2025-10-10 07:57:59,927 : INFO : EventManager : Event: ======'machine_var_audits_shots_bumper2_shot'====== Args={'value': 80, 'prev_value': 79, 'change': 1}
2025-10-10 07:57:59,930 : INFO : EventManager : Event: ======'bumper2_shot_hit'====== Args={'profile': 'default', 'state': 'lit', 'advancing': False}
2025-10-10 07:57:59,930 : INFO : EventManager : Event: ======'bumper2_shot_default_hit'====== Args={'profile': 'default', 'state': 'lit', 'advancing': False}
2025-10-10 07:57:59,931 : INFO : EventManager : Event: ======'bumper2_shot_default_lit_hit'====== Args={'profile': 'default', 'state': 'lit', 'advancing': False}
2025-10-10 07:57:59,931 : INFO : EventManager : Event: ======'bumper2_shot_lit_hit'====== Args={'profile': 'default', 'state': 'lit', 'advancing': False}
2025-10-10 07:57:59,932 : INFO : EventManager : Event: ======'logicblock_lb_jets_count_updated'====== Args={'value': 5, 'enabled': True}
2025-10-10 07:57:59,933 : INFO : EventManager : Event: ======'counter_lb_jets_count_hit'====== Args={'count': 5, 'hits': 5, 'remaining': 5}
2025-10-10 07:57:59,933 : INFO : EventManager : Event: ======'logicblock_lb_jets_count_hit'====== Args={'count': 5, 'hits': 5, 'remaining': 5}
2025-10-10 07:57:59,940 : INFO : EventManager : Event: ======'player_score'====== Args={'value': 9024075, 'prev_value': 9023900, 'change': 175, 'player_num': 1, 'source': 'base'}
2025-10-10 07:58:00,063 : INFO : SwitchController : <<<<<<< 's_bumper2' inactive >>>>>>>
2025-10-10 07:58:00,332 : INFO : SwitchController : <<<<<<< 's_bumper2' active >>>>>>>
2025-10-10 07:58:00,332 : INFO : EventManager : Event: ======'s_bumper2_active'====== Args={}
2025-10-10 07:58:00,332 : INFO : EventManager : Event: ======'machine_var_audits_switches_s_bumper2'====== Args={'value': 84, 'prev_value': 83, 'change': 1}
2025-10-10 07:58:00,334 : INFO : EventManager : Event: ======'machine_var_audits_shots_jets'====== Args={'value': 67, 'prev_value': 66, 'change': 1}
2025-10-10 07:58:00,335 : INFO : EventManager : Event: ======'jets_hit'====== Args={'profile': 'default', 'state': 'lit', 'advancing': False}
2025-10-10 07:58:00,336 : INFO : EventManager : Event: ======'jets_default_hit'====== Args={'profile': 'default', 'state': 'lit', 'advancing': False}
2025-10-10 07:58:00,336 : INFO : EventManager : Event: ======'jets_default_lit_hit'====== Args={'profile': 'default', 'state': 'lit', 'advancing': False}
2025-10-10 07:58:00,336 : INFO : EventManager : Event: ======'jets_lit_hit'====== Args={'profile': 'default', 'state': 'lit', 'advancing': False}
2025-10-10 07:58:00,337 : INFO : EventManager : Event: ======'player_score'====== Args={'value': 10624075, 'prev_value': 9024075, 'change': 1600000, 'player_num': 1, 'source': 'super_jets_setup'}
2025-10-10 07:58:00,337 : INFO : EventManager : Event: ======'machine_var_audits_shots_bumper2_shot'====== Args={'value': 81, 'prev_value': 80, 'change': 1}
2025-10-10 07:58:00,338 : INFO : EventManager : Event: ======'bumper2_shot_hit'====== Args={'profile': 'default', 'state': 'lit', 'advancing': False}
2025-10-10 07:58:00,338 : INFO : EventManager : Event: ======'bumper2_shot_default_hit'====== Args={'profile': 'default', 'state': 'lit', 'advancing': False}
2025-10-10 07:58:00,338 : INFO : EventManager : Event: ======'bumper2_shot_default_lit_hit'====== Args={'profile': 'default', 'state': 'lit', 'advancing': False}
2025-10-10 07:58:00,339 : INFO : EventManager : Event: ======'bumper2_shot_lit_hit'====== Args={'profile': 'default', 'state': 'lit', 'advancing': False}
2025-10-10 07:58:00,339 : INFO : EventManager : Event: ======'logicblock_lb_jets_count_updated'====== Args={'value': 6, 'enabled': True}
2025-10-10 07:58:00,339 : INFO : EventManager : Event: ======'counter_lb_jets_count_hit'====== Args={'count': 6, 'hits': 6, 'remaining': 4}
2025-10-10 07:58:00,340 : INFO : EventManager : Event: ======'logicblock_lb_jets_count_hit'====== Args={'count': 6, 'hits': 6, 'remaining': 4}
2025-10-10 07:58:00,343 : INFO : EventManager : Event: ======'player_score'====== Args={'value': 10624250, 'prev_value': 10624075, 'change': 175, 'player_num': 1, 'source': 'base'}
2025-10-10 07:58:00,474 : INFO : SwitchController : <<<<<<< 's_bumper2' inactive >>>>>>>
2025-10-10 07:58:00,778 : INFO : SwitchController : <<<<<<< 's_bumper2' active >>>>>>>
2025-10-10 07:58:00,778 : INFO : EventManager : Event: ======'s_bumper2_active'====== Args={}
2025-10-10 07:58:00,778 : INFO : EventManager : Event: ======'machine_var_audits_switches_s_bumper2'====== Args={'value': 85, 'prev_value': 84, 'change': 1}
2025-10-10 07:58:00,779 : INFO : EventManager : Event: ======'machine_var_audits_shots_jets'====== Args={'value': 68, 'prev_value': 67, 'change': 1}
2025-10-10 07:58:00,780 : INFO : EventManager : Event: ======'jets_hit'====== Args={'profile': 'default', 'state': 'lit', 'advancing': False}
2025-10-10 07:58:00,780 : INFO : EventManager : Event: ======'jets_default_hit'====== Args={'profile': 'default', 'state': 'lit', 'advancing': False}
2025-10-10 07:58:00,780 : INFO : EventManager : Event: ======'jets_default_lit_hit'====== Args={'profile': 'default', 'state': 'lit', 'advancing': False}
2025-10-10 07:58:00,781 : INFO : EventManager : Event: ======'jets_lit_hit'====== Args={'profile': 'default', 'state': 'lit', 'advancing': False}
2025-10-10 07:58:00,781 : INFO : EventManager : Event: ======'player_score'====== Args={'value': 12224250, 'prev_value': 10624250, 'change': 1600000, 'player_num': 1, 'source': 'super_jets_setup'}
2025-10-10 07:58:00,781 : INFO : EventManager : Event: ======'machine_var_audits_shots_bumper2_shot'====== Args={'value': 82, 'prev_value': 81, 'change': 1}
2025-10-10 07:58:00,782 : INFO : EventManager : Event: ======'bumper2_shot_hit'====== Args={'profile': 'default', 'state': 'lit', 'advancing': False}
2025-10-10 07:58:00,782 : INFO : EventManager : Event: ======'bumper2_shot_default_hit'====== Args={'profile': 'default', 'state': 'lit', 'advancing': False}
2025-10-10 07:58:00,782 : INFO : EventManager : Event: ======'bumper2_shot_default_lit_hit'====== Args={'profile': 'default', 'state': 'lit', 'advancing': False}
2025-10-10 07:58:00,782 : INFO : EventManager : Event: ======'bumper2_shot_lit_hit'====== Args={'profile': 'default', 'state': 'lit', 'advancing': False}
2025-10-10 07:58:00,782 : INFO : EventManager : Event: ======'logicblock_lb_jets_count_updated'====== Args={'value': 7, 'enabled': True}
2025-10-10 07:58:00,782 : INFO : EventManager : Event: ======'counter_lb_jets_count_hit'====== Args={'count': 7, 'hits': 7, 'remaining': 3}
2025-10-10 07:58:00,782 : INFO : EventManager : Event: ======'logicblock_lb_jets_count_hit'====== Args={'count': 7, 'hits': 7, 'remaining': 3}
2025-10-10 07:58:00,784 : INFO : EventManager : Event: ======'player_score'====== Args={'value': 12224425, 'prev_value': 12224250, 'change': 175, 'player_num': 1, 'source': 'base'}
2025-10-10 07:58:00,883 : INFO : SwitchController : <<<<<<< 's_bumper2' inactive >>>>>>>
2025-10-10 07:58:01,218 : INFO : SwitchController : <<<<<<< 's_bumper2' active >>>>>>>
2025-10-10 07:58:01,218 : INFO : EventManager : Event: ======'s_bumper2_active'====== Args={}
2025-10-10 07:58:01,218 : INFO : EventManager : Event: ======'machine_var_audits_switches_s_bumper2'====== Args={'value': 86, 'prev_value': 85, 'change': 1}
2025-10-10 07:58:01,219 : INFO : EventManager : Event: ======'machine_var_audits_shots_jets'====== Args={'value': 69, 'prev_value': 68, 'change': 1}
2025-10-10 07:58:01,219 : INFO : EventManager : Event: ======'jets_hit'====== Args={'profile': 'default', 'state': 'lit', 'advancing': False}
2025-10-10 07:58:01,220 : INFO : EventManager : Event: ======'jets_default_hit'====== Args={'profile': 'default', 'state': 'lit', 'advancing': False}
2025-10-10 07:58:01,220 : INFO : EventManager : Event: ======'jets_default_lit_hit'====== Args={'profile': 'default', 'state': 'lit', 'advancing': False}
2025-10-10 07:58:01,220 : INFO : EventManager : Event: ======'jets_lit_hit'====== Args={'profile': 'default', 'state': 'lit', 'advancing': False}
2025-10-10 07:58:01,220 : INFO : EventManager : Event: ======'player_score'====== Args={'value': 13824425, 'prev_value': 12224425, 'change': 1600000, 'player_num': 1, 'source': 'super_jets_setup'}
2025-10-10 07:58:01,220 : INFO : EventManager : Event: ======'machine_var_audits_shots_bumper2_shot'====== Args={'value': 83, 'prev_value': 82, 'change': 1}
2025-10-10 07:58:01,221 : INFO : EventManager : Event: ======'bumper2_shot_hit'====== Args={'profile': 'default', 'state': 'lit', 'advancing': False}
2025-10-10 07:58:01,221 : INFO : EventManager : Event: ======'bumper2_shot_default_hit'====== Args={'profile': 'default', 'state': 'lit', 'advancing': False}
2025-10-10 07:58:01,221 : INFO : EventManager : Event: ======'bumper2_shot_default_lit_hit'====== Args={'profile': 'default', 'state': 'lit', 'advancing': False}
2025-10-10 07:58:01,221 : INFO : EventManager : Event: ======'bumper2_shot_lit_hit'====== Args={'profile': 'default', 'state': 'lit', 'advancing': False}
2025-10-10 07:58:01,221 : INFO : EventManager : Event: ======'logicblock_lb_jets_count_updated'====== Args={'value': 8, 'enabled': True}
2025-10-10 07:58:01,221 : INFO : EventManager : Event: ======'counter_lb_jets_count_hit'====== Args={'count': 8, 'hits': 8, 'remaining': 2}
2025-10-10 07:58:01,221 : INFO : EventManager : Event: ======'logicblock_lb_jets_count_hit'====== Args={'count': 8, 'hits': 8, 'remaining': 2}
2025-10-10 07:58:01,223 : INFO : EventManager : Event: ======'player_score'====== Args={'value': 13824600, 'prev_value': 13824425, 'change': 175, 'player_num': 1, 'source': 'base'}
2025-10-10 07:58:01,339 : INFO : SwitchController : <<<<<<< 's_bumper2' inactive >>>>>>>
2025-10-10 07:58:01,666 : INFO : SwitchController : <<<<<<< 's_bumper2' active >>>>>>>
2025-10-10 07:58:01,666 : INFO : EventManager : Event: ======'s_bumper2_active'====== Args={}
2025-10-10 07:58:01,667 : INFO : EventManager : Event: ======'machine_var_audits_switches_s_bumper2'====== Args={'value': 87, 'prev_value': 86, 'change': 1}
2025-10-10 07:58:01,668 : INFO : EventManager : Event: ======'machine_var_audits_shots_jets'====== Args={'value': 70, 'prev_value': 69, 'change': 1}
2025-10-10 07:58:01,668 : INFO : EventManager : Event: ======'jets_hit'====== Args={'profile': 'default', 'state': 'lit', 'advancing': False}
2025-10-10 07:58:01,668 : INFO : EventManager : Event: ======'jets_default_hit'====== Args={'profile': 'default', 'state': 'lit', 'advancing': False}
2025-10-10 07:58:01,668 : INFO : EventManager : Event: ======'jets_default_lit_hit'====== Args={'profile': 'default', 'state': 'lit', 'advancing': False}
2025-10-10 07:58:01,668 : INFO : EventManager : Event: ======'jets_lit_hit'====== Args={'profile': 'default', 'state': 'lit', 'advancing': False}
2025-10-10 07:58:01,669 : INFO : EventManager : Event: ======'player_score'====== Args={'value': 15424600, 'prev_value': 13824600, 'change': 1600000, 'player_num': 1, 'source': 'super_jets_setup'}
2025-10-10 07:58:01,669 : INFO : EventManager : Event: ======'machine_var_audits_shots_bumper2_shot'====== Args={'value': 84, 'prev_value': 83, 'change': 1}
2025-10-10 07:58:01,669 : INFO : EventManager : Event: ======'bumper2_shot_hit'====== Args={'profile': 'default', 'state': 'lit', 'advancing': False}
2025-10-10 07:58:01,669 : INFO : EventManager : Event: ======'bumper2_shot_default_hit'====== Args={'profile': 'default', 'state': 'lit', 'advancing': False}
2025-10-10 07:58:01,669 : INFO : EventManager : Event: ======'bumper2_shot_default_lit_hit'====== Args={'profile': 'default', 'state': 'lit', 'advancing': False}
2025-10-10 07:58:01,670 : INFO : EventManager : Event: ======'bumper2_shot_lit_hit'====== Args={'profile': 'default', 'state': 'lit', 'advancing': False}
2025-10-10 07:58:01,670 : INFO : EventManager : Event: ======'logicblock_lb_jets_count_updated'====== Args={'value': 9, 'enabled': True}
2025-10-10 07:58:01,670 : INFO : EventManager : Event: ======'counter_lb_jets_count_hit'====== Args={'count': 9, 'hits': 9, 'remaining': 1}
2025-10-10 07:58:01,670 : INFO : EventManager : Event: ======'logicblock_lb_jets_count_hit'====== Args={'count': 9, 'hits': 9, 'remaining': 1}
2025-10-10 07:58:01,671 : INFO : EventManager : Event: ======'player_score'====== Args={'value': 15424775, 'prev_value': 15424600, 'change': 175, 'player_num': 1, 'source': 'base'}
2025-10-10 07:58:01,779 : INFO : SwitchController : <<<<<<< 's_bumper2' inactive >>>>>>>
2025-10-10 07:58:02,490 : INFO : SwitchController : <<<<<<< 's_bumper2' active >>>>>>>
2025-10-10 07:58:02,490 : INFO : EventManager : Event: ======'s_bumper2_active'====== Args={}
2025-10-10 07:58:02,491 : INFO : EventManager : Event: ======'machine_var_audits_switches_s_bumper2'====== Args={'value': 88, 'prev_value': 87, 'change': 1}
2025-10-10 07:58:02,492 : INFO : EventManager : Event: ======'machine_var_audits_shots_jets'====== Args={'value': 71, 'prev_value': 70, 'change': 1}
2025-10-10 07:58:02,492 : INFO : EventManager : Event: ======'jets_hit'====== Args={'profile': 'default', 'state': 'lit', 'advancing': False}
2025-10-10 07:58:02,493 : INFO : EventManager : Event: ======'jets_default_hit'====== Args={'profile': 'default', 'state': 'lit', 'advancing': False}
2025-10-10 07:58:02,493 : INFO : EventManager : Event: ======'jets_default_lit_hit'====== Args={'profile': 'default', 'state': 'lit', 'advancing': False}
2025-10-10 07:58:02,493 : INFO : EventManager : Event: ======'jets_lit_hit'====== Args={'profile': 'default', 'state': 'lit', 'advancing': False}
2025-10-10 07:58:02,493 : INFO : EventManager : Event: ======'player_score'====== Args={'value': 17024775, 'prev_value': 15424775, 'change': 1600000, 'player_num': 1, 'source': 'super_jets_setup'}
2025-10-10 07:58:02,493 : INFO : EventManager : Event: ======'machine_var_audits_shots_bumper2_shot'====== Args={'value': 85, 'prev_value': 84, 'change': 1}
2025-10-10 07:58:02,494 : INFO : EventManager : Event: ======'bumper2_shot_hit'====== Args={'profile': 'default', 'state': 'lit', 'advancing': False}
2025-10-10 07:58:02,494 : INFO : EventManager : Event: ======'bumper2_shot_default_hit'====== Args={'profile': 'default', 'state': 'lit', 'advancing': False}
2025-10-10 07:58:02,494 : INFO : EventManager : Event: ======'bumper2_shot_default_lit_hit'====== Args={'profile': 'default', 'state': 'lit', 'advancing': False}
2025-10-10 07:58:02,494 : INFO : EventManager : Event: ======'bumper2_shot_lit_hit'====== Args={'profile': 'default', 'state': 'lit', 'advancing': False}
2025-10-10 07:58:02,494 : INFO : EventManager : Event: ======'logicblock_lb_jets_count_updated'====== Args={'value': 10, 'enabled': True}
2025-10-10 07:58:02,495 : INFO : EventManager : Event: ======'counter_lb_jets_count_hit'====== Args={'count': 10, 'hits': 10, 'remaining': 0}
2025-10-10 07:58:02,495 : INFO : EventManager : Event: ======'logicblock_lb_jets_count_hit'====== Args={'count': 10, 'hits': 10, 'remaining': 0}
2025-10-10 07:58:02,495 : INFO : EventManager : Event: ======'Super_Jets_Go'====== Args={}
2025-10-10 07:58:02,495 : INFO : EventManager : Event: ======'logicblock_lb_jets_count_updated'====== Args={'value': 0, 'enabled': True}
2025-10-10 07:58:02,495 : INFO : EventManager : Event: ======'logicblock_lb_jets_count_updated'====== Args={'value': 0, 'enabled': False}
2025-10-10 07:58:02,495 : INFO : EventManager : Event: ======'mode_super_jets_will_start'====== Args={}
2025-10-10 07:58:02,496 : INFO : EventManager : Event: ======'mode_super_jets_starting'====== Args={}
2025-10-10 07:58:02,496 : INFO : EventManager : Event: ======'start_mode_super_jets'====== Args={'priority': 0}
2025-10-10 07:58:02,498 : INFO : EventManager : Event: ======'player_score'====== Args={'value': 17024950, 'prev_value': 17024775, 'change': 175, 'player_num': 1, 'source': 'base'}
2025-10-10 07:58:02,500 : INFO : Mode.super_jets : Started. Priority: 300
2025-10-10 07:58:02,500 : INFO : EventManager : Event: ======'modes_active_modes_changed'====== Args={}
2025-10-10 07:58:02,500 : INFO : EventManager : Event: ======'mode_super_jets_started'====== Args={}
2025-10-10 07:58:02,500 : ERROR : asyncio : Exception in callback EventManager.process_event_queue()
handle: <Handle EventManager.process_event_queue()>
Traceback (most recent call last):
  File "C:\Users\richa\mpfvirtual4\lib\site-packages\mpf\core\show_controller.py", line 130, in replace_or_advance_show
    show_obj = self.machine.shows[config.name]
KeyError: 'super_jets_startup'

During handling of the above exception, another exception occurred:

Traceback (most recent call last):
  File "C:\Users\richa\mpfvirtual4\lib\site-packages\mpf\core\events.py", line 751, in _run_handlers
    result = handler.callback(**merged_kwargs)
  File "C:\Users\richa\mpfvirtual4\lib\site-packages\mpf\core\config_player.py", line 349, in config_play_callback
    return self.play(settings=settings, context=context, calling_context=calling_context, priority=priority,
  File "C:\Users\richa\mpfvirtual4\lib\site-packages\mpf\config_players\show_player.py", line 60, in play
    self._update_show(show.name, show_settings, context, queue, start_time, show_tokens)
  File "C:\Users\richa\mpfvirtual4\lib\site-packages\mpf\config_players\show_player.py", line 225, in _update_show
    action(key, instance_dict, show_name, show_settings, queue, start_time, placeholder_args)
  File "C:\Users\richa\mpfvirtual4\lib\site-packages\mpf\config_players\show_player.py", line 117, in _play
    instance_dict[key] = self.machine.show_controller.replace_or_advance_show(previous_show, show_config,
  File "C:\Users\richa\mpfvirtual4\lib\site-packages\mpf\core\show_controller.py", line 132, in replace_or_advance_show
    raise KeyError("Cannot play show '{}'. No show with that "
KeyError: "Cannot play show 'super_jets_startup'. No show with that name."

The above exception was the direct cause of the following exception:

Traceback (most recent call last):
  File "C:\Users\richa\AppData\Local\Programs\Python\Python39\lib\asyncio\events.py", line 80, in _run
    self._context.run(self._callback, *self._args)
  File "C:\Users\richa\mpfvirtual4\lib\site-packages\mpf\core\events.py", line 842, in process_event_queue
    self._process_event(event=event[0],
  File "C:\Users\richa\mpfvirtual4\lib\site-packages\mpf\core\events.py", line 804, in _process_event
    result = self._run_handlers(event, ev_type, kwargs)
  File "C:\Users\richa\mpfvirtual4\lib\site-packages\mpf\core\events.py", line 753, in _run_handlers
    raise EventHandlerException(
mpf.core.events.EventHandlerException: Exception while processing RegisteredHandler(callback=<bound method ConfigPlayer.config_play_callback of ConfigPlayer.show_player/shows>, priority=300, kwargs={'calling_context': 'mode_super_jets_started', 'mode': <Mode.super_jets>, 'settings': {super_jets_startup-None-None: {'loops': 0, 'priority': 0, 'action': 'play', 'show': None, 'speed': <NativeTemplate 1.0>, 'block_queue': False, 'start_step': <NativeTemplate 1>, 'start_running': <Template True>, 'sync_ms': None, 'manual_advance': False, 'show_queue': None, 'key': None, 'show_tokens': {}, 'events_when_played': [], 'events_when_stopped': [], 'events_when_looped': [], 'events_when_paused': [], 'events_when_resumed': [], 'events_when_advanced': [], 'events_when_stepped_back': [], 'events_when_updated': [], 'events_when_completed': []}, Super_Jets_on-None-None: {'show_tokens': {'lights': <NativeTemplate l_super_jets>}, 'priority': 0, 'action': 'play', 'show': None, 'speed': <NativeTemplate 1.0>, 'block_queue': False, 'start_step': <NativeTemplate 1>, 'start_running': <Template True>, 'loops': -1, 'sync_ms': None, 'manual_advance': False, 'show_queue': None, 'key': None, 'events_when_played': [], 'events_when_stopped': [], 'events_when_looped': [], 'events_when_paused': [], 'events_when_resumed': [], 'events_when_advanced': [], 'events_when_stepped_back': [], 'events_when_updated': [], 'events_when_completed': []}}}, key=UUID('6cb3c369-5e6c-4b1a-80ce-89f9e5820c21'), condition=None, blocking_facility=None) for event mode_super_jets_started. "Cannot play show 'super_jets_startup'. No show with that name."
2025-10-10 07:58:02,518 : INFO : Machine : Shutting down...
2025-10-10 07:58:02,518 : INFO : EventManager : Event: ======'shutdown'====== Args={}
2025-10-10 07:58:02,519 : INFO : EventManager : Event: ======'mode_game_will_stop'====== Args={}
2025-10-10 07:58:02,525 : INFO : EventManager : Event: ======'mode_game_stopping'====== Args={}
2025-10-10 07:58:02,526 : INFO : EventManager : Event: ======'mode_super_jets_will_stop'====== Args={}
2025-10-10 07:58:02,527 : INFO : EventManager : Event: ======'mode_super_jets_stopping'====== Args={}
2025-10-10 07:58:02,527 : INFO : EventManager : Event: ======'mode_super_jets_setup_will_stop'====== Args={}
2025-10-10 07:58:02,527 : INFO : EventManager : Event: ======'mode_super_jets_setup_stopping'====== Args={}
2025-10-10 07:58:02,527 : INFO : EventManager : Event: ======'mode_base_will_stop'====== Args={}
2025-10-10 07:58:02,528 : INFO : EventManager : Event: ======'mode_base_stopping'====== Args={}
2025-10-10 07:58:02,528 : INFO : Mode.base : Stopped.
2025-10-10 07:58:02,528 : INFO : EventManager : Event: ======'modes_active_modes_changed'====== Args={}
2025-10-10 07:58:02,529 : INFO : EventManager : Event: ======'mode_base_stopped'====== Args={}
2025-10-10 07:58:02,529 : INFO : EventManager : Event: ======'clear'====== Args={'key': 'base'}
2025-10-10 07:58:02,530 : INFO : Mode.super_jets_setup : Stopped.
2025-10-10 07:58:02,531 : INFO : EventManager : Event: ======'modes_active_modes_changed'====== Args={}
2025-10-10 07:58:02,531 : INFO : EventManager : Event: ======'mode_super_jets_setup_stopped'====== Args={}
2025-10-10 07:58:02,532 : INFO : EventManager : Event: ======'clear'====== Args={'key': 'super_jets_setup'}
2025-10-10 07:58:02,532 : INFO : Mode.super_jets : Stopped.
2025-10-10 07:58:02,533 : INFO : EventManager : Event: ======'modes_active_modes_changed'====== Args={}
2025-10-10 07:58:02,533 : INFO : EventManager : Event: ======'mode_super_jets_stopped'====== Args={}
2025-10-10 07:58:02,533 : INFO : EventManager : Event: ======'clear'====== Args={'key': 'super_jets'}
2025-10-10 07:58:02,534 : INFO : Mode.game : Stopped.
2025-10-10 07:58:02,534 : INFO : EventManager : Event: ======'modes_active_modes_changed'====== Args={}
2025-10-10 07:58:02,534 : INFO : EventManager : Event: ======'mode_game_stopped'====== Args={}
2025-10-10 07:58:02,535 : INFO : EventManager : Event: ======'clear'====== Args={'key': 'game'}
2025-10-10 07:58:02,536 : ERROR : Machine : Runtime Exception
Traceback (most recent call last):
  File "C:\Users\richa\mpfvirtual4\lib\site-packages\mpf\core\show_controller.py", line 130, in replace_or_advance_show
    show_obj = self.machine.shows[config.name]
KeyError: 'super_jets_startup'

During handling of the above exception, another exception occurred:

Traceback (most recent call last):
  File "C:\Users\richa\mpfvirtual4\lib\site-packages\mpf\core\events.py", line 751, in _run_handlers
    result = handler.callback(**merged_kwargs)
  File "C:\Users\richa\mpfvirtual4\lib\site-packages\mpf\core\config_player.py", line 349, in config_play_callback
    return self.play(settings=settings, context=context, calling_context=calling_context, priority=priority,
  File "C:\Users\richa\mpfvirtual4\lib\site-packages\mpf\config_players\show_player.py", line 60, in play
    self._update_show(show.name, show_settings, context, queue, start_time, show_tokens)
  File "C:\Users\richa\mpfvirtual4\lib\site-packages\mpf\config_players\show_player.py", line 225, in _update_show
    action(key, instance_dict, show_name, show_settings, queue, start_time, placeholder_args)
  File "C:\Users\richa\mpfvirtual4\lib\site-packages\mpf\config_players\show_player.py", line 117, in _play
    instance_dict[key] = self.machine.show_controller.replace_or_advance_show(previous_show, show_config,
  File "C:\Users\richa\mpfvirtual4\lib\site-packages\mpf\core\show_controller.py", line 132, in replace_or_advance_show
    raise KeyError("Cannot play show '{}'. No show with that "
KeyError: "Cannot play show 'super_jets_startup'. No show with that name."

The above exception was the direct cause of the following exception:

Traceback (most recent call last):
  File "C:\Users\richa\mpfvirtual4\lib\site-packages\mpf\core\machine.py", line 788, in _run_loop
    raise self._exception['exception']
  File "C:\Users\richa\AppData\Local\Programs\Python\Python39\lib\asyncio\events.py", line 80, in _run
    self._context.run(self._callback, *self._args)
  File "C:\Users\richa\mpfvirtual4\lib\site-packages\mpf\core\events.py", line 842, in process_event_queue
    self._process_event(event=event[0],
  File "C:\Users\richa\mpfvirtual4\lib\site-packages\mpf\core\events.py", line 804, in _process_event
    result = self._run_handlers(event, ev_type, kwargs)
  File "C:\Users\richa\mpfvirtual4\lib\site-packages\mpf\core\events.py", line 753, in _run_handlers
    raise EventHandlerException(
mpf.core.events.EventHandlerException: Exception while processing RegisteredHandler(callback=<bound method ConfigPlayer.config_play_callback of ConfigPlayer.show_player/shows>, priority=300, kwargs={'calling_context': 'mode_super_jets_started', 'mode': <Mode.super_jets>, 'settings': {super_jets_startup-None-None: {'loops': 0, 'priority': 0, 'action': 'play', 'show': None, 'speed': <NativeTemplate 1.0>, 'block_queue': False, 'start_step': <NativeTemplate 1>, 'start_running': <Template True>, 'sync_ms': None, 'manual_advance': False, 'show_queue': None, 'key': None, 'show_tokens': {}, 'events_when_played': [], 'events_when_stopped': [], 'events_when_looped': [], 'events_when_paused': [], 'events_when_resumed': [], 'events_when_advanced': [], 'events_when_stepped_back': [], 'events_when_updated': [], 'events_when_completed': []}, Super_Jets_on-None-None: {'show_tokens': {'lights': <NativeTemplate l_super_jets>}, 'priority': 0, 'action': 'play', 'show': None, 'speed': <NativeTemplate 1.0>, 'block_queue': False, 'start_step': <NativeTemplate 1>, 'start_running': <Template True>, 'loops': -1, 'sync_ms': None, 'manual_advance': False, 'show_queue': None, 'key': None, 'events_when_played': [], 'events_when_stopped': [], 'events_when_looped': [], 'events_when_paused': [], 'events_when_resumed': [], 'events_when_advanced': [], 'events_when_stepped_back': [], 'events_when_updated': [], 'events_when_completed': []}}}, key=UUID('6cb3c369-5e6c-4b1a-80ce-89f9e5820c21'), condition=None, blocking_facility=None) for event mode_super_jets_started. "Cannot play show 'super_jets_startup'. No show with that name."
2025-10-10 07:58:08,514 : ERROR : root : 
Traceback (most recent call last):
  File "C:\Users\richa\mpfvirtual4\lib\site-packages\mpf\core\show_controller.py", line 130, in replace_or_advance_show
    show_obj = self.machine.shows[config.name]
KeyError: 'super_jets_startup'

During handling of the above exception, another exception occurred:

Traceback (most recent call last):
  File "C:\Users\richa\mpfvirtual4\lib\site-packages\mpf\core\events.py", line 751, in _run_handlers
    result = handler.callback(**merged_kwargs)
  File "C:\Users\richa\mpfvirtual4\lib\site-packages\mpf\core\config_player.py", line 349, in config_play_callback
    return self.play(settings=settings, context=context, calling_context=calling_context, priority=priority,
  File "C:\Users\richa\mpfvirtual4\lib\site-packages\mpf\config_players\show_player.py", line 60, in play
    self._update_show(show.name, show_settings, context, queue, start_time, show_tokens)
  File "C:\Users\richa\mpfvirtual4\lib\site-packages\mpf\config_players\show_player.py", line 225, in _update_show
    action(key, instance_dict, show_name, show_settings, queue, start_time, placeholder_args)
  File "C:\Users\richa\mpfvirtual4\lib\site-packages\mpf\config_players\show_player.py", line 117, in _play
    instance_dict[key] = self.machine.show_controller.replace_or_advance_show(previous_show, show_config,
  File "C:\Users\richa\mpfvirtual4\lib\site-packages\mpf\core\show_controller.py", line 132, in replace_or_advance_show
    raise KeyError("Cannot play show '{}'. No show with that "
KeyError: "Cannot play show 'super_jets_startup'. No show with that name."

The above exception was the direct cause of the following exception:

Traceback (most recent call last):
  File "C:\Users\richa\mpfvirtual4\lib\site-packages\mpf\core\machine.py", line 788, in _run_loop
    raise self._exception['exception']
  File "C:\Users\richa\AppData\Local\Programs\Python\Python39\lib\asyncio\events.py", line 80, in _run
    self._context.run(self._callback, *self._args)
  File "C:\Users\richa\mpfvirtual4\lib\site-packages\mpf\core\events.py", line 842, in process_event_queue
    self._process_event(event=event[0],
  File "C:\Users\richa\mpfvirtual4\lib\site-packages\mpf\core\events.py", line 804, in _process_event
    result = self._run_handlers(event, ev_type, kwargs)
  File "C:\Users\richa\mpfvirtual4\lib\site-packages\mpf\core\events.py", line 753, in _run_handlers
    raise EventHandlerException(
mpf.core.events.EventHandlerException: Exception while processing RegisteredHandler(callback=<bound method ConfigPlayer.config_play_callback of ConfigPlayer.show_player/shows>, priority=300, kwargs={'calling_context': 'mode_super_jets_started', 'mode': <Mode.super_jets>, 'settings': {super_jets_startup-None-None: {'loops': 0, 'priority': 0, 'action': 'play', 'show': None, 'speed': <NativeTemplate 1.0>, 'block_queue': False, 'start_step': <NativeTemplate 1>, 'start_running': <Template True>, 'sync_ms': None, 'manual_advance': False, 'show_queue': None, 'key': None, 'show_tokens': {}, 'events_when_played': [], 'events_when_stopped': [], 'events_when_looped': [], 'events_when_paused': [], 'events_when_resumed': [], 'events_when_advanced': [], 'events_when_stepped_back': [], 'events_when_updated': [], 'events_when_completed': []}, Super_Jets_on-None-None: {'show_tokens': {'lights': <NativeTemplate l_super_jets>}, 'priority': 0, 'action': 'play', 'show': None, 'speed': <NativeTemplate 1.0>, 'block_queue': False, 'start_step': <NativeTemplate 1>, 'start_running': <Template True>, 'loops': -1, 'sync_ms': None, 'manual_advance': False, 'show_queue': None, 'key': None, 'events_when_played': [], 'events_when_stopped': [], 'events_when_looped': [], 'events_when_paused': [], 'events_when_resumed': [], 'events_when_advanced': [], 'events_when_stepped_back': [], 'events_when_updated': [], 'events_when_completed': []}}}, key=UUID('6cb3c369-5e6c-4b1a-80ce-89f9e5820c21'), condition=None, blocking_facility=None) for event mode_super_jets_started. "Cannot play show 'super_jets_startup'. No show with that name."

During handling of the above exception, another exception occurred:

Traceback (most recent call last):
  File "C:\Users\richa\mpfvirtual4\lib\site-packages\mpf\commands\game.py", line 236, in __init__
    self.machine.run()
  File "C:\Users\richa\mpfvirtual4\lib\site-packages\mpf\core\machine.py", line 684, in run
    self._run_loop()
  File "C:\Users\richa\mpfvirtual4\lib\site-packages\mpf\core\machine.py", line 791, in _run_loop
    report_crash(self._exception['exception'], "exception_during_run", self.config)
  File "C:\Users\richa\mpfvirtual4\lib\site-packages\mpf\core\crash_reporter.py", line 236, in report_crash
    response = input("Do you want to report the crash to the MPF team (yes/no/show)? ")
EOFError
