2025-10-05 12:44:26,611 : kivy : deps: Successfully imported "kivy_deps.gstreamer" 0.3.3
2025-10-05 12:44:26,611 : kivy : deps: Successfully imported "kivy_deps.angle" 0.3.3
2025-10-05 12:44:26,611 : kivy : deps: Successfully imported "kivy_deps.glew" 0.3.1
2025-10-05 12:44:26,611 : kivy : deps: Successfully imported "kivy_deps.sdl2" 0.6.0
2025-10-05 12:44:26,611 : kivy : Kivy: v2.2.1
2025-10-05 12:44:26,611 : kivy : Kivy: Installed at "C:\Users\richa\mpfvirtual4\lib\site-packages\kivy\__init__.py"
2025-10-05 12:44:26,611 : kivy : Python: v3.9.13 (tags/v3.9.13:6de2ca5, May 17 2022, 16:36:42) [MSC v.1929 64 bit (AMD64)]
2025-10-05 12:44:26,611 : kivy : Python: Interpreter at "C:\Users\richa\mpfvirtual4\Scripts\python.exe"
2025-10-05 12:44:26,640 : kivy : Factory: 190 symbols loaded
2025-10-05 12:44:26,850 : kivy : ImageLoaderFFPy: Using ffpyplayer 4.5.0
2025-10-05 12:44:26,851 : kivy : Image: Providers: img_tex, img_dds, img_sdl2, img_pil, img_ffpyplayer 
2025-10-05 12:44:27,017 : kivy : VideoGstplayer: Using Gstreamer 1.18.5.0
2025-10-05 12:44:27,018 : kivy : Video: Provider: gstplayer
2025-10-05 12:44:27,057 : root : Loading MPF-MC controller
2025-10-05 12:44:27,060 : YamlMultifileConfigLoader : Machine config file #1: config
2025-10-05 12:44:27,060 : ConfigProcessor : Config file in cache changed: C:\Users\richa\ttp5\config\config
2025-10-05 12:44:27,060 : ConfigProcessor : Loading config from file C:\Users\richa\mpfvirtual4\lib\site-packages\mpfmc\mcconfig.yaml.
2025-10-05 12:44:27,070 : ConfigProcessor : Loading config: C:\Users\richa\mpfvirtual4\lib\site-packages\mpfmc\mcconfig.yaml
2025-10-05 12:44:27,070 : ConfigProcessor : Loading config from file C:\Users\richa\ttp5\config\config.
2025-10-05 12:44:27,072 : ConfigProcessor : Loading config: C:\Users\richa\ttp5\config\config
2025-10-05 12:44:27,072 : ConfigProcessor : Loading config: C:\Users\richa\ttp5\config\config_ball_devices.yaml
2025-10-05 12:44:27,074 : ConfigProcessor : Loading config: C:\Users\richa\ttp5\config\config_coils.yaml
2025-10-05 12:44:27,075 : ConfigProcessor : Loading config: C:\Users\richa\ttp5\config\config_flippers.yaml
2025-10-05 12:44:27,080 : ConfigProcessor : Loading config: C:\Users\richa\ttp5\config\config_switches.yaml
2025-10-05 12:44:27,085 : ConfigProcessor : Loading config: C:\Users\richa\ttp5\config\config_lights.yaml
2025-10-05 12:44:27,088 : ConfigProcessor : Config file cache created: C:\Users\richa\AppData\Local\Temp\dfe03a1c6b87b9e2015d2c57a6076bec.mpf_cache
2025-10-05 12:44:27,088 : ConfigProcessor : Loading config from cache: C:\Users\richa\AppData\Local\Temp\77a998d318c788df5647a1900cedfc56.mpf_cache
2025-10-05 12:44:27,089 : ConfigProcessor : Loading config from cache: C:\Users\richa\AppData\Local\Temp\9c8dea79ca4d15ee886340e992e8cb9d.mpf_cache
2025-10-05 12:44:27,089 : ConfigProcessor : Loading config from cache: C:\Users\richa\AppData\Local\Temp\8ddee2e87a4f178751335e99da00e9c4.mpf_cache
2025-10-05 12:44:27,090 : mpfmc : Mission Pinball Framework Media Controller (MPF-MC) v0.57.0.dev10. Requires MPF v0.57.0.dev19 or newer.
2025-10-05 12:44:27,090 : mpfmc : Found MPF v0.57.0.dev39
2025-10-05 12:44:27,090 : mpfmc : Machine path: C:\Users\richa\ttp5
2025-10-05 12:44:27,090 : mpfmc : Starting clock at 60.0Hz
2025-10-05 12:44:27,104 : kivy : Text: Provider: sdl2
2025-10-05 12:44:27,149 : kivy : Window: Provider: sdl2
2025-10-05 12:44:27,525 : kivy : GL: Using the "OpenGL" graphics system
2025-10-05 12:44:27,534 : kivy : GL: GLEW initialization succeeded
2025-10-05 12:44:27,535 : kivy : GL: Backend used <glew>
2025-10-05 12:44:27,535 : kivy : GL: OpenGL version <b'4.6.0 NVIDIA 560.94'>
2025-10-05 12:44:27,535 : kivy : GL: OpenGL vendor <b'NVIDIA Corporation'>
2025-10-05 12:44:27,535 : kivy : GL: OpenGL renderer <b'NVIDIA GeForce RTX 3050/PCIe/SSE2'>
2025-10-05 12:44:27,535 : kivy : GL: OpenGL parsed version: 4, 6
2025-10-05 12:44:27,535 : kivy : GL: Shading version <b'4.60 NVIDIA'>
2025-10-05 12:44:27,535 : kivy : GL: Texture max size <32768>
2025-10-05 12:44:27,535 : kivy : GL: Texture max units <32>
2025-10-05 12:44:27,553 : kivy : Window: auto add sdl2 input provider
2025-10-05 12:44:27,553 : kivy : Window: virtual keyboard not allowed, single mode, not docked
2025-10-05 12:44:27,564 : SoundSystem : SoundSystem: Using default 'sound_system' settings
2025-10-05 12:44:27,936 : AudioInterface : Initialized
2025-10-05 12:44:27,936 : AudioInterface : Loaded SDL 2.26.4
2025-10-05 12:44:27,936 : AudioInterface : Loaded SDL_Mixer 2.6.3
2025-10-05 12:44:27,937 : AudioInterface : Loaded GStreamer 1.18.5.0
2025-10-05 12:44:27,937 : AudioInterface : Loaded GLib 2.62.6
2025-10-05 12:44:27,937 : AudioInterface : Settings requested - rate: 44100, channels: 1, buffer: 2048 samples
2025-10-05 12:44:27,937 : AudioInterface : Settings in use - rate: 44100, channels: 1, buffer: 2048 samples (4096 bytes @ 2 bytes per sample)
2025-10-05 12:44:27,937 : SoundSystem : No audio tracks are specified in your machine config file. a track named 'default' has been created.
2025-10-05 12:44:27,937 : SoundSystem : Setting master volume to 0.0
2025-10-05 12:44:27,937 : AudioInterface : Enabling audio playback
2025-10-05 12:44:27,939 : kivy : Base: Start application main loop
2025-10-05 12:44:27,939 : EventManager : Event: ======'display_default_initialized'====== Args={}
2025-10-05 12:44:27,952 : mpfmc : Display: Setting 'default' as default display
2025-10-05 12:44:27,956 : EventManager : Event: ======'displays_initialized'====== Args={}
2025-10-05 12:44:27,957 : EventManager : Event: ======'slide_default_blank_created'====== Args={}
2025-10-05 12:44:27,957 : EventManager : Event: ======'display_default_ready'====== Args={}
2025-10-05 12:44:27,967 : EventManager : Event: ======'init_phase_1'====== Args={}
2025-10-05 12:44:27,969 : EventManager : Event: ======'mc_ready'====== Args={}
2025-10-05 12:44:27,969 : EventManager : Event: ======'init_phase_2'====== Args={}
2025-10-05 12:44:27,971 : EventManager : Event: ======'init_phase_3'====== Args={}
2025-10-05 12:44:27,972 : EventManager : Event: ======'init_phase_4'====== Args={}
2025-10-05 12:44:27,972 : EventManager : Event: ======'init_phase_5'====== Args={}
2025-10-05 12:44:27,972 : EventManager : Event: ======'init_done'====== Args={}
2025-10-05 12:44:27,972 : MPF-MC BCP Server : Starting up on localhost port 5050
2025-10-05 12:44:27,976 : MPF-MC BCP Server : Waiting for a connection...
2025-10-05 12:44:27,980 : EventManager : Event: ======'client_disconnected'====== Args={'host': '127.0.0.1', 'port': 5050}
2025-10-05 12:44:29,027 : MPF-MC BCP Server : Received connection from: 127.0.0.1:51362
2025-10-05 12:44:29,035 : EventManager : Event: ======'client_connected'====== Args={'host': '127.0.0.1', 'port': 51362}
2025-10-05 12:44:29,036 : mpfmc : Initializing DMD
2025-10-05 12:44:29,037 : kivy : Base: Leaving application in progress...
2025-10-05 12:44:29,038 : root : Exception while processing RegisteredHandler(callback=<bound method MpfMc._create_dmds of <mpfmc.core.mc.MpfMc object at 0x00000157DDAD5E40>>, priority=1, kwargs={}, key=UUID('f0271fe5-a0f2-4131-95c3-7f506f30a0dd'), condition=None, blocking_facility=None) for event client_connected. 'dmd'
Traceback (most recent call last):
  File "C:\Users\richa\mpfvirtual4\lib\site-packages\mpf\core\events.py", line 751, in _run_handlers
    result = handler.callback(**merged_kwargs)
  File "C:\Users\richa\mpfvirtual4\lib\site-packages\mpfmc\core\mc.py", line 242, in _create_dmds
    self.create_dmds()
  File "C:\Users\richa\mpfvirtual4\lib\site-packages\mpfmc\core\mc.py", line 353, in create_dmds
    dmd = Dmd(self, name, config)
  File "C:\Users\richa\mpfvirtual4\lib\site-packages\mpfmc\core\dmd.py", line 36, in __init__
    self.source = self.mc.displays[self.config['source_display']]
KeyError: 'dmd'

The above exception was the direct cause of the following exception:

Traceback (most recent call last):
  File "C:\Users\richa\mpfvirtual4\lib\site-packages\mpfmc\commands\mc.py", line 215, in __init__
    MpfMc(options=vars(args),
  File "C:\Users\richa\mpfvirtual4\lib\site-packages\kivy\app.py", line 956, in run
    runTouchApp()
  File "C:\Users\richa\mpfvirtual4\lib\site-packages\kivy\base.py", line 574, in runTouchApp
    EventLoop.mainloop()
  File "C:\Users\richa\mpfvirtual4\lib\site-packages\kivy\base.py", line 339, in mainloop
    self.idle()
  File "C:\Users\richa\mpfvirtual4\lib\site-packages\kivy\base.py", line 379, in idle
    Clock.tick()
  File "C:\Users\richa\mpfvirtual4\lib\site-packages\kivy\clock.py", line 733, in tick
    self.post_idle(ts, self.idle())
  File "C:\Users\richa\mpfvirtual4\lib\site-packages\kivy\clock.py", line 776, in post_idle
    self._process_events()
  File "kivy\_clock.pyx", line 620, in kivy._clock.CyClockBase._process_events
  File "kivy\_clock.pyx", line 653, in kivy._clock.CyClockBase._process_events
  File "kivy\_clock.pyx", line 649, in kivy._clock.CyClockBase._process_events
  File "kivy\_clock.pyx", line 218, in kivy._clock.ClockEvent.tick
  File "C:\Users\richa\mpfvirtual4\lib\site-packages\mpfmc\core\mc.py", line 570, in tick
    self.events.process_event_queue()
  File "C:\Users\richa\mpfvirtual4\lib\site-packages\mpf\core\events.py", line 842, in process_event_queue
    self._process_event(event=event[0],
  File "C:\Users\richa\mpfvirtual4\lib\site-packages\mpf\core\events.py", line 804, in _process_event
    result = self._run_handlers(event, ev_type, kwargs)
  File "C:\Users\richa\mpfvirtual4\lib\site-packages\mpf\core\events.py", line 753, in _run_handlers
    raise EventHandlerException(
mpf.core.events.EventHandlerException: Exception while processing RegisteredHandler(callback=<bound method MpfMc._create_dmds of <mpfmc.core.mc.MpfMc object at 0x00000157DDAD5E40>>, priority=1, kwargs={}, key=UUID('f0271fe5-a0f2-4131-95c3-7f506f30a0dd'), condition=None, blocking_facility=None) for event client_connected. 'dmd'
2025-10-05 12:44:29,112 : root : Stopping child threads... (3 remaining)
2025-10-05 12:44:29,370 : mpfmc : Stopping...
2025-10-05 12:44:29,370 : EventManager : Event: ======'shutdown'====== Args={}
2025-10-05 12:44:29,370 : AudioInterface : Disabling audio playback
2025-10-05 12:44:29,491 : mpfmc : Loop rate 57.31 Hz
2025-10-05 12:44:30,040 : MPF-MC BCP Server : Stopping BCP sending thread
2025-10-05 12:44:30,091 : root : All child threads stopped.
