2025-10-05 13:55:34,518 : INFO : root : Loading config.
2025-10-05 13:55:34,522 : INFO : YamlMultifileConfigLoader : Machine config file #1: config.yaml
2025-10-05 13:55:34,522 : INFO : ConfigProcessor : Loading config from cache: C:\Users\richa\AppData\Local\Temp\bad76953a596b8c99f832e0e98026c3b.mpf_cache
2025-10-05 13:55:34,601 : INFO : ConfigProcessor : Loading config from cache: C:\Users\richa\AppData\Local\Temp\77a998d318c788df5647a1900cedfc56.mpf_cache
2025-10-05 13:55:34,602 : INFO : ConfigProcessor : Loading config from cache: C:\Users\richa\AppData\Local\Temp\9c8dea79ca4d15ee886340e992e8cb9d.mpf_cache
2025-10-05 13:55:34,602 : WARNING : ConfigProcessor : Config file in cache changed: C:\Users\richa\ttp5\modes\base\config\base.yaml
2025-10-05 13:55:34,602 : INFO : ConfigProcessor : Loading config from file C:\Users\richa\ttp5\modes\base\config\base.yaml.
2025-10-05 13:55:34,607 : INFO : ConfigProcessor : Loading config: C:\Users\richa\ttp5\modes\base\config\base.yaml
2025-10-05 13:55:34,607 : INFO : ConfigProcessor : Config file cache created: C:\Users\richa\AppData\Local\Temp\8ddee2e87a4f178751335e99da00e9c4.mpf_cache
2025-10-05 13:55:34,608 : INFO : ConfigProcessor : Loading config from cache: C:\Users\richa\AppData\Local\Temp\16d594341c3fbe91b1b6d496c05a6fb0.mpf_cache
2025-10-05 13:55:34,609 : INFO : ConfigProcessor : Loading config from cache: C:\Users\richa\AppData\Local\Temp\9ea1b14cb2b1cce5e8bf981a1ff8cfc5.mpf_cache
2025-10-05 13:55:34,610 : INFO : ConfigProcessor : Loading config from cache: C:\Users\richa\AppData\Local\Temp\6cbce11faef0ddcfeddb2a5b8dbeb4ae.mpf_cache
2025-10-05 13:55:34,610 : INFO : Machine : Mission Pinball Framework Core Engine v0.57.0.dev39
2025-10-05 13:55:34,610 : INFO : Machine : Command line arguments: {'no_load_cache': False, 'create_config_cache': True, 'bcp': True, 'configfile': ['config.yaml'], 'force_assets_load': False, 'jsonlogging': False, 'logfile': 'logs\\2025-10-05-13-55-34-mpf-DESKTOP-RK7BE5M.log', 'pause': False, 'production': False, 'text_ui': True, 'loglevel': 15, 'consoleloglevel': 20, 'force_platform': None, 'syslog_address': None, 'mc_file_name': None, 'no_sound': False}
2025-10-05 13:55:34,610 : INFO : Machine : MPF path: C:\Users\richa\mpfvirtual4\lib\site-packages\mpf
2025-10-05 13:55:34,610 : INFO : Machine : Machine path: C:\Users\richa\ttp5
2025-10-05 13:55:34,610 : INFO : Machine : Platform: win32
2025-10-05 13:55:34,610 : INFO : Machine : Python executable location: C:\Users\richa\mpfvirtual4\Scripts\python.exe
2025-10-05 13:55:34,610 : INFO : Machine : Python version: 3.9.13 (64-bit)
2025-10-05 13:55:34,612 : INFO : Machine : Initializing MPF...
2025-10-05 13:55:35,190 : INFO : EventManager : Event: ======'machine_var_credits_string'====== Args={'value': 'FREE PLAY', 'prev_value': None, 'change': True}
2025-10-05 13:55:35,243 : INFO : EventManager : Event: ======'machine_var_master_volume'====== Args={'value': 0.5, 'prev_value': None, 'change': True}
2025-10-05 13:55:35,243 : INFO : EventManager : Event: ======'machine_var_player1_score'====== Args={'value': 17242, 'prev_value': None, 'change': True}
2025-10-05 13:55:35,243 : INFO : EventManager : Event: ======'machine_var_mpf_version'====== Args={'value': 'Mission Pinball Framework v0.57.0.dev39', 'prev_value': None, 'change': True}
2025-10-05 13:55:35,244 : INFO : EventManager : Event: ======'machine_var_mpf_extended_version'====== Args={'value': 'Mission Pinball Framework v0.57.0.dev39, Config version:6, Show version: 6, BCP version:1.1', 'prev_value': None, 'change': True}
2025-10-05 13:55:35,244 : INFO : EventManager : Event: ======'machine_var_python_version'====== Args={'value': '3.9.13', 'prev_value': None, 'change': True}
2025-10-05 13:55:35,254 : INFO : EventManager : Event: ======'machine_var_platform'====== Args={'value': 'Windows-10-10.0.19045-SP0', 'prev_value': None, 'change': True}
2025-10-05 13:55:35,254 : INFO : EventManager : Event: ======'machine_var_platform_system'====== Args={'value': 'Windows', 'prev_value': None, 'change': True}
2025-10-05 13:55:35,254 : INFO : EventManager : Event: ======'machine_var_platform_release'====== Args={'value': '10', 'prev_value': None, 'change': True}
2025-10-05 13:55:35,254 : INFO : EventManager : Event: ======'machine_var_platform_version'====== Args={'value': '10.0.19045', 'prev_value': None, 'change': True}
2025-10-05 13:55:35,254 : INFO : EventManager : Event: ======'machine_var_platform_machine'====== Args={'value': 'AMD64', 'prev_value': None, 'change': True}
2025-10-05 13:55:35,254 : INFO : EventManager : Event: ======'init_phase_1'====== Args={}
2025-10-05 13:55:35,293 : INFO : EventManager : Event: ======'init_phase_2'====== Args={}
2025-10-05 13:55:35,294 : INFO : SwitchController : Found active switch: ('2', <Platform.SmartVirtual>) <switch.s_trough1>
2025-10-05 13:55:35,294 : INFO : SwitchController : Found active switch: ('3', <Platform.SmartVirtual>) <switch.s_trough2>
2025-10-05 13:55:35,294 : INFO : SwitchController : Found active switch: ('4', <Platform.SmartVirtual>) <switch.s_trough3>
2025-10-05 13:55:35,294 : INFO : SwitchController : Found active switch: ('5', <Platform.SmartVirtual>) <switch.s_trough4>
2025-10-05 13:55:35,294 : INFO : SwitchController : Found active switch: ('6', <Platform.SmartVirtual>) <switch.s_trough5>
2025-10-05 13:55:35,295 : INFO : SwitchController : Found active switch: ('7', <Platform.SmartVirtual>) <switch.s_trough6>
2025-10-05 13:55:35,300 : INFO : EventManager : Event: ======'bcp_connection_attempt'====== Args={'name': 'local_display', 'host': 'localhost', 'port': 5050}
2025-10-05 13:55:35,302 : INFO : BCPClientSocket : Connecting BCP to 'local_display' at localhost:5050...
2025-10-05 13:55:37,366 : INFO : BCPClientSocket : Connected BCP to 'local_display' localhost:5050
2025-10-05 13:55:37,368 : INFO : EventManager : Event: ======'bcp_clients_connected'====== Args={}
2025-10-05 13:55:38,013 : INFO : EventManager : Event: ======'machine_var_mc_version'====== Args={'value': 'MPF-MC v0.57.0.dev10', 'prev_value': None, 'change': True}
2025-10-05 13:55:38,013 : INFO : EventManager : Event: ======'machine_var_mc_extended_version'====== Args={'value': 'MPF-MC v0.57.0.dev10 (config_version=6, BCP v1.1,                      Requires MPF API compatibility v0.57.0.dev19 or newer)', 'prev_value': None, 'change': True}
2025-10-05 13:55:38,019 : INFO : ball_device.bd_trough : BCH: Initial count: 6
2025-10-05 13:55:38,116 : INFO : ball_device.bd_trough : State: idle
2025-10-05 13:55:38,117 : INFO : ball_device.bd_plunger : BCH: Initial count: 0
2025-10-05 13:55:38,117 : INFO : ball_device.bd_plunger : State: idle
2025-10-05 13:55:38,117 : INFO : ball_device.bd_left_scoop : BCH: Initial count: 0
2025-10-05 13:55:38,117 : INFO : ball_device.bd_left_scoop : State: idle
2025-10-05 13:55:38,117 : INFO : ball_device.bd_right_scoop : BCH: Initial count: 0
2025-10-05 13:55:38,118 : INFO : ball_device.bd_right_scoop : State: idle
2025-10-05 13:55:38,136 : INFO : EventManager : Event: ======'init_phase_3'====== Args={}
2025-10-05 13:55:38,141 : INFO : EventManager : Event: ======'init_phase_4'====== Args={}
2025-10-05 13:55:38,141 : INFO : BallController : Initial balls found: 6
2025-10-05 13:55:38,142 : INFO : EventManager : Event: ======'machine_var_audits_events_game_ended'====== Args={'value': 24, 'prev_value': None, 'change': True}
2025-10-05 13:55:38,142 : INFO : EventManager : Event: ======'machine_var_audits_events_game_started'====== Args={'value': 94, 'prev_value': None, 'change': True}
2025-10-05 13:55:38,143 : INFO : EventManager : Event: ======'machine_var_audits_missing_switches_s_A'====== Args={'value': 22, 'prev_value': None, 'change': True}
2025-10-05 13:55:38,143 : INFO : EventManager : Event: ======'machine_var_audits_missing_switches_s_E'====== Args={'value': 22, 'prev_value': None, 'change': True}
2025-10-05 13:55:38,143 : INFO : EventManager : Event: ======'machine_var_audits_missing_switches_s_Eb'====== Args={'value': 22, 'prev_value': None, 'change': True}
2025-10-05 13:55:38,143 : INFO : EventManager : Event: ======'machine_var_audits_missing_switches_s_I'====== Args={'value': 22, 'prev_value': None, 'change': True}
2025-10-05 13:55:38,143 : INFO : EventManager : Event: ======'machine_var_audits_missing_switches_s_L'====== Args={'value': 22, 'prev_value': None, 'change': True}
2025-10-05 13:55:38,144 : INFO : EventManager : Event: ======'machine_var_audits_missing_switches_s_M'====== Args={'value': 22, 'prev_value': None, 'change': True}
2025-10-05 13:55:38,144 : INFO : EventManager : Event: ======'machine_var_audits_missing_switches_s_R'====== Args={'value': 22, 'prev_value': None, 'change': True}
2025-10-05 13:55:38,144 : INFO : EventManager : Event: ======'machine_var_audits_missing_switches_s_T'====== Args={'value': 22, 'prev_value': None, 'change': True}
2025-10-05 13:55:38,144 : INFO : EventManager : Event: ======'machine_var_audits_missing_switches_s_Tb'====== Args={'value': 22, 'prev_value': None, 'change': True}
2025-10-05 13:55:38,144 : INFO : EventManager : Event: ======'machine_var_audits_missing_switches_s_V'====== Args={'value': 22, 'prev_value': None, 'change': True}
2025-10-05 13:55:38,144 : INFO : EventManager : Event: ======'machine_var_audits_missing_switches_s_bumper_1'====== Args={'value': 18, 'prev_value': None, 'change': True}
2025-10-05 13:55:38,144 : INFO : EventManager : Event: ======'machine_var_audits_missing_switches_s_bumper_2'====== Args={'value': 18, 'prev_value': None, 'change': True}
2025-10-05 13:55:38,145 : INFO : EventManager : Event: ======'machine_var_audits_missing_switches_s_center_center_target'====== Args={'value': 20, 'prev_value': None, 'change': True}
2025-10-05 13:55:38,145 : INFO : EventManager : Event: ======'machine_var_audits_missing_switches_s_launcher_lane_spinner'====== Args={'value': 20, 'prev_value': None, 'change': True}
2025-10-05 13:55:38,145 : INFO : EventManager : Event: ======'machine_var_audits_missing_switches_s_left_center_target'====== Args={'value': 20, 'prev_value': None, 'change': True}
2025-10-05 13:55:38,145 : INFO : EventManager : Event: ======'machine_var_audits_missing_switches_s_left_corridor_spinner'====== Args={'value': 20, 'prev_value': None, 'change': True}
2025-10-05 13:55:38,145 : INFO : EventManager : Event: ======'machine_var_audits_missing_switches_s_left_corridor_spinner2'====== Args={'value': 20, 'prev_value': None, 'change': True}
2025-10-05 13:55:38,146 : INFO : EventManager : Event: ======'machine_var_audits_missing_switches_s_left_flipper'====== Args={'value': 9, 'prev_value': None, 'change': True}
2025-10-05 13:55:38,146 : INFO : EventManager : Event: ======'machine_var_audits_missing_switches_s_left_inlane'====== Args={'value': 47, 'prev_value': None, 'change': True}
2025-10-05 13:55:38,146 : INFO : EventManager : Event: ======'machine_var_audits_missing_switches_s_left_outlane'====== Args={'value': 57, 'prev_value': None, 'change': True}
2025-10-05 13:55:38,146 : INFO : EventManager : Event: ======'machine_var_audits_missing_switches_s_left_scoop'====== Args={'value': 1, 'prev_value': None, 'change': True}
2025-10-05 13:55:38,146 : INFO : EventManager : Event: ======'machine_var_audits_missing_switches_s_left_standup'====== Args={'value': 19, 'prev_value': None, 'change': True}
2025-10-05 13:55:38,146 : INFO : EventManager : Event: ======'machine_var_audits_missing_switches_s_right_center_target'====== Args={'value': 20, 'prev_value': None, 'change': True}
2025-10-05 13:55:38,147 : INFO : EventManager : Event: ======'machine_var_audits_missing_switches_s_right_corridor_spinner'====== Args={'value': 20, 'prev_value': None, 'change': True}
2025-10-05 13:55:38,147 : INFO : EventManager : Event: ======'machine_var_audits_missing_switches_s_right_flipper'====== Args={'value': 9, 'prev_value': None, 'change': True}
2025-10-05 13:55:38,147 : INFO : EventManager : Event: ======'machine_var_audits_missing_switches_s_right_inlane'====== Args={'value': 1, 'prev_value': None, 'change': True}
2025-10-05 13:55:38,147 : INFO : EventManager : Event: ======'machine_var_audits_missing_switches_s_right_outlane'====== Args={'value': 57, 'prev_value': None, 'change': True}
2025-10-05 13:55:38,148 : INFO : EventManager : Event: ======'machine_var_audits_missing_switches_s_right_scoop'====== Args={'value': 1, 'prev_value': None, 'change': True}
2025-10-05 13:55:38,148 : INFO : EventManager : Event: ======'machine_var_audits_missing_switches_s_right_standup'====== Args={'value': 19, 'prev_value': None, 'change': True}
2025-10-05 13:55:38,148 : INFO : EventManager : Event: ======'machine_var_audits_missing_switches_s_sling_left'====== Args={'value': 47, 'prev_value': None, 'change': True}
2025-10-05 13:55:38,148 : INFO : EventManager : Event: ======'machine_var_audits_missing_switches_s_sling_right'====== Args={'value': 61, 'prev_value': None, 'change': True}
2025-10-05 13:55:38,148 : INFO : EventManager : Event: ======'machine_var_audits_missing_switches_s_start'====== Args={'value': 23, 'prev_value': None, 'change': True}
2025-10-05 13:55:38,149 : INFO : EventManager : Event: ======'machine_var_audits_missing_switches_s_top_left_standup'====== Args={'value': 19, 'prev_value': None, 'change': True}
2025-10-05 13:55:38,149 : INFO : EventManager : Event: ======'machine_var_audits_missing_switches_s_top_left_standup2'====== Args={'value': 19, 'prev_value': None, 'change': True}
2025-10-05 13:55:38,149 : INFO : EventManager : Event: ======'machine_var_audits_missing_switches_s_trough1'====== Args={'value': 1, 'prev_value': None, 'change': True}
2025-10-05 13:55:38,149 : INFO : EventManager : Event: ======'machine_var_audits_missing_switches_s_trough2'====== Args={'value': 94, 'prev_value': None, 'change': True}
2025-10-05 13:55:38,150 : INFO : EventManager : Event: ======'machine_var_audits_missing_switches_s_trough3'====== Args={'value': 94, 'prev_value': None, 'change': True}
2025-10-05 13:55:38,150 : INFO : EventManager : Event: ======'machine_var_audits_missing_switches_s_trough4'====== Args={'value': 94, 'prev_value': None, 'change': True}
2025-10-05 13:55:38,151 : INFO : EventManager : Event: ======'machine_var_audits_missing_switches_s_trough5'====== Args={'value': 94, 'prev_value': None, 'change': True}
2025-10-05 13:55:38,151 : INFO : EventManager : Event: ======'machine_var_audits_missing_switches_s_trough6'====== Args={'value': 94, 'prev_value': None, 'change': True}
2025-10-05 13:55:38,151 : INFO : EventManager : Event: ======'machine_var_audits_missing_switches_s_trough_jam'====== Args={'value': 94, 'prev_value': None, 'change': True}
2025-10-05 13:55:38,151 : INFO : EventManager : Event: ======'machine_var_audits_player_score'====== Args={'value': {'average': 12655, 'top': [28284, 28200, 25272, 22800, 22400, 17500, 17242, 16800, 16800, 14636], 'total': 26}, 'prev_value': None, 'change': True}
2025-10-05 13:55:38,151 : INFO : EventManager : Event: ======'machine_var_audits_shots_center_rollover'====== Args={'value': 7, 'prev_value': None, 'change': True}
2025-10-05 13:55:38,152 : INFO : EventManager : Event: ======'machine_var_audits_shots_center_rollover_shot'====== Args={'value': 130, 'prev_value': None, 'change': True}
2025-10-05 13:55:38,152 : INFO : EventManager : Event: ======'machine_var_audits_shots_left_rollover'====== Args={'value': 6, 'prev_value': None, 'change': True}
2025-10-05 13:55:38,152 : INFO : EventManager : Event: ======'machine_var_audits_shots_left_rollover_shot'====== Args={'value': 73, 'prev_value': None, 'change': True}
2025-10-05 13:55:38,152 : INFO : EventManager : Event: ======'machine_var_audits_shots_middle_inlane_shot'====== Args={'value': 20, 'prev_value': None, 'change': True}
2025-10-05 13:55:38,152 : INFO : EventManager : Event: ======'machine_var_audits_shots_my_first_shot'====== Args={'value': 95, 'prev_value': None, 'change': True}
2025-10-05 13:55:38,153 : INFO : EventManager : Event: ======'machine_var_audits_shots_right_inlane_shot'====== Args={'value': 13, 'prev_value': None, 'change': True}
2025-10-05 13:55:38,153 : INFO : EventManager : Event: ======'machine_var_audits_shots_right_rollover'====== Args={'value': 7, 'prev_value': None, 'change': True}
2025-10-05 13:55:38,153 : INFO : EventManager : Event: ======'machine_var_audits_shots_right_rollover_shot'====== Args={'value': 100, 'prev_value': None, 'change': True}
2025-10-05 13:55:38,153 : INFO : EventManager : Event: ======'machine_var_audits_shots_top_middle_inlane_shot'====== Args={'value': 41, 'prev_value': None, 'change': True}
2025-10-05 13:55:38,153 : INFO : EventManager : Event: ======'machine_var_audits_switches_s_A'====== Args={'value': 0, 'prev_value': None, 'change': True}
2025-10-05 13:55:38,154 : INFO : EventManager : Event: ======'machine_var_audits_switches_s_E'====== Args={'value': 0, 'prev_value': None, 'change': True}
2025-10-05 13:55:38,154 : INFO : EventManager : Event: ======'machine_var_audits_switches_s_Eb'====== Args={'value': 0, 'prev_value': None, 'change': True}
2025-10-05 13:55:38,154 : INFO : EventManager : Event: ======'machine_var_audits_switches_s_I'====== Args={'value': 0, 'prev_value': None, 'change': True}
2025-10-05 13:55:38,154 : INFO : EventManager : Event: ======'machine_var_audits_switches_s_L'====== Args={'value': 0, 'prev_value': None, 'change': True}
2025-10-05 13:55:38,154 : INFO : EventManager : Event: ======'machine_var_audits_switches_s_M'====== Args={'value': 0, 'prev_value': None, 'change': True}
2025-10-05 13:55:38,155 : INFO : EventManager : Event: ======'machine_var_audits_switches_s_R'====== Args={'value': 0, 'prev_value': None, 'change': True}
2025-10-05 13:55:38,155 : INFO : EventManager : Event: ======'machine_var_audits_switches_s_T'====== Args={'value': 0, 'prev_value': None, 'change': True}
2025-10-05 13:55:38,155 : INFO : EventManager : Event: ======'machine_var_audits_switches_s_Tb'====== Args={'value': 0, 'prev_value': None, 'change': True}
2025-10-05 13:55:38,155 : INFO : EventManager : Event: ======'machine_var_audits_switches_s_V'====== Args={'value': 0, 'prev_value': None, 'change': True}
2025-10-05 13:55:38,155 : INFO : EventManager : Event: ======'machine_var_audits_switches_s_bumper_1'====== Args={'value': 0, 'prev_value': None, 'change': True}
2025-10-05 13:55:38,156 : INFO : EventManager : Event: ======'machine_var_audits_switches_s_bumper_2'====== Args={'value': 0, 'prev_value': None, 'change': True}
2025-10-05 13:55:38,156 : INFO : EventManager : Event: ======'machine_var_audits_switches_s_center_center_target'====== Args={'value': 0, 'prev_value': None, 'change': True}
2025-10-05 13:55:38,156 : INFO : EventManager : Event: ======'machine_var_audits_switches_s_center_rollover'====== Args={'value': 137, 'prev_value': None, 'change': True}
2025-10-05 13:55:38,156 : INFO : EventManager : Event: ======'machine_var_audits_switches_s_launcher_lane_spinner'====== Args={'value': 0, 'prev_value': None, 'change': True}
2025-10-05 13:55:38,157 : INFO : EventManager : Event: ======'machine_var_audits_switches_s_left_center_target'====== Args={'value': 0, 'prev_value': None, 'change': True}
2025-10-05 13:55:38,157 : INFO : EventManager : Event: ======'machine_var_audits_switches_s_left_corridor_spinner'====== Args={'value': 0, 'prev_value': None, 'change': True}
2025-10-05 13:55:38,157 : INFO : EventManager : Event: ======'machine_var_audits_switches_s_left_corridor_spinner2'====== Args={'value': 0, 'prev_value': None, 'change': True}
2025-10-05 13:55:38,157 : INFO : EventManager : Event: ======'machine_var_audits_switches_s_left_flipper'====== Args={'value': 324, 'prev_value': None, 'change': True}
2025-10-05 13:55:38,158 : INFO : EventManager : Event: ======'machine_var_audits_switches_s_left_inlane'====== Args={'value': 8, 'prev_value': None, 'change': True}
2025-10-05 13:55:38,158 : INFO : EventManager : Event: ======'machine_var_audits_switches_s_left_outlane'====== Args={'value': 3, 'prev_value': None, 'change': True}
2025-10-05 13:55:38,158 : INFO : EventManager : Event: ======'machine_var_audits_switches_s_left_rollover'====== Args={'value': 79, 'prev_value': None, 'change': True}
2025-10-05 13:55:38,158 : INFO : EventManager : Event: ======'machine_var_audits_switches_s_left_scoop'====== Args={'value': 23, 'prev_value': None, 'change': True}
2025-10-05 13:55:38,159 : INFO : EventManager : Event: ======'machine_var_audits_switches_s_left_standup'====== Args={'value': 0, 'prev_value': None, 'change': True}
2025-10-05 13:55:38,159 : INFO : EventManager : Event: ======'machine_var_audits_switches_s_middle_inlane'====== Args={'value': 20, 'prev_value': None, 'change': True}
2025-10-05 13:55:38,159 : INFO : EventManager : Event: ======'machine_var_audits_switches_s_plunger'====== Args={'value': 180, 'prev_value': None, 'change': True}
2025-10-05 13:55:38,159 : INFO : EventManager : Event: ======'machine_var_audits_switches_s_right_center_target'====== Args={'value': 0, 'prev_value': None, 'change': True}
2025-10-05 13:55:38,160 : INFO : EventManager : Event: ======'machine_var_audits_switches_s_right_corridor_spinner'====== Args={'value': 0, 'prev_value': None, 'change': True}
2025-10-05 13:55:38,160 : INFO : EventManager : Event: ======'machine_var_audits_switches_s_right_flipper'====== Args={'value': 140, 'prev_value': None, 'change': True}
2025-10-05 13:55:38,160 : INFO : EventManager : Event: ======'machine_var_audits_switches_s_right_inlane'====== Args={'value': 140, 'prev_value': None, 'change': True}
2025-10-05 13:55:38,160 : INFO : EventManager : Event: ======'machine_var_audits_switches_s_right_outlane'====== Args={'value': 3, 'prev_value': None, 'change': True}
2025-10-05 13:55:38,161 : INFO : EventManager : Event: ======'machine_var_audits_switches_s_right_rollover'====== Args={'value': 107, 'prev_value': None, 'change': True}
2025-10-05 13:55:38,161 : INFO : EventManager : Event: ======'machine_var_audits_switches_s_right_scoop'====== Args={'value': 11, 'prev_value': None, 'change': True}
2025-10-05 13:55:38,161 : INFO : EventManager : Event: ======'machine_var_audits_switches_s_right_standup'====== Args={'value': 0, 'prev_value': None, 'change': True}
2025-10-05 13:55:38,161 : INFO : EventManager : Event: ======'machine_var_audits_switches_s_sling_left'====== Args={'value': 3, 'prev_value': None, 'change': True}
2025-10-05 13:55:38,162 : INFO : EventManager : Event: ======'machine_var_audits_switches_s_sling_right'====== Args={'value': 1, 'prev_value': None, 'change': True}
2025-10-05 13:55:38,162 : INFO : EventManager : Event: ======'machine_var_audits_switches_s_start'====== Args={'value': 12, 'prev_value': None, 'change': True}
2025-10-05 13:55:38,162 : INFO : EventManager : Event: ======'machine_var_audits_switches_s_top_left_standup'====== Args={'value': 0, 'prev_value': None, 'change': True}
2025-10-05 13:55:38,162 : INFO : EventManager : Event: ======'machine_var_audits_switches_s_top_left_standup2'====== Args={'value': 0, 'prev_value': None, 'change': True}
2025-10-05 13:55:38,163 : INFO : EventManager : Event: ======'machine_var_audits_switches_s_top_middle_inlane'====== Args={'value': 41, 'prev_value': None, 'change': True}
2025-10-05 13:55:38,163 : INFO : EventManager : Event: ======'machine_var_audits_switches_s_trough1'====== Args={'value': 121, 'prev_value': None, 'change': True}
2025-10-05 13:55:38,163 : INFO : EventManager : Event: ======'machine_var_audits_switches_s_trough2'====== Args={'value': 0, 'prev_value': None, 'change': True}
2025-10-05 13:55:38,163 : INFO : EventManager : Event: ======'machine_var_audits_switches_s_trough3'====== Args={'value': 0, 'prev_value': None, 'change': True}
2025-10-05 13:55:38,164 : INFO : EventManager : Event: ======'machine_var_audits_switches_s_trough4'====== Args={'value': 0, 'prev_value': None, 'change': True}
2025-10-05 13:55:38,164 : INFO : EventManager : Event: ======'machine_var_audits_switches_s_trough5'====== Args={'value': 0, 'prev_value': None, 'change': True}
2025-10-05 13:55:38,164 : INFO : EventManager : Event: ======'machine_var_audits_switches_s_trough6'====== Args={'value': 0, 'prev_value': None, 'change': True}
2025-10-05 13:55:38,165 : INFO : EventManager : Event: ======'machine_var_audits_switches_s_trough_jam'====== Args={'value': 0, 'prev_value': None, 'change': True}
2025-10-05 13:55:38,165 : INFO : EventManager : Event: ======'init_phase_5'====== Args={}
2025-10-05 13:55:38,250 : INFO : EventManager : Event: ======'init_done'====== Args={}
2025-10-05 13:55:38,250 : INFO : EventManager : Event: ======'machine_reset_phase_1'====== Args={}
2025-10-05 13:55:38,258 : INFO : EventManager : Event: ======'machine_reset_phase_2'====== Args={}
2025-10-05 13:55:38,259 : INFO : EventManager : Event: ======'machine_reset_phase_3'====== Args={}
2025-10-05 13:55:38,259 : INFO : EventManager : Event: ======'reset_complete'====== Args={}
2025-10-05 13:55:38,259 : INFO : EventManager : Event: ======'mode_attract_will_start'====== Args={}
2025-10-05 13:55:38,260 : INFO : EventManager : Event: ======'mode_attract_starting'====== Args={}
2025-10-05 13:55:38,260 : INFO : Mode.attract : Started. Priority: 10
2025-10-05 13:55:38,260 : INFO : EventManager : Event: ======'modes_active_modes_changed'====== Args={}
2025-10-05 13:55:38,260 : INFO : EventManager : Event: ======'mode_attract_started'====== Args={}
2025-10-05 13:55:38,261 : INFO : EventManager : Event: ======'collecting_balls_complete'====== Args={}
2025-10-05 13:55:38,321 : INFO : EventManager : Event: ======'slide_awesome_slide_created'====== Args={'_from_bcp': True}
2025-10-05 13:55:38,321 : INFO : EventManager : Event: ======'slide_awesome_slide_active'====== Args={'_from_bcp': True}
2025-10-05 13:55:38,322 : INFO : Machine : Starting the main run loop.
2025-10-05 13:55:38,492 : INFO : BcpServer : New client connected.
2025-10-05 13:55:40,281 : INFO : SwitchController : <<<<<<< 's_start' active >>>>>>>
2025-10-05 13:55:40,390 : INFO : SwitchController : <<<<<<< 's_start' inactive >>>>>>>
2025-10-05 13:55:40,390 : INFO : EventManager : Event: ======'request_to_start_game'====== Args={}
2025-10-05 13:55:40,392 : INFO : EventManager : Event: ======'game_start'====== Args={'buttons': [], 'hold_time': 0.10899999999674037}
2025-10-05 13:55:40,393 : INFO : EventManager : Event: ======'mode_game_will_start'====== Args={'buttons': [], 'hold_time': 0.10899999999674037}
2025-10-05 13:55:40,396 : INFO : EventManager : Event: ======'mode_game_starting'====== Args={'buttons': [], 'hold_time': 0.10899999999674037}
2025-10-05 13:55:40,396 : INFO : EventManager : Event: ======'mode_attract_will_stop'====== Args={}
2025-10-05 13:55:40,397 : INFO : EventManager : Event: ======'mode_attract_stopping'====== Args={}
2025-10-05 13:55:40,397 : INFO : Mode.attract : Stopped.
2025-10-05 13:55:40,397 : INFO : EventManager : Event: ======'modes_active_modes_changed'====== Args={}
2025-10-05 13:55:40,399 : INFO : EventManager : Event: ======'mode_attract_stopped'====== Args={}
2025-10-05 13:55:40,399 : INFO : EventManager : Event: ======'clear'====== Args={'key': 'attract'}
2025-10-05 13:55:40,400 : INFO : Mode.game : Started. Priority: 20
2025-10-05 13:55:40,400 : INFO : EventManager : Event: ======'modes_active_modes_changed'====== Args={}
2025-10-05 13:55:40,401 : INFO : EventManager : Event: ======'mode_game_started'====== Args={'buttons': [], 'hold_time': 0.10899999999674037}
2025-10-05 13:55:40,442 : INFO : EventManager : Event: ======'game_will_start'====== Args={}
2025-10-05 13:55:40,443 : INFO : EventManager : Event: ======'game_starting'====== Args={'game': <Mode.game>}
2025-10-05 13:55:40,444 : INFO : EventManager : Unordered handler for class <Auditor> on event game_ended with priority 1. Handlers: [RegisteredHandler(callback=<bound method Auditor.disable of <Auditor>>, priority=1, kwargs={}, key=UUID('0d3b65d4-c0d3-4878-a62b-a2750f349417'), condition=None, blocking_facility=None), RegisteredHandler(callback=<bound method Auditor._save_audits of <Auditor>>, priority=1, kwargs={}, key=UUID('bfa6b5cc-34e2-4c64-a169-c7c2086b93ac'), condition=None, blocking_facility=None)]. The order of those handlers is not defined and they will be executed in random order. This might lead to race conditions and potential bugs.
2025-10-05 13:55:40,444 : INFO : EventManager : Event: ======'player_add_request'====== Args={}
2025-10-05 13:55:40,444 : INFO : EventManager : Event: ======'player_will_add'====== Args={'number': 1}
2025-10-05 13:55:40,444 : INFO : EventManager : Event: ======'player_adding'====== Args={'player': <Player 1>, 'number': 1}
2025-10-05 13:55:40,445 : INFO : EventManager : Event: ======'player_added'====== Args={'player': <Player 1>, 'num': 1}
2025-10-05 13:55:40,445 : INFO : Mode.game : Player added successfully. Total players: 1
2025-10-05 13:55:40,445 : INFO : EventManager : Event: ======'player_index'====== Args={'value': 0, 'prev_value': 0, 'change': 0, 'player_num': 1}
2025-10-05 13:55:40,445 : INFO : EventManager : Event: ======'player_number'====== Args={'value': 1, 'prev_value': 1, 'change': 0, 'player_num': 1}
2025-10-05 13:55:40,446 : INFO : EventManager : Event: ======'player_score'====== Args={'value': 0, 'prev_value': 0, 'change': 0, 'player_num': 1}
2025-10-05 13:55:40,446 : INFO : EventManager : Event: ======'game_started'====== Args={}
2025-10-05 13:55:40,459 : INFO : EventManager : Event: ======'player_turn_will_start'====== Args={'player': <Player 1>, 'number': 1}
2025-10-05 13:55:40,460 : INFO : EventManager : Event: ======'slide_awesome_slide_removed'====== Args={'_from_bcp': True}
2025-10-05 13:55:40,460 : INFO : EventManager : Event: ======'slide_window_blank_active'====== Args={'_from_bcp': True}
2025-10-05 13:55:40,460 : INFO : EventManager : Event: ======'player_turn_starting'====== Args={'player': <Player 1>, 'number': 1}
2025-10-05 13:55:40,461 : INFO : EventManager : Event: ======'player_ball'====== Args={'value': 1, 'prev_value': 0, 'change': 1, 'player_num': 1}
2025-10-05 13:55:40,465 : INFO : EventManager : Event: ======'player_turn_started'====== Args={'player': <Player 1>, 'number': 1}
2025-10-05 13:55:40,467 : INFO : EventManager : Event: ======'ball_will_start'====== Args={'player': 1, 'ball': 1, 'balls_remaining': 2, 'is_extra_ball': False}
2025-10-05 13:55:40,472 : INFO : EventManager : Event: ======'ball_starting'====== Args={'player': 1, 'ball': 1, 'balls_remaining': 2, 'is_extra_ball': False}
2025-10-05 13:55:40,473 : INFO : EventManager : Event: ======'balls_in_play'====== Args={'balls': 1}
2025-10-05 13:55:40,473 : INFO : EventManager : Event: ======'ball_started'====== Args={'player': 1, 'ball': 1, 'balls_remaining': 2, 'is_extra_ball': False}
2025-10-05 13:55:40,474 : INFO : EventManager : Event: ======'mode_base_will_start'====== Args={'player': 1, 'ball': 1, 'balls_remaining': 2, 'is_extra_ball': False}
2025-10-05 13:55:40,474 : INFO : EventManager : Event: ======'player_shot_left_rollover_shot_enabled'====== Args={'value': True, 'prev_value': 0, 'change': 1, 'player_num': 1}
2025-10-05 13:55:40,474 : INFO : EventManager : Event: ======'player_shot_center_rollover_shot_enabled'====== Args={'value': True, 'prev_value': 0, 'change': 1, 'player_num': 1}
2025-10-05 13:55:40,475 : INFO : EventManager : Event: ======'player_shot_right_rollover_shot_enabled'====== Args={'value': True, 'prev_value': 0, 'change': 1, 'player_num': 1}
2025-10-05 13:55:40,475 : INFO : EventManager : Event: ======'player_shot_left_scoop_shot_enabled'====== Args={'value': True, 'prev_value': 0, 'change': 1, 'player_num': 1}
2025-10-05 13:55:40,475 : ERROR : asyncio : Exception in callback EventManager.process_event_queue()
handle: <Handle EventManager.process_event_queue()>
Traceback (most recent call last):
  File "C:\Users\richa\mpfvirtual4\lib\site-packages\mpf\core\events.py", line 751, in _run_handlers
    result = handler.callback(**merged_kwargs)
  File "C:\Users\richa\mpfvirtual4\lib\site-packages\mpf\core\mode.py", line 198, in start
    self._add_mode_devices()
  File "C:\Users\richa\mpfvirtual4\lib\site-packages\mpf\core\mode.py", line 408, in _add_mode_devices
    device.device_loaded_in_mode(mode=self, player=self.player)
  File "C:\Users\richa\mpfvirtual4\lib\site-packages\mpf\devices\shot.py", line 68, in device_loaded_in_mode
    self._update_show()
  File "C:\Users\richa\mpfvirtual4\lib\site-packages\mpf\devices\shot.py", line 207, in _update_show
    self._play_show(settings=state_settings)
  File "C:\Users\richa\mpfvirtual4\lib\site-packages\mpf\devices\shot.py", line 261, in _play_show
    self.running_show = self.machine.show_controller.replace_or_advance_show(self.running_show, show_config,
  File "C:\Users\richa\mpfvirtual4\lib\site-packages\mpf\core\show_controller.py", line 135, in replace_or_advance_show
    return show_obj.play_with_config(
  File "C:\Users\richa\mpfvirtual4\lib\site-packages\mpf\assets\show.py", line 291, in play_with_config
    running_show = RunningShow(machine=self.machine,
  File "C:\Users\richa\mpfvirtual4\lib\site-packages\mpf\assets\show.py", line 518, in __init__
    self.show_steps = self.show.get_show_steps_with_token(self.show_config.show_tokens)
  File "C:\Users\richa\mpfvirtual4\lib\site-packages\mpf\assets\show.py", line 424, in get_show_steps_with_token
    step[key] = self.machine.show_controller.show_players[key].expand_config_entry(value)
  File "C:\Users\richa\mpfvirtual4\lib\site-packages\mpf\config_players\device_config_player.py", line 27, in expand_config_entry
    devices = self._expand_device(device)
  File "C:\Users\richa\mpfvirtual4\lib\site-packages\mpf\config_players\device_config_player.py", line 115, in _expand_device
    return self.raise_config_error(
  File "C:\Users\richa\mpfvirtual4\lib\site-packages\mpf\core\logging.py", line 174, in raise_config_error
    raise ConfigFileError(msg, error_no, self.log.name if self.log else "", context, self._url_base) \
mpf.exceptions.config_file_error.ConfigFileError: Config File Error in light_player: Could not find a lights device with name or tag light_left_scoop, from list ['light_left_scoop'] Error Code: CFE-light_player-101 (https://missionpinball.org/logs)

The above exception was the direct cause of the following exception:

Traceback (most recent call last):
  File "C:\Users\richa\AppData\Local\Programs\Python\Python39\lib\asyncio\events.py", line 80, in _run
    self._context.run(self._callback, *self._args)
  File "C:\Users\richa\mpfvirtual4\lib\site-packages\mpf\core\events.py", line 842, in process_event_queue
    self._process_event(event=event[0],
  File "C:\Users\richa\mpfvirtual4\lib\site-packages\mpf\core\events.py", line 804, in _process_event
    result = self._run_handlers(event, ev_type, kwargs)
  File "C:\Users\richa\mpfvirtual4\lib\site-packages\mpf\core\events.py", line 753, in _run_handlers
    raise EventHandlerException(
mpf.core.events.EventHandlerException: Exception while processing RegisteredHandler(callback=<bound method Mode.start of <Mode.base>>, priority=100, kwargs={}, key=UUID('a7f3ad0d-33f7-483f-aa44-b7519f2a3963'), condition=None, blocking_facility=None) for event ball_started. Config File Error in light_player: Could not find a lights device with name or tag light_left_scoop, from list ['light_left_scoop'] Error Code: CFE-light_player-101 (https://missionpinball.org/logs)
2025-10-05 13:55:40,541 : INFO : Machine : Shutting down...
2025-10-05 13:55:40,541 : INFO : EventManager : Event: ======'shutdown'====== Args={}
2025-10-05 13:55:40,542 : INFO : EventManager : Event: ======'mode_game_will_stop'====== Args={}
2025-10-05 13:55:40,543 : INFO : EventManager : Event: ======'mode_game_stopping'====== Args={}
2025-10-05 13:55:40,543 : INFO : Mode.game : Stopped.
2025-10-05 13:55:40,543 : INFO : EventManager : Event: ======'modes_active_modes_changed'====== Args={}
2025-10-05 13:55:40,544 : INFO : EventManager : Event: ======'mode_game_stopped'====== Args={}
2025-10-05 13:55:40,544 : INFO : EventManager : Event: ======'clear'====== Args={'key': 'game'}
2025-10-05 13:55:40,546 : ERROR : Machine : Runtime Exception
Traceback (most recent call last):
  File "C:\Users\richa\mpfvirtual4\lib\site-packages\mpf\core\events.py", line 751, in _run_handlers
    result = handler.callback(**merged_kwargs)
  File "C:\Users\richa\mpfvirtual4\lib\site-packages\mpf\core\mode.py", line 198, in start
    self._add_mode_devices()
  File "C:\Users\richa\mpfvirtual4\lib\site-packages\mpf\core\mode.py", line 408, in _add_mode_devices
    device.device_loaded_in_mode(mode=self, player=self.player)
  File "C:\Users\richa\mpfvirtual4\lib\site-packages\mpf\devices\shot.py", line 68, in device_loaded_in_mode
    self._update_show()
  File "C:\Users\richa\mpfvirtual4\lib\site-packages\mpf\devices\shot.py", line 207, in _update_show
    self._play_show(settings=state_settings)
  File "C:\Users\richa\mpfvirtual4\lib\site-packages\mpf\devices\shot.py", line 261, in _play_show
    self.running_show = self.machine.show_controller.replace_or_advance_show(self.running_show, show_config,
  File "C:\Users\richa\mpfvirtual4\lib\site-packages\mpf\core\show_controller.py", line 135, in replace_or_advance_show
    return show_obj.play_with_config(
  File "C:\Users\richa\mpfvirtual4\lib\site-packages\mpf\assets\show.py", line 291, in play_with_config
    running_show = RunningShow(machine=self.machine,
  File "C:\Users\richa\mpfvirtual4\lib\site-packages\mpf\assets\show.py", line 518, in __init__
    self.show_steps = self.show.get_show_steps_with_token(self.show_config.show_tokens)
  File "C:\Users\richa\mpfvirtual4\lib\site-packages\mpf\assets\show.py", line 424, in get_show_steps_with_token
    step[key] = self.machine.show_controller.show_players[key].expand_config_entry(value)
  File "C:\Users\richa\mpfvirtual4\lib\site-packages\mpf\config_players\device_config_player.py", line 27, in expand_config_entry
    devices = self._expand_device(device)
  File "C:\Users\richa\mpfvirtual4\lib\site-packages\mpf\config_players\device_config_player.py", line 115, in _expand_device
    return self.raise_config_error(
  File "C:\Users\richa\mpfvirtual4\lib\site-packages\mpf\core\logging.py", line 174, in raise_config_error
    raise ConfigFileError(msg, error_no, self.log.name if self.log else "", context, self._url_base) \
mpf.exceptions.config_file_error.ConfigFileError: Config File Error in light_player: Could not find a lights device with name or tag light_left_scoop, from list ['light_left_scoop'] Error Code: CFE-light_player-101 (https://missionpinball.org/logs)

The above exception was the direct cause of the following exception:

Traceback (most recent call last):
  File "C:\Users\richa\mpfvirtual4\lib\site-packages\mpf\core\machine.py", line 788, in _run_loop
    raise self._exception['exception']
  File "C:\Users\richa\AppData\Local\Programs\Python\Python39\lib\asyncio\events.py", line 80, in _run
    self._context.run(self._callback, *self._args)
  File "C:\Users\richa\mpfvirtual4\lib\site-packages\mpf\core\events.py", line 842, in process_event_queue
    self._process_event(event=event[0],
  File "C:\Users\richa\mpfvirtual4\lib\site-packages\mpf\core\events.py", line 804, in _process_event
    result = self._run_handlers(event, ev_type, kwargs)
  File "C:\Users\richa\mpfvirtual4\lib\site-packages\mpf\core\events.py", line 753, in _run_handlers
    raise EventHandlerException(
mpf.core.events.EventHandlerException: Exception while processing RegisteredHandler(callback=<bound method Mode.start of <Mode.base>>, priority=100, kwargs={}, key=UUID('a7f3ad0d-33f7-483f-aa44-b7519f2a3963'), condition=None, blocking_facility=None) for event ball_started. Config File Error in light_player: Could not find a lights device with name or tag light_left_scoop, from list ['light_left_scoop'] Error Code: CFE-light_player-101 (https://missionpinball.org/logs)
2025-10-05 13:55:53,920 : ERROR : root : 
Traceback (most recent call last):
  File "C:\Users\richa\mpfvirtual4\lib\site-packages\mpf\core\events.py", line 751, in _run_handlers
    result = handler.callback(**merged_kwargs)
  File "C:\Users\richa\mpfvirtual4\lib\site-packages\mpf\core\mode.py", line 198, in start
    self._add_mode_devices()
  File "C:\Users\richa\mpfvirtual4\lib\site-packages\mpf\core\mode.py", line 408, in _add_mode_devices
    device.device_loaded_in_mode(mode=self, player=self.player)
  File "C:\Users\richa\mpfvirtual4\lib\site-packages\mpf\devices\shot.py", line 68, in device_loaded_in_mode
    self._update_show()
  File "C:\Users\richa\mpfvirtual4\lib\site-packages\mpf\devices\shot.py", line 207, in _update_show
    self._play_show(settings=state_settings)
  File "C:\Users\richa\mpfvirtual4\lib\site-packages\mpf\devices\shot.py", line 261, in _play_show
    self.running_show = self.machine.show_controller.replace_or_advance_show(self.running_show, show_config,
  File "C:\Users\richa\mpfvirtual4\lib\site-packages\mpf\core\show_controller.py", line 135, in replace_or_advance_show
    return show_obj.play_with_config(
  File "C:\Users\richa\mpfvirtual4\lib\site-packages\mpf\assets\show.py", line 291, in play_with_config
    running_show = RunningShow(machine=self.machine,
  File "C:\Users\richa\mpfvirtual4\lib\site-packages\mpf\assets\show.py", line 518, in __init__
    self.show_steps = self.show.get_show_steps_with_token(self.show_config.show_tokens)
  File "C:\Users\richa\mpfvirtual4\lib\site-packages\mpf\assets\show.py", line 424, in get_show_steps_with_token
    step[key] = self.machine.show_controller.show_players[key].expand_config_entry(value)
  File "C:\Users\richa\mpfvirtual4\lib\site-packages\mpf\config_players\device_config_player.py", line 27, in expand_config_entry
    devices = self._expand_device(device)
  File "C:\Users\richa\mpfvirtual4\lib\site-packages\mpf\config_players\device_config_player.py", line 115, in _expand_device
    return self.raise_config_error(
  File "C:\Users\richa\mpfvirtual4\lib\site-packages\mpf\core\logging.py", line 174, in raise_config_error
    raise ConfigFileError(msg, error_no, self.log.name if self.log else "", context, self._url_base) \
mpf.exceptions.config_file_error.ConfigFileError: Config File Error in light_player: Could not find a lights device with name or tag light_left_scoop, from list ['light_left_scoop'] Error Code: CFE-light_player-101 (https://missionpinball.org/logs)

The above exception was the direct cause of the following exception:

Traceback (most recent call last):
  File "C:\Users\richa\mpfvirtual4\lib\site-packages\mpf\core\machine.py", line 788, in _run_loop
    raise self._exception['exception']
  File "C:\Users\richa\AppData\Local\Programs\Python\Python39\lib\asyncio\events.py", line 80, in _run
    self._context.run(self._callback, *self._args)
  File "C:\Users\richa\mpfvirtual4\lib\site-packages\mpf\core\events.py", line 842, in process_event_queue
    self._process_event(event=event[0],
  File "C:\Users\richa\mpfvirtual4\lib\site-packages\mpf\core\events.py", line 804, in _process_event
    result = self._run_handlers(event, ev_type, kwargs)
  File "C:\Users\richa\mpfvirtual4\lib\site-packages\mpf\core\events.py", line 753, in _run_handlers
    raise EventHandlerException(
mpf.core.events.EventHandlerException: Exception while processing RegisteredHandler(callback=<bound method Mode.start of <Mode.base>>, priority=100, kwargs={}, key=UUID('a7f3ad0d-33f7-483f-aa44-b7519f2a3963'), condition=None, blocking_facility=None) for event ball_started. Config File Error in light_player: Could not find a lights device with name or tag light_left_scoop, from list ['light_left_scoop'] Error Code: CFE-light_player-101 (https://missionpinball.org/logs)

During handling of the above exception, another exception occurred:

Traceback (most recent call last):
  File "C:\Users\richa\mpfvirtual4\lib\site-packages\mpf\commands\game.py", line 236, in __init__
    self.machine.run()
  File "C:\Users\richa\mpfvirtual4\lib\site-packages\mpf\core\machine.py", line 684, in run
    self._run_loop()
  File "C:\Users\richa\mpfvirtual4\lib\site-packages\mpf\core\machine.py", line 791, in _run_loop
    report_crash(self._exception['exception'], "exception_during_run", self.config)
  File "C:\Users\richa\mpfvirtual4\lib\site-packages\mpf\core\crash_reporter.py", line 236, in report_crash
    response = input("Do you want to report the crash to the MPF team (yes/no/show)? ")
EOFError
