2025-10-20 22:31:38,160 : INFO : root : Loading config.
2025-10-20 22:31:38,165 : INFO : YamlMultifileConfigLoader : Machine config file #1: config.yaml
2025-10-20 22:31:38,165 : INFO : ConfigProcessor : Loading config from cache: C:\Users\richa\AppData\Local\Temp\f7776651e259183bd84a8c8d686bf868.mpf_cache
2025-10-20 22:31:38,242 : INFO : ConfigProcessor : Loading config from cache: C:\Users\richa\AppData\Local\Temp\70233839fc0b792ce11a62f3c18c1950.mpf_cache
2025-10-20 22:31:38,243 : INFO : ConfigProcessor : Loading config from cache: C:\Users\richa\AppData\Local\Temp\9c8dea79ca4d15ee886340e992e8cb9d.mpf_cache
2025-10-20 22:31:38,244 : INFO : ConfigProcessor : Loading config from cache: C:\Users\richa\AppData\Local\Temp\67a19b095f918111543419ac0271bfb1.mpf_cache
2025-10-20 22:31:38,245 : INFO : ConfigProcessor : Loading config from cache: C:\Users\richa\AppData\Local\Temp\be387b0e8ed00556ec738d83cd6947d1.mpf_cache
2025-10-20 22:31:38,246 : INFO : ConfigProcessor : Loading config from cache: C:\Users\richa\AppData\Local\Temp\5a8efabd9666d8c71fa755fc28a9bf1e.mpf_cache
2025-10-20 22:31:38,246 : INFO : ConfigProcessor : Loading config from cache: C:\Users\richa\AppData\Local\Temp\fb58745e58584e219ff53db445e8e9f2.mpf_cache
2025-10-20 22:31:38,247 : INFO : ConfigProcessor : Loading config from cache: C:\Users\richa\AppData\Local\Temp\3a5badf48d988f9fc0f9b093a934917d.mpf_cache
2025-10-20 22:31:38,248 : INFO : ConfigProcessor : Loading config from cache: C:\Users\richa\AppData\Local\Temp\9e788d9ac28f3464b985b20edf80a10e.mpf_cache
2025-10-20 22:31:38,249 : INFO : ConfigProcessor : Loading config from cache: C:\Users\richa\AppData\Local\Temp\7e426d8ffa907371bf962f3181d8bdf2.mpf_cache
2025-10-20 22:31:38,249 : INFO : ConfigProcessor : Loading config from cache: C:\Users\richa\AppData\Local\Temp\77e0376825dda61b91775259cce643ad.mpf_cache
2025-10-20 22:31:38,250 : WARNING : ConfigProcessor : Config file in cache changed: C:\Users\richa\ttp7\modes\tilt\config\tilt.yaml
2025-10-20 22:31:38,251 : INFO : ConfigProcessor : Loading config from file C:\Users\richa\mpfvirtual4\lib\site-packages\mpf\modes\tilt\config\tilt.yaml.
2025-10-20 22:31:38,254 : INFO : ConfigProcessor : Loading config: C:\Users\richa\mpfvirtual4\lib\site-packages\mpf\modes\tilt\config\tilt.yaml
2025-10-20 22:31:38,255 : INFO : ConfigProcessor : Loading config from file C:\Users\richa\ttp7\modes\tilt\config\tilt.yaml.
2025-10-20 22:31:38,263 : INFO : ConfigProcessor : Loading config: C:\Users\richa\ttp7\modes\tilt\config\tilt.yaml
2025-10-20 22:31:38,264 : INFO : ConfigProcessor : Config file cache created: C:\Users\richa\AppData\Local\Temp\e68c20669f80ec7d0801afbfa80f9eff.mpf_cache
2025-10-20 22:31:38,264 : INFO : ConfigProcessor : Loading config from cache: C:\Users\richa\AppData\Local\Temp\b710dc01437f1dfd05f3b5275f67493b.mpf_cache
2025-10-20 22:31:38,265 : INFO : ConfigProcessor : Loading config from cache: C:\Users\richa\AppData\Local\Temp\0a23590f4081187a3ecee75c7657616e.mpf_cache
2025-10-20 22:31:38,266 : INFO : ConfigProcessor : Loading config from cache: C:\Users\richa\AppData\Local\Temp\374a5edaf0766cb9005f368df852c09d.mpf_cache
2025-10-20 22:31:38,267 : INFO : ConfigProcessor : Loading config from cache: C:\Users\richa\AppData\Local\Temp\b50d1c72289d6f8f00cba34766fbb2e5.mpf_cache
2025-10-20 22:31:38,268 : INFO : ConfigProcessor : Loading config from cache: C:\Users\richa\AppData\Local\Temp\bfc680b70531e398658191c2a179bce0.mpf_cache
2025-10-20 22:31:38,269 : INFO : ConfigProcessor : Loading config from cache: C:\Users\richa\AppData\Local\Temp\069a726c379c7a3dc006889318eb30f2.mpf_cache
2025-10-20 22:31:38,269 : INFO : ConfigProcessor : Loading config from cache: C:\Users\richa\AppData\Local\Temp\6159dd3e8b071f5aa615e717784124e9.mpf_cache
2025-10-20 22:31:38,270 : INFO : ConfigProcessor : Loading config from cache: C:\Users\richa\AppData\Local\Temp\e382c4765158d2be92c1673fc03a4ad6.mpf_cache
2025-10-20 22:31:38,272 : INFO : ConfigProcessor : Loading config from cache: C:\Users\richa\AppData\Local\Temp\868b3b6361e3aaa0a56bd50d9388247e.mpf_cache
2025-10-20 22:31:38,272 : INFO : Machine : Mission Pinball Framework Core Engine v0.57.0.dev39
2025-10-20 22:31:38,273 : INFO : Machine : Command line arguments: {'no_load_cache': False, 'create_config_cache': True, 'bcp': True, 'configfile': ['config.yaml'], 'force_assets_load': False, 'jsonlogging': False, 'logfile': 'logs\\2025-10-20-22-31-38-mpf-DESKTOP-RK7BE5M.log', 'pause': False, 'production': False, 'text_ui': True, 'loglevel': 15, 'consoleloglevel': 20, 'force_platform': None, 'syslog_address': None, 'mc_file_name': None, 'no_sound': False}
2025-10-20 22:31:38,273 : INFO : Machine : MPF path: C:\Users\richa\mpfvirtual4\lib\site-packages\mpf
2025-10-20 22:31:38,273 : INFO : Machine : Machine path: C:\Users\richa\ttp7
2025-10-20 22:31:38,273 : INFO : Machine : Platform: win32
2025-10-20 22:31:38,273 : INFO : Machine : Python executable location: C:\Users\richa\mpfvirtual4\Scripts\python.exe
2025-10-20 22:31:38,273 : INFO : Machine : Python version: 3.9.13 (64-bit)
2025-10-20 22:31:38,275 : INFO : Machine : Initializing MPF...
2025-10-20 22:31:38,631 : INFO : EventManager : Event: ======'machine_var_credits_string'====== Args={'value': 'FREE PLAY', 'prev_value': None, 'change': True}
2025-10-20 22:31:38,683 : INFO : EventManager : Event: ======'machine_var_credit_units'====== Args={'value': 0, 'prev_value': None, 'change': True}
2025-10-20 22:31:38,683 : INFO : EventManager : Event: ======'machine_var_free_play'====== Args={'value': False, 'prev_value': None, 'change': True}
2025-10-20 22:31:38,683 : INFO : EventManager : Event: ======'machine_var_master_volume'====== Args={'value': 0.7, 'prev_value': None, 'change': True}
2025-10-20 22:31:38,684 : INFO : EventManager : Event: ======'machine_var_player1_score'====== Args={'value': 300, 'prev_value': None, 'change': True}
2025-10-20 22:31:38,684 : INFO : EventManager : Event: ======'machine_var_mpf_version'====== Args={'value': 'Mission Pinball Framework v0.57.0.dev39', 'prev_value': None, 'change': True}
2025-10-20 22:31:38,684 : INFO : EventManager : Event: ======'machine_var_mpf_extended_version'====== Args={'value': 'Mission Pinball Framework v0.57.0.dev39, Config version:6, Show version: 6, BCP version:1.1', 'prev_value': None, 'change': True}
2025-10-20 22:31:38,684 : INFO : EventManager : Event: ======'machine_var_python_version'====== Args={'value': '3.9.13', 'prev_value': None, 'change': True}
2025-10-20 22:31:38,693 : INFO : EventManager : Event: ======'machine_var_platform'====== Args={'value': 'Windows-10-10.0.19045-SP0', 'prev_value': None, 'change': True}
2025-10-20 22:31:38,693 : INFO : EventManager : Event: ======'machine_var_platform_system'====== Args={'value': 'Windows', 'prev_value': None, 'change': True}
2025-10-20 22:31:38,693 : INFO : EventManager : Event: ======'machine_var_platform_release'====== Args={'value': '10', 'prev_value': None, 'change': True}
2025-10-20 22:31:38,693 : INFO : EventManager : Event: ======'machine_var_platform_version'====== Args={'value': '10.0.19045', 'prev_value': None, 'change': True}
2025-10-20 22:31:38,693 : INFO : EventManager : Event: ======'machine_var_platform_machine'====== Args={'value': 'AMD64', 'prev_value': None, 'change': True}
2025-10-20 22:31:38,693 : INFO : EventManager : Event: ======'init_phase_1'====== Args={}
2025-10-20 22:31:38,750 : INFO : EventManager : Event: ======'drop_target_bank_TIME_up'====== Args={}
2025-10-20 22:31:38,750 : INFO : EventManager : Event: ======'drop_target_bank_CENTER_up'====== Args={}
2025-10-20 22:31:38,750 : INFO : EventManager : Event: ======'drop_target_bank_TRAVEL_up'====== Args={}
2025-10-20 22:31:38,751 : INFO : EventManager : Event: ======'init_phase_2'====== Args={}
2025-10-20 22:31:38,751 : INFO : SwitchController : Found active switch: ('2', <Platform.SmartVirtual>) <switch.s_trough1>
2025-10-20 22:31:38,751 : INFO : SwitchController : Found active switch: ('3', <Platform.SmartVirtual>) <switch.s_trough2>
2025-10-20 22:31:38,751 : INFO : SwitchController : Found active switch: ('4', <Platform.SmartVirtual>) <switch.s_trough3>
2025-10-20 22:31:38,751 : INFO : SwitchController : Found active switch: ('5', <Platform.SmartVirtual>) <switch.s_trough4>
2025-10-20 22:31:38,751 : INFO : SwitchController : Found active switch: ('6', <Platform.SmartVirtual>) <switch.s_trough5>
2025-10-20 22:31:38,751 : INFO : SwitchController : Found active switch: ('7', <Platform.SmartVirtual>) <switch.s_trough6>
2025-10-20 22:31:38,760 : INFO : EventManager : Event: ======'bcp_connection_attempt'====== Args={'name': 'local_display', 'host': 'localhost', 'port': 5050}
2025-10-20 22:31:38,762 : INFO : BCPClientSocket : Connecting BCP to 'local_display' at localhost:5050...
2025-10-20 22:31:40,795 : INFO : BCPClientSocket : Connected BCP to 'local_display' localhost:5050
2025-10-20 22:31:40,795 : INFO : EventManager : Event: ======'bcp_clients_connected'====== Args={}
2025-10-20 22:31:41,078 : INFO : ball_device.bd_trough : BCH: Initial count: 6
2025-10-20 22:31:41,079 : INFO : EventManager : Event: ======'machine_var_mc_version'====== Args={'value': 'MPF-MC v0.57.0.dev10', 'prev_value': None, 'change': True}
2025-10-20 22:31:41,079 : INFO : EventManager : Event: ======'machine_var_mc_extended_version'====== Args={'value': 'MPF-MC v0.57.0.dev10 (config_version=6, BCP v1.1,                      Requires MPF API compatibility v0.57.0.dev19 or newer)', 'prev_value': None, 'change': True}
2025-10-20 22:31:41,081 : INFO : ball_device.bd_trough : State: idle
2025-10-20 22:31:41,164 : INFO : ball_device.bd_plunger : BCH: Initial count: 0
2025-10-20 22:31:41,164 : INFO : ball_device.bd_plunger : State: idle
2025-10-20 22:31:41,165 : INFO : ball_device.bd_left_scoop : BCH: Initial count: 0
2025-10-20 22:31:41,165 : INFO : ball_device.bd_left_scoop : State: idle
2025-10-20 22:31:41,165 : INFO : ball_device.bd_center_scoop : BCH: Initial count: 0
2025-10-20 22:31:41,165 : INFO : ball_device.bd_center_scoop : State: idle
2025-10-20 22:31:41,165 : INFO : ball_device.bd_right_scoop : BCH: Initial count: 0
2025-10-20 22:31:41,166 : INFO : ball_device.bd_right_scoop : State: idle
2025-10-20 22:31:41,178 : INFO : EventManager : Event: ======'init_phase_3'====== Args={}
2025-10-20 22:31:41,237 : INFO : EventManager : Event: ======'init_phase_4'====== Args={}
2025-10-20 22:31:41,238 : INFO : BallController : Initial balls found: 6
2025-10-20 22:31:41,239 : INFO : EventManager : Event: ======'machine_var_audits_events_game_ended'====== Args={'value': 73, 'prev_value': None, 'change': True}
2025-10-20 22:31:41,239 : INFO : EventManager : Event: ======'machine_var_audits_events_game_started'====== Args={'value': 376, 'prev_value': None, 'change': True}
2025-10-20 22:31:41,239 : INFO : EventManager : Event: ======'machine_var_audits_missing_switches_s_A'====== Args={'value': 67, 'prev_value': None, 'change': True}
2025-10-20 22:31:41,239 : INFO : EventManager : Event: ======'machine_var_audits_missing_switches_s_E'====== Args={'value': 7, 'prev_value': None, 'change': True}
2025-10-20 22:31:41,240 : INFO : EventManager : Event: ======'machine_var_audits_missing_switches_s_Eb'====== Args={'value': 67, 'prev_value': None, 'change': True}
2025-10-20 22:31:41,240 : INFO : EventManager : Event: ======'machine_var_audits_missing_switches_s_I'====== Args={'value': 7, 'prev_value': None, 'change': True}
2025-10-20 22:31:41,240 : INFO : EventManager : Event: ======'machine_var_audits_missing_switches_s_L'====== Args={'value': 67, 'prev_value': None, 'change': True}
2025-10-20 22:31:41,240 : INFO : EventManager : Event: ======'machine_var_audits_missing_switches_s_M'====== Args={'value': 7, 'prev_value': None, 'change': True}
2025-10-20 22:31:41,240 : INFO : EventManager : Event: ======'machine_var_audits_missing_switches_s_R'====== Args={'value': 67, 'prev_value': None, 'change': True}
2025-10-20 22:31:41,240 : INFO : EventManager : Event: ======'machine_var_audits_missing_switches_s_T'====== Args={'value': 7, 'prev_value': None, 'change': True}
2025-10-20 22:31:41,240 : INFO : EventManager : Event: ======'machine_var_audits_missing_switches_s_Tb'====== Args={'value': 67, 'prev_value': None, 'change': True}
2025-10-20 22:31:41,241 : INFO : EventManager : Event: ======'machine_var_audits_missing_switches_s_V'====== Args={'value': 67, 'prev_value': None, 'change': True}
2025-10-20 22:31:41,241 : INFO : EventManager : Event: ======'machine_var_audits_missing_switches_s_bumper1'====== Args={'value': 6, 'prev_value': None, 'change': True}
2025-10-20 22:31:41,241 : INFO : EventManager : Event: ======'machine_var_audits_missing_switches_s_bumper_1'====== Args={'value': 28, 'prev_value': None, 'change': True}
2025-10-20 22:31:41,241 : INFO : EventManager : Event: ======'machine_var_audits_missing_switches_s_bumper_2'====== Args={'value': 28, 'prev_value': None, 'change': True}
2025-10-20 22:31:41,241 : INFO : EventManager : Event: ======'machine_var_audits_missing_switches_s_center_center_target'====== Args={'value': 31, 'prev_value': None, 'change': True}
2025-10-20 22:31:41,241 : INFO : EventManager : Event: ======'machine_var_audits_missing_switches_s_center_rollover'====== Args={'value': 1, 'prev_value': None, 'change': True}
2025-10-20 22:31:41,241 : INFO : EventManager : Event: ======'machine_var_audits_missing_switches_s_center_scoop'====== Args={'value': 11, 'prev_value': None, 'change': True}
2025-10-20 22:31:41,242 : INFO : EventManager : Event: ======'machine_var_audits_missing_switches_s_coin_left'====== Args={'value': 2, 'prev_value': None, 'change': True}
2025-10-20 22:31:41,242 : INFO : EventManager : Event: ======'machine_var_audits_missing_switches_s_door_open'====== Args={'value': 11, 'prev_value': None, 'change': True}
2025-10-20 22:31:41,242 : INFO : EventManager : Event: ======'machine_var_audits_missing_switches_s_launcher_lane_spinner'====== Args={'value': 42, 'prev_value': None, 'change': True}
2025-10-20 22:31:41,242 : INFO : EventManager : Event: ======'machine_var_audits_missing_switches_s_left_center_target'====== Args={'value': 31, 'prev_value': None, 'change': True}
2025-10-20 22:31:41,242 : INFO : EventManager : Event: ======'machine_var_audits_missing_switches_s_left_corridor_spinner'====== Args={'value': 12, 'prev_value': None, 'change': True}
2025-10-20 22:31:41,242 : INFO : EventManager : Event: ======'machine_var_audits_missing_switches_s_left_corridor_spinner2'====== Args={'value': 37, 'prev_value': None, 'change': True}
2025-10-20 22:31:41,242 : INFO : EventManager : Event: ======'machine_var_audits_missing_switches_s_left_flipper'====== Args={'value': 3, 'prev_value': None, 'change': True}
2025-10-20 22:31:41,243 : INFO : EventManager : Event: ======'machine_var_audits_missing_switches_s_left_inlane'====== Args={'value': 10, 'prev_value': None, 'change': True}
2025-10-20 22:31:41,243 : INFO : EventManager : Event: ======'machine_var_audits_missing_switches_s_left_outlane'====== Args={'value': 10, 'prev_value': None, 'change': True}
2025-10-20 22:31:41,243 : INFO : EventManager : Event: ======'machine_var_audits_missing_switches_s_left_rollover'====== Args={'value': 1, 'prev_value': None, 'change': True}
2025-10-20 22:31:41,243 : INFO : EventManager : Event: ======'machine_var_audits_missing_switches_s_left_standup'====== Args={'value': 42, 'prev_value': None, 'change': True}
2025-10-20 22:31:41,243 : INFO : EventManager : Event: ======'machine_var_audits_missing_switches_s_right_center_target'====== Args={'value': 31, 'prev_value': None, 'change': True}
2025-10-20 22:31:41,243 : INFO : EventManager : Event: ======'machine_var_audits_missing_switches_s_right_corridor_spinner'====== Args={'value': 37, 'prev_value': None, 'change': True}
2025-10-20 22:31:41,244 : INFO : EventManager : Event: ======'machine_var_audits_missing_switches_s_right_flipper'====== Args={'value': 3, 'prev_value': None, 'change': True}
2025-10-20 22:31:41,244 : INFO : EventManager : Event: ======'machine_var_audits_missing_switches_s_right_inlane'====== Args={'value': 10, 'prev_value': None, 'change': True}
2025-10-20 22:31:41,245 : INFO : EventManager : Event: ======'machine_var_audits_missing_switches_s_right_outlane'====== Args={'value': 10, 'prev_value': None, 'change': True}
2025-10-20 22:31:41,245 : INFO : EventManager : Event: ======'machine_var_audits_missing_switches_s_right_rollover'====== Args={'value': 1, 'prev_value': None, 'change': True}
2025-10-20 22:31:41,246 : INFO : EventManager : Event: ======'machine_var_audits_missing_switches_s_right_standup'====== Args={'value': 11, 'prev_value': None, 'change': True}
2025-10-20 22:31:41,246 : INFO : EventManager : Event: ======'machine_var_audits_missing_switches_s_service_coin'====== Args={'value': 57, 'prev_value': None, 'change': True}
2025-10-20 22:31:41,246 : INFO : EventManager : Event: ======'machine_var_audits_missing_switches_s_service_down'====== Args={'value': 11, 'prev_value': None, 'change': True}
2025-10-20 22:31:41,246 : INFO : EventManager : Event: ======'machine_var_audits_missing_switches_s_service_enter'====== Args={'value': 11, 'prev_value': None, 'change': True}
2025-10-20 22:31:41,246 : INFO : EventManager : Event: ======'machine_var_audits_missing_switches_s_service_esc'====== Args={'value': 11, 'prev_value': None, 'change': True}
2025-10-20 22:31:41,247 : INFO : EventManager : Event: ======'machine_var_audits_missing_switches_s_service_up'====== Args={'value': 11, 'prev_value': None, 'change': True}
2025-10-20 22:31:41,247 : INFO : EventManager : Event: ======'machine_var_audits_missing_switches_s_sling_left'====== Args={'value': 329, 'prev_value': None, 'change': True}
2025-10-20 22:31:41,247 : INFO : EventManager : Event: ======'machine_var_audits_missing_switches_s_sling_right'====== Args={'value': 225, 'prev_value': None, 'change': True}
2025-10-20 22:31:41,248 : INFO : EventManager : Event: ======'machine_var_audits_missing_switches_s_standup_2'====== Args={'value': 15, 'prev_value': None, 'change': True}
2025-10-20 22:31:41,248 : INFO : EventManager : Event: ======'machine_var_audits_missing_switches_s_standup_3'====== Args={'value': 15, 'prev_value': None, 'change': True}
2025-10-20 22:31:41,248 : INFO : EventManager : Event: ======'machine_var_audits_missing_switches_s_standup_4'====== Args={'value': 15, 'prev_value': None, 'change': True}
2025-10-20 22:31:41,248 : INFO : EventManager : Event: ======'machine_var_audits_missing_switches_s_standup_5'====== Args={'value': 15, 'prev_value': None, 'change': True}
2025-10-20 22:31:41,249 : INFO : EventManager : Event: ======'machine_var_audits_missing_switches_s_standup_6'====== Args={'value': 15, 'prev_value': None, 'change': True}
2025-10-20 22:31:41,249 : INFO : EventManager : Event: ======'machine_var_audits_missing_switches_s_start'====== Args={'value': 2, 'prev_value': None, 'change': True}
2025-10-20 22:31:41,249 : INFO : EventManager : Event: ======'machine_var_audits_missing_switches_s_top_left_standup'====== Args={'value': 42, 'prev_value': None, 'change': True}
2025-10-20 22:31:41,250 : INFO : EventManager : Event: ======'machine_var_audits_missing_switches_s_top_left_standup2'====== Args={'value': 42, 'prev_value': None, 'change': True}
2025-10-20 22:31:41,250 : INFO : EventManager : Event: ======'machine_var_audits_missing_switches_s_trough2'====== Args={'value': 61, 'prev_value': None, 'change': True}
2025-10-20 22:31:41,250 : INFO : EventManager : Event: ======'machine_var_audits_missing_switches_s_trough3'====== Args={'value': 376, 'prev_value': None, 'change': True}
2025-10-20 22:31:41,250 : INFO : EventManager : Event: ======'machine_var_audits_missing_switches_s_trough4'====== Args={'value': 376, 'prev_value': None, 'change': True}
2025-10-20 22:31:41,251 : INFO : EventManager : Event: ======'machine_var_audits_missing_switches_s_trough5'====== Args={'value': 376, 'prev_value': None, 'change': True}
2025-10-20 22:31:41,251 : INFO : EventManager : Event: ======'machine_var_audits_missing_switches_s_trough6'====== Args={'value': 376, 'prev_value': None, 'change': True}
2025-10-20 22:31:41,251 : INFO : EventManager : Event: ======'machine_var_audits_missing_switches_s_trough_jam'====== Args={'value': 60, 'prev_value': None, 'change': True}
2025-10-20 22:31:41,251 : INFO : EventManager : Event: ======'machine_var_audits_player_score'====== Args={'value': {'average': 6450684, 'top': [75043600, 70538842, 47521800, 45002500, 43517500, 42224750, 41236342, 31835000, 17715450, 15508500], 'total': 77}, 'prev_value': None, 'change': True}
2025-10-20 22:31:41,252 : INFO : EventManager : Event: ======'machine_var_audits_shots_A'====== Args={'value': 50, 'prev_value': None, 'change': True}
2025-10-20 22:31:41,252 : INFO : EventManager : Event: ======'machine_var_audits_shots_E'====== Args={'value': 213, 'prev_value': None, 'change': True}
2025-10-20 22:31:41,252 : INFO : EventManager : Event: ======'machine_var_audits_shots_Eb'====== Args={'value': 42, 'prev_value': None, 'change': True}
2025-10-20 22:31:41,252 : INFO : EventManager : Event: ======'machine_var_audits_shots_I'====== Args={'value': 206, 'prev_value': None, 'change': True}
2025-10-20 22:31:41,252 : INFO : EventManager : Event: ======'machine_var_audits_shots_L'====== Args={'value': 43, 'prev_value': None, 'change': True}
2025-10-20 22:31:41,253 : INFO : EventManager : Event: ======'machine_var_audits_shots_M'====== Args={'value': 208, 'prev_value': None, 'change': True}
2025-10-20 22:31:41,253 : INFO : EventManager : Event: ======'machine_var_audits_shots_R'====== Args={'value': 62, 'prev_value': None, 'change': True}
2025-10-20 22:31:41,253 : INFO : EventManager : Event: ======'machine_var_audits_shots_T'====== Args={'value': 208, 'prev_value': None, 'change': True}
2025-10-20 22:31:41,253 : INFO : EventManager : Event: ======'machine_var_audits_shots_Tb'====== Args={'value': 84, 'prev_value': None, 'change': True}
2025-10-20 22:31:41,254 : INFO : EventManager : Event: ======'machine_var_audits_shots_V'====== Args={'value': 43, 'prev_value': None, 'change': True}
2025-10-20 22:31:41,254 : INFO : EventManager : Event: ======'machine_var_audits_shots_bumper1_shot'====== Args={'value': 343, 'prev_value': None, 'change': True}
2025-10-20 22:31:41,254 : INFO : EventManager : Event: ======'machine_var_audits_shots_bumper2_shot'====== Args={'value': 883, 'prev_value': None, 'change': True}
2025-10-20 22:31:41,255 : INFO : EventManager : Event: ======'machine_var_audits_shots_center_center_droptarget'====== Args={'value': 21, 'prev_value': None, 'change': True}
2025-10-20 22:31:41,255 : INFO : EventManager : Event: ======'machine_var_audits_shots_center_rollover'====== Args={'value': 7, 'prev_value': None, 'change': True}
2025-10-20 22:31:41,255 : INFO : EventManager : Event: ======'machine_var_audits_shots_center_rollover_shot'====== Args={'value': 350, 'prev_value': None, 'change': True}
2025-10-20 22:31:41,255 : INFO : EventManager : Event: ======'machine_var_audits_shots_center_scoop_shot'====== Args={'value': 9, 'prev_value': None, 'change': True}
2025-10-20 22:31:41,256 : INFO : EventManager : Event: ======'machine_var_audits_shots_jets'====== Args={'value': 1167, 'prev_value': None, 'change': True}
2025-10-20 22:31:41,256 : INFO : EventManager : Event: ======'machine_var_audits_shots_left_center_droptarget'====== Args={'value': 21, 'prev_value': None, 'change': True}
2025-10-20 22:31:41,256 : INFO : EventManager : Event: ======'machine_var_audits_shots_left_corridor_spinner'====== Args={'value': 9, 'prev_value': None, 'change': True}
2025-10-20 22:31:41,257 : INFO : EventManager : Event: ======'machine_var_audits_shots_left_corridor_spinner2'====== Args={'value': 10, 'prev_value': None, 'change': True}
2025-10-20 22:31:41,257 : INFO : EventManager : Event: ======'machine_var_audits_shots_left_corridor_spinner_shot'====== Args={'value': 186, 'prev_value': None, 'change': True}
2025-10-20 22:31:41,258 : INFO : EventManager : Event: ======'machine_var_audits_shots_left_inlane_shot'====== Args={'value': 8, 'prev_value': None, 'change': True}
2025-10-20 22:31:41,258 : INFO : EventManager : Event: ======'machine_var_audits_shots_left_outlane_shot'====== Args={'value': 8, 'prev_value': None, 'change': True}
2025-10-20 22:31:41,258 : INFO : EventManager : Event: ======'machine_var_audits_shots_left_rollover'====== Args={'value': 36, 'prev_value': None, 'change': True}
2025-10-20 22:31:41,259 : INFO : EventManager : Event: ======'machine_var_audits_shots_left_rollover_shot'====== Args={'value': 287, 'prev_value': None, 'change': True}
2025-10-20 22:31:41,259 : INFO : EventManager : Event: ======'machine_var_audits_shots_left_scoop_shot'====== Args={'value': 41, 'prev_value': None, 'change': True}
2025-10-20 22:31:41,260 : INFO : EventManager : Event: ======'machine_var_audits_shots_left_standup_shot'====== Args={'value': 15, 'prev_value': None, 'change': True}
2025-10-20 22:31:41,260 : INFO : EventManager : Event: ======'machine_var_audits_shots_letf_inlane_shot'====== Args={'value': 6, 'prev_value': None, 'change': True}
2025-10-20 22:31:41,260 : INFO : EventManager : Event: ======'machine_var_audits_shots_letf_outlane_shot'====== Args={'value': 5, 'prev_value': None, 'change': True}
2025-10-20 22:31:41,261 : INFO : EventManager : Event: ======'machine_var_audits_shots_middle_inlane_shot'====== Args={'value': 20, 'prev_value': None, 'change': True}
2025-10-20 22:31:41,262 : INFO : EventManager : Event: ======'machine_var_audits_shots_my_first_shot'====== Args={'value': 95, 'prev_value': None, 'change': True}
2025-10-20 22:31:41,262 : INFO : EventManager : Event: ======'machine_var_audits_shots_right_center_droptarget'====== Args={'value': 22, 'prev_value': None, 'change': True}
2025-10-20 22:31:41,263 : INFO : EventManager : Event: ======'machine_var_audits_shots_right_corridor_spinner'====== Args={'value': 3, 'prev_value': None, 'change': True}
2025-10-20 22:31:41,264 : INFO : EventManager : Event: ======'machine_var_audits_shots_right_inlane_shot'====== Args={'value': 115, 'prev_value': None, 'change': True}
2025-10-20 22:31:41,264 : INFO : EventManager : Event: ======'machine_var_audits_shots_right_outlane_shot'====== Args={'value': 37, 'prev_value': None, 'change': True}
2025-10-20 22:31:41,264 : INFO : EventManager : Event: ======'machine_var_audits_shots_right_rollover'====== Args={'value': 41, 'prev_value': None, 'change': True}
2025-10-20 22:31:41,265 : INFO : EventManager : Event: ======'machine_var_audits_shots_right_rollover_shot'====== Args={'value': 419, 'prev_value': None, 'change': True}
2025-10-20 22:31:41,265 : INFO : EventManager : Event: ======'machine_var_audits_shots_right_scoop_shot'====== Args={'value': 62, 'prev_value': None, 'change': True}
2025-10-20 22:31:41,266 : INFO : EventManager : Event: ======'machine_var_audits_shots_right_standup'====== Args={'value': 41, 'prev_value': None, 'change': True}
2025-10-20 22:31:41,266 : INFO : EventManager : Event: ======'machine_var_audits_shots_right_standup_shot'====== Args={'value': 24, 'prev_value': None, 'change': True}
2025-10-20 22:31:41,267 : INFO : EventManager : Event: ======'machine_var_audits_shots_standup_1_skill'====== Args={'value': 65, 'prev_value': None, 'change': True}
2025-10-20 22:31:41,267 : INFO : EventManager : Event: ======'machine_var_audits_shots_standup_2_skill'====== Args={'value': 31, 'prev_value': None, 'change': True}
2025-10-20 22:31:41,267 : INFO : EventManager : Event: ======'machine_var_audits_shots_standup_3_skill'====== Args={'value': 13, 'prev_value': None, 'change': True}
2025-10-20 22:31:41,268 : INFO : EventManager : Event: ======'machine_var_audits_shots_standup_4_skill'====== Args={'value': 9, 'prev_value': None, 'change': True}
2025-10-20 22:31:41,268 : INFO : EventManager : Event: ======'machine_var_audits_shots_standup_5_skill'====== Args={'value': 4, 'prev_value': None, 'change': True}
2025-10-20 22:31:41,268 : INFO : EventManager : Event: ======'machine_var_audits_shots_standup_6_skill'====== Args={'value': 2, 'prev_value': None, 'change': True}
2025-10-20 22:31:41,269 : INFO : EventManager : Event: ======'machine_var_audits_shots_top_left_standup2_shot'====== Args={'value': 17, 'prev_value': None, 'change': True}
2025-10-20 22:31:41,269 : INFO : EventManager : Event: ======'machine_var_audits_shots_top_left_standup_shot'====== Args={'value': 8, 'prev_value': None, 'change': True}
2025-10-20 22:31:41,270 : INFO : EventManager : Event: ======'machine_var_audits_shots_top_middle_inlane_shot'====== Args={'value': 41, 'prev_value': None, 'change': True}
2025-10-20 22:31:41,270 : INFO : EventManager : Event: ======'machine_var_audits_switches_s_A'====== Args={'value': 0, 'prev_value': None, 'change': True}
2025-10-20 22:31:41,271 : INFO : EventManager : Event: ======'machine_var_audits_switches_s_E'====== Args={'value': 218, 'prev_value': None, 'change': True}
2025-10-20 22:31:41,271 : INFO : EventManager : Event: ======'machine_var_audits_switches_s_Eb'====== Args={'value': 0, 'prev_value': None, 'change': True}
2025-10-20 22:31:41,272 : INFO : EventManager : Event: ======'machine_var_audits_switches_s_I'====== Args={'value': 211, 'prev_value': None, 'change': True}
2025-10-20 22:31:41,272 : INFO : EventManager : Event: ======'machine_var_audits_switches_s_L'====== Args={'value': 0, 'prev_value': None, 'change': True}
2025-10-20 22:31:41,273 : INFO : EventManager : Event: ======'machine_var_audits_switches_s_M'====== Args={'value': 213, 'prev_value': None, 'change': True}
2025-10-20 22:31:41,273 : INFO : EventManager : Event: ======'machine_var_audits_switches_s_R'====== Args={'value': 0, 'prev_value': None, 'change': True}
2025-10-20 22:31:41,273 : INFO : EventManager : Event: ======'machine_var_audits_switches_s_T'====== Args={'value': 212, 'prev_value': None, 'change': True}
2025-10-20 22:31:41,274 : INFO : EventManager : Event: ======'machine_var_audits_switches_s_Tb'====== Args={'value': 0, 'prev_value': None, 'change': True}
2025-10-20 22:31:41,274 : INFO : EventManager : Event: ======'machine_var_audits_switches_s_V'====== Args={'value': 0, 'prev_value': None, 'change': True}
2025-10-20 22:31:41,274 : INFO : EventManager : Event: ======'machine_var_audits_switches_s_bumper1'====== Args={'value': 343, 'prev_value': None, 'change': True}
2025-10-20 22:31:41,275 : INFO : EventManager : Event: ======'machine_var_audits_switches_s_bumper2'====== Args={'value': 887, 'prev_value': None, 'change': True}
2025-10-20 22:31:41,275 : INFO : EventManager : Event: ======'machine_var_audits_switches_s_bumper_1'====== Args={'value': 0, 'prev_value': None, 'change': True}
2025-10-20 22:31:41,275 : INFO : EventManager : Event: ======'machine_var_audits_switches_s_bumper_2'====== Args={'value': 0, 'prev_value': None, 'change': True}
2025-10-20 22:31:41,276 : INFO : EventManager : Event: ======'machine_var_audits_switches_s_center_center_target'====== Args={'value': 27, 'prev_value': None, 'change': True}
2025-10-20 22:31:41,276 : INFO : EventManager : Event: ======'machine_var_audits_switches_s_center_rollover'====== Args={'value': 361, 'prev_value': None, 'change': True}
2025-10-20 22:31:41,276 : INFO : EventManager : Event: ======'machine_var_audits_switches_s_center_scoop'====== Args={'value': 23, 'prev_value': None, 'change': True}
2025-10-20 22:31:41,277 : INFO : EventManager : Event: ======'machine_var_audits_switches_s_coin_left'====== Args={'value': 19, 'prev_value': None, 'change': True}
2025-10-20 22:31:41,278 : INFO : EventManager : Event: ======'machine_var_audits_switches_s_door_open'====== Args={'value': 3, 'prev_value': None, 'change': True}
2025-10-20 22:31:41,278 : INFO : EventManager : Event: ======'machine_var_audits_switches_s_launcher_lane_spinner'====== Args={'value': 9, 'prev_value': None, 'change': True}
2025-10-20 22:31:41,278 : INFO : EventManager : Event: ======'machine_var_audits_switches_s_left_center_target'====== Args={'value': 28, 'prev_value': None, 'change': True}
2025-10-20 22:31:41,279 : INFO : EventManager : Event: ======'machine_var_audits_switches_s_left_corridor_spinner'====== Args={'value': 227, 'prev_value': None, 'change': True}
2025-10-20 22:31:41,280 : INFO : EventManager : Event: ======'machine_var_audits_switches_s_left_corridor_spinner2'====== Args={'value': 14, 'prev_value': None, 'change': True}
2025-10-20 22:31:41,280 : INFO : EventManager : Event: ======'machine_var_audits_switches_s_left_flipper'====== Args={'value': 364, 'prev_value': None, 'change': True}
2025-10-20 22:31:41,281 : INFO : EventManager : Event: ======'machine_var_audits_switches_s_left_inlane'====== Args={'value': 24, 'prev_value': None, 'change': True}
2025-10-20 22:31:41,281 : INFO : EventManager : Event: ======'machine_var_audits_switches_s_left_outlane'====== Args={'value': 16, 'prev_value': None, 'change': True}
2025-10-20 22:31:41,281 : INFO : EventManager : Event: ======'machine_var_audits_switches_s_left_rollover'====== Args={'value': 298, 'prev_value': None, 'change': True}
2025-10-20 22:31:41,282 : INFO : EventManager : Event: ======'machine_var_audits_switches_s_left_scoop'====== Args={'value': 258, 'prev_value': None, 'change': True}
2025-10-20 22:31:41,282 : INFO : EventManager : Event: ======'machine_var_audits_switches_s_left_standup'====== Args={'value': 20, 'prev_value': None, 'change': True}
2025-10-20 22:31:41,282 : INFO : EventManager : Event: ======'machine_var_audits_switches_s_middle_inlane'====== Args={'value': 20, 'prev_value': None, 'change': True}
2025-10-20 22:31:41,283 : INFO : EventManager : Event: ======'machine_var_audits_switches_s_plunger'====== Args={'value': 656, 'prev_value': None, 'change': True}
2025-10-20 22:31:41,283 : INFO : EventManager : Event: ======'machine_var_audits_switches_s_right_center_target'====== Args={'value': 31, 'prev_value': None, 'change': True}
2025-10-20 22:31:41,283 : INFO : EventManager : Event: ======'machine_var_audits_switches_s_right_corridor_spinner'====== Args={'value': 24, 'prev_value': None, 'change': True}
2025-10-20 22:31:41,284 : INFO : EventManager : Event: ======'machine_var_audits_switches_s_right_flipper'====== Args={'value': 156, 'prev_value': None, 'change': True}
2025-10-20 22:31:41,285 : INFO : EventManager : Event: ======'machine_var_audits_switches_s_right_inlane'====== Args={'value': 242, 'prev_value': None, 'change': True}
2025-10-20 22:31:41,285 : INFO : EventManager : Event: ======'machine_var_audits_switches_s_right_outlane'====== Args={'value': 43, 'prev_value': None, 'change': True}
2025-10-20 22:31:41,285 : INFO : EventManager : Event: ======'machine_var_audits_switches_s_right_rollover'====== Args={'value': 428, 'prev_value': None, 'change': True}
2025-10-20 22:31:41,286 : INFO : EventManager : Event: ======'machine_var_audits_switches_s_right_scoop'====== Args={'value': 79, 'prev_value': None, 'change': True}
2025-10-20 22:31:41,286 : INFO : EventManager : Event: ======'machine_var_audits_switches_s_right_standup'====== Args={'value': 173, 'prev_value': None, 'change': True}
2025-10-20 22:31:41,287 : INFO : EventManager : Event: ======'machine_var_audits_switches_s_service_coin'====== Args={'value': 1, 'prev_value': None, 'change': True}
2025-10-20 22:31:41,287 : INFO : EventManager : Event: ======'machine_var_audits_switches_s_service_down'====== Args={'value': 28, 'prev_value': None, 'change': True}
2025-10-20 22:31:41,287 : INFO : EventManager : Event: ======'machine_var_audits_switches_s_service_enter'====== Args={'value': 12, 'prev_value': None, 'change': True}
2025-10-20 22:31:41,288 : INFO : EventManager : Event: ======'machine_var_audits_switches_s_service_esc'====== Args={'value': 10, 'prev_value': None, 'change': True}
2025-10-20 22:31:41,288 : INFO : EventManager : Event: ======'machine_var_audits_switches_s_service_up'====== Args={'value': 31, 'prev_value': None, 'change': True}
2025-10-20 22:31:41,289 : INFO : EventManager : Event: ======'machine_var_audits_switches_s_sling_left'====== Args={'value': 3, 'prev_value': None, 'change': True}
2025-10-20 22:31:41,289 : INFO : EventManager : Event: ======'machine_var_audits_switches_s_sling_right'====== Args={'value': 8, 'prev_value': None, 'change': True}
2025-10-20 22:31:41,289 : INFO : EventManager : Event: ======'machine_var_audits_switches_s_standup_1'====== Args={'value': 168, 'prev_value': None, 'change': True}
2025-10-20 22:31:41,290 : INFO : EventManager : Event: ======'machine_var_audits_switches_s_standup_2'====== Args={'value': 105, 'prev_value': None, 'change': True}
2025-10-20 22:31:41,290 : INFO : EventManager : Event: ======'machine_var_audits_switches_s_standup_3'====== Args={'value': 93, 'prev_value': None, 'change': True}
2025-10-20 22:31:41,291 : INFO : EventManager : Event: ======'machine_var_audits_switches_s_standup_4'====== Args={'value': 68, 'prev_value': None, 'change': True}
2025-10-20 22:31:41,291 : INFO : EventManager : Event: ======'machine_var_audits_switches_s_standup_5'====== Args={'value': 66, 'prev_value': None, 'change': True}
2025-10-20 22:31:41,292 : INFO : EventManager : Event: ======'machine_var_audits_switches_s_standup_6'====== Args={'value': 57, 'prev_value': None, 'change': True}
2025-10-20 22:31:41,292 : INFO : EventManager : Event: ======'machine_var_audits_switches_s_start'====== Args={'value': 61, 'prev_value': None, 'change': True}
2025-10-20 22:31:41,292 : INFO : EventManager : Event: ======'machine_var_audits_switches_s_tilt'====== Args={'value': 15, 'prev_value': None, 'change': True}
2025-10-20 22:31:41,293 : INFO : EventManager : Event: ======'machine_var_audits_switches_s_top_left_standup'====== Args={'value': 19, 'prev_value': None, 'change': True}
2025-10-20 22:31:41,293 : INFO : EventManager : Event: ======'machine_var_audits_switches_s_top_left_standup2'====== Args={'value': 37, 'prev_value': None, 'change': True}
2025-10-20 22:31:41,294 : INFO : EventManager : Event: ======'machine_var_audits_switches_s_top_middle_inlane'====== Args={'value': 41, 'prev_value': None, 'change': True}
2025-10-20 22:31:41,295 : INFO : EventManager : Event: ======'machine_var_audits_switches_s_trough1'====== Args={'value': 380, 'prev_value': None, 'change': True}
2025-10-20 22:31:41,296 : INFO : EventManager : Event: ======'machine_var_audits_switches_s_trough2'====== Args={'value': 1, 'prev_value': None, 'change': True}
2025-10-20 22:31:41,296 : INFO : EventManager : Event: ======'machine_var_audits_switches_s_trough3'====== Args={'value': 0, 'prev_value': None, 'change': True}
2025-10-20 22:31:41,297 : INFO : EventManager : Event: ======'machine_var_audits_switches_s_trough4'====== Args={'value': 0, 'prev_value': None, 'change': True}
2025-10-20 22:31:41,297 : INFO : EventManager : Event: ======'machine_var_audits_switches_s_trough5'====== Args={'value': 0, 'prev_value': None, 'change': True}
2025-10-20 22:31:41,298 : INFO : EventManager : Event: ======'machine_var_audits_switches_s_trough6'====== Args={'value': 0, 'prev_value': None, 'change': True}
2025-10-20 22:31:41,298 : INFO : EventManager : Event: ======'machine_var_audits_switches_s_trough_jam'====== Args={'value': 2, 'prev_value': None, 'change': True}
2025-10-20 22:31:41,299 : INFO : EventManager : Event: ======'init_phase_5'====== Args={}
2025-10-20 22:31:41,348 : INFO : EventManager : Event: ======'init_done'====== Args={}
2025-10-20 22:31:41,351 : INFO : BcpServer : New client connected.
2025-10-20 22:31:41,389 : INFO : EventManager : Event: ======'machine_reset_phase_1'====== Args={}
2025-10-20 22:31:41,390 : INFO : EventManager : Event: ======'slide_window_slide_1_removed'====== Args={'_from_bcp': True}
2025-10-20 22:31:41,394 : INFO : EventManager : Event: ======'slide_window_slide_1_created'====== Args={'_from_bcp': True}
2025-10-20 22:31:41,394 : INFO : EventManager : Event: ======'slide_window_slide_1_active'====== Args={'_from_bcp': True}
2025-10-20 22:31:41,412 : INFO : EventManager : Event: ======'machine_reset_phase_2'====== Args={}
2025-10-20 22:31:41,412 : INFO : EventManager : Event: ======'machine_reset_phase_3'====== Args={}
2025-10-20 22:31:41,413 : INFO : EventManager : Event: ======'mode_tilt_will_start'====== Args={'queue': <QueuedEvent>}
2025-10-20 22:31:41,414 : INFO : EventManager : Event: ======'mode_tilt_starting'====== Args={'queue': <QueuedEvent>}
2025-10-20 22:31:41,414 : INFO : drop_target_bank.TIME : All targets are already up. Will not reset bank.
2025-10-20 22:31:41,414 : INFO : drop_target_bank.CENTER : All targets are already up. Will not reset bank.
2025-10-20 22:31:41,414 : INFO : drop_target_bank.TRAVEL : All targets are already up. Will not reset bank.
2025-10-20 22:31:41,414 : INFO : Mode.tilt : Started. Priority: 1000000
2025-10-20 22:31:41,414 : INFO : EventManager : Event: ======'modes_active_modes_changed'====== Args={}
2025-10-20 22:31:41,414 : INFO : EventManager : Event: ======'mode_tilt_started'====== Args={'queue': <QueuedEvent>}
2025-10-20 22:31:41,415 : ERROR : asyncio : Exception in callback EventManager.process_event_queue()
handle: <Handle EventManager.process_event_queue()>
Traceback (most recent call last):
  File "C:\Users\richa\mpfvirtual4\lib\site-packages\mpf\core\placeholder_manager.py", line 79, in evaluate
    result = self.placeholder_manager.evaluate_template(self.template, parameters)
  File "C:\Users\richa\mpfvirtual4\lib\site-packages\mpf\core\placeholder_manager.py", line 855, in evaluate_template
    return self._eval(template, parameters, False)[0]
  File "C:\Users\richa\mpfvirtual4\lib\site-packages\mpf\core\placeholder_manager.py", line 797, in _eval
    return self._eval_methods[type(node)](node, variables, subscribe)
  File "C:\Users\richa\mpfvirtual4\lib\site-packages\mpf\core\placeholder_manager.py", line 746, in _eval_attribute
    ret_value = getattr(slice_value, node.attr)
  File "C:\Users\richa\mpfvirtual4\lib\site-packages\mpf\core\placeholder_manager.py", line 631, in __getattr__
    return self._machine.settings.get_setting_value(item)
  File "C:\Users\richa\mpfvirtual4\lib\site-packages\mpf\core\settings_controller.py", line 80, in get_setting_value
    raise AssertionError("Invalid setting {}".format(setting_name))
AssertionError: Invalid setting settle_time

The above exception was the direct cause of the following exception:

Traceback (most recent call last):
  File "C:\Users\richa\AppData\Local\Programs\Python\Python39\lib\asyncio\events.py", line 80, in _run
    self._context.run(self._callback, *self._args)
  File "C:\Users\richa\mpfvirtual4\lib\site-packages\mpf\core\events.py", line 858, in process_event_queue
    callback(**kwargs)
  File "C:\Users\richa\mpfvirtual4\lib\site-packages\mpf\core\mode.py", line 266, in _mode_started_callback
    self.mode_start(**self.start_event_kwargs)
  File "C:\Users\richa\mpfvirtual4\lib\site-packages\mpf\modes\tilt\code\tilt.py", line 62, in mode_start
    self._settle_time = self.tilt_config['settle_time'].evaluate([])
  File "C:\Users\richa\mpfvirtual4\lib\site-packages\mpf\core\placeholder_manager.py", line 89, in evaluate
    raise AssertionError("Failed to evaluate {} template {} with parameters {}".format(
AssertionError: Failed to evaluate <class 'mpf.core.placeholder_manager.IntTemplate'> template settings.settle_time with parameters []
2025-10-20 22:31:41,417 : INFO : EventManager : Event: ======'reset_complete'====== Args={}
2025-10-20 22:31:41,417 : INFO : EventManager : Event: ======'mode_credits_will_start'====== Args={}
2025-10-20 22:31:41,418 : INFO : EventManager : Event: ======'mode_credits_starting'====== Args={}
2025-10-20 22:31:41,418 : INFO : EventManager : Event: ======'mode_attract_will_start'====== Args={}
2025-10-20 22:31:41,418 : INFO : EventManager : Event: ======'mode_attract_starting'====== Args={}
2025-10-20 22:31:41,419 : INFO : Mode.attract : Will not start because machine is shutting down.
2025-10-20 22:31:41,419 : INFO : Mode.credits : Will not start because machine is shutting down.
2025-10-20 22:31:41,452 : INFO : Machine : Starting the main run loop.
2025-10-20 22:31:41,453 : INFO : Machine : Shutting down...
2025-10-20 22:31:41,454 : INFO : EventManager : Event: ======'shutdown'====== Args={}
2025-10-20 22:31:41,456 : ERROR : Machine : Runtime Exception
Traceback (most recent call last):
  File "C:\Users\richa\mpfvirtual4\lib\site-packages\mpf\core\placeholder_manager.py", line 79, in evaluate
    result = self.placeholder_manager.evaluate_template(self.template, parameters)
  File "C:\Users\richa\mpfvirtual4\lib\site-packages\mpf\core\placeholder_manager.py", line 855, in evaluate_template
    return self._eval(template, parameters, False)[0]
  File "C:\Users\richa\mpfvirtual4\lib\site-packages\mpf\core\placeholder_manager.py", line 797, in _eval
    return self._eval_methods[type(node)](node, variables, subscribe)
  File "C:\Users\richa\mpfvirtual4\lib\site-packages\mpf\core\placeholder_manager.py", line 746, in _eval_attribute
    ret_value = getattr(slice_value, node.attr)
  File "C:\Users\richa\mpfvirtual4\lib\site-packages\mpf\core\placeholder_manager.py", line 631, in __getattr__
    return self._machine.settings.get_setting_value(item)
  File "C:\Users\richa\mpfvirtual4\lib\site-packages\mpf\core\settings_controller.py", line 80, in get_setting_value
    raise AssertionError("Invalid setting {}".format(setting_name))
AssertionError: Invalid setting settle_time

The above exception was the direct cause of the following exception:

Traceback (most recent call last):
  File "C:\Users\richa\mpfvirtual4\lib\site-packages\mpf\core\machine.py", line 788, in _run_loop
    raise self._exception['exception']
  File "C:\Users\richa\AppData\Local\Programs\Python\Python39\lib\asyncio\events.py", line 80, in _run
    self._context.run(self._callback, *self._args)
  File "C:\Users\richa\mpfvirtual4\lib\site-packages\mpf\core\events.py", line 858, in process_event_queue
    callback(**kwargs)
  File "C:\Users\richa\mpfvirtual4\lib\site-packages\mpf\core\mode.py", line 266, in _mode_started_callback
    self.mode_start(**self.start_event_kwargs)
  File "C:\Users\richa\mpfvirtual4\lib\site-packages\mpf\modes\tilt\code\tilt.py", line 62, in mode_start
    self._settle_time = self.tilt_config['settle_time'].evaluate([])
  File "C:\Users\richa\mpfvirtual4\lib\site-packages\mpf\core\placeholder_manager.py", line 89, in evaluate
    raise AssertionError("Failed to evaluate {} template {} with parameters {}".format(
AssertionError: Failed to evaluate <class 'mpf.core.placeholder_manager.IntTemplate'> template settings.settle_time with parameters []
2025-10-20 22:34:16,181 : ERROR : root : 
Traceback (most recent call last):
  File "C:\Users\richa\mpfvirtual4\lib\site-packages\mpf\core\placeholder_manager.py", line 79, in evaluate
    result = self.placeholder_manager.evaluate_template(self.template, parameters)
  File "C:\Users\richa\mpfvirtual4\lib\site-packages\mpf\core\placeholder_manager.py", line 855, in evaluate_template
    return self._eval(template, parameters, False)[0]
  File "C:\Users\richa\mpfvirtual4\lib\site-packages\mpf\core\placeholder_manager.py", line 797, in _eval
    return self._eval_methods[type(node)](node, variables, subscribe)
  File "C:\Users\richa\mpfvirtual4\lib\site-packages\mpf\core\placeholder_manager.py", line 746, in _eval_attribute
    ret_value = getattr(slice_value, node.attr)
  File "C:\Users\richa\mpfvirtual4\lib\site-packages\mpf\core\placeholder_manager.py", line 631, in __getattr__
    return self._machine.settings.get_setting_value(item)
  File "C:\Users\richa\mpfvirtual4\lib\site-packages\mpf\core\settings_controller.py", line 80, in get_setting_value
    raise AssertionError("Invalid setting {}".format(setting_name))
AssertionError: Invalid setting settle_time

The above exception was the direct cause of the following exception:

Traceback (most recent call last):
  File "C:\Users\richa\mpfvirtual4\lib\site-packages\mpf\core\machine.py", line 788, in _run_loop
    raise self._exception['exception']
  File "C:\Users\richa\AppData\Local\Programs\Python\Python39\lib\asyncio\events.py", line 80, in _run
    self._context.run(self._callback, *self._args)
  File "C:\Users\richa\mpfvirtual4\lib\site-packages\mpf\core\events.py", line 858, in process_event_queue
    callback(**kwargs)
  File "C:\Users\richa\mpfvirtual4\lib\site-packages\mpf\core\mode.py", line 266, in _mode_started_callback
    self.mode_start(**self.start_event_kwargs)
  File "C:\Users\richa\mpfvirtual4\lib\site-packages\mpf\modes\tilt\code\tilt.py", line 62, in mode_start
    self._settle_time = self.tilt_config['settle_time'].evaluate([])
  File "C:\Users\richa\mpfvirtual4\lib\site-packages\mpf\core\placeholder_manager.py", line 89, in evaluate
    raise AssertionError("Failed to evaluate {} template {} with parameters {}".format(
AssertionError: Failed to evaluate <class 'mpf.core.placeholder_manager.IntTemplate'> template settings.settle_time with parameters []

During handling of the above exception, another exception occurred:

Traceback (most recent call last):
  File "C:\Users\richa\mpfvirtual4\lib\site-packages\mpf\commands\game.py", line 236, in __init__
    self.machine.run()
  File "C:\Users\richa\mpfvirtual4\lib\site-packages\mpf\core\machine.py", line 684, in run
    self._run_loop()
  File "C:\Users\richa\mpfvirtual4\lib\site-packages\mpf\core\machine.py", line 791, in _run_loop
    report_crash(self._exception['exception'], "exception_during_run", self.config)
  File "C:\Users\richa\mpfvirtual4\lib\site-packages\mpf\core\crash_reporter.py", line 236, in report_crash
    response = input("Do you want to report the crash to the MPF team (yes/no/show)? ")
EOFError
