2025-10-10 08:07:39,566 : kivy : deps: Successfully imported "kivy_deps.gstreamer" 0.3.3
2025-10-10 08:07:39,566 : kivy : deps: Successfully imported "kivy_deps.angle" 0.3.3
2025-10-10 08:07:39,566 : kivy : deps: Successfully imported "kivy_deps.glew" 0.3.1
2025-10-10 08:07:39,567 : kivy : deps: Successfully imported "kivy_deps.sdl2" 0.6.0
2025-10-10 08:07:39,567 : kivy : Kivy: v2.2.1
2025-10-10 08:07:39,567 : kivy : Kivy: Installed at "C:\Users\richa\mpfvirtual4\lib\site-packages\kivy\__init__.py"
2025-10-10 08:07:39,567 : kivy : Python: v3.9.13 (tags/v3.9.13:6de2ca5, May 17 2022, 16:36:42) [MSC v.1929 64 bit (AMD64)]
2025-10-10 08:07:39,567 : kivy : Python: Interpreter at "C:\Users\richa\mpfvirtual4\Scripts\python.exe"
2025-10-10 08:07:39,583 : kivy : Factory: 190 symbols loaded
2025-10-10 08:07:39,796 : kivy : ImageLoaderFFPy: Using ffpyplayer 4.5.0
2025-10-10 08:07:39,796 : kivy : Image: Providers: img_tex, img_dds, img_sdl2, img_pil, img_ffpyplayer 
2025-10-10 08:07:39,961 : kivy : VideoGstplayer: Using Gstreamer 1.18.5.0
2025-10-10 08:07:39,961 : kivy : Video: Provider: gstplayer
2025-10-10 08:07:40,000 : root : Loading MPF-MC controller
2025-10-10 08:07:40,003 : YamlMultifileConfigLoader : Machine config file #1: config
2025-10-10 08:07:40,004 : ConfigProcessor : Config file in cache changed: C:\Users\richa\ttp7\config\config
2025-10-10 08:07:40,004 : ConfigProcessor : Loading config from file C:\Users\richa\mpfvirtual4\lib\site-packages\mpfmc\mcconfig.yaml.
2025-10-10 08:07:40,013 : ConfigProcessor : Loading config: C:\Users\richa\mpfvirtual4\lib\site-packages\mpfmc\mcconfig.yaml
2025-10-10 08:07:40,014 : ConfigProcessor : Loading config from file C:\Users\richa\ttp7\config\config.
2025-10-10 08:07:40,016 : ConfigProcessor : Loading config: C:\Users\richa\ttp7\config\config
2025-10-10 08:07:40,017 : ConfigProcessor : Loading config: C:\Users\richa\ttp7\config\config_sounds.yaml
2025-10-10 08:07:40,018 : ConfigProcessor : Loading config: C:\Users\richa\ttp7\config\config_ball_devices.yaml
2025-10-10 08:07:40,020 : ConfigProcessor : Loading config: C:\Users\richa\ttp7\config\config_coils.yaml
2025-10-10 08:07:40,021 : ConfigProcessor : Loading config: C:\Users\richa\ttp7\config\config_flippers.yaml
2025-10-10 08:07:40,027 : ConfigProcessor : Loading config: C:\Users\richa\ttp7\config\config_switches.yaml
2025-10-10 08:07:40,032 : ConfigProcessor : Loading config: C:\Users\richa\ttp7\config\config_lights.yaml
2025-10-10 08:07:40,033 : ConfigProcessor : Config file cache created: C:\Users\richa\AppData\Local\Temp\b8d8c5e8bc023a38ee4d8abbd35c8fd3.mpf_cache
2025-10-10 08:07:40,034 : ConfigProcessor : Loading config from cache: C:\Users\richa\AppData\Local\Temp\70233839fc0b792ce11a62f3c18c1950.mpf_cache
2025-10-10 08:07:40,034 : ConfigProcessor : Loading config from cache: C:\Users\richa\AppData\Local\Temp\9c8dea79ca4d15ee886340e992e8cb9d.mpf_cache
2025-10-10 08:07:40,035 : ConfigProcessor : Loading config from cache: C:\Users\richa\AppData\Local\Temp\67a19b095f918111543419ac0271bfb1.mpf_cache
2025-10-10 08:07:40,035 : ConfigProcessor : Loading config from cache: C:\Users\richa\AppData\Local\Temp\be387b0e8ed00556ec738d83cd6947d1.mpf_cache
2025-10-10 08:07:40,044 : ConfigProcessor : Loading config from cache: C:\Users\richa\AppData\Local\Temp\5a8efabd9666d8c71fa755fc28a9bf1e.mpf_cache
2025-10-10 08:07:40,052 : ConfigProcessor : Loading config from cache: C:\Users\richa\AppData\Local\Temp\fb58745e58584e219ff53db445e8e9f2.mpf_cache
2025-10-10 08:07:40,053 : mpfmc : Mission Pinball Framework Media Controller (MPF-MC) v0.57.0.dev10. Requires MPF v0.57.0.dev19 or newer.
2025-10-10 08:07:40,054 : mpfmc : Found MPF v0.57.0.dev39
2025-10-10 08:07:40,054 : mpfmc : Machine path: C:\Users\richa\ttp7
2025-10-10 08:07:40,054 : mpfmc : Starting clock at 60.0Hz
2025-10-10 08:07:40,067 : kivy : Text: Provider: sdl2
2025-10-10 08:07:40,163 : kivy : Window: Provider: sdl2
2025-10-10 08:07:40,605 : kivy : GL: Using the "OpenGL" graphics system
2025-10-10 08:07:40,616 : kivy : GL: GLEW initialization succeeded
2025-10-10 08:07:40,616 : kivy : GL: Backend used <glew>
2025-10-10 08:07:40,616 : kivy : GL: OpenGL version <b'4.6.0 NVIDIA 560.94'>
2025-10-10 08:07:40,616 : kivy : GL: OpenGL vendor <b'NVIDIA Corporation'>
2025-10-10 08:07:40,616 : kivy : GL: OpenGL renderer <b'NVIDIA GeForce RTX 3050/PCIe/SSE2'>
2025-10-10 08:07:40,616 : kivy : GL: OpenGL parsed version: 4, 6
2025-10-10 08:07:40,617 : kivy : GL: Shading version <b'4.60 NVIDIA'>
2025-10-10 08:07:40,617 : kivy : GL: Texture max size <32768>
2025-10-10 08:07:40,617 : kivy : GL: Texture max units <32>
2025-10-10 08:07:40,637 : kivy : Window: auto add sdl2 input provider
2025-10-10 08:07:40,637 : kivy : Window: virtual keyboard not allowed, single mode, not docked
2025-10-10 08:07:41,046 : AudioInterface : Initialized
2025-10-10 08:07:41,046 : AudioInterface : Loaded SDL 2.26.4
2025-10-10 08:07:41,046 : AudioInterface : Loaded SDL_Mixer 2.6.3
2025-10-10 08:07:41,046 : AudioInterface : Loaded GStreamer 1.18.5.0
2025-10-10 08:07:41,046 : AudioInterface : Loaded GLib 2.62.6
2025-10-10 08:07:41,046 : AudioInterface : Settings requested - rate: 44100, channels: 1, buffer: 2048 samples
2025-10-10 08:07:41,047 : AudioInterface : Settings in use - rate: 44100, channels: 1, buffer: 2048 samples (4096 bytes @ 2 bytes per sample)
2025-10-10 08:07:41,047 : SoundSystem : Setting master volume to 0.0
2025-10-10 08:07:41,047 : AudioInterface : Enabling audio playback
2025-10-10 08:07:41,049 : kivy : Base: Start application main loop
2025-10-10 08:07:41,050 : EventManager : Event: ======'display_window_initialized'====== Args={}
2025-10-10 08:07:41,061 : mpfmc : Display: Setting 'window' as default display
2025-10-10 08:07:41,065 : EventManager : Event: ======'displays_initialized'====== Args={}
2025-10-10 08:07:41,066 : EventManager : Event: ======'slide_window_blank_created'====== Args={}
2025-10-10 08:07:41,066 : EventManager : Event: ======'display_window_ready'====== Args={}
2025-10-10 08:07:41,077 : EventManager : Event: ======'init_phase_1'====== Args={}
2025-10-10 08:07:41,079 : EventManager : Event: ======'mc_ready'====== Args={}
2025-10-10 08:07:41,080 : EventManager : Event: ======'init_phase_2'====== Args={}
2025-10-10 08:07:41,081 : ConfigValidator : Your config contains a value for the setting "widgets:text:widgets:text:priority", but this is not a valid setting name.
2025-10-10 08:07:41,081 : kivy : Base: Leaving application in progress...
2025-10-10 08:07:41,081 : root : Exception while processing RegisteredHandler(callback=<bound method ModeController._load_modes of <mpfmc.core.mode_controller.ModeController object at 0x000001CC9CA9C370>>, priority=1, kwargs={}, key=UUID('339a557e-6c09-4f5b-8c02-14b112602d10'), condition=None, blocking_facility=None) for event init_phase_2. Config File Error in ConfigValidator: Error while loading mode 'super_jets_setup' >> Error creating slides config entry for 'super_jets_startup' >> Your config contains a value for the setting "widgets:text:widgets:text:priority", but this is not a valid setting name. Error Code: CFE-ConfigValidator-2 (https://missionpinball.org/logs)
Traceback (most recent call last):
  File "C:\Users\richa\mpfvirtual4\lib\site-packages\mpf\core\events.py", line 751, in _run_handlers
    result = handler.callback(**merged_kwargs)
  File "C:\Users\richa\mpfvirtual4\lib\site-packages\mpfmc\core\mode_controller.py", line 74, in _load_modes
    raise e
  File "C:\Users\richa\mpfvirtual4\lib\site-packages\mpfmc\core\mode_controller.py", line 67, in _load_modes
    item.method(config=mode.config.get(item.config_section),
  File "C:\Users\richa\mpfvirtual4\lib\site-packages\mpfmc\core\config_collection.py", line 60, in create_entries
    raise e
  File "C:\Users\richa\mpfvirtual4\lib\site-packages\mpfmc\core\config_collection.py", line 57, in create_entries
    self[name] = self.process_config(settings)
  File "C:\Users\richa\mpfvirtual4\lib\site-packages\mpfmc\config_collections\slide.py", line 33, in process_config
    config['widgets'][i] = self.mc.widgets.process_widget(widget)
  File "C:\Users\richa\mpfvirtual4\lib\site-packages\mpfmc\config_collections\widget.py", line 81, in process_widget
    self.mc.config_validator.validate_config('widgets:{}'.format(
  File "C:\Users\richa\mpfvirtual4\lib\site-packages\mpf\core\config_validator.py", line 164, in validate_config
    return self._validate_config(config_spec, source, base_spec=base_spec, add_missing_keys=add_missing_keys,
  File "C:\Users\richa\mpfvirtual4\lib\site-packages\mpf\core\config_validator.py", line 177, in _validate_config
    self.check_for_invalid_sections(this_spec, source, validation_failure_info)
  File "C:\Users\richa\mpfvirtual4\lib\site-packages\mpf\core\config_validator.py", line 336, in check_for_invalid_sections
    raise ConfigFileError('Your config contains a value for the '
mpf.exceptions.config_file_error.ConfigFileError: Config File Error in ConfigValidator: Error while loading mode 'super_jets_setup' >> Error creating slides config entry for 'super_jets_startup' >> Your config contains a value for the setting "widgets:text:widgets:text:priority", but this is not a valid setting name. Error Code: CFE-ConfigValidator-2 (https://missionpinball.org/logs)

The above exception was the direct cause of the following exception:

Traceback (most recent call last):
  File "C:\Users\richa\mpfvirtual4\lib\site-packages\mpfmc\commands\mc.py", line 215, in __init__
    MpfMc(options=vars(args),
  File "C:\Users\richa\mpfvirtual4\lib\site-packages\kivy\app.py", line 956, in run
    runTouchApp()
  File "C:\Users\richa\mpfvirtual4\lib\site-packages\kivy\base.py", line 574, in runTouchApp
    EventLoop.mainloop()
  File "C:\Users\richa\mpfvirtual4\lib\site-packages\kivy\base.py", line 339, in mainloop
    self.idle()
  File "C:\Users\richa\mpfvirtual4\lib\site-packages\kivy\base.py", line 379, in idle
    Clock.tick()
  File "C:\Users\richa\mpfvirtual4\lib\site-packages\kivy\clock.py", line 733, in tick
    self.post_idle(ts, self.idle())
  File "C:\Users\richa\mpfvirtual4\lib\site-packages\kivy\clock.py", line 776, in post_idle
    self._process_events()
  File "kivy\_clock.pyx", line 620, in kivy._clock.CyClockBase._process_events
  File "kivy\_clock.pyx", line 653, in kivy._clock.CyClockBase._process_events
  File "kivy\_clock.pyx", line 649, in kivy._clock.CyClockBase._process_events
  File "kivy\_clock.pyx", line 218, in kivy._clock.ClockEvent.tick
  File "C:\Users\richa\mpfvirtual4\lib\site-packages\mpfmc\uix\display.py", line 211, in _displays_initialized
    self.mc.displays_initialized()
  File "C:\Users\richa\mpfvirtual4\lib\site-packages\mpfmc\core\mc.py", line 347, in displays_initialized
    self._init()
  File "C:\Users\richa\mpfvirtual4\lib\site-packages\mpfmc\core\mc.py", line 392, in _init
    self.events.process_event_queue()
  File "C:\Users\richa\mpfvirtual4\lib\site-packages\mpf\core\events.py", line 842, in process_event_queue
    self._process_event(event=event[0],
  File "C:\Users\richa\mpfvirtual4\lib\site-packages\mpf\core\events.py", line 804, in _process_event
    result = self._run_handlers(event, ev_type, kwargs)
  File "C:\Users\richa\mpfvirtual4\lib\site-packages\mpf\core\events.py", line 753, in _run_handlers
    raise EventHandlerException(
mpf.core.events.EventHandlerException: Exception while processing RegisteredHandler(callback=<bound method ModeController._load_modes of <mpfmc.core.mode_controller.ModeController object at 0x000001CC9CA9C370>>, priority=1, kwargs={}, key=UUID('339a557e-6c09-4f5b-8c02-14b112602d10'), condition=None, blocking_facility=None) for event init_phase_2. Config File Error in ConfigValidator: Error while loading mode 'super_jets_setup' >> Error creating slides config entry for 'super_jets_startup' >> Your config contains a value for the setting "widgets:text:widgets:text:priority", but this is not a valid setting name. Error Code: CFE-ConfigValidator-2 (https://missionpinball.org/logs)
2025-10-10 08:07:41,115 : root : Stopping child threads... (1 remaining)
2025-10-10 08:07:42,123 : root : All child threads stopped.
