2025-10-03 18:21:32,104 : INFO : root : Loading config.
2025-10-03 18:21:32,108 : INFO : YamlMultifileConfigLoader : Machine config file #1: config.yaml
2025-10-03 18:21:32,109 : INFO : ConfigProcessor : Loading config from cache: C:\Users\richa\AppData\Local\Temp\bad76953a596b8c99f832e0e98026c3b.mpf_cache
2025-10-03 18:21:32,200 : INFO : ConfigProcessor : Loading config from cache: C:\Users\richa\AppData\Local\Temp\77a998d318c788df5647a1900cedfc56.mpf_cache
2025-10-03 18:21:32,200 : INFO : ConfigProcessor : Loading config from cache: C:\Users\richa\AppData\Local\Temp\9c8dea79ca4d15ee886340e992e8cb9d.mpf_cache
2025-10-03 18:21:32,201 : WARNING : ConfigProcessor : Config file in cache changed: C:\Users\richa\ttp5\modes\base\config\base.yaml
2025-10-03 18:21:32,201 : INFO : ConfigProcessor : Loading config from file C:\Users\richa\ttp5\modes\base\config\base.yaml.
2025-10-03 18:21:32,213 : INFO : ConfigProcessor : Loading config: C:\Users\richa\ttp5\modes\base\config\base.yaml
2025-10-03 18:21:32,213 : INFO : ConfigProcessor : Config file cache created: C:\Users\richa\AppData\Local\Temp\8ddee2e87a4f178751335e99da00e9c4.mpf_cache
2025-10-03 18:21:32,213 : INFO : ConfigProcessor : Loading config from cache: C:\Users\richa\AppData\Local\Temp\16d594341c3fbe91b1b6d496c05a6fb0.mpf_cache
2025-10-03 18:21:32,214 : INFO : ConfigProcessor : Loading config from cache: C:\Users\richa\AppData\Local\Temp\9ea1b14cb2b1cce5e8bf981a1ff8cfc5.mpf_cache
2025-10-03 18:21:32,215 : INFO : Machine : Mission Pinball Framework Core Engine v0.57.0.dev39
2025-10-03 18:21:32,215 : INFO : Machine : Command line arguments: {'no_load_cache': False, 'create_config_cache': True, 'bcp': True, 'configfile': ['config.yaml'], 'force_assets_load': False, 'jsonlogging': False, 'logfile': 'logs\\2025-10-03-18-21-32-mpf-DESKTOP-RK7BE5M.log', 'pause': False, 'production': False, 'text_ui': True, 'loglevel': 15, 'consoleloglevel': 20, 'force_platform': None, 'syslog_address': None, 'mc_file_name': None, 'no_sound': False}
2025-10-03 18:21:32,215 : INFO : Machine : MPF path: C:\Users\richa\mpfvirtual4\lib\site-packages\mpf
2025-10-03 18:21:32,215 : INFO : Machine : Machine path: C:\Users\richa\ttp5
2025-10-03 18:21:32,215 : INFO : Machine : Platform: win32
2025-10-03 18:21:32,215 : INFO : Machine : Python executable location: C:\Users\richa\mpfvirtual4\Scripts\python.exe
2025-10-03 18:21:32,215 : INFO : Machine : Python version: 3.9.13 (64-bit)
2025-10-03 18:21:32,217 : INFO : Machine : Initializing MPF...
2025-10-03 18:21:32,603 : INFO : EventManager : Event: ======'machine_var_credits_string'====== Args={'value': 'FREE PLAY', 'prev_value': None, 'change': True}
2025-10-03 18:21:32,662 : INFO : EventManager : Event: ======'machine_var_master_volume'====== Args={'value': 0.5, 'prev_value': None, 'change': True}
2025-10-03 18:21:32,663 : INFO : EventManager : Event: ======'machine_var_player1_score'====== Args={'value': 14636, 'prev_value': None, 'change': True}
2025-10-03 18:21:32,663 : INFO : EventManager : Event: ======'machine_var_mpf_version'====== Args={'value': 'Mission Pinball Framework v0.57.0.dev39', 'prev_value': None, 'change': True}
2025-10-03 18:21:32,663 : INFO : EventManager : Event: ======'machine_var_mpf_extended_version'====== Args={'value': 'Mission Pinball Framework v0.57.0.dev39, Config version:6, Show version: 6, BCP version:1.1', 'prev_value': None, 'change': True}
2025-10-03 18:21:32,663 : INFO : EventManager : Event: ======'machine_var_python_version'====== Args={'value': '3.9.13', 'prev_value': None, 'change': True}
2025-10-03 18:21:32,673 : INFO : EventManager : Event: ======'machine_var_platform'====== Args={'value': 'Windows-10-10.0.19045-SP0', 'prev_value': None, 'change': True}
2025-10-03 18:21:32,674 : INFO : EventManager : Event: ======'machine_var_platform_system'====== Args={'value': 'Windows', 'prev_value': None, 'change': True}
2025-10-03 18:21:32,674 : INFO : EventManager : Event: ======'machine_var_platform_release'====== Args={'value': '10', 'prev_value': None, 'change': True}
2025-10-03 18:21:32,674 : INFO : EventManager : Event: ======'machine_var_platform_version'====== Args={'value': '10.0.19045', 'prev_value': None, 'change': True}
2025-10-03 18:21:32,674 : INFO : EventManager : Event: ======'machine_var_platform_machine'====== Args={'value': 'AMD64', 'prev_value': None, 'change': True}
2025-10-03 18:21:32,674 : INFO : EventManager : Event: ======'init_phase_1'====== Args={}
2025-10-03 18:21:32,693 : INFO : EventManager : Event: ======'init_phase_2'====== Args={}
2025-10-03 18:21:32,694 : INFO : SwitchController : Found active switch: ('2', <Platform.SmartVirtual>) <switch.s_trough1>
2025-10-03 18:21:32,694 : INFO : SwitchController : Found active switch: ('3', <Platform.SmartVirtual>) <switch.s_trough2>
2025-10-03 18:21:32,694 : INFO : SwitchController : Found active switch: ('4', <Platform.SmartVirtual>) <switch.s_trough3>
2025-10-03 18:21:32,694 : INFO : SwitchController : Found active switch: ('5', <Platform.SmartVirtual>) <switch.s_trough4>
2025-10-03 18:21:32,694 : INFO : SwitchController : Found active switch: ('6', <Platform.SmartVirtual>) <switch.s_trough5>
2025-10-03 18:21:32,694 : INFO : SwitchController : Found active switch: ('7', <Platform.SmartVirtual>) <switch.s_trough6>
2025-10-03 18:21:32,698 : INFO : EventManager : Event: ======'bcp_connection_attempt'====== Args={'name': 'local_display', 'host': 'localhost', 'port': 5050}
2025-10-03 18:21:32,700 : INFO : BCPClientSocket : Connecting BCP to 'local_display' at localhost:5050...
2025-10-03 18:21:34,715 : INFO : BCPClientSocket : Connected BCP to 'local_display' localhost:5050
2025-10-03 18:21:34,716 : INFO : EventManager : Event: ======'bcp_clients_connected'====== Args={}
2025-10-03 18:21:35,183 : INFO : EventManager : Event: ======'machine_var_mc_version'====== Args={'value': 'MPF-MC v0.57.0.dev10', 'prev_value': None, 'change': True}
2025-10-03 18:21:35,183 : INFO : EventManager : Event: ======'machine_var_mc_extended_version'====== Args={'value': 'MPF-MC v0.57.0.dev10 (config_version=6, BCP v1.1,                      Requires MPF API compatibility v0.57.0.dev19 or newer)', 'prev_value': None, 'change': True}
2025-10-03 18:21:35,185 : INFO : ball_device.bd_trough : BCH: Initial count: 6
2025-10-03 18:21:35,235 : INFO : ball_device.bd_trough : State: idle
2025-10-03 18:21:35,236 : INFO : ball_device.bd_plunger : BCH: Initial count: 0
2025-10-03 18:21:35,236 : INFO : ball_device.bd_plunger : State: idle
2025-10-03 18:21:35,253 : INFO : EventManager : Event: ======'init_phase_3'====== Args={}
2025-10-03 18:21:35,256 : INFO : EventManager : Event: ======'init_phase_4'====== Args={}
2025-10-03 18:21:35,256 : INFO : BallController : Initial balls found: 6
2025-10-03 18:21:35,257 : INFO : EventManager : Event: ======'machine_var_audits_events_game_ended'====== Args={'value': 10, 'prev_value': None, 'change': True}
2025-10-03 18:21:35,258 : INFO : EventManager : Event: ======'machine_var_audits_events_game_started'====== Args={'value': 38, 'prev_value': None, 'change': True}
2025-10-03 18:21:35,258 : INFO : EventManager : Event: ======'machine_var_audits_missing_switches_s_center_rollover'====== Args={'value': 1, 'prev_value': None, 'change': True}
2025-10-03 18:21:35,258 : INFO : EventManager : Event: ======'machine_var_audits_missing_switches_s_left_flipper'====== Args={'value': 1, 'prev_value': None, 'change': True}
2025-10-03 18:21:35,258 : INFO : EventManager : Event: ======'machine_var_audits_missing_switches_s_left_inlane'====== Args={'value': 1, 'prev_value': None, 'change': True}
2025-10-03 18:21:35,258 : INFO : EventManager : Event: ======'machine_var_audits_missing_switches_s_left_outlane'====== Args={'value': 1, 'prev_value': None, 'change': True}
2025-10-03 18:21:35,258 : INFO : EventManager : Event: ======'machine_var_audits_missing_switches_s_right_flipper'====== Args={'value': 1, 'prev_value': None, 'change': True}
2025-10-03 18:21:35,258 : INFO : EventManager : Event: ======'machine_var_audits_missing_switches_s_right_outlane'====== Args={'value': 1, 'prev_value': None, 'change': True}
2025-10-03 18:21:35,259 : INFO : EventManager : Event: ======'machine_var_audits_missing_switches_s_sling_left'====== Args={'value': 5, 'prev_value': None, 'change': True}
2025-10-03 18:21:35,259 : INFO : EventManager : Event: ======'machine_var_audits_missing_switches_s_sling_right'====== Args={'value': 5, 'prev_value': None, 'change': True}
2025-10-03 18:21:35,259 : INFO : EventManager : Event: ======'machine_var_audits_missing_switches_s_start'====== Args={'value': 2, 'prev_value': None, 'change': True}
2025-10-03 18:21:35,259 : INFO : EventManager : Event: ======'machine_var_audits_missing_switches_s_trough2'====== Args={'value': 38, 'prev_value': None, 'change': True}
2025-10-03 18:21:35,259 : INFO : EventManager : Event: ======'machine_var_audits_missing_switches_s_trough3'====== Args={'value': 38, 'prev_value': None, 'change': True}
2025-10-03 18:21:35,259 : INFO : EventManager : Event: ======'machine_var_audits_missing_switches_s_trough4'====== Args={'value': 38, 'prev_value': None, 'change': True}
2025-10-03 18:21:35,259 : INFO : EventManager : Event: ======'machine_var_audits_missing_switches_s_trough5'====== Args={'value': 38, 'prev_value': None, 'change': True}
2025-10-03 18:21:35,260 : INFO : EventManager : Event: ======'machine_var_audits_missing_switches_s_trough6'====== Args={'value': 38, 'prev_value': None, 'change': True}
2025-10-03 18:21:35,260 : INFO : EventManager : Event: ======'machine_var_audits_missing_switches_s_trough_jam'====== Args={'value': 38, 'prev_value': None, 'change': True}
2025-10-03 18:21:35,260 : INFO : EventManager : Event: ======'machine_var_audits_player_score'====== Args={'value': {'average': 11645, 'top': [28284, 25272, 22800, 14636, 13400, 11420, 10700, 8000, 2562, 0], 'total': 12}, 'prev_value': None, 'change': True}
2025-10-03 18:21:35,260 : INFO : EventManager : Event: ======'machine_var_audits_shots_center_rollover_shot'====== Args={'value': 12, 'prev_value': None, 'change': True}
2025-10-03 18:21:35,260 : INFO : EventManager : Event: ======'machine_var_audits_shots_middle_inlane_shot'====== Args={'value': 20, 'prev_value': None, 'change': True}
2025-10-03 18:21:35,260 : INFO : EventManager : Event: ======'machine_var_audits_shots_my_first_shot'====== Args={'value': 68, 'prev_value': None, 'change': True}
2025-10-03 18:21:35,260 : INFO : EventManager : Event: ======'machine_var_audits_shots_top_middle_inlane_shot'====== Args={'value': 41, 'prev_value': None, 'change': True}
2025-10-03 18:21:35,261 : INFO : EventManager : Event: ======'machine_var_audits_switches_s_center_rollover'====== Args={'value': 12, 'prev_value': None, 'change': True}
2025-10-03 18:21:35,261 : INFO : EventManager : Event: ======'machine_var_audits_switches_s_left_flipper'====== Args={'value': 260, 'prev_value': None, 'change': True}
2025-10-03 18:21:35,261 : INFO : EventManager : Event: ======'machine_var_audits_switches_s_left_inlane'====== Args={'value': 7, 'prev_value': None, 'change': True}
2025-10-03 18:21:35,261 : INFO : EventManager : Event: ======'machine_var_audits_switches_s_left_outlane'====== Args={'value': 3, 'prev_value': None, 'change': True}
2025-10-03 18:21:35,261 : INFO : EventManager : Event: ======'machine_var_audits_switches_s_middle_inlane'====== Args={'value': 20, 'prev_value': None, 'change': True}
2025-10-03 18:21:35,261 : INFO : EventManager : Event: ======'machine_var_audits_switches_s_plunger'====== Args={'value': 76, 'prev_value': None, 'change': True}
2025-10-03 18:21:35,262 : INFO : EventManager : Event: ======'machine_var_audits_switches_s_right_flipper'====== Args={'value': 78, 'prev_value': None, 'change': True}
2025-10-03 18:21:35,262 : INFO : EventManager : Event: ======'machine_var_audits_switches_s_right_inlane'====== Args={'value': 100, 'prev_value': None, 'change': True}
2025-10-03 18:21:35,262 : INFO : EventManager : Event: ======'machine_var_audits_switches_s_right_outlane'====== Args={'value': 3, 'prev_value': None, 'change': True}
2025-10-03 18:21:35,262 : INFO : EventManager : Event: ======'machine_var_audits_switches_s_sling_left'====== Args={'value': 2, 'prev_value': None, 'change': True}
2025-10-03 18:21:35,262 : INFO : EventManager : Event: ======'machine_var_audits_switches_s_sling_right'====== Args={'value': 1, 'prev_value': None, 'change': True}
2025-10-03 18:21:35,262 : INFO : EventManager : Event: ======'machine_var_audits_switches_s_start'====== Args={'value': 12, 'prev_value': None, 'change': True}
2025-10-03 18:21:35,263 : INFO : EventManager : Event: ======'machine_var_audits_switches_s_top_middle_inlane'====== Args={'value': 41, 'prev_value': None, 'change': True}
2025-10-03 18:21:35,263 : INFO : EventManager : Event: ======'machine_var_audits_switches_s_trough1'====== Args={'value': 55, 'prev_value': None, 'change': True}
2025-10-03 18:21:35,263 : INFO : EventManager : Event: ======'machine_var_audits_switches_s_trough2'====== Args={'value': 0, 'prev_value': None, 'change': True}
2025-10-03 18:21:35,263 : INFO : EventManager : Event: ======'machine_var_audits_switches_s_trough3'====== Args={'value': 0, 'prev_value': None, 'change': True}
2025-10-03 18:21:35,264 : INFO : EventManager : Event: ======'machine_var_audits_switches_s_trough4'====== Args={'value': 0, 'prev_value': None, 'change': True}
2025-10-03 18:21:35,264 : INFO : EventManager : Event: ======'machine_var_audits_switches_s_trough5'====== Args={'value': 0, 'prev_value': None, 'change': True}
2025-10-03 18:21:35,264 : INFO : EventManager : Event: ======'machine_var_audits_switches_s_trough6'====== Args={'value': 0, 'prev_value': None, 'change': True}
2025-10-03 18:21:35,264 : INFO : EventManager : Event: ======'machine_var_audits_switches_s_trough_jam'====== Args={'value': 0, 'prev_value': None, 'change': True}
2025-10-03 18:21:35,265 : INFO : EventManager : Event: ======'init_phase_5'====== Args={}
2025-10-03 18:21:35,314 : INFO : EventManager : Event: ======'init_done'====== Args={}
2025-10-03 18:21:35,332 : INFO : EventManager : Event: ======'machine_reset_phase_1'====== Args={}
2025-10-03 18:21:35,336 : INFO : EventManager : Event: ======'machine_reset_phase_2'====== Args={}
2025-10-03 18:21:35,336 : INFO : EventManager : Event: ======'machine_reset_phase_3'====== Args={}
2025-10-03 18:21:35,337 : INFO : EventManager : Event: ======'reset_complete'====== Args={}
2025-10-03 18:21:35,337 : INFO : EventManager : Event: ======'mode_attract_will_start'====== Args={}
2025-10-03 18:21:35,337 : INFO : EventManager : Event: ======'mode_attract_starting'====== Args={}
2025-10-03 18:21:35,338 : INFO : Mode.attract : Started. Priority: 10
2025-10-03 18:21:35,338 : INFO : EventManager : Event: ======'modes_active_modes_changed'====== Args={}
2025-10-03 18:21:35,338 : INFO : EventManager : Event: ======'mode_attract_started'====== Args={}
2025-10-03 18:21:35,338 : INFO : EventManager : Event: ======'collecting_balls_complete'====== Args={}
2025-10-03 18:21:35,381 : INFO : EventManager : Event: ======'slide_awesome_slide_created'====== Args={'_from_bcp': True}
2025-10-03 18:21:35,381 : INFO : EventManager : Event: ======'slide_awesome_slide_active'====== Args={'_from_bcp': True}
2025-10-03 18:21:35,381 : INFO : Machine : Starting the main run loop.
2025-10-03 18:21:35,606 : INFO : BcpServer : New client connected.
2025-10-03 18:21:38,248 : INFO : SwitchController : <<<<<<< 's_start' active >>>>>>>
2025-10-03 18:21:38,355 : INFO : EventManager : Event: ======'slide_press_start_created'====== Args={'_from_bcp': True}
2025-10-03 18:21:38,355 : INFO : EventManager : Event: ======'slide_press_start_active'====== Args={'_from_bcp': True}
2025-10-03 18:21:38,357 : INFO : SwitchController : <<<<<<< 's_start' inactive >>>>>>>
2025-10-03 18:21:38,357 : INFO : EventManager : Event: ======'request_to_start_game'====== Args={}
2025-10-03 18:21:38,357 : INFO : EventManager : Event: ======'game_start'====== Args={'buttons': [], 'hold_time': 0.10899999999674037}
2025-10-03 18:21:38,358 : INFO : EventManager : Event: ======'mode_game_will_start'====== Args={'buttons': [], 'hold_time': 0.10899999999674037}
2025-10-03 18:21:38,358 : INFO : EventManager : Event: ======'mode_game_starting'====== Args={'buttons': [], 'hold_time': 0.10899999999674037}
2025-10-03 18:21:38,358 : INFO : EventManager : Event: ======'mode_attract_will_stop'====== Args={}
2025-10-03 18:21:38,358 : INFO : EventManager : Event: ======'mode_attract_stopping'====== Args={}
2025-10-03 18:21:38,358 : INFO : Mode.attract : Stopped.
2025-10-03 18:21:38,358 : INFO : EventManager : Event: ======'modes_active_modes_changed'====== Args={}
2025-10-03 18:21:38,359 : INFO : EventManager : Event: ======'mode_attract_stopped'====== Args={}
2025-10-03 18:21:38,359 : INFO : EventManager : Event: ======'clear'====== Args={'key': 'attract'}
2025-10-03 18:21:38,359 : INFO : Mode.game : Started. Priority: 20
2025-10-03 18:21:38,359 : INFO : EventManager : Event: ======'modes_active_modes_changed'====== Args={}
2025-10-03 18:21:38,359 : INFO : EventManager : Event: ======'mode_game_started'====== Args={'buttons': [], 'hold_time': 0.10899999999674037}
2025-10-03 18:21:38,369 : INFO : EventManager : Event: ======'game_will_start'====== Args={}
2025-10-03 18:21:38,370 : INFO : EventManager : Event: ======'game_starting'====== Args={'game': <Mode.game>}
2025-10-03 18:21:38,371 : INFO : EventManager : Unordered handler for class <Auditor> on event game_ended with priority 1. Handlers: [RegisteredHandler(callback=<bound method Auditor.disable of <Auditor>>, priority=1, kwargs={}, key=UUID('4eed9a10-510a-4721-928d-ca26609c90c9'), condition=None, blocking_facility=None), RegisteredHandler(callback=<bound method Auditor._save_audits of <Auditor>>, priority=1, kwargs={}, key=UUID('b4efd805-68ce-42a6-8537-a1199c7d4136'), condition=None, blocking_facility=None)]. The order of those handlers is not defined and they will be executed in random order. This might lead to race conditions and potential bugs.
2025-10-03 18:21:38,371 : INFO : EventManager : Event: ======'player_add_request'====== Args={}
2025-10-03 18:21:38,371 : INFO : EventManager : Event: ======'player_will_add'====== Args={'number': 1}
2025-10-03 18:21:38,372 : INFO : EventManager : Event: ======'player_adding'====== Args={'player': <Player 1>, 'number': 1}
2025-10-03 18:21:38,372 : INFO : EventManager : Event: ======'player_added'====== Args={'player': <Player 1>, 'num': 1}
2025-10-03 18:21:38,372 : INFO : Mode.game : Player added successfully. Total players: 1
2025-10-03 18:21:38,372 : INFO : EventManager : Event: ======'player_index'====== Args={'value': 0, 'prev_value': 0, 'change': 0, 'player_num': 1}
2025-10-03 18:21:38,372 : INFO : EventManager : Event: ======'player_number'====== Args={'value': 1, 'prev_value': 1, 'change': 0, 'player_num': 1}
2025-10-03 18:21:38,372 : INFO : EventManager : Event: ======'player_score'====== Args={'value': 0, 'prev_value': 0, 'change': 0, 'player_num': 1}
2025-10-03 18:21:38,373 : INFO : EventManager : Event: ======'game_started'====== Args={}
2025-10-03 18:21:38,383 : INFO : EventManager : Event: ======'player_turn_will_start'====== Args={'player': <Player 1>, 'number': 1}
2025-10-03 18:21:38,387 : INFO : EventManager : Event: ======'slide_awesome_slide_removed'====== Args={'_from_bcp': True}
2025-10-03 18:21:38,387 : INFO : EventManager : Event: ======'slide_press_start_removed'====== Args={'_from_bcp': True}
2025-10-03 18:21:38,387 : INFO : EventManager : Event: ======'slide_window_blank_active'====== Args={'_from_bcp': True}
2025-10-03 18:21:38,387 : INFO : EventManager : Event: ======'player_turn_starting'====== Args={'player': <Player 1>, 'number': 1}
2025-10-03 18:21:38,388 : INFO : EventManager : Event: ======'player_ball'====== Args={'value': 1, 'prev_value': 0, 'change': 1, 'player_num': 1}
2025-10-03 18:21:38,388 : INFO : EventManager : Event: ======'player_turn_started'====== Args={'player': <Player 1>, 'number': 1}
2025-10-03 18:21:38,389 : INFO : EventManager : Event: ======'ball_will_start'====== Args={'player': 1, 'ball': 1, 'balls_remaining': 2, 'is_extra_ball': False}
2025-10-03 18:21:38,392 : INFO : EventManager : Event: ======'ball_starting'====== Args={'player': 1, 'ball': 1, 'balls_remaining': 2, 'is_extra_ball': False}
2025-10-03 18:21:38,393 : INFO : EventManager : Event: ======'balls_in_play'====== Args={'balls': 1}
2025-10-03 18:21:38,394 : INFO : EventManager : Event: ======'ball_started'====== Args={'player': 1, 'ball': 1, 'balls_remaining': 2, 'is_extra_ball': False}
2025-10-03 18:21:38,394 : INFO : EventManager : Event: ======'mode_base_will_start'====== Args={'player': 1, 'ball': 1, 'balls_remaining': 2, 'is_extra_ball': False}
2025-10-03 18:21:38,394 : INFO : EventManager : Event: ======'player_shot_my_first_shot_enabled'====== Args={'value': True, 'prev_value': 0, 'change': 1, 'player_num': 1}
2025-10-03 18:21:38,395 : INFO : EventManager : Event: ======'player_shot_center_rollover_shot_enabled'====== Args={'value': True, 'prev_value': 0, 'change': 1, 'player_num': 1}
2025-10-03 18:21:38,395 : ERROR : asyncio : Exception in callback EventManager.process_event_queue()
handle: <Handle EventManager.process_event_queue()>
Traceback (most recent call last):
  File "C:\Users\richa\mpfvirtual4\lib\site-packages\mpf\core\events.py", line 751, in _run_handlers
    result = handler.callback(**merged_kwargs)
  File "C:\Users\richa\mpfvirtual4\lib\site-packages\mpf\core\mode.py", line 198, in start
    self._add_mode_devices()
  File "C:\Users\richa\mpfvirtual4\lib\site-packages\mpf\core\mode.py", line 408, in _add_mode_devices
    device.device_loaded_in_mode(mode=self, player=self.player)
  File "C:\Users\richa\mpfvirtual4\lib\site-packages\mpf\devices\shot.py", line 68, in device_loaded_in_mode
    self._update_show()
  File "C:\Users\richa\mpfvirtual4\lib\site-packages\mpf\devices\shot.py", line 207, in _update_show
    self._play_show(settings=state_settings)
  File "C:\Users\richa\mpfvirtual4\lib\site-packages\mpf\devices\shot.py", line 261, in _play_show
    self.running_show = self.machine.show_controller.replace_or_advance_show(self.running_show, show_config,
  File "C:\Users\richa\mpfvirtual4\lib\site-packages\mpf\core\show_controller.py", line 135, in replace_or_advance_show
    return show_obj.play_with_config(
  File "C:\Users\richa\mpfvirtual4\lib\site-packages\mpf\assets\show.py", line 291, in play_with_config
    running_show = RunningShow(machine=self.machine,
  File "C:\Users\richa\mpfvirtual4\lib\site-packages\mpf\assets\show.py", line 518, in __init__
    self.show_steps = self.show.get_show_steps_with_token(self.show_config.show_tokens)
  File "C:\Users\richa\mpfvirtual4\lib\site-packages\mpf\assets\show.py", line 424, in get_show_steps_with_token
    step[key] = self.machine.show_controller.show_players[key].expand_config_entry(value)
  File "C:\Users\richa\mpfvirtual4\lib\site-packages\mpf\config_players\device_config_player.py", line 27, in expand_config_entry
    devices = self._expand_device(device)
  File "C:\Users\richa\mpfvirtual4\lib\site-packages\mpf\config_players\device_config_player.py", line 115, in _expand_device
    return self.raise_config_error(
  File "C:\Users\richa\mpfvirtual4\lib\site-packages\mpf\core\logging.py", line 174, in raise_config_error
    raise ConfigFileError(msg, error_no, self.log.name if self.log else "", context, self._url_base) \
mpf.exceptions.config_file_error.ConfigFileError: Config File Error in light_player: Could not find a lights device with name or tag l_left_rolloverl, from list ['l_left_rolloverl'] Error Code: CFE-light_player-101 (https://missionpinball.org/logs)

The above exception was the direct cause of the following exception:

Traceback (most recent call last):
  File "C:\Users\richa\AppData\Local\Programs\Python\Python39\lib\asyncio\events.py", line 80, in _run
    self._context.run(self._callback, *self._args)
  File "C:\Users\richa\mpfvirtual4\lib\site-packages\mpf\core\events.py", line 842, in process_event_queue
    self._process_event(event=event[0],
  File "C:\Users\richa\mpfvirtual4\lib\site-packages\mpf\core\events.py", line 804, in _process_event
    result = self._run_handlers(event, ev_type, kwargs)
  File "C:\Users\richa\mpfvirtual4\lib\site-packages\mpf\core\events.py", line 753, in _run_handlers
    raise EventHandlerException(
mpf.core.events.EventHandlerException: Exception while processing RegisteredHandler(callback=<bound method Mode.start of <Mode.base>>, priority=100, kwargs={}, key=UUID('90e25304-70b4-4ada-8f7f-b28e5a4f6249'), condition=None, blocking_facility=None) for event ball_started. Config File Error in light_player: Could not find a lights device with name or tag l_left_rolloverl, from list ['l_left_rolloverl'] Error Code: CFE-light_player-101 (https://missionpinball.org/logs)
2025-10-03 18:21:38,496 : INFO : Machine : Shutting down...
2025-10-03 18:21:38,496 : INFO : EventManager : Event: ======'shutdown'====== Args={}
2025-10-03 18:21:38,497 : INFO : EventManager : Event: ======'mode_game_will_stop'====== Args={}
2025-10-03 18:21:38,498 : INFO : EventManager : Event: ======'mode_game_stopping'====== Args={}
2025-10-03 18:21:38,498 : INFO : Mode.game : Stopped.
2025-10-03 18:21:38,499 : INFO : EventManager : Event: ======'modes_active_modes_changed'====== Args={}
2025-10-03 18:21:38,499 : INFO : EventManager : Event: ======'mode_game_stopped'====== Args={}
2025-10-03 18:21:38,499 : INFO : EventManager : Event: ======'clear'====== Args={'key': 'game'}
2025-10-03 18:21:38,500 : ERROR : Machine : Runtime Exception
Traceback (most recent call last):
  File "C:\Users\richa\mpfvirtual4\lib\site-packages\mpf\core\events.py", line 751, in _run_handlers
    result = handler.callback(**merged_kwargs)
  File "C:\Users\richa\mpfvirtual4\lib\site-packages\mpf\core\mode.py", line 198, in start
    self._add_mode_devices()
  File "C:\Users\richa\mpfvirtual4\lib\site-packages\mpf\core\mode.py", line 408, in _add_mode_devices
    device.device_loaded_in_mode(mode=self, player=self.player)
  File "C:\Users\richa\mpfvirtual4\lib\site-packages\mpf\devices\shot.py", line 68, in device_loaded_in_mode
    self._update_show()
  File "C:\Users\richa\mpfvirtual4\lib\site-packages\mpf\devices\shot.py", line 207, in _update_show
    self._play_show(settings=state_settings)
  File "C:\Users\richa\mpfvirtual4\lib\site-packages\mpf\devices\shot.py", line 261, in _play_show
    self.running_show = self.machine.show_controller.replace_or_advance_show(self.running_show, show_config,
  File "C:\Users\richa\mpfvirtual4\lib\site-packages\mpf\core\show_controller.py", line 135, in replace_or_advance_show
    return show_obj.play_with_config(
  File "C:\Users\richa\mpfvirtual4\lib\site-packages\mpf\assets\show.py", line 291, in play_with_config
    running_show = RunningShow(machine=self.machine,
  File "C:\Users\richa\mpfvirtual4\lib\site-packages\mpf\assets\show.py", line 518, in __init__
    self.show_steps = self.show.get_show_steps_with_token(self.show_config.show_tokens)
  File "C:\Users\richa\mpfvirtual4\lib\site-packages\mpf\assets\show.py", line 424, in get_show_steps_with_token
    step[key] = self.machine.show_controller.show_players[key].expand_config_entry(value)
  File "C:\Users\richa\mpfvirtual4\lib\site-packages\mpf\config_players\device_config_player.py", line 27, in expand_config_entry
    devices = self._expand_device(device)
  File "C:\Users\richa\mpfvirtual4\lib\site-packages\mpf\config_players\device_config_player.py", line 115, in _expand_device
    return self.raise_config_error(
  File "C:\Users\richa\mpfvirtual4\lib\site-packages\mpf\core\logging.py", line 174, in raise_config_error
    raise ConfigFileError(msg, error_no, self.log.name if self.log else "", context, self._url_base) \
mpf.exceptions.config_file_error.ConfigFileError: Config File Error in light_player: Could not find a lights device with name or tag l_left_rolloverl, from list ['l_left_rolloverl'] Error Code: CFE-light_player-101 (https://missionpinball.org/logs)

The above exception was the direct cause of the following exception:

Traceback (most recent call last):
  File "C:\Users\richa\mpfvirtual4\lib\site-packages\mpf\core\machine.py", line 788, in _run_loop
    raise self._exception['exception']
  File "C:\Users\richa\AppData\Local\Programs\Python\Python39\lib\asyncio\events.py", line 80, in _run
    self._context.run(self._callback, *self._args)
  File "C:\Users\richa\mpfvirtual4\lib\site-packages\mpf\core\events.py", line 842, in process_event_queue
    self._process_event(event=event[0],
  File "C:\Users\richa\mpfvirtual4\lib\site-packages\mpf\core\events.py", line 804, in _process_event
    result = self._run_handlers(event, ev_type, kwargs)
  File "C:\Users\richa\mpfvirtual4\lib\site-packages\mpf\core\events.py", line 753, in _run_handlers
    raise EventHandlerException(
mpf.core.events.EventHandlerException: Exception while processing RegisteredHandler(callback=<bound method Mode.start of <Mode.base>>, priority=100, kwargs={}, key=UUID('90e25304-70b4-4ada-8f7f-b28e5a4f6249'), condition=None, blocking_facility=None) for event ball_started. Config File Error in light_player: Could not find a lights device with name or tag l_left_rolloverl, from list ['l_left_rolloverl'] Error Code: CFE-light_player-101 (https://missionpinball.org/logs)
2025-10-03 18:21:50,144 : ERROR : root : 
Traceback (most recent call last):
  File "C:\Users\richa\mpfvirtual4\lib\site-packages\mpf\core\events.py", line 751, in _run_handlers
    result = handler.callback(**merged_kwargs)
  File "C:\Users\richa\mpfvirtual4\lib\site-packages\mpf\core\mode.py", line 198, in start
    self._add_mode_devices()
  File "C:\Users\richa\mpfvirtual4\lib\site-packages\mpf\core\mode.py", line 408, in _add_mode_devices
    device.device_loaded_in_mode(mode=self, player=self.player)
  File "C:\Users\richa\mpfvirtual4\lib\site-packages\mpf\devices\shot.py", line 68, in device_loaded_in_mode
    self._update_show()
  File "C:\Users\richa\mpfvirtual4\lib\site-packages\mpf\devices\shot.py", line 207, in _update_show
    self._play_show(settings=state_settings)
  File "C:\Users\richa\mpfvirtual4\lib\site-packages\mpf\devices\shot.py", line 261, in _play_show
    self.running_show = self.machine.show_controller.replace_or_advance_show(self.running_show, show_config,
  File "C:\Users\richa\mpfvirtual4\lib\site-packages\mpf\core\show_controller.py", line 135, in replace_or_advance_show
    return show_obj.play_with_config(
  File "C:\Users\richa\mpfvirtual4\lib\site-packages\mpf\assets\show.py", line 291, in play_with_config
    running_show = RunningShow(machine=self.machine,
  File "C:\Users\richa\mpfvirtual4\lib\site-packages\mpf\assets\show.py", line 518, in __init__
    self.show_steps = self.show.get_show_steps_with_token(self.show_config.show_tokens)
  File "C:\Users\richa\mpfvirtual4\lib\site-packages\mpf\assets\show.py", line 424, in get_show_steps_with_token
    step[key] = self.machine.show_controller.show_players[key].expand_config_entry(value)
  File "C:\Users\richa\mpfvirtual4\lib\site-packages\mpf\config_players\device_config_player.py", line 27, in expand_config_entry
    devices = self._expand_device(device)
  File "C:\Users\richa\mpfvirtual4\lib\site-packages\mpf\config_players\device_config_player.py", line 115, in _expand_device
    return self.raise_config_error(
  File "C:\Users\richa\mpfvirtual4\lib\site-packages\mpf\core\logging.py", line 174, in raise_config_error
    raise ConfigFileError(msg, error_no, self.log.name if self.log else "", context, self._url_base) \
mpf.exceptions.config_file_error.ConfigFileError: Config File Error in light_player: Could not find a lights device with name or tag l_left_rolloverl, from list ['l_left_rolloverl'] Error Code: CFE-light_player-101 (https://missionpinball.org/logs)

The above exception was the direct cause of the following exception:

Traceback (most recent call last):
  File "C:\Users\richa\mpfvirtual4\lib\site-packages\mpf\core\machine.py", line 788, in _run_loop
    raise self._exception['exception']
  File "C:\Users\richa\AppData\Local\Programs\Python\Python39\lib\asyncio\events.py", line 80, in _run
    self._context.run(self._callback, *self._args)
  File "C:\Users\richa\mpfvirtual4\lib\site-packages\mpf\core\events.py", line 842, in process_event_queue
    self._process_event(event=event[0],
  File "C:\Users\richa\mpfvirtual4\lib\site-packages\mpf\core\events.py", line 804, in _process_event
    result = self._run_handlers(event, ev_type, kwargs)
  File "C:\Users\richa\mpfvirtual4\lib\site-packages\mpf\core\events.py", line 753, in _run_handlers
    raise EventHandlerException(
mpf.core.events.EventHandlerException: Exception while processing RegisteredHandler(callback=<bound method Mode.start of <Mode.base>>, priority=100, kwargs={}, key=UUID('90e25304-70b4-4ada-8f7f-b28e5a4f6249'), condition=None, blocking_facility=None) for event ball_started. Config File Error in light_player: Could not find a lights device with name or tag l_left_rolloverl, from list ['l_left_rolloverl'] Error Code: CFE-light_player-101 (https://missionpinball.org/logs)

During handling of the above exception, another exception occurred:

Traceback (most recent call last):
  File "C:\Users\richa\mpfvirtual4\lib\site-packages\mpf\commands\game.py", line 236, in __init__
    self.machine.run()
  File "C:\Users\richa\mpfvirtual4\lib\site-packages\mpf\core\machine.py", line 684, in run
    self._run_loop()
  File "C:\Users\richa\mpfvirtual4\lib\site-packages\mpf\core\machine.py", line 791, in _run_loop
    report_crash(self._exception['exception'], "exception_during_run", self.config)
  File "C:\Users\richa\mpfvirtual4\lib\site-packages\mpf\core\crash_reporter.py", line 236, in report_crash
    response = input("Do you want to report the crash to the MPF team (yes/no/show)? ")
EOFError
